<?xml version="1.0" encoding="UTF-8"?>
<?xml-stylesheet href="CoreNLP-to-HTML.xsl" type="text/xsl"?>
<root>
  <document>
    <sentences>
      <sentence id="1">
        <tokens>
          <token id="1">
            <word>Hard</word>
            <lemma>hard</lemma>
            <CharacterOffsetBegin>0</CharacterOffsetBegin>
            <CharacterOffsetEnd>4</CharacterOffsetEnd>
            <POS>JJ</POS>
            <NER>O</NER>
          </token>
          <token id="2">
            <word>by</word>
            <lemma>by</lemma>
            <CharacterOffsetBegin>5</CharacterOffsetBegin>
            <CharacterOffsetEnd>7</CharacterOffsetEnd>
            <POS>IN</POS>
            <NER>O</NER>
          </token>
          <token id="3">
            <word>a</word>
            <lemma>a</lemma>
            <CharacterOffsetBegin>8</CharacterOffsetBegin>
            <CharacterOffsetEnd>9</CharacterOffsetEnd>
            <POS>DT</POS>
            <NER>O</NER>
          </token>
          <token id="4">
            <word>great</word>
            <lemma>great</lemma>
            <CharacterOffsetBegin>10</CharacterOffsetBegin>
            <CharacterOffsetEnd>15</CharacterOffsetEnd>
            <POS>JJ</POS>
            <NER>O</NER>
          </token>
          <token id="5">
            <word>forest</word>
            <lemma>forest</lemma>
            <CharacterOffsetBegin>16</CharacterOffsetBegin>
            <CharacterOffsetEnd>22</CharacterOffsetEnd>
            <POS>NN</POS>
            <NER>O</NER>
          </token>
          <token id="6">
            <word>dwelt</word>
            <lemma>dwell</lemma>
            <CharacterOffsetBegin>23</CharacterOffsetBegin>
            <CharacterOffsetEnd>28</CharacterOffsetEnd>
            <POS>VBD</POS>
            <NER>O</NER>
          </token>
          <token id="7">
            <word>a</word>
            <lemma>a</lemma>
            <CharacterOffsetBegin>29</CharacterOffsetBegin>
            <CharacterOffsetEnd>30</CharacterOffsetEnd>
            <POS>DT</POS>
            <NER>O</NER>
          </token>
          <token id="8">
            <word>poor</word>
            <lemma>poor</lemma>
            <CharacterOffsetBegin>31</CharacterOffsetBegin>
            <CharacterOffsetEnd>35</CharacterOffsetEnd>
            <POS>JJ</POS>
            <NER>O</NER>
          </token>
          <token id="9">
            <word>wood-cutter</word>
            <lemma>wood-cutter</lemma>
            <CharacterOffsetBegin>36</CharacterOffsetBegin>
            <CharacterOffsetEnd>47</CharacterOffsetEnd>
            <POS>NN</POS>
            <NER>O</NER>
          </token>
          <token id="10">
            <word>with</word>
            <lemma>with</lemma>
            <CharacterOffsetBegin>48</CharacterOffsetBegin>
            <CharacterOffsetEnd>52</CharacterOffsetEnd>
            <POS>IN</POS>
            <NER>O</NER>
          </token>
          <token id="11">
            <word>his</word>
            <lemma>he</lemma>
            <CharacterOffsetBegin>53</CharacterOffsetBegin>
            <CharacterOffsetEnd>56</CharacterOffsetEnd>
            <POS>PRP$</POS>
            <NER>O</NER>
          </token>
          <token id="12">
            <word>wife</word>
            <lemma>wife</lemma>
            <CharacterOffsetBegin>57</CharacterOffsetBegin>
            <CharacterOffsetEnd>61</CharacterOffsetEnd>
            <POS>NN</POS>
            <NER>O</NER>
          </token>
          <token id="13">
            <word>and</word>
            <lemma>and</lemma>
            <CharacterOffsetBegin>62</CharacterOffsetBegin>
            <CharacterOffsetEnd>65</CharacterOffsetEnd>
            <POS>CC</POS>
            <NER>O</NER>
          </token>
          <token id="14">
            <word>his</word>
            <lemma>he</lemma>
            <CharacterOffsetBegin>66</CharacterOffsetBegin>
            <CharacterOffsetEnd>69</CharacterOffsetEnd>
            <POS>PRP$</POS>
            <NER>O</NER>
          </token>
          <token id="15">
            <word>two</word>
            <lemma>two</lemma>
            <CharacterOffsetBegin>70</CharacterOffsetBegin>
            <CharacterOffsetEnd>73</CharacterOffsetEnd>
            <POS>CD</POS>
            <NER>NUMBER</NER>
            <NormalizedNER>2.0</NormalizedNER>
          </token>
          <token id="16">
            <word>children</word>
            <lemma>child</lemma>
            <CharacterOffsetBegin>74</CharacterOffsetBegin>
            <CharacterOffsetEnd>82</CharacterOffsetEnd>
            <POS>NNS</POS>
            <NER>O</NER>
          </token>
          <token id="17">
            <word>.</word>
            <lemma>.</lemma>
            <CharacterOffsetBegin>82</CharacterOffsetBegin>
            <CharacterOffsetEnd>83</CharacterOffsetEnd>
            <POS>.</POS>
            <NER>O</NER>
          </token>
        </tokens>
      </sentence>
      <sentence id="2">
        <tokens>
          <token id="1">
            <word>The</word>
            <lemma>the</lemma>
            <CharacterOffsetBegin>84</CharacterOffsetBegin>
            <CharacterOffsetEnd>87</CharacterOffsetEnd>
            <POS>DT</POS>
            <NER>O</NER>
          </token>
          <token id="2">
            <word>boy</word>
            <lemma>boy</lemma>
            <CharacterOffsetBegin>88</CharacterOffsetBegin>
            <CharacterOffsetEnd>91</CharacterOffsetEnd>
            <POS>NN</POS>
            <NER>O</NER>
          </token>
          <token id="3">
            <word>was</word>
            <lemma>be</lemma>
            <CharacterOffsetBegin>92</CharacterOffsetBegin>
            <CharacterOffsetEnd>95</CharacterOffsetEnd>
            <POS>VBD</POS>
            <NER>O</NER>
          </token>
          <token id="4">
            <word>called</word>
            <lemma>call</lemma>
            <CharacterOffsetBegin>96</CharacterOffsetBegin>
            <CharacterOffsetEnd>102</CharacterOffsetEnd>
            <POS>VBN</POS>
            <NER>O</NER>
          </token>
          <token id="5">
            <word>Hansel</word>
            <lemma>Hansel</lemma>
            <CharacterOffsetBegin>103</CharacterOffsetBegin>
            <CharacterOffsetEnd>109</CharacterOffsetEnd>
            <POS>NNP</POS>
            <NER>O</NER>
          </token>
          <token id="6">
            <word>and</word>
            <lemma>and</lemma>
            <CharacterOffsetBegin>110</CharacterOffsetBegin>
            <CharacterOffsetEnd>113</CharacterOffsetEnd>
            <POS>CC</POS>
            <NER>O</NER>
          </token>
          <token id="7">
            <word>the</word>
            <lemma>the</lemma>
            <CharacterOffsetBegin>114</CharacterOffsetBegin>
            <CharacterOffsetEnd>117</CharacterOffsetEnd>
            <POS>DT</POS>
            <NER>O</NER>
          </token>
          <token id="8">
            <word>girl</word>
            <lemma>girl</lemma>
            <CharacterOffsetBegin>118</CharacterOffsetBegin>
            <CharacterOffsetEnd>122</CharacterOffsetEnd>
            <POS>NN</POS>
            <NER>O</NER>
          </token>
          <token id="9">
            <word>Gretel</word>
            <lemma>Gretel</lemma>
            <CharacterOffsetBegin>123</CharacterOffsetBegin>
            <CharacterOffsetEnd>129</CharacterOffsetEnd>
            <POS>NNP</POS>
            <NER>PERSON</NER>
          </token>
          <token id="10">
            <word>.</word>
            <lemma>.</lemma>
            <CharacterOffsetBegin>129</CharacterOffsetBegin>
            <CharacterOffsetEnd>130</CharacterOffsetEnd>
            <POS>.</POS>
            <NER>O</NER>
          </token>
        </tokens>
      </sentence>
      <sentence id="3">
        <tokens>
          <token id="1">
            <word>He</word>
            <lemma>he</lemma>
            <CharacterOffsetBegin>131</CharacterOffsetBegin>
            <CharacterOffsetEnd>133</CharacterOffsetEnd>
            <POS>PRP</POS>
            <NER>O</NER>
          </token>
          <token id="2">
            <word>had</word>
            <lemma>have</lemma>
            <CharacterOffsetBegin>134</CharacterOffsetBegin>
            <CharacterOffsetEnd>137</CharacterOffsetEnd>
            <POS>VBD</POS>
            <NER>O</NER>
          </token>
          <token id="3">
            <word>little</word>
            <lemma>little</lemma>
            <CharacterOffsetBegin>138</CharacterOffsetBegin>
            <CharacterOffsetEnd>144</CharacterOffsetEnd>
            <POS>JJ</POS>
            <NER>O</NER>
          </token>
          <token id="4">
            <word>to</word>
            <lemma>to</lemma>
            <CharacterOffsetBegin>145</CharacterOffsetBegin>
            <CharacterOffsetEnd>147</CharacterOffsetEnd>
            <POS>TO</POS>
            <NER>O</NER>
          </token>
          <token id="5">
            <word>bite</word>
            <lemma>bite</lemma>
            <CharacterOffsetBegin>148</CharacterOffsetBegin>
            <CharacterOffsetEnd>152</CharacterOffsetEnd>
            <POS>VB</POS>
            <NER>O</NER>
          </token>
          <token id="6">
            <word>and</word>
            <lemma>and</lemma>
            <CharacterOffsetBegin>153</CharacterOffsetBegin>
            <CharacterOffsetEnd>156</CharacterOffsetEnd>
            <POS>CC</POS>
            <NER>O</NER>
          </token>
          <token id="7">
            <word>to</word>
            <lemma>to</lemma>
            <CharacterOffsetBegin>157</CharacterOffsetBegin>
            <CharacterOffsetEnd>159</CharacterOffsetEnd>
            <POS>TO</POS>
            <NER>O</NER>
          </token>
          <token id="8">
            <word>break</word>
            <lemma>break</lemma>
            <CharacterOffsetBegin>160</CharacterOffsetBegin>
            <CharacterOffsetEnd>165</CharacterOffsetEnd>
            <POS>VB</POS>
            <NER>O</NER>
          </token>
          <token id="9">
            <word>,</word>
            <lemma>,</lemma>
            <CharacterOffsetBegin>165</CharacterOffsetBegin>
            <CharacterOffsetEnd>166</CharacterOffsetEnd>
            <POS>,</POS>
            <NER>O</NER>
          </token>
          <token id="10">
            <word>and</word>
            <lemma>and</lemma>
            <CharacterOffsetBegin>167</CharacterOffsetBegin>
            <CharacterOffsetEnd>170</CharacterOffsetEnd>
            <POS>CC</POS>
            <NER>O</NER>
          </token>
          <token id="11">
            <word>once</word>
            <lemma>once</lemma>
            <CharacterOffsetBegin>171</CharacterOffsetBegin>
            <CharacterOffsetEnd>175</CharacterOffsetEnd>
            <POS>RB</POS>
            <NER>DATE</NER>
            <NormalizedNER>PAST_REF</NormalizedNER>
            <Timex tid="t1" type="DATE">PAST_REF</Timex>
          </token>
          <token id="12">
            <word>when</word>
            <lemma>when</lemma>
            <CharacterOffsetBegin>176</CharacterOffsetBegin>
            <CharacterOffsetEnd>180</CharacterOffsetEnd>
            <POS>WRB</POS>
            <NER>O</NER>
          </token>
          <token id="13">
            <word>great</word>
            <lemma>great</lemma>
            <CharacterOffsetBegin>181</CharacterOffsetBegin>
            <CharacterOffsetEnd>186</CharacterOffsetEnd>
            <POS>JJ</POS>
            <NER>O</NER>
          </token>
          <token id="14">
            <word>dearth</word>
            <lemma>dearth</lemma>
            <CharacterOffsetBegin>187</CharacterOffsetBegin>
            <CharacterOffsetEnd>193</CharacterOffsetEnd>
            <POS>NN</POS>
            <NER>O</NER>
          </token>
          <token id="15">
            <word>fell</word>
            <lemma>fall</lemma>
            <CharacterOffsetBegin>194</CharacterOffsetBegin>
            <CharacterOffsetEnd>198</CharacterOffsetEnd>
            <POS>VBD</POS>
            <NER>O</NER>
          </token>
          <token id="16">
            <word>on</word>
            <lemma>on</lemma>
            <CharacterOffsetBegin>199</CharacterOffsetBegin>
            <CharacterOffsetEnd>201</CharacterOffsetEnd>
            <POS>IN</POS>
            <NER>O</NER>
          </token>
          <token id="17">
            <word>the</word>
            <lemma>the</lemma>
            <CharacterOffsetBegin>202</CharacterOffsetBegin>
            <CharacterOffsetEnd>205</CharacterOffsetEnd>
            <POS>DT</POS>
            <NER>O</NER>
          </token>
          <token id="18">
            <word>land</word>
            <lemma>land</lemma>
            <CharacterOffsetBegin>206</CharacterOffsetBegin>
            <CharacterOffsetEnd>210</CharacterOffsetEnd>
            <POS>NN</POS>
            <NER>O</NER>
          </token>
          <token id="19">
            <word>,</word>
            <lemma>,</lemma>
            <CharacterOffsetBegin>210</CharacterOffsetBegin>
            <CharacterOffsetEnd>211</CharacterOffsetEnd>
            <POS>,</POS>
            <NER>O</NER>
          </token>
          <token id="20">
            <word>he</word>
            <lemma>he</lemma>
            <CharacterOffsetBegin>212</CharacterOffsetBegin>
            <CharacterOffsetEnd>214</CharacterOffsetEnd>
            <POS>PRP</POS>
            <NER>O</NER>
          </token>
          <token id="21">
            <word>could</word>
            <lemma>could</lemma>
            <CharacterOffsetBegin>215</CharacterOffsetBegin>
            <CharacterOffsetEnd>220</CharacterOffsetEnd>
            <POS>MD</POS>
            <NER>O</NER>
          </token>
          <token id="22">
            <word>no</word>
            <lemma>no</lemma>
            <CharacterOffsetBegin>221</CharacterOffsetBegin>
            <CharacterOffsetEnd>223</CharacterOffsetEnd>
            <POS>RB</POS>
            <NER>O</NER>
          </token>
          <token id="23">
            <word>longer</word>
            <lemma>longer</lemma>
            <CharacterOffsetBegin>224</CharacterOffsetBegin>
            <CharacterOffsetEnd>230</CharacterOffsetEnd>
            <POS>RB</POS>
            <NER>O</NER>
          </token>
          <token id="24">
            <word>procure</word>
            <lemma>procure</lemma>
            <CharacterOffsetBegin>231</CharacterOffsetBegin>
            <CharacterOffsetEnd>238</CharacterOffsetEnd>
            <POS>VB</POS>
            <NER>O</NER>
          </token>
          <token id="25">
            <word>even</word>
            <lemma>even</lemma>
            <CharacterOffsetBegin>239</CharacterOffsetBegin>
            <CharacterOffsetEnd>243</CharacterOffsetEnd>
            <POS>RB</POS>
            <NER>O</NER>
          </token>
          <token id="26">
            <word>daily</word>
            <lemma>daily</lemma>
            <CharacterOffsetBegin>244</CharacterOffsetBegin>
            <CharacterOffsetEnd>249</CharacterOffsetEnd>
            <POS>JJ</POS>
            <NER>SET</NER>
            <Timex tid="t2" type="SET">P1D</Timex>
          </token>
          <token id="27">
            <word>bread</word>
            <lemma>bread</lemma>
            <CharacterOffsetBegin>250</CharacterOffsetBegin>
            <CharacterOffsetEnd>255</CharacterOffsetEnd>
            <POS>NN</POS>
            <NER>O</NER>
          </token>
          <token id="28">
            <word>.</word>
            <lemma>.</lemma>
            <CharacterOffsetBegin>255</CharacterOffsetBegin>
            <CharacterOffsetEnd>256</CharacterOffsetEnd>
            <POS>.</POS>
            <NER>O</NER>
          </token>
        </tokens>
      </sentence>
      <sentence id="4">
        <tokens>
          <token id="1">
            <word>Now</word>
            <lemma>now</lemma>
            <CharacterOffsetBegin>257</CharacterOffsetBegin>
            <CharacterOffsetEnd>260</CharacterOffsetEnd>
            <POS>RB</POS>
            <NER>DATE</NER>
            <NormalizedNER>PRESENT_REF</NormalizedNER>
            <Timex tid="t3" type="DATE">PRESENT_REF</Timex>
          </token>
          <token id="2">
            <word>when</word>
            <lemma>when</lemma>
            <CharacterOffsetBegin>261</CharacterOffsetBegin>
            <CharacterOffsetEnd>265</CharacterOffsetEnd>
            <POS>WRB</POS>
            <NER>O</NER>
          </token>
          <token id="3">
            <word>he</word>
            <lemma>he</lemma>
            <CharacterOffsetBegin>266</CharacterOffsetBegin>
            <CharacterOffsetEnd>268</CharacterOffsetEnd>
            <POS>PRP</POS>
            <NER>O</NER>
          </token>
          <token id="4">
            <word>thought</word>
            <lemma>think</lemma>
            <CharacterOffsetBegin>269</CharacterOffsetBegin>
            <CharacterOffsetEnd>276</CharacterOffsetEnd>
            <POS>VBD</POS>
            <NER>O</NER>
          </token>
          <token id="5">
            <word>over</word>
            <lemma>over</lemma>
            <CharacterOffsetBegin>277</CharacterOffsetBegin>
            <CharacterOffsetEnd>281</CharacterOffsetEnd>
            <POS>IN</POS>
            <NER>O</NER>
          </token>
          <token id="6">
            <word>this</word>
            <lemma>this</lemma>
            <CharacterOffsetBegin>282</CharacterOffsetBegin>
            <CharacterOffsetEnd>286</CharacterOffsetEnd>
            <POS>DT</POS>
            <NER>O</NER>
          </token>
          <token id="7">
            <word>by</word>
            <lemma>by</lemma>
            <CharacterOffsetBegin>287</CharacterOffsetBegin>
            <CharacterOffsetEnd>289</CharacterOffsetEnd>
            <POS>IN</POS>
            <NER>O</NER>
          </token>
          <token id="8">
            <word>night</word>
            <lemma>night</lemma>
            <CharacterOffsetBegin>290</CharacterOffsetBegin>
            <CharacterOffsetEnd>295</CharacterOffsetEnd>
            <POS>NN</POS>
            <NER>TIME</NER>
            <NormalizedNER>TNI</NormalizedNER>
            <Timex tid="t4" type="TIME">TNI</Timex>
          </token>
          <token id="9">
            <word>in</word>
            <lemma>in</lemma>
            <CharacterOffsetBegin>296</CharacterOffsetBegin>
            <CharacterOffsetEnd>298</CharacterOffsetEnd>
            <POS>IN</POS>
            <NER>O</NER>
          </token>
          <token id="10">
            <word>his</word>
            <lemma>he</lemma>
            <CharacterOffsetBegin>299</CharacterOffsetBegin>
            <CharacterOffsetEnd>302</CharacterOffsetEnd>
            <POS>PRP$</POS>
            <NER>O</NER>
          </token>
          <token id="11">
            <word>bed</word>
            <lemma>bed</lemma>
            <CharacterOffsetBegin>303</CharacterOffsetBegin>
            <CharacterOffsetEnd>306</CharacterOffsetEnd>
            <POS>NN</POS>
            <NER>O</NER>
          </token>
          <token id="12">
            <word>,</word>
            <lemma>,</lemma>
            <CharacterOffsetBegin>306</CharacterOffsetBegin>
            <CharacterOffsetEnd>307</CharacterOffsetEnd>
            <POS>,</POS>
            <NER>O</NER>
          </token>
          <token id="13">
            <word>and</word>
            <lemma>and</lemma>
            <CharacterOffsetBegin>308</CharacterOffsetBegin>
            <CharacterOffsetEnd>311</CharacterOffsetEnd>
            <POS>CC</POS>
            <NER>O</NER>
          </token>
          <token id="14">
            <word>tossed</word>
            <lemma>toss</lemma>
            <CharacterOffsetBegin>312</CharacterOffsetBegin>
            <CharacterOffsetEnd>318</CharacterOffsetEnd>
            <POS>VBD</POS>
            <NER>O</NER>
          </token>
          <token id="15">
            <word>about</word>
            <lemma>about</lemma>
            <CharacterOffsetBegin>319</CharacterOffsetBegin>
            <CharacterOffsetEnd>324</CharacterOffsetEnd>
            <POS>RB</POS>
            <NER>O</NER>
          </token>
          <token id="16">
            <word>in</word>
            <lemma>in</lemma>
            <CharacterOffsetBegin>325</CharacterOffsetBegin>
            <CharacterOffsetEnd>327</CharacterOffsetEnd>
            <POS>IN</POS>
            <NER>O</NER>
          </token>
          <token id="17">
            <word>his</word>
            <lemma>he</lemma>
            <CharacterOffsetBegin>328</CharacterOffsetBegin>
            <CharacterOffsetEnd>331</CharacterOffsetEnd>
            <POS>PRP$</POS>
            <NER>O</NER>
          </token>
          <token id="18">
            <word>anxiety</word>
            <lemma>anxiety</lemma>
            <CharacterOffsetBegin>332</CharacterOffsetBegin>
            <CharacterOffsetEnd>339</CharacterOffsetEnd>
            <POS>NN</POS>
            <NER>O</NER>
          </token>
          <token id="19">
            <word>,</word>
            <lemma>,</lemma>
            <CharacterOffsetBegin>339</CharacterOffsetBegin>
            <CharacterOffsetEnd>340</CharacterOffsetEnd>
            <POS>,</POS>
            <NER>O</NER>
          </token>
          <token id="20">
            <word>he</word>
            <lemma>he</lemma>
            <CharacterOffsetBegin>341</CharacterOffsetBegin>
            <CharacterOffsetEnd>343</CharacterOffsetEnd>
            <POS>PRP</POS>
            <NER>O</NER>
          </token>
          <token id="21">
            <word>groaned</word>
            <lemma>groan</lemma>
            <CharacterOffsetBegin>344</CharacterOffsetBegin>
            <CharacterOffsetEnd>351</CharacterOffsetEnd>
            <POS>VBD</POS>
            <NER>O</NER>
          </token>
          <token id="22">
            <word>and</word>
            <lemma>and</lemma>
            <CharacterOffsetBegin>352</CharacterOffsetBegin>
            <CharacterOffsetEnd>355</CharacterOffsetEnd>
            <POS>CC</POS>
            <NER>O</NER>
          </token>
          <token id="23">
            <word>said</word>
            <lemma>say</lemma>
            <CharacterOffsetBegin>356</CharacterOffsetBegin>
            <CharacterOffsetEnd>360</CharacterOffsetEnd>
            <POS>VBD</POS>
            <NER>O</NER>
          </token>
          <token id="24">
            <word>to</word>
            <lemma>to</lemma>
            <CharacterOffsetBegin>361</CharacterOffsetBegin>
            <CharacterOffsetEnd>363</CharacterOffsetEnd>
            <POS>TO</POS>
            <NER>O</NER>
          </token>
          <token id="25">
            <word>his</word>
            <lemma>he</lemma>
            <CharacterOffsetBegin>364</CharacterOffsetBegin>
            <CharacterOffsetEnd>367</CharacterOffsetEnd>
            <POS>PRP$</POS>
            <NER>O</NER>
          </token>
          <token id="26">
            <word>wife</word>
            <lemma>wife</lemma>
            <CharacterOffsetBegin>368</CharacterOffsetBegin>
            <CharacterOffsetEnd>372</CharacterOffsetEnd>
            <POS>NN</POS>
            <NER>O</NER>
          </token>
          <token id="27">
            <word>:</word>
            <lemma>:</lemma>
            <CharacterOffsetBegin>372</CharacterOffsetBegin>
            <CharacterOffsetEnd>373</CharacterOffsetEnd>
            <POS>:</POS>
            <NER>O</NER>
          </token>
          <token id="28">
            <word>`</word>
            <lemma>`</lemma>
            <CharacterOffsetBegin>374</CharacterOffsetBegin>
            <CharacterOffsetEnd>375</CharacterOffsetEnd>
            <POS>``</POS>
            <NER>O</NER>
          </token>
          <token id="29">
            <word>What</word>
            <lemma>what</lemma>
            <CharacterOffsetBegin>375</CharacterOffsetBegin>
            <CharacterOffsetEnd>379</CharacterOffsetEnd>
            <POS>WP</POS>
            <NER>O</NER>
          </token>
          <token id="30">
            <word>is</word>
            <lemma>be</lemma>
            <CharacterOffsetBegin>380</CharacterOffsetBegin>
            <CharacterOffsetEnd>382</CharacterOffsetEnd>
            <POS>VBZ</POS>
            <NER>O</NER>
          </token>
          <token id="31">
            <word>to</word>
            <lemma>to</lemma>
            <CharacterOffsetBegin>383</CharacterOffsetBegin>
            <CharacterOffsetEnd>385</CharacterOffsetEnd>
            <POS>TO</POS>
            <NER>O</NER>
          </token>
          <token id="32">
            <word>become</word>
            <lemma>become</lemma>
            <CharacterOffsetBegin>386</CharacterOffsetBegin>
            <CharacterOffsetEnd>392</CharacterOffsetEnd>
            <POS>VB</POS>
            <NER>O</NER>
          </token>
          <token id="33">
            <word>of</word>
            <lemma>of</lemma>
            <CharacterOffsetBegin>393</CharacterOffsetBegin>
            <CharacterOffsetEnd>395</CharacterOffsetEnd>
            <POS>IN</POS>
            <NER>O</NER>
          </token>
          <token id="34">
            <word>us</word>
            <lemma>we</lemma>
            <CharacterOffsetBegin>396</CharacterOffsetBegin>
            <CharacterOffsetEnd>398</CharacterOffsetEnd>
            <POS>PRP</POS>
            <NER>O</NER>
          </token>
          <token id="35">
            <word>?</word>
            <lemma>?</lemma>
            <CharacterOffsetBegin>398</CharacterOffsetBegin>
            <CharacterOffsetEnd>399</CharacterOffsetEnd>
            <POS>.</POS>
            <NER>O</NER>
          </token>
        </tokens>
      </sentence>
      <sentence id="5">
        <tokens>
          <token id="1">
            <word>How</word>
            <lemma>how</lemma>
            <CharacterOffsetBegin>400</CharacterOffsetBegin>
            <CharacterOffsetEnd>403</CharacterOffsetEnd>
            <POS>WRB</POS>
            <NER>O</NER>
          </token>
          <token id="2">
            <word>are</word>
            <lemma>be</lemma>
            <CharacterOffsetBegin>404</CharacterOffsetBegin>
            <CharacterOffsetEnd>407</CharacterOffsetEnd>
            <POS>VBP</POS>
            <NER>O</NER>
          </token>
          <token id="3">
            <word>we</word>
            <lemma>we</lemma>
            <CharacterOffsetBegin>408</CharacterOffsetBegin>
            <CharacterOffsetEnd>410</CharacterOffsetEnd>
            <POS>PRP</POS>
            <NER>O</NER>
          </token>
          <token id="4">
            <word>to</word>
            <lemma>to</lemma>
            <CharacterOffsetBegin>411</CharacterOffsetBegin>
            <CharacterOffsetEnd>413</CharacterOffsetEnd>
            <POS>TO</POS>
            <NER>O</NER>
          </token>
          <token id="5">
            <word>feed</word>
            <lemma>feed</lemma>
            <CharacterOffsetBegin>414</CharacterOffsetBegin>
            <CharacterOffsetEnd>418</CharacterOffsetEnd>
            <POS>VB</POS>
            <NER>O</NER>
          </token>
          <token id="6">
            <word>our</word>
            <lemma>we</lemma>
            <CharacterOffsetBegin>419</CharacterOffsetBegin>
            <CharacterOffsetEnd>422</CharacterOffsetEnd>
            <POS>PRP$</POS>
            <NER>O</NER>
          </token>
          <token id="7">
            <word>poor</word>
            <lemma>poor</lemma>
            <CharacterOffsetBegin>423</CharacterOffsetBegin>
            <CharacterOffsetEnd>427</CharacterOffsetEnd>
            <POS>JJ</POS>
            <NER>O</NER>
          </token>
          <token id="8">
            <word>children</word>
            <lemma>child</lemma>
            <CharacterOffsetBegin>428</CharacterOffsetBegin>
            <CharacterOffsetEnd>436</CharacterOffsetEnd>
            <POS>NNS</POS>
            <NER>O</NER>
          </token>
          <token id="9">
            <word>,</word>
            <lemma>,</lemma>
            <CharacterOffsetBegin>436</CharacterOffsetBegin>
            <CharacterOffsetEnd>437</CharacterOffsetEnd>
            <POS>,</POS>
            <NER>O</NER>
          </token>
          <token id="10">
            <word>when</word>
            <lemma>when</lemma>
            <CharacterOffsetBegin>438</CharacterOffsetBegin>
            <CharacterOffsetEnd>442</CharacterOffsetEnd>
            <POS>WRB</POS>
            <NER>O</NER>
          </token>
          <token id="11">
            <word>we</word>
            <lemma>we</lemma>
            <CharacterOffsetBegin>443</CharacterOffsetBegin>
            <CharacterOffsetEnd>445</CharacterOffsetEnd>
            <POS>PRP</POS>
            <NER>O</NER>
          </token>
          <token id="12">
            <word>no</word>
            <lemma>no</lemma>
            <CharacterOffsetBegin>446</CharacterOffsetBegin>
            <CharacterOffsetEnd>448</CharacterOffsetEnd>
            <POS>RB</POS>
            <NER>O</NER>
          </token>
          <token id="13">
            <word>longer</word>
            <lemma>longer</lemma>
            <CharacterOffsetBegin>449</CharacterOffsetBegin>
            <CharacterOffsetEnd>455</CharacterOffsetEnd>
            <POS>RB</POS>
            <NER>O</NER>
          </token>
          <token id="14">
            <word>have</word>
            <lemma>have</lemma>
            <CharacterOffsetBegin>456</CharacterOffsetBegin>
            <CharacterOffsetEnd>460</CharacterOffsetEnd>
            <POS>VB</POS>
            <NER>O</NER>
          </token>
          <token id="15">
            <word>anything</word>
            <lemma>anything</lemma>
            <CharacterOffsetBegin>461</CharacterOffsetBegin>
            <CharacterOffsetEnd>469</CharacterOffsetEnd>
            <POS>NN</POS>
            <NER>O</NER>
          </token>
          <token id="16">
            <word>even</word>
            <lemma>even</lemma>
            <CharacterOffsetBegin>470</CharacterOffsetBegin>
            <CharacterOffsetEnd>474</CharacterOffsetEnd>
            <POS>RB</POS>
            <NER>O</NER>
          </token>
          <token id="17">
            <word>for</word>
            <lemma>for</lemma>
            <CharacterOffsetBegin>475</CharacterOffsetBegin>
            <CharacterOffsetEnd>478</CharacterOffsetEnd>
            <POS>IN</POS>
            <NER>O</NER>
          </token>
          <token id="18">
            <word>ourselves</word>
            <lemma>ourselves</lemma>
            <CharacterOffsetBegin>479</CharacterOffsetBegin>
            <CharacterOffsetEnd>488</CharacterOffsetEnd>
            <POS>PRP</POS>
            <NER>O</NER>
          </token>
          <token id="19">
            <word>?</word>
            <lemma>?</lemma>
            <CharacterOffsetBegin>488</CharacterOffsetBegin>
            <CharacterOffsetEnd>489</CharacterOffsetEnd>
            <POS>.</POS>
            <NER>O</NER>
          </token>
          <token id="20">
            <word>'</word>
            <lemma>'</lemma>
            <CharacterOffsetBegin>489</CharacterOffsetBegin>
            <CharacterOffsetEnd>490</CharacterOffsetEnd>
            <POS>''</POS>
            <NER>O</NER>
          </token>
        </tokens>
      </sentence>
      <sentence id="6">
        <tokens>
          <token id="1">
            <word>`</word>
            <lemma>`</lemma>
            <CharacterOffsetBegin>491</CharacterOffsetBegin>
            <CharacterOffsetEnd>492</CharacterOffsetEnd>
            <POS>``</POS>
            <NER>O</NER>
          </token>
          <token id="2">
            <word>I</word>
            <lemma>I</lemma>
            <CharacterOffsetBegin>492</CharacterOffsetBegin>
            <CharacterOffsetEnd>493</CharacterOffsetEnd>
            <POS>PRP</POS>
            <NER>O</NER>
          </token>
          <token id="3">
            <word>'ll</word>
            <lemma>will</lemma>
            <CharacterOffsetBegin>493</CharacterOffsetBegin>
            <CharacterOffsetEnd>496</CharacterOffsetEnd>
            <POS>MD</POS>
            <NER>O</NER>
          </token>
          <token id="4">
            <word>tell</word>
            <lemma>tell</lemma>
            <CharacterOffsetBegin>497</CharacterOffsetBegin>
            <CharacterOffsetEnd>501</CharacterOffsetEnd>
            <POS>VB</POS>
            <NER>O</NER>
          </token>
          <token id="5">
            <word>you</word>
            <lemma>you</lemma>
            <CharacterOffsetBegin>502</CharacterOffsetBegin>
            <CharacterOffsetEnd>505</CharacterOffsetEnd>
            <POS>PRP</POS>
            <NER>O</NER>
          </token>
          <token id="6">
            <word>what</word>
            <lemma>what</lemma>
            <CharacterOffsetBegin>506</CharacterOffsetBegin>
            <CharacterOffsetEnd>510</CharacterOffsetEnd>
            <POS>WP</POS>
            <NER>O</NER>
          </token>
          <token id="7">
            <word>,</word>
            <lemma>,</lemma>
            <CharacterOffsetBegin>510</CharacterOffsetBegin>
            <CharacterOffsetEnd>511</CharacterOffsetEnd>
            <POS>,</POS>
            <NER>O</NER>
          </token>
          <token id="8">
            <word>husband</word>
            <lemma>husband</lemma>
            <CharacterOffsetBegin>512</CharacterOffsetBegin>
            <CharacterOffsetEnd>519</CharacterOffsetEnd>
            <POS>NN</POS>
            <NER>O</NER>
          </token>
          <token id="9">
            <word>,</word>
            <lemma>,</lemma>
            <CharacterOffsetBegin>519</CharacterOffsetBegin>
            <CharacterOffsetEnd>520</CharacterOffsetEnd>
            <POS>,</POS>
            <NER>O</NER>
          </token>
          <token id="10">
            <word>'</word>
            <lemma>'</lemma>
            <CharacterOffsetBegin>520</CharacterOffsetBegin>
            <CharacterOffsetEnd>521</CharacterOffsetEnd>
            <POS>''</POS>
            <NER>O</NER>
          </token>
          <token id="11">
            <word>answered</word>
            <lemma>answer</lemma>
            <CharacterOffsetBegin>522</CharacterOffsetBegin>
            <CharacterOffsetEnd>530</CharacterOffsetEnd>
            <POS>VBN</POS>
            <NER>O</NER>
          </token>
          <token id="12">
            <word>the</word>
            <lemma>the</lemma>
            <CharacterOffsetBegin>531</CharacterOffsetBegin>
            <CharacterOffsetEnd>534</CharacterOffsetEnd>
            <POS>DT</POS>
            <NER>O</NER>
          </token>
          <token id="13">
            <word>woman</word>
            <lemma>woman</lemma>
            <CharacterOffsetBegin>535</CharacterOffsetBegin>
            <CharacterOffsetEnd>540</CharacterOffsetEnd>
            <POS>NN</POS>
            <NER>O</NER>
          </token>
          <token id="14">
            <word>,</word>
            <lemma>,</lemma>
            <CharacterOffsetBegin>540</CharacterOffsetBegin>
            <CharacterOffsetEnd>541</CharacterOffsetEnd>
            <POS>,</POS>
            <NER>O</NER>
          </token>
          <token id="15">
            <word>`</word>
            <lemma>`</lemma>
            <CharacterOffsetBegin>542</CharacterOffsetBegin>
            <CharacterOffsetEnd>543</CharacterOffsetEnd>
            <POS>``</POS>
            <NER>O</NER>
          </token>
          <token id="16">
            <word>early</word>
            <lemma>early</lemma>
            <CharacterOffsetBegin>543</CharacterOffsetBegin>
            <CharacterOffsetEnd>548</CharacterOffsetEnd>
            <POS>JJ</POS>
            <NER>DATE</NER>
            <NormalizedNER>OFFSET P1D INTERSECT MO</NormalizedNER>
            <Timex tid="t5" type="DATE"/>
          </token>
          <token id="17">
            <word>tomorrow</word>
            <lemma>tomorrow</lemma>
            <CharacterOffsetBegin>549</CharacterOffsetBegin>
            <CharacterOffsetEnd>557</CharacterOffsetEnd>
            <POS>NN</POS>
            <NER>DATE</NER>
            <NormalizedNER>OFFSET P1D INTERSECT MO</NormalizedNER>
            <Timex tid="t5" type="DATE"/>
          </token>
          <token id="18">
            <word>morning</word>
            <lemma>morning</lemma>
            <CharacterOffsetBegin>558</CharacterOffsetBegin>
            <CharacterOffsetEnd>565</CharacterOffsetEnd>
            <POS>NN</POS>
            <NER>DATE</NER>
            <NormalizedNER>OFFSET P1D INTERSECT MO</NormalizedNER>
            <Timex tid="t5" type="DATE"/>
          </token>
          <token id="19">
            <word>we</word>
            <lemma>we</lemma>
            <CharacterOffsetBegin>566</CharacterOffsetBegin>
            <CharacterOffsetEnd>568</CharacterOffsetEnd>
            <POS>PRP</POS>
            <NER>O</NER>
          </token>
          <token id="20">
            <word>will</word>
            <lemma>will</lemma>
            <CharacterOffsetBegin>569</CharacterOffsetBegin>
            <CharacterOffsetEnd>573</CharacterOffsetEnd>
            <POS>MD</POS>
            <NER>O</NER>
          </token>
          <token id="21">
            <word>take</word>
            <lemma>take</lemma>
            <CharacterOffsetBegin>574</CharacterOffsetBegin>
            <CharacterOffsetEnd>578</CharacterOffsetEnd>
            <POS>VB</POS>
            <NER>O</NER>
          </token>
          <token id="22">
            <word>the</word>
            <lemma>the</lemma>
            <CharacterOffsetBegin>579</CharacterOffsetBegin>
            <CharacterOffsetEnd>582</CharacterOffsetEnd>
            <POS>DT</POS>
            <NER>O</NER>
          </token>
          <token id="23">
            <word>children</word>
            <lemma>child</lemma>
            <CharacterOffsetBegin>583</CharacterOffsetBegin>
            <CharacterOffsetEnd>591</CharacterOffsetEnd>
            <POS>NNS</POS>
            <NER>O</NER>
          </token>
          <token id="24">
            <word>out</word>
            <lemma>out</lemma>
            <CharacterOffsetBegin>592</CharacterOffsetBegin>
            <CharacterOffsetEnd>595</CharacterOffsetEnd>
            <POS>RP</POS>
            <NER>O</NER>
          </token>
          <token id="25">
            <word>into</word>
            <lemma>into</lemma>
            <CharacterOffsetBegin>596</CharacterOffsetBegin>
            <CharacterOffsetEnd>600</CharacterOffsetEnd>
            <POS>IN</POS>
            <NER>O</NER>
          </token>
          <token id="26">
            <word>the</word>
            <lemma>the</lemma>
            <CharacterOffsetBegin>601</CharacterOffsetBegin>
            <CharacterOffsetEnd>604</CharacterOffsetEnd>
            <POS>DT</POS>
            <NER>O</NER>
          </token>
          <token id="27">
            <word>forest</word>
            <lemma>forest</lemma>
            <CharacterOffsetBegin>605</CharacterOffsetBegin>
            <CharacterOffsetEnd>611</CharacterOffsetEnd>
            <POS>NN</POS>
            <NER>O</NER>
          </token>
          <token id="28">
            <word>to</word>
            <lemma>to</lemma>
            <CharacterOffsetBegin>612</CharacterOffsetBegin>
            <CharacterOffsetEnd>614</CharacterOffsetEnd>
            <POS>TO</POS>
            <NER>O</NER>
          </token>
          <token id="29">
            <word>where</word>
            <lemma>where</lemma>
            <CharacterOffsetBegin>615</CharacterOffsetBegin>
            <CharacterOffsetEnd>620</CharacterOffsetEnd>
            <POS>WRB</POS>
            <NER>O</NER>
          </token>
          <token id="30">
            <word>it</word>
            <lemma>it</lemma>
            <CharacterOffsetBegin>621</CharacterOffsetBegin>
            <CharacterOffsetEnd>623</CharacterOffsetEnd>
            <POS>PRP</POS>
            <NER>O</NER>
          </token>
          <token id="31">
            <word>is</word>
            <lemma>be</lemma>
            <CharacterOffsetBegin>624</CharacterOffsetBegin>
            <CharacterOffsetEnd>626</CharacterOffsetEnd>
            <POS>VBZ</POS>
            <NER>O</NER>
          </token>
          <token id="32">
            <word>the</word>
            <lemma>the</lemma>
            <CharacterOffsetBegin>627</CharacterOffsetBegin>
            <CharacterOffsetEnd>630</CharacterOffsetEnd>
            <POS>DT</POS>
            <NER>O</NER>
          </token>
          <token id="33">
            <word>thickest</word>
            <lemma>thickest</lemma>
            <CharacterOffsetBegin>631</CharacterOffsetBegin>
            <CharacterOffsetEnd>639</CharacterOffsetEnd>
            <POS>JJS</POS>
            <NER>O</NER>
          </token>
          <token id="34">
            <word>;</word>
            <lemma>;</lemma>
            <CharacterOffsetBegin>639</CharacterOffsetBegin>
            <CharacterOffsetEnd>640</CharacterOffsetEnd>
            <POS>:</POS>
            <NER>O</NER>
          </token>
          <token id="35">
            <word>there</word>
            <lemma>there</lemma>
            <CharacterOffsetBegin>641</CharacterOffsetBegin>
            <CharacterOffsetEnd>646</CharacterOffsetEnd>
            <POS>EX</POS>
            <NER>O</NER>
          </token>
          <token id="36">
            <word>we</word>
            <lemma>we</lemma>
            <CharacterOffsetBegin>647</CharacterOffsetBegin>
            <CharacterOffsetEnd>649</CharacterOffsetEnd>
            <POS>PRP</POS>
            <NER>O</NER>
          </token>
          <token id="37">
            <word>will</word>
            <lemma>will</lemma>
            <CharacterOffsetBegin>650</CharacterOffsetBegin>
            <CharacterOffsetEnd>654</CharacterOffsetEnd>
            <POS>MD</POS>
            <NER>O</NER>
          </token>
          <token id="38">
            <word>light</word>
            <lemma>light</lemma>
            <CharacterOffsetBegin>655</CharacterOffsetBegin>
            <CharacterOffsetEnd>660</CharacterOffsetEnd>
            <POS>VB</POS>
            <NER>O</NER>
          </token>
          <token id="39">
            <word>a</word>
            <lemma>a</lemma>
            <CharacterOffsetBegin>661</CharacterOffsetBegin>
            <CharacterOffsetEnd>662</CharacterOffsetEnd>
            <POS>DT</POS>
            <NER>O</NER>
          </token>
          <token id="40">
            <word>fire</word>
            <lemma>fire</lemma>
            <CharacterOffsetBegin>663</CharacterOffsetBegin>
            <CharacterOffsetEnd>667</CharacterOffsetEnd>
            <POS>NN</POS>
            <NER>O</NER>
          </token>
          <token id="41">
            <word>for</word>
            <lemma>for</lemma>
            <CharacterOffsetBegin>668</CharacterOffsetBegin>
            <CharacterOffsetEnd>671</CharacterOffsetEnd>
            <POS>IN</POS>
            <NER>O</NER>
          </token>
          <token id="42">
            <word>them</word>
            <lemma>they</lemma>
            <CharacterOffsetBegin>672</CharacterOffsetBegin>
            <CharacterOffsetEnd>676</CharacterOffsetEnd>
            <POS>PRP</POS>
            <NER>O</NER>
          </token>
          <token id="43">
            <word>,</word>
            <lemma>,</lemma>
            <CharacterOffsetBegin>676</CharacterOffsetBegin>
            <CharacterOffsetEnd>677</CharacterOffsetEnd>
            <POS>,</POS>
            <NER>O</NER>
          </token>
          <token id="44">
            <word>and</word>
            <lemma>and</lemma>
            <CharacterOffsetBegin>678</CharacterOffsetBegin>
            <CharacterOffsetEnd>681</CharacterOffsetEnd>
            <POS>CC</POS>
            <NER>O</NER>
          </token>
          <token id="45">
            <word>give</word>
            <lemma>give</lemma>
            <CharacterOffsetBegin>682</CharacterOffsetBegin>
            <CharacterOffsetEnd>686</CharacterOffsetEnd>
            <POS>VB</POS>
            <NER>O</NER>
          </token>
          <token id="46">
            <word>each</word>
            <lemma>each</lemma>
            <CharacterOffsetBegin>687</CharacterOffsetBegin>
            <CharacterOffsetEnd>691</CharacterOffsetEnd>
            <POS>DT</POS>
            <NER>O</NER>
          </token>
          <token id="47">
            <word>of</word>
            <lemma>of</lemma>
            <CharacterOffsetBegin>692</CharacterOffsetBegin>
            <CharacterOffsetEnd>694</CharacterOffsetEnd>
            <POS>IN</POS>
            <NER>O</NER>
          </token>
          <token id="48">
            <word>them</word>
            <lemma>they</lemma>
            <CharacterOffsetBegin>695</CharacterOffsetBegin>
            <CharacterOffsetEnd>699</CharacterOffsetEnd>
            <POS>PRP</POS>
            <NER>O</NER>
          </token>
          <token id="49">
            <word>one</word>
            <lemma>one</lemma>
            <CharacterOffsetBegin>700</CharacterOffsetBegin>
            <CharacterOffsetEnd>703</CharacterOffsetEnd>
            <POS>CD</POS>
            <NER>NUMBER</NER>
            <NormalizedNER>1.0</NormalizedNER>
          </token>
          <token id="50">
            <word>more</word>
            <lemma>more</lemma>
            <CharacterOffsetBegin>704</CharacterOffsetBegin>
            <CharacterOffsetEnd>708</CharacterOffsetEnd>
            <POS>JJR</POS>
            <NER>O</NER>
          </token>
          <token id="51">
            <word>piece</word>
            <lemma>piece</lemma>
            <CharacterOffsetBegin>709</CharacterOffsetBegin>
            <CharacterOffsetEnd>714</CharacterOffsetEnd>
            <POS>NN</POS>
            <NER>O</NER>
          </token>
          <token id="52">
            <word>of</word>
            <lemma>of</lemma>
            <CharacterOffsetBegin>715</CharacterOffsetBegin>
            <CharacterOffsetEnd>717</CharacterOffsetEnd>
            <POS>IN</POS>
            <NER>O</NER>
          </token>
          <token id="53">
            <word>bread</word>
            <lemma>bread</lemma>
            <CharacterOffsetBegin>718</CharacterOffsetBegin>
            <CharacterOffsetEnd>723</CharacterOffsetEnd>
            <POS>NN</POS>
            <NER>O</NER>
          </token>
          <token id="54">
            <word>,</word>
            <lemma>,</lemma>
            <CharacterOffsetBegin>723</CharacterOffsetBegin>
            <CharacterOffsetEnd>724</CharacterOffsetEnd>
            <POS>,</POS>
            <NER>O</NER>
          </token>
          <token id="55">
            <word>and</word>
            <lemma>and</lemma>
            <CharacterOffsetBegin>725</CharacterOffsetBegin>
            <CharacterOffsetEnd>728</CharacterOffsetEnd>
            <POS>CC</POS>
            <NER>O</NER>
          </token>
          <token id="56">
            <word>then</word>
            <lemma>then</lemma>
            <CharacterOffsetBegin>729</CharacterOffsetBegin>
            <CharacterOffsetEnd>733</CharacterOffsetEnd>
            <POS>RB</POS>
            <NER>O</NER>
          </token>
          <token id="57">
            <word>we</word>
            <lemma>we</lemma>
            <CharacterOffsetBegin>734</CharacterOffsetBegin>
            <CharacterOffsetEnd>736</CharacterOffsetEnd>
            <POS>PRP</POS>
            <NER>O</NER>
          </token>
          <token id="58">
            <word>will</word>
            <lemma>will</lemma>
            <CharacterOffsetBegin>737</CharacterOffsetBegin>
            <CharacterOffsetEnd>741</CharacterOffsetEnd>
            <POS>MD</POS>
            <NER>O</NER>
          </token>
          <token id="59">
            <word>go</word>
            <lemma>go</lemma>
            <CharacterOffsetBegin>742</CharacterOffsetBegin>
            <CharacterOffsetEnd>744</CharacterOffsetEnd>
            <POS>VB</POS>
            <NER>O</NER>
          </token>
          <token id="60">
            <word>to</word>
            <lemma>to</lemma>
            <CharacterOffsetBegin>745</CharacterOffsetBegin>
            <CharacterOffsetEnd>747</CharacterOffsetEnd>
            <POS>TO</POS>
            <NER>O</NER>
          </token>
          <token id="61">
            <word>our</word>
            <lemma>we</lemma>
            <CharacterOffsetBegin>748</CharacterOffsetBegin>
            <CharacterOffsetEnd>751</CharacterOffsetEnd>
            <POS>PRP$</POS>
            <NER>O</NER>
          </token>
          <token id="62">
            <word>work</word>
            <lemma>work</lemma>
            <CharacterOffsetBegin>752</CharacterOffsetBegin>
            <CharacterOffsetEnd>756</CharacterOffsetEnd>
            <POS>NN</POS>
            <NER>O</NER>
          </token>
          <token id="63">
            <word>and</word>
            <lemma>and</lemma>
            <CharacterOffsetBegin>757</CharacterOffsetBegin>
            <CharacterOffsetEnd>760</CharacterOffsetEnd>
            <POS>CC</POS>
            <NER>O</NER>
          </token>
          <token id="64">
            <word>leave</word>
            <lemma>leave</lemma>
            <CharacterOffsetBegin>761</CharacterOffsetBegin>
            <CharacterOffsetEnd>766</CharacterOffsetEnd>
            <POS>VB</POS>
            <NER>O</NER>
          </token>
          <token id="65">
            <word>them</word>
            <lemma>they</lemma>
            <CharacterOffsetBegin>767</CharacterOffsetBegin>
            <CharacterOffsetEnd>771</CharacterOffsetEnd>
            <POS>PRP</POS>
            <NER>O</NER>
          </token>
          <token id="66">
            <word>alone</word>
            <lemma>alone</lemma>
            <CharacterOffsetBegin>772</CharacterOffsetBegin>
            <CharacterOffsetEnd>777</CharacterOffsetEnd>
            <POS>RB</POS>
            <NER>O</NER>
          </token>
          <token id="67">
            <word>.</word>
            <lemma>.</lemma>
            <CharacterOffsetBegin>777</CharacterOffsetBegin>
            <CharacterOffsetEnd>778</CharacterOffsetEnd>
            <POS>.</POS>
            <NER>O</NER>
          </token>
        </tokens>
      </sentence>
      <sentence id="7">
        <tokens>
          <token id="1">
            <word>They</word>
            <lemma>they</lemma>
            <CharacterOffsetBegin>779</CharacterOffsetBegin>
            <CharacterOffsetEnd>783</CharacterOffsetEnd>
            <POS>PRP</POS>
            <NER>O</NER>
          </token>
          <token id="2">
            <word>will</word>
            <lemma>will</lemma>
            <CharacterOffsetBegin>784</CharacterOffsetBegin>
            <CharacterOffsetEnd>788</CharacterOffsetEnd>
            <POS>MD</POS>
            <NER>O</NER>
          </token>
          <token id="3">
            <word>not</word>
            <lemma>not</lemma>
            <CharacterOffsetBegin>789</CharacterOffsetBegin>
            <CharacterOffsetEnd>792</CharacterOffsetEnd>
            <POS>RB</POS>
            <NER>O</NER>
          </token>
          <token id="4">
            <word>find</word>
            <lemma>find</lemma>
            <CharacterOffsetBegin>793</CharacterOffsetBegin>
            <CharacterOffsetEnd>797</CharacterOffsetEnd>
            <POS>VB</POS>
            <NER>O</NER>
          </token>
          <token id="5">
            <word>the</word>
            <lemma>the</lemma>
            <CharacterOffsetBegin>798</CharacterOffsetBegin>
            <CharacterOffsetEnd>801</CharacterOffsetEnd>
            <POS>DT</POS>
            <NER>O</NER>
          </token>
          <token id="6">
            <word>way</word>
            <lemma>way</lemma>
            <CharacterOffsetBegin>802</CharacterOffsetBegin>
            <CharacterOffsetEnd>805</CharacterOffsetEnd>
            <POS>NN</POS>
            <NER>O</NER>
          </token>
          <token id="7">
            <word>home</word>
            <lemma>home</lemma>
            <CharacterOffsetBegin>806</CharacterOffsetBegin>
            <CharacterOffsetEnd>810</CharacterOffsetEnd>
            <POS>NN</POS>
            <NER>O</NER>
          </token>
          <token id="8">
            <word>again</word>
            <lemma>again</lemma>
            <CharacterOffsetBegin>811</CharacterOffsetBegin>
            <CharacterOffsetEnd>816</CharacterOffsetEnd>
            <POS>RB</POS>
            <NER>O</NER>
          </token>
          <token id="9">
            <word>,</word>
            <lemma>,</lemma>
            <CharacterOffsetBegin>816</CharacterOffsetBegin>
            <CharacterOffsetEnd>817</CharacterOffsetEnd>
            <POS>,</POS>
            <NER>O</NER>
          </token>
          <token id="10">
            <word>and</word>
            <lemma>and</lemma>
            <CharacterOffsetBegin>818</CharacterOffsetBegin>
            <CharacterOffsetEnd>821</CharacterOffsetEnd>
            <POS>CC</POS>
            <NER>O</NER>
          </token>
          <token id="11">
            <word>we</word>
            <lemma>we</lemma>
            <CharacterOffsetBegin>822</CharacterOffsetBegin>
            <CharacterOffsetEnd>824</CharacterOffsetEnd>
            <POS>PRP</POS>
            <NER>O</NER>
          </token>
          <token id="12">
            <word>shall</word>
            <lemma>shall</lemma>
            <CharacterOffsetBegin>825</CharacterOffsetBegin>
            <CharacterOffsetEnd>830</CharacterOffsetEnd>
            <POS>MD</POS>
            <NER>O</NER>
          </token>
          <token id="13">
            <word>be</word>
            <lemma>be</lemma>
            <CharacterOffsetBegin>831</CharacterOffsetBegin>
            <CharacterOffsetEnd>833</CharacterOffsetEnd>
            <POS>VB</POS>
            <NER>O</NER>
          </token>
          <token id="14">
            <word>rid</word>
            <lemma>rid</lemma>
            <CharacterOffsetBegin>834</CharacterOffsetBegin>
            <CharacterOffsetEnd>837</CharacterOffsetEnd>
            <POS>JJ</POS>
            <NER>O</NER>
          </token>
          <token id="15">
            <word>of</word>
            <lemma>of</lemma>
            <CharacterOffsetBegin>838</CharacterOffsetBegin>
            <CharacterOffsetEnd>840</CharacterOffsetEnd>
            <POS>IN</POS>
            <NER>O</NER>
          </token>
          <token id="16">
            <word>them</word>
            <lemma>they</lemma>
            <CharacterOffsetBegin>841</CharacterOffsetBegin>
            <CharacterOffsetEnd>845</CharacterOffsetEnd>
            <POS>PRP</POS>
            <NER>O</NER>
          </token>
          <token id="17">
            <word>.</word>
            <lemma>.</lemma>
            <CharacterOffsetBegin>845</CharacterOffsetBegin>
            <CharacterOffsetEnd>846</CharacterOffsetEnd>
            <POS>.</POS>
            <NER>O</NER>
          </token>
          <token id="18">
            <word>'</word>
            <lemma>'</lemma>
            <CharacterOffsetBegin>846</CharacterOffsetBegin>
            <CharacterOffsetEnd>847</CharacterOffsetEnd>
            <POS>''</POS>
            <NER>O</NER>
          </token>
        </tokens>
      </sentence>
      <sentence id="8">
        <tokens>
          <token id="1">
            <word>`</word>
            <lemma>`</lemma>
            <CharacterOffsetBegin>848</CharacterOffsetBegin>
            <CharacterOffsetEnd>849</CharacterOffsetEnd>
            <POS>``</POS>
            <NER>O</NER>
          </token>
          <token id="2">
            <word>No</word>
            <lemma>no</lemma>
            <CharacterOffsetBegin>849</CharacterOffsetBegin>
            <CharacterOffsetEnd>851</CharacterOffsetEnd>
            <POS>DT</POS>
            <NER>O</NER>
          </token>
          <token id="3">
            <word>,</word>
            <lemma>,</lemma>
            <CharacterOffsetBegin>851</CharacterOffsetBegin>
            <CharacterOffsetEnd>852</CharacterOffsetEnd>
            <POS>,</POS>
            <NER>O</NER>
          </token>
          <token id="4">
            <word>wife</word>
            <lemma>wife</lemma>
            <CharacterOffsetBegin>853</CharacterOffsetBegin>
            <CharacterOffsetEnd>857</CharacterOffsetEnd>
            <POS>NN</POS>
            <NER>O</NER>
          </token>
          <token id="5">
            <word>,</word>
            <lemma>,</lemma>
            <CharacterOffsetBegin>857</CharacterOffsetBegin>
            <CharacterOffsetEnd>858</CharacterOffsetEnd>
            <POS>,</POS>
            <NER>O</NER>
          </token>
          <token id="6">
            <word>'</word>
            <lemma>'</lemma>
            <CharacterOffsetBegin>858</CharacterOffsetBegin>
            <CharacterOffsetEnd>859</CharacterOffsetEnd>
            <POS>''</POS>
            <NER>O</NER>
          </token>
          <token id="7">
            <word>said</word>
            <lemma>say</lemma>
            <CharacterOffsetBegin>860</CharacterOffsetBegin>
            <CharacterOffsetEnd>864</CharacterOffsetEnd>
            <POS>VBD</POS>
            <NER>O</NER>
          </token>
          <token id="8">
            <word>the</word>
            <lemma>the</lemma>
            <CharacterOffsetBegin>865</CharacterOffsetBegin>
            <CharacterOffsetEnd>868</CharacterOffsetEnd>
            <POS>DT</POS>
            <NER>O</NER>
          </token>
          <token id="9">
            <word>man</word>
            <lemma>man</lemma>
            <CharacterOffsetBegin>869</CharacterOffsetBegin>
            <CharacterOffsetEnd>872</CharacterOffsetEnd>
            <POS>NN</POS>
            <NER>O</NER>
          </token>
          <token id="10">
            <word>,</word>
            <lemma>,</lemma>
            <CharacterOffsetBegin>872</CharacterOffsetBegin>
            <CharacterOffsetEnd>873</CharacterOffsetEnd>
            <POS>,</POS>
            <NER>O</NER>
          </token>
          <token id="11">
            <word>`</word>
            <lemma>`</lemma>
            <CharacterOffsetBegin>874</CharacterOffsetBegin>
            <CharacterOffsetEnd>875</CharacterOffsetEnd>
            <POS>``</POS>
            <NER>O</NER>
          </token>
          <token id="12">
            <word>I</word>
            <lemma>I</lemma>
            <CharacterOffsetBegin>875</CharacterOffsetBegin>
            <CharacterOffsetEnd>876</CharacterOffsetEnd>
            <POS>PRP</POS>
            <NER>O</NER>
          </token>
          <token id="13">
            <word>will</word>
            <lemma>will</lemma>
            <CharacterOffsetBegin>877</CharacterOffsetBegin>
            <CharacterOffsetEnd>881</CharacterOffsetEnd>
            <POS>MD</POS>
            <NER>O</NER>
          </token>
          <token id="14">
            <word>not</word>
            <lemma>not</lemma>
            <CharacterOffsetBegin>882</CharacterOffsetBegin>
            <CharacterOffsetEnd>885</CharacterOffsetEnd>
            <POS>RB</POS>
            <NER>O</NER>
          </token>
          <token id="15">
            <word>do</word>
            <lemma>do</lemma>
            <CharacterOffsetBegin>886</CharacterOffsetBegin>
            <CharacterOffsetEnd>888</CharacterOffsetEnd>
            <POS>VB</POS>
            <NER>O</NER>
          </token>
          <token id="16">
            <word>that</word>
            <lemma>that</lemma>
            <CharacterOffsetBegin>889</CharacterOffsetBegin>
            <CharacterOffsetEnd>893</CharacterOffsetEnd>
            <POS>DT</POS>
            <NER>O</NER>
          </token>
          <token id="17">
            <word>;</word>
            <lemma>;</lemma>
            <CharacterOffsetBegin>893</CharacterOffsetBegin>
            <CharacterOffsetEnd>894</CharacterOffsetEnd>
            <POS>:</POS>
            <NER>O</NER>
          </token>
          <token id="18">
            <word>how</word>
            <lemma>how</lemma>
            <CharacterOffsetBegin>895</CharacterOffsetBegin>
            <CharacterOffsetEnd>898</CharacterOffsetEnd>
            <POS>WRB</POS>
            <NER>O</NER>
          </token>
          <token id="19">
            <word>can</word>
            <lemma>can</lemma>
            <CharacterOffsetBegin>899</CharacterOffsetBegin>
            <CharacterOffsetEnd>902</CharacterOffsetEnd>
            <POS>MD</POS>
            <NER>O</NER>
          </token>
          <token id="20">
            <word>I</word>
            <lemma>I</lemma>
            <CharacterOffsetBegin>903</CharacterOffsetBegin>
            <CharacterOffsetEnd>904</CharacterOffsetEnd>
            <POS>PRP</POS>
            <NER>O</NER>
          </token>
          <token id="21">
            <word>bear</word>
            <lemma>bear</lemma>
            <CharacterOffsetBegin>905</CharacterOffsetBegin>
            <CharacterOffsetEnd>909</CharacterOffsetEnd>
            <POS>VB</POS>
            <NER>O</NER>
          </token>
          <token id="22">
            <word>to</word>
            <lemma>to</lemma>
            <CharacterOffsetBegin>910</CharacterOffsetBegin>
            <CharacterOffsetEnd>912</CharacterOffsetEnd>
            <POS>TO</POS>
            <NER>O</NER>
          </token>
          <token id="23">
            <word>leave</word>
            <lemma>leave</lemma>
            <CharacterOffsetBegin>913</CharacterOffsetBegin>
            <CharacterOffsetEnd>918</CharacterOffsetEnd>
            <POS>VB</POS>
            <NER>O</NER>
          </token>
          <token id="24">
            <word>my</word>
            <lemma>my</lemma>
            <CharacterOffsetBegin>919</CharacterOffsetBegin>
            <CharacterOffsetEnd>921</CharacterOffsetEnd>
            <POS>PRP$</POS>
            <NER>O</NER>
          </token>
          <token id="25">
            <word>children</word>
            <lemma>child</lemma>
            <CharacterOffsetBegin>922</CharacterOffsetBegin>
            <CharacterOffsetEnd>930</CharacterOffsetEnd>
            <POS>NNS</POS>
            <NER>O</NER>
          </token>
          <token id="26">
            <word>alone</word>
            <lemma>alone</lemma>
            <CharacterOffsetBegin>931</CharacterOffsetBegin>
            <CharacterOffsetEnd>936</CharacterOffsetEnd>
            <POS>RB</POS>
            <NER>O</NER>
          </token>
          <token id="27">
            <word>in</word>
            <lemma>in</lemma>
            <CharacterOffsetBegin>937</CharacterOffsetBegin>
            <CharacterOffsetEnd>939</CharacterOffsetEnd>
            <POS>IN</POS>
            <NER>O</NER>
          </token>
          <token id="28">
            <word>the</word>
            <lemma>the</lemma>
            <CharacterOffsetBegin>940</CharacterOffsetBegin>
            <CharacterOffsetEnd>943</CharacterOffsetEnd>
            <POS>DT</POS>
            <NER>O</NER>
          </token>
          <token id="29">
            <word>forest</word>
            <lemma>forest</lemma>
            <CharacterOffsetBegin>944</CharacterOffsetBegin>
            <CharacterOffsetEnd>950</CharacterOffsetEnd>
            <POS>NN</POS>
            <NER>O</NER>
          </token>
          <token id="30">
            <word>?</word>
            <lemma>?</lemma>
            <CharacterOffsetBegin>950</CharacterOffsetBegin>
            <CharacterOffsetEnd>951</CharacterOffsetEnd>
            <POS>.</POS>
            <NER>O</NER>
          </token>
        </tokens>
      </sentence>
      <sentence id="9">
        <tokens>
          <token id="1">
            <word>--</word>
            <lemma>--</lemma>
            <CharacterOffsetBegin>951</CharacterOffsetBegin>
            <CharacterOffsetEnd>953</CharacterOffsetEnd>
            <POS>:</POS>
            <NER>O</NER>
          </token>
          <token id="2">
            <word>the</word>
            <lemma>the</lemma>
            <CharacterOffsetBegin>953</CharacterOffsetBegin>
            <CharacterOffsetEnd>956</CharacterOffsetEnd>
            <POS>DT</POS>
            <NER>O</NER>
          </token>
          <token id="3">
            <word>wild</word>
            <lemma>wild</lemma>
            <CharacterOffsetBegin>957</CharacterOffsetBegin>
            <CharacterOffsetEnd>961</CharacterOffsetEnd>
            <POS>JJ</POS>
            <NER>O</NER>
          </token>
          <token id="4">
            <word>animals</word>
            <lemma>animal</lemma>
            <CharacterOffsetBegin>962</CharacterOffsetBegin>
            <CharacterOffsetEnd>969</CharacterOffsetEnd>
            <POS>NNS</POS>
            <NER>O</NER>
          </token>
          <token id="5">
            <word>would</word>
            <lemma>would</lemma>
            <CharacterOffsetBegin>970</CharacterOffsetBegin>
            <CharacterOffsetEnd>975</CharacterOffsetEnd>
            <POS>MD</POS>
            <NER>O</NER>
          </token>
          <token id="6">
            <word>soon</word>
            <lemma>soon</lemma>
            <CharacterOffsetBegin>976</CharacterOffsetBegin>
            <CharacterOffsetEnd>980</CharacterOffsetEnd>
            <POS>RB</POS>
            <NER>O</NER>
          </token>
          <token id="7">
            <word>come</word>
            <lemma>come</lemma>
            <CharacterOffsetBegin>981</CharacterOffsetBegin>
            <CharacterOffsetEnd>985</CharacterOffsetEnd>
            <POS>VB</POS>
            <NER>O</NER>
          </token>
          <token id="8">
            <word>and</word>
            <lemma>and</lemma>
            <CharacterOffsetBegin>986</CharacterOffsetBegin>
            <CharacterOffsetEnd>989</CharacterOffsetEnd>
            <POS>CC</POS>
            <NER>O</NER>
          </token>
          <token id="9">
            <word>tear</word>
            <lemma>tear</lemma>
            <CharacterOffsetBegin>990</CharacterOffsetBegin>
            <CharacterOffsetEnd>994</CharacterOffsetEnd>
            <POS>VB</POS>
            <NER>O</NER>
          </token>
          <token id="10">
            <word>them</word>
            <lemma>they</lemma>
            <CharacterOffsetBegin>995</CharacterOffsetBegin>
            <CharacterOffsetEnd>999</CharacterOffsetEnd>
            <POS>PRP</POS>
            <NER>O</NER>
          </token>
          <token id="11">
            <word>to</word>
            <lemma>to</lemma>
            <CharacterOffsetBegin>1000</CharacterOffsetBegin>
            <CharacterOffsetEnd>1002</CharacterOffsetEnd>
            <POS>TO</POS>
            <NER>O</NER>
          </token>
          <token id="12">
            <word>pieces</word>
            <lemma>piece</lemma>
            <CharacterOffsetBegin>1003</CharacterOffsetBegin>
            <CharacterOffsetEnd>1009</CharacterOffsetEnd>
            <POS>NNS</POS>
            <NER>O</NER>
          </token>
          <token id="13">
            <word>.</word>
            <lemma>.</lemma>
            <CharacterOffsetBegin>1009</CharacterOffsetBegin>
            <CharacterOffsetEnd>1010</CharacterOffsetEnd>
            <POS>.</POS>
            <NER>O</NER>
          </token>
          <token id="14">
            <word>'</word>
            <lemma>'</lemma>
            <CharacterOffsetBegin>1010</CharacterOffsetBegin>
            <CharacterOffsetEnd>1011</CharacterOffsetEnd>
            <POS>''</POS>
            <NER>O</NER>
          </token>
        </tokens>
      </sentence>
      <sentence id="10">
        <tokens>
          <token id="1">
            <word>`</word>
            <lemma>`</lemma>
            <CharacterOffsetBegin>1012</CharacterOffsetBegin>
            <CharacterOffsetEnd>1013</CharacterOffsetEnd>
            <POS>``</POS>
            <NER>O</NER>
          </token>
          <token id="2">
            <word>O</word>
            <lemma>o</lemma>
            <CharacterOffsetBegin>1013</CharacterOffsetBegin>
            <CharacterOffsetEnd>1014</CharacterOffsetEnd>
            <POS>NN</POS>
            <NER>O</NER>
          </token>
          <token id="3">
            <word>,</word>
            <lemma>,</lemma>
            <CharacterOffsetBegin>1014</CharacterOffsetBegin>
            <CharacterOffsetEnd>1015</CharacterOffsetEnd>
            <POS>,</POS>
            <NER>O</NER>
          </token>
          <token id="4">
            <word>you</word>
            <lemma>you</lemma>
            <CharacterOffsetBegin>1016</CharacterOffsetBegin>
            <CharacterOffsetEnd>1019</CharacterOffsetEnd>
            <POS>PRP</POS>
            <NER>O</NER>
          </token>
          <token id="5">
            <word>fool</word>
            <lemma>fool</lemma>
            <CharacterOffsetBegin>1020</CharacterOffsetBegin>
            <CharacterOffsetEnd>1024</CharacterOffsetEnd>
            <POS>VBP</POS>
            <NER>O</NER>
          </token>
          <token id="6">
            <word>!</word>
            <lemma>!</lemma>
            <CharacterOffsetBegin>1024</CharacterOffsetBegin>
            <CharacterOffsetEnd>1025</CharacterOffsetEnd>
            <POS>.</POS>
            <NER>O</NER>
          </token>
          <token id="7">
            <word>'</word>
            <lemma>'</lemma>
            <CharacterOffsetBegin>1025</CharacterOffsetBegin>
            <CharacterOffsetEnd>1026</CharacterOffsetEnd>
            <POS>''</POS>
            <NER>O</NER>
          </token>
        </tokens>
      </sentence>
      <sentence id="11">
        <tokens>
          <token id="1">
            <word>said</word>
            <lemma>say</lemma>
            <CharacterOffsetBegin>1027</CharacterOffsetBegin>
            <CharacterOffsetEnd>1031</CharacterOffsetEnd>
            <POS>VBD</POS>
            <NER>O</NER>
          </token>
          <token id="2">
            <word>she</word>
            <lemma>she</lemma>
            <CharacterOffsetBegin>1032</CharacterOffsetBegin>
            <CharacterOffsetEnd>1035</CharacterOffsetEnd>
            <POS>PRP</POS>
            <NER>O</NER>
          </token>
          <token id="3">
            <word>,</word>
            <lemma>,</lemma>
            <CharacterOffsetBegin>1035</CharacterOffsetBegin>
            <CharacterOffsetEnd>1036</CharacterOffsetEnd>
            <POS>,</POS>
            <NER>O</NER>
          </token>
          <token id="4">
            <word>`</word>
            <lemma>`</lemma>
            <CharacterOffsetBegin>1037</CharacterOffsetBegin>
            <CharacterOffsetEnd>1038</CharacterOffsetEnd>
            <POS>``</POS>
            <NER>O</NER>
          </token>
          <token id="5">
            <word>then</word>
            <lemma>then</lemma>
            <CharacterOffsetBegin>1038</CharacterOffsetBegin>
            <CharacterOffsetEnd>1042</CharacterOffsetEnd>
            <POS>RB</POS>
            <NER>O</NER>
          </token>
          <token id="6">
            <word>we</word>
            <lemma>we</lemma>
            <CharacterOffsetBegin>1043</CharacterOffsetBegin>
            <CharacterOffsetEnd>1045</CharacterOffsetEnd>
            <POS>PRP</POS>
            <NER>O</NER>
          </token>
          <token id="7">
            <word>must</word>
            <lemma>must</lemma>
            <CharacterOffsetBegin>1046</CharacterOffsetBegin>
            <CharacterOffsetEnd>1050</CharacterOffsetEnd>
            <POS>MD</POS>
            <NER>O</NER>
          </token>
          <token id="8">
            <word>all</word>
            <lemma>all</lemma>
            <CharacterOffsetBegin>1051</CharacterOffsetBegin>
            <CharacterOffsetEnd>1054</CharacterOffsetEnd>
            <POS>RB</POS>
            <NER>O</NER>
          </token>
          <token id="9">
            <word>four</word>
            <lemma>four</lemma>
            <CharacterOffsetBegin>1055</CharacterOffsetBegin>
            <CharacterOffsetEnd>1059</CharacterOffsetEnd>
            <POS>CD</POS>
            <NER>NUMBER</NER>
            <NormalizedNER>4.0</NormalizedNER>
          </token>
          <token id="10">
            <word>die</word>
            <lemma>die</lemma>
            <CharacterOffsetBegin>1060</CharacterOffsetBegin>
            <CharacterOffsetEnd>1063</CharacterOffsetEnd>
            <POS>NN</POS>
            <NER>O</NER>
          </token>
          <token id="11">
            <word>of</word>
            <lemma>of</lemma>
            <CharacterOffsetBegin>1064</CharacterOffsetBegin>
            <CharacterOffsetEnd>1066</CharacterOffsetEnd>
            <POS>IN</POS>
            <NER>O</NER>
          </token>
          <token id="12">
            <word>hunger</word>
            <lemma>hunger</lemma>
            <CharacterOffsetBegin>1067</CharacterOffsetBegin>
            <CharacterOffsetEnd>1073</CharacterOffsetEnd>
            <POS>NN</POS>
            <NER>O</NER>
          </token>
          <token id="13">
            <word>,</word>
            <lemma>,</lemma>
            <CharacterOffsetBegin>1073</CharacterOffsetBegin>
            <CharacterOffsetEnd>1074</CharacterOffsetEnd>
            <POS>,</POS>
            <NER>O</NER>
          </token>
          <token id="14">
            <word>you</word>
            <lemma>you</lemma>
            <CharacterOffsetBegin>1075</CharacterOffsetBegin>
            <CharacterOffsetEnd>1078</CharacterOffsetEnd>
            <POS>PRP</POS>
            <NER>O</NER>
          </token>
          <token id="15">
            <word>may</word>
            <lemma>may</lemma>
            <CharacterOffsetBegin>1079</CharacterOffsetBegin>
            <CharacterOffsetEnd>1082</CharacterOffsetEnd>
            <POS>MD</POS>
            <NER>O</NER>
          </token>
          <token id="16">
            <word>as</word>
            <lemma>as</lemma>
            <CharacterOffsetBegin>1083</CharacterOffsetBegin>
            <CharacterOffsetEnd>1085</CharacterOffsetEnd>
            <POS>RB</POS>
            <NER>O</NER>
          </token>
          <token id="17">
            <word>well</word>
            <lemma>well</lemma>
            <CharacterOffsetBegin>1086</CharacterOffsetBegin>
            <CharacterOffsetEnd>1090</CharacterOffsetEnd>
            <POS>RB</POS>
            <NER>O</NER>
          </token>
          <token id="18">
            <word>plane</word>
            <lemma>plane</lemma>
            <CharacterOffsetBegin>1091</CharacterOffsetBegin>
            <CharacterOffsetEnd>1096</CharacterOffsetEnd>
            <POS>NN</POS>
            <NER>O</NER>
          </token>
          <token id="19">
            <word>the</word>
            <lemma>the</lemma>
            <CharacterOffsetBegin>1097</CharacterOffsetBegin>
            <CharacterOffsetEnd>1100</CharacterOffsetEnd>
            <POS>DT</POS>
            <NER>O</NER>
          </token>
          <token id="20">
            <word>planks</word>
            <lemma>plank</lemma>
            <CharacterOffsetBegin>1101</CharacterOffsetBegin>
            <CharacterOffsetEnd>1107</CharacterOffsetEnd>
            <POS>NNS</POS>
            <NER>O</NER>
          </token>
          <token id="21">
            <word>for</word>
            <lemma>for</lemma>
            <CharacterOffsetBegin>1108</CharacterOffsetBegin>
            <CharacterOffsetEnd>1111</CharacterOffsetEnd>
            <POS>IN</POS>
            <NER>O</NER>
          </token>
          <token id="22">
            <word>our</word>
            <lemma>we</lemma>
            <CharacterOffsetBegin>1112</CharacterOffsetBegin>
            <CharacterOffsetEnd>1115</CharacterOffsetEnd>
            <POS>PRP$</POS>
            <NER>O</NER>
          </token>
          <token id="23">
            <word>coffins</word>
            <lemma>coffin</lemma>
            <CharacterOffsetBegin>1116</CharacterOffsetBegin>
            <CharacterOffsetEnd>1123</CharacterOffsetEnd>
            <POS>NNS</POS>
            <NER>O</NER>
          </token>
          <token id="24">
            <word>,</word>
            <lemma>,</lemma>
            <CharacterOffsetBegin>1123</CharacterOffsetBegin>
            <CharacterOffsetEnd>1124</CharacterOffsetEnd>
            <POS>,</POS>
            <NER>O</NER>
          </token>
          <token id="25">
            <word>'</word>
            <lemma>'</lemma>
            <CharacterOffsetBegin>1124</CharacterOffsetBegin>
            <CharacterOffsetEnd>1125</CharacterOffsetEnd>
            <POS>''</POS>
            <NER>O</NER>
          </token>
          <token id="26">
            <word>and</word>
            <lemma>and</lemma>
            <CharacterOffsetBegin>1126</CharacterOffsetBegin>
            <CharacterOffsetEnd>1129</CharacterOffsetEnd>
            <POS>CC</POS>
            <NER>O</NER>
          </token>
          <token id="27">
            <word>she</word>
            <lemma>she</lemma>
            <CharacterOffsetBegin>1130</CharacterOffsetBegin>
            <CharacterOffsetEnd>1133</CharacterOffsetEnd>
            <POS>PRP</POS>
            <NER>O</NER>
          </token>
          <token id="28">
            <word>left</word>
            <lemma>leave</lemma>
            <CharacterOffsetBegin>1134</CharacterOffsetBegin>
            <CharacterOffsetEnd>1138</CharacterOffsetEnd>
            <POS>VBD</POS>
            <NER>O</NER>
          </token>
          <token id="29">
            <word>him</word>
            <lemma>he</lemma>
            <CharacterOffsetBegin>1139</CharacterOffsetBegin>
            <CharacterOffsetEnd>1142</CharacterOffsetEnd>
            <POS>PRP</POS>
            <NER>O</NER>
          </token>
          <token id="30">
            <word>no</word>
            <lemma>no</lemma>
            <CharacterOffsetBegin>1143</CharacterOffsetBegin>
            <CharacterOffsetEnd>1145</CharacterOffsetEnd>
            <POS>DT</POS>
            <NER>O</NER>
          </token>
          <token id="31">
            <word>peace</word>
            <lemma>peace</lemma>
            <CharacterOffsetBegin>1146</CharacterOffsetBegin>
            <CharacterOffsetEnd>1151</CharacterOffsetEnd>
            <POS>NN</POS>
            <NER>O</NER>
          </token>
          <token id="32">
            <word>until</word>
            <lemma>until</lemma>
            <CharacterOffsetBegin>1152</CharacterOffsetBegin>
            <CharacterOffsetEnd>1157</CharacterOffsetEnd>
            <POS>IN</POS>
            <NER>O</NER>
          </token>
          <token id="33">
            <word>he</word>
            <lemma>he</lemma>
            <CharacterOffsetBegin>1158</CharacterOffsetBegin>
            <CharacterOffsetEnd>1160</CharacterOffsetEnd>
            <POS>PRP</POS>
            <NER>O</NER>
          </token>
          <token id="34">
            <word>consented</word>
            <lemma>consent</lemma>
            <CharacterOffsetBegin>1161</CharacterOffsetBegin>
            <CharacterOffsetEnd>1170</CharacterOffsetEnd>
            <POS>VBD</POS>
            <NER>O</NER>
          </token>
          <token id="35">
            <word>.</word>
            <lemma>.</lemma>
            <CharacterOffsetBegin>1170</CharacterOffsetBegin>
            <CharacterOffsetEnd>1171</CharacterOffsetEnd>
            <POS>.</POS>
            <NER>O</NER>
          </token>
        </tokens>
      </sentence>
      <sentence id="12">
        <tokens>
          <token id="1">
            <word>`</word>
            <lemma>`</lemma>
            <CharacterOffsetBegin>1172</CharacterOffsetBegin>
            <CharacterOffsetEnd>1173</CharacterOffsetEnd>
            <POS>``</POS>
            <NER>O</NER>
          </token>
          <token id="2">
            <word>But</word>
            <lemma>but</lemma>
            <CharacterOffsetBegin>1173</CharacterOffsetBegin>
            <CharacterOffsetEnd>1176</CharacterOffsetEnd>
            <POS>CC</POS>
            <NER>O</NER>
          </token>
          <token id="3">
            <word>I</word>
            <lemma>I</lemma>
            <CharacterOffsetBegin>1177</CharacterOffsetBegin>
            <CharacterOffsetEnd>1178</CharacterOffsetEnd>
            <POS>PRP</POS>
            <NER>O</NER>
          </token>
          <token id="4">
            <word>feel</word>
            <lemma>feel</lemma>
            <CharacterOffsetBegin>1179</CharacterOffsetBegin>
            <CharacterOffsetEnd>1183</CharacterOffsetEnd>
            <POS>VBP</POS>
            <NER>O</NER>
          </token>
          <token id="5">
            <word>very</word>
            <lemma>very</lemma>
            <CharacterOffsetBegin>1184</CharacterOffsetBegin>
            <CharacterOffsetEnd>1188</CharacterOffsetEnd>
            <POS>RB</POS>
            <NER>O</NER>
          </token>
          <token id="6">
            <word>sorry</word>
            <lemma>sorry</lemma>
            <CharacterOffsetBegin>1189</CharacterOffsetBegin>
            <CharacterOffsetEnd>1194</CharacterOffsetEnd>
            <POS>JJ</POS>
            <NER>O</NER>
          </token>
          <token id="7">
            <word>for</word>
            <lemma>for</lemma>
            <CharacterOffsetBegin>1195</CharacterOffsetBegin>
            <CharacterOffsetEnd>1198</CharacterOffsetEnd>
            <POS>IN</POS>
            <NER>O</NER>
          </token>
          <token id="8">
            <word>the</word>
            <lemma>the</lemma>
            <CharacterOffsetBegin>1199</CharacterOffsetBegin>
            <CharacterOffsetEnd>1202</CharacterOffsetEnd>
            <POS>DT</POS>
            <NER>O</NER>
          </token>
          <token id="9">
            <word>poor</word>
            <lemma>poor</lemma>
            <CharacterOffsetBegin>1203</CharacterOffsetBegin>
            <CharacterOffsetEnd>1207</CharacterOffsetEnd>
            <POS>JJ</POS>
            <NER>O</NER>
          </token>
          <token id="10">
            <word>children</word>
            <lemma>child</lemma>
            <CharacterOffsetBegin>1208</CharacterOffsetBegin>
            <CharacterOffsetEnd>1216</CharacterOffsetEnd>
            <POS>NNS</POS>
            <NER>O</NER>
          </token>
          <token id="11">
            <word>,</word>
            <lemma>,</lemma>
            <CharacterOffsetBegin>1216</CharacterOffsetBegin>
            <CharacterOffsetEnd>1217</CharacterOffsetEnd>
            <POS>,</POS>
            <NER>O</NER>
          </token>
          <token id="12">
            <word>all</word>
            <lemma>all</lemma>
            <CharacterOffsetBegin>1218</CharacterOffsetBegin>
            <CharacterOffsetEnd>1221</CharacterOffsetEnd>
            <POS>PDT</POS>
            <NER>O</NER>
          </token>
          <token id="13">
            <word>the</word>
            <lemma>the</lemma>
            <CharacterOffsetBegin>1222</CharacterOffsetBegin>
            <CharacterOffsetEnd>1225</CharacterOffsetEnd>
            <POS>DT</POS>
            <NER>O</NER>
          </token>
          <token id="14">
            <word>same</word>
            <lemma>same</lemma>
            <CharacterOffsetBegin>1226</CharacterOffsetBegin>
            <CharacterOffsetEnd>1230</CharacterOffsetEnd>
            <POS>JJ</POS>
            <NER>O</NER>
          </token>
          <token id="15">
            <word>,</word>
            <lemma>,</lemma>
            <CharacterOffsetBegin>1230</CharacterOffsetBegin>
            <CharacterOffsetEnd>1231</CharacterOffsetEnd>
            <POS>,</POS>
            <NER>O</NER>
          </token>
          <token id="16">
            <word>'</word>
            <lemma>'</lemma>
            <CharacterOffsetBegin>1231</CharacterOffsetBegin>
            <CharacterOffsetEnd>1232</CharacterOffsetEnd>
            <POS>''</POS>
            <NER>O</NER>
          </token>
          <token id="17">
            <word>said</word>
            <lemma>say</lemma>
            <CharacterOffsetBegin>1233</CharacterOffsetBegin>
            <CharacterOffsetEnd>1237</CharacterOffsetEnd>
            <POS>VBD</POS>
            <NER>O</NER>
          </token>
          <token id="18">
            <word>the</word>
            <lemma>the</lemma>
            <CharacterOffsetBegin>1238</CharacterOffsetBegin>
            <CharacterOffsetEnd>1241</CharacterOffsetEnd>
            <POS>DT</POS>
            <NER>O</NER>
          </token>
          <token id="19">
            <word>man</word>
            <lemma>man</lemma>
            <CharacterOffsetBegin>1242</CharacterOffsetBegin>
            <CharacterOffsetEnd>1245</CharacterOffsetEnd>
            <POS>NN</POS>
            <NER>O</NER>
          </token>
          <token id="20">
            <word>.</word>
            <lemma>.</lemma>
            <CharacterOffsetBegin>1245</CharacterOffsetBegin>
            <CharacterOffsetEnd>1246</CharacterOffsetEnd>
            <POS>.</POS>
            <NER>O</NER>
          </token>
        </tokens>
      </sentence>
      <sentence id="13">
        <tokens>
          <token id="1">
            <word>The</word>
            <lemma>the</lemma>
            <CharacterOffsetBegin>1248</CharacterOffsetBegin>
            <CharacterOffsetEnd>1251</CharacterOffsetEnd>
            <POS>DT</POS>
            <NER>O</NER>
          </token>
          <token id="2">
            <word>two</word>
            <lemma>two</lemma>
            <CharacterOffsetBegin>1252</CharacterOffsetBegin>
            <CharacterOffsetEnd>1255</CharacterOffsetEnd>
            <POS>CD</POS>
            <NER>NUMBER</NER>
            <NormalizedNER>2.0</NormalizedNER>
          </token>
          <token id="3">
            <word>children</word>
            <lemma>child</lemma>
            <CharacterOffsetBegin>1256</CharacterOffsetBegin>
            <CharacterOffsetEnd>1264</CharacterOffsetEnd>
            <POS>NNS</POS>
            <NER>O</NER>
          </token>
          <token id="4">
            <word>had</word>
            <lemma>have</lemma>
            <CharacterOffsetBegin>1265</CharacterOffsetBegin>
            <CharacterOffsetEnd>1268</CharacterOffsetEnd>
            <POS>VBD</POS>
            <NER>O</NER>
          </token>
          <token id="5">
            <word>also</word>
            <lemma>also</lemma>
            <CharacterOffsetBegin>1269</CharacterOffsetBegin>
            <CharacterOffsetEnd>1273</CharacterOffsetEnd>
            <POS>RB</POS>
            <NER>O</NER>
          </token>
          <token id="6">
            <word>not</word>
            <lemma>not</lemma>
            <CharacterOffsetBegin>1274</CharacterOffsetBegin>
            <CharacterOffsetEnd>1277</CharacterOffsetEnd>
            <POS>RB</POS>
            <NER>O</NER>
          </token>
          <token id="7">
            <word>been</word>
            <lemma>be</lemma>
            <CharacterOffsetBegin>1278</CharacterOffsetBegin>
            <CharacterOffsetEnd>1282</CharacterOffsetEnd>
            <POS>VBN</POS>
            <NER>O</NER>
          </token>
          <token id="8">
            <word>able</word>
            <lemma>able</lemma>
            <CharacterOffsetBegin>1283</CharacterOffsetBegin>
            <CharacterOffsetEnd>1287</CharacterOffsetEnd>
            <POS>JJ</POS>
            <NER>O</NER>
          </token>
          <token id="9">
            <word>to</word>
            <lemma>to</lemma>
            <CharacterOffsetBegin>1288</CharacterOffsetBegin>
            <CharacterOffsetEnd>1290</CharacterOffsetEnd>
            <POS>TO</POS>
            <NER>O</NER>
          </token>
          <token id="10">
            <word>sleep</word>
            <lemma>sleep</lemma>
            <CharacterOffsetBegin>1291</CharacterOffsetBegin>
            <CharacterOffsetEnd>1296</CharacterOffsetEnd>
            <POS>VB</POS>
            <NER>O</NER>
          </token>
          <token id="11">
            <word>for</word>
            <lemma>for</lemma>
            <CharacterOffsetBegin>1297</CharacterOffsetBegin>
            <CharacterOffsetEnd>1300</CharacterOffsetEnd>
            <POS>IN</POS>
            <NER>O</NER>
          </token>
          <token id="12">
            <word>hunger</word>
            <lemma>hunger</lemma>
            <CharacterOffsetBegin>1301</CharacterOffsetBegin>
            <CharacterOffsetEnd>1307</CharacterOffsetEnd>
            <POS>NN</POS>
            <NER>O</NER>
          </token>
          <token id="13">
            <word>,</word>
            <lemma>,</lemma>
            <CharacterOffsetBegin>1307</CharacterOffsetBegin>
            <CharacterOffsetEnd>1308</CharacterOffsetEnd>
            <POS>,</POS>
            <NER>O</NER>
          </token>
          <token id="14">
            <word>and</word>
            <lemma>and</lemma>
            <CharacterOffsetBegin>1309</CharacterOffsetBegin>
            <CharacterOffsetEnd>1312</CharacterOffsetEnd>
            <POS>CC</POS>
            <NER>O</NER>
          </token>
          <token id="15">
            <word>had</word>
            <lemma>have</lemma>
            <CharacterOffsetBegin>1313</CharacterOffsetBegin>
            <CharacterOffsetEnd>1316</CharacterOffsetEnd>
            <POS>VBD</POS>
            <NER>O</NER>
          </token>
          <token id="16">
            <word>heard</word>
            <lemma>hear</lemma>
            <CharacterOffsetBegin>1317</CharacterOffsetBegin>
            <CharacterOffsetEnd>1322</CharacterOffsetEnd>
            <POS>VBN</POS>
            <NER>O</NER>
          </token>
          <token id="17">
            <word>what</word>
            <lemma>what</lemma>
            <CharacterOffsetBegin>1323</CharacterOffsetBegin>
            <CharacterOffsetEnd>1327</CharacterOffsetEnd>
            <POS>WP</POS>
            <NER>O</NER>
          </token>
          <token id="18">
            <word>their</word>
            <lemma>they</lemma>
            <CharacterOffsetBegin>1328</CharacterOffsetBegin>
            <CharacterOffsetEnd>1333</CharacterOffsetEnd>
            <POS>PRP$</POS>
            <NER>O</NER>
          </token>
          <token id="19">
            <word>stepmother</word>
            <lemma>stepmother</lemma>
            <CharacterOffsetBegin>1334</CharacterOffsetBegin>
            <CharacterOffsetEnd>1344</CharacterOffsetEnd>
            <POS>NN</POS>
            <NER>O</NER>
          </token>
          <token id="20">
            <word>had</word>
            <lemma>have</lemma>
            <CharacterOffsetBegin>1345</CharacterOffsetBegin>
            <CharacterOffsetEnd>1348</CharacterOffsetEnd>
            <POS>VBD</POS>
            <NER>O</NER>
          </token>
          <token id="21">
            <word>said</word>
            <lemma>say</lemma>
            <CharacterOffsetBegin>1349</CharacterOffsetBegin>
            <CharacterOffsetEnd>1353</CharacterOffsetEnd>
            <POS>VBN</POS>
            <NER>O</NER>
          </token>
          <token id="22">
            <word>to</word>
            <lemma>to</lemma>
            <CharacterOffsetBegin>1354</CharacterOffsetBegin>
            <CharacterOffsetEnd>1356</CharacterOffsetEnd>
            <POS>TO</POS>
            <NER>O</NER>
          </token>
          <token id="23">
            <word>their</word>
            <lemma>they</lemma>
            <CharacterOffsetBegin>1357</CharacterOffsetBegin>
            <CharacterOffsetEnd>1362</CharacterOffsetEnd>
            <POS>PRP$</POS>
            <NER>O</NER>
          </token>
          <token id="24">
            <word>father</word>
            <lemma>father</lemma>
            <CharacterOffsetBegin>1363</CharacterOffsetBegin>
            <CharacterOffsetEnd>1369</CharacterOffsetEnd>
            <POS>NN</POS>
            <NER>O</NER>
          </token>
          <token id="25">
            <word>.</word>
            <lemma>.</lemma>
            <CharacterOffsetBegin>1369</CharacterOffsetBegin>
            <CharacterOffsetEnd>1370</CharacterOffsetEnd>
            <POS>.</POS>
            <NER>O</NER>
          </token>
        </tokens>
      </sentence>
      <sentence id="14">
        <tokens>
          <token id="1">
            <word>Gretel</word>
            <lemma>Gretel</lemma>
            <CharacterOffsetBegin>1371</CharacterOffsetBegin>
            <CharacterOffsetEnd>1377</CharacterOffsetEnd>
            <POS>NNP</POS>
            <NER>PERSON</NER>
          </token>
          <token id="2">
            <word>wept</word>
            <lemma>weep</lemma>
            <CharacterOffsetBegin>1378</CharacterOffsetBegin>
            <CharacterOffsetEnd>1382</CharacterOffsetEnd>
            <POS>VBD</POS>
            <NER>O</NER>
          </token>
          <token id="3">
            <word>bitter</word>
            <lemma>bitter</lemma>
            <CharacterOffsetBegin>1383</CharacterOffsetBegin>
            <CharacterOffsetEnd>1389</CharacterOffsetEnd>
            <POS>JJ</POS>
            <NER>O</NER>
          </token>
          <token id="4">
            <word>tears</word>
            <lemma>tear</lemma>
            <CharacterOffsetBegin>1390</CharacterOffsetBegin>
            <CharacterOffsetEnd>1395</CharacterOffsetEnd>
            <POS>NNS</POS>
            <NER>O</NER>
          </token>
          <token id="5">
            <word>,</word>
            <lemma>,</lemma>
            <CharacterOffsetBegin>1395</CharacterOffsetBegin>
            <CharacterOffsetEnd>1396</CharacterOffsetEnd>
            <POS>,</POS>
            <NER>O</NER>
          </token>
          <token id="6">
            <word>and</word>
            <lemma>and</lemma>
            <CharacterOffsetBegin>1397</CharacterOffsetBegin>
            <CharacterOffsetEnd>1400</CharacterOffsetEnd>
            <POS>CC</POS>
            <NER>O</NER>
          </token>
          <token id="7">
            <word>said</word>
            <lemma>say</lemma>
            <CharacterOffsetBegin>1401</CharacterOffsetBegin>
            <CharacterOffsetEnd>1405</CharacterOffsetEnd>
            <POS>VBD</POS>
            <NER>O</NER>
          </token>
          <token id="8">
            <word>to</word>
            <lemma>to</lemma>
            <CharacterOffsetBegin>1406</CharacterOffsetBegin>
            <CharacterOffsetEnd>1408</CharacterOffsetEnd>
            <POS>TO</POS>
            <NER>O</NER>
          </token>
          <token id="9">
            <word>Hansel</word>
            <lemma>Hansel</lemma>
            <CharacterOffsetBegin>1409</CharacterOffsetBegin>
            <CharacterOffsetEnd>1415</CharacterOffsetEnd>
            <POS>NNP</POS>
            <NER>O</NER>
          </token>
          <token id="10">
            <word>:</word>
            <lemma>:</lemma>
            <CharacterOffsetBegin>1415</CharacterOffsetBegin>
            <CharacterOffsetEnd>1416</CharacterOffsetEnd>
            <POS>:</POS>
            <NER>O</NER>
          </token>
          <token id="11">
            <word>`</word>
            <lemma>`</lemma>
            <CharacterOffsetBegin>1417</CharacterOffsetBegin>
            <CharacterOffsetEnd>1418</CharacterOffsetEnd>
            <POS>``</POS>
            <NER>O</NER>
          </token>
          <token id="12">
            <word>Now</word>
            <lemma>now</lemma>
            <CharacterOffsetBegin>1418</CharacterOffsetBegin>
            <CharacterOffsetEnd>1421</CharacterOffsetEnd>
            <POS>RB</POS>
            <NER>DATE</NER>
            <NormalizedNER>PRESENT_REF</NormalizedNER>
            <Timex tid="t7" type="DATE">PRESENT_REF</Timex>
          </token>
          <token id="13">
            <word>all</word>
            <lemma>all</lemma>
            <CharacterOffsetBegin>1422</CharacterOffsetBegin>
            <CharacterOffsetEnd>1425</CharacterOffsetEnd>
            <POS>DT</POS>
            <NER>O</NER>
          </token>
          <token id="14">
            <word>is</word>
            <lemma>be</lemma>
            <CharacterOffsetBegin>1426</CharacterOffsetBegin>
            <CharacterOffsetEnd>1428</CharacterOffsetEnd>
            <POS>VBZ</POS>
            <NER>O</NER>
          </token>
          <token id="15">
            <word>over</word>
            <lemma>over</lemma>
            <CharacterOffsetBegin>1429</CharacterOffsetBegin>
            <CharacterOffsetEnd>1433</CharacterOffsetEnd>
            <POS>IN</POS>
            <NER>O</NER>
          </token>
          <token id="16">
            <word>with</word>
            <lemma>with</lemma>
            <CharacterOffsetBegin>1434</CharacterOffsetBegin>
            <CharacterOffsetEnd>1438</CharacterOffsetEnd>
            <POS>IN</POS>
            <NER>O</NER>
          </token>
          <token id="17">
            <word>us</word>
            <lemma>we</lemma>
            <CharacterOffsetBegin>1439</CharacterOffsetBegin>
            <CharacterOffsetEnd>1441</CharacterOffsetEnd>
            <POS>PRP</POS>
            <NER>O</NER>
          </token>
          <token id="18">
            <word>.</word>
            <lemma>.</lemma>
            <CharacterOffsetBegin>1441</CharacterOffsetBegin>
            <CharacterOffsetEnd>1442</CharacterOffsetEnd>
            <POS>.</POS>
            <NER>O</NER>
          </token>
          <token id="19">
            <word>'</word>
            <lemma>'</lemma>
            <CharacterOffsetBegin>1442</CharacterOffsetBegin>
            <CharacterOffsetEnd>1443</CharacterOffsetEnd>
            <POS>''</POS>
            <NER>O</NER>
          </token>
        </tokens>
      </sentence>
      <sentence id="15">
        <tokens>
          <token id="1">
            <word>`</word>
            <lemma>`</lemma>
            <CharacterOffsetBegin>1444</CharacterOffsetBegin>
            <CharacterOffsetEnd>1445</CharacterOffsetEnd>
            <POS>``</POS>
            <NER>O</NER>
          </token>
          <token id="2">
            <word>Be</word>
            <lemma>be</lemma>
            <CharacterOffsetBegin>1445</CharacterOffsetBegin>
            <CharacterOffsetEnd>1447</CharacterOffsetEnd>
            <POS>VB</POS>
            <NER>O</NER>
          </token>
          <token id="3">
            <word>quiet</word>
            <lemma>quiet</lemma>
            <CharacterOffsetBegin>1448</CharacterOffsetBegin>
            <CharacterOffsetEnd>1453</CharacterOffsetEnd>
            <POS>JJ</POS>
            <NER>O</NER>
          </token>
          <token id="4">
            <word>,</word>
            <lemma>,</lemma>
            <CharacterOffsetBegin>1453</CharacterOffsetBegin>
            <CharacterOffsetEnd>1454</CharacterOffsetEnd>
            <POS>,</POS>
            <NER>O</NER>
          </token>
          <token id="5">
            <word>Gretel</word>
            <lemma>Gretel</lemma>
            <CharacterOffsetBegin>1455</CharacterOffsetBegin>
            <CharacterOffsetEnd>1461</CharacterOffsetEnd>
            <POS>NNP</POS>
            <NER>PERSON</NER>
          </token>
          <token id="6">
            <word>,</word>
            <lemma>,</lemma>
            <CharacterOffsetBegin>1461</CharacterOffsetBegin>
            <CharacterOffsetEnd>1462</CharacterOffsetEnd>
            <POS>,</POS>
            <NER>O</NER>
          </token>
          <token id="7">
            <word>'</word>
            <lemma>'</lemma>
            <CharacterOffsetBegin>1462</CharacterOffsetBegin>
            <CharacterOffsetEnd>1463</CharacterOffsetEnd>
            <POS>''</POS>
            <NER>O</NER>
          </token>
          <token id="8">
            <word>said</word>
            <lemma>say</lemma>
            <CharacterOffsetBegin>1464</CharacterOffsetBegin>
            <CharacterOffsetEnd>1468</CharacterOffsetEnd>
            <POS>VBD</POS>
            <NER>O</NER>
          </token>
          <token id="9">
            <word>Hansel</word>
            <lemma>Hansel</lemma>
            <CharacterOffsetBegin>1469</CharacterOffsetBegin>
            <CharacterOffsetEnd>1475</CharacterOffsetEnd>
            <POS>NNP</POS>
            <NER>PERSON</NER>
          </token>
          <token id="10">
            <word>,</word>
            <lemma>,</lemma>
            <CharacterOffsetBegin>1475</CharacterOffsetBegin>
            <CharacterOffsetEnd>1476</CharacterOffsetEnd>
            <POS>,</POS>
            <NER>O</NER>
          </token>
          <token id="11">
            <word>`</word>
            <lemma>`</lemma>
            <CharacterOffsetBegin>1477</CharacterOffsetBegin>
            <CharacterOffsetEnd>1478</CharacterOffsetEnd>
            <POS>``</POS>
            <NER>O</NER>
          </token>
          <token id="12">
            <word>do</word>
            <lemma>do</lemma>
            <CharacterOffsetBegin>1478</CharacterOffsetBegin>
            <CharacterOffsetEnd>1480</CharacterOffsetEnd>
            <POS>VBP</POS>
            <NER>O</NER>
          </token>
          <token id="13">
            <word>not</word>
            <lemma>not</lemma>
            <CharacterOffsetBegin>1481</CharacterOffsetBegin>
            <CharacterOffsetEnd>1484</CharacterOffsetEnd>
            <POS>RB</POS>
            <NER>O</NER>
          </token>
          <token id="14">
            <word>distress</word>
            <lemma>distress</lemma>
            <CharacterOffsetBegin>1485</CharacterOffsetBegin>
            <CharacterOffsetEnd>1493</CharacterOffsetEnd>
            <POS>NN</POS>
            <NER>O</NER>
          </token>
          <token id="15">
            <word>yourself</word>
            <lemma>yourself</lemma>
            <CharacterOffsetBegin>1494</CharacterOffsetBegin>
            <CharacterOffsetEnd>1502</CharacterOffsetEnd>
            <POS>PRP</POS>
            <NER>O</NER>
          </token>
          <token id="16">
            <word>,</word>
            <lemma>,</lemma>
            <CharacterOffsetBegin>1502</CharacterOffsetBegin>
            <CharacterOffsetEnd>1503</CharacterOffsetEnd>
            <POS>,</POS>
            <NER>O</NER>
          </token>
          <token id="17">
            <word>I</word>
            <lemma>I</lemma>
            <CharacterOffsetBegin>1504</CharacterOffsetBegin>
            <CharacterOffsetEnd>1505</CharacterOffsetEnd>
            <POS>PRP</POS>
            <NER>O</NER>
          </token>
          <token id="18">
            <word>will</word>
            <lemma>will</lemma>
            <CharacterOffsetBegin>1506</CharacterOffsetBegin>
            <CharacterOffsetEnd>1510</CharacterOffsetEnd>
            <POS>MD</POS>
            <NER>O</NER>
          </token>
          <token id="19">
            <word>soon</word>
            <lemma>soon</lemma>
            <CharacterOffsetBegin>1511</CharacterOffsetBegin>
            <CharacterOffsetEnd>1515</CharacterOffsetEnd>
            <POS>RB</POS>
            <NER>O</NER>
          </token>
          <token id="20">
            <word>find</word>
            <lemma>find</lemma>
            <CharacterOffsetBegin>1516</CharacterOffsetBegin>
            <CharacterOffsetEnd>1520</CharacterOffsetEnd>
            <POS>VB</POS>
            <NER>O</NER>
          </token>
          <token id="21">
            <word>a</word>
            <lemma>a</lemma>
            <CharacterOffsetBegin>1521</CharacterOffsetBegin>
            <CharacterOffsetEnd>1522</CharacterOffsetEnd>
            <POS>DT</POS>
            <NER>O</NER>
          </token>
          <token id="22">
            <word>way</word>
            <lemma>way</lemma>
            <CharacterOffsetBegin>1523</CharacterOffsetBegin>
            <CharacterOffsetEnd>1526</CharacterOffsetEnd>
            <POS>NN</POS>
            <NER>O</NER>
          </token>
          <token id="23">
            <word>to</word>
            <lemma>to</lemma>
            <CharacterOffsetBegin>1527</CharacterOffsetBegin>
            <CharacterOffsetEnd>1529</CharacterOffsetEnd>
            <POS>TO</POS>
            <NER>O</NER>
          </token>
          <token id="24">
            <word>help</word>
            <lemma>help</lemma>
            <CharacterOffsetBegin>1530</CharacterOffsetBegin>
            <CharacterOffsetEnd>1534</CharacterOffsetEnd>
            <POS>VB</POS>
            <NER>O</NER>
          </token>
          <token id="25">
            <word>us</word>
            <lemma>we</lemma>
            <CharacterOffsetBegin>1535</CharacterOffsetBegin>
            <CharacterOffsetEnd>1537</CharacterOffsetEnd>
            <POS>PRP</POS>
            <NER>O</NER>
          </token>
          <token id="26">
            <word>.</word>
            <lemma>.</lemma>
            <CharacterOffsetBegin>1537</CharacterOffsetBegin>
            <CharacterOffsetEnd>1538</CharacterOffsetEnd>
            <POS>.</POS>
            <NER>O</NER>
          </token>
          <token id="27">
            <word>'</word>
            <lemma>'</lemma>
            <CharacterOffsetBegin>1538</CharacterOffsetBegin>
            <CharacterOffsetEnd>1539</CharacterOffsetEnd>
            <POS>''</POS>
            <NER>O</NER>
          </token>
        </tokens>
      </sentence>
      <sentence id="16">
        <tokens>
          <token id="1">
            <word>And</word>
            <lemma>and</lemma>
            <CharacterOffsetBegin>1540</CharacterOffsetBegin>
            <CharacterOffsetEnd>1543</CharacterOffsetEnd>
            <POS>CC</POS>
            <NER>O</NER>
          </token>
          <token id="2">
            <word>when</word>
            <lemma>when</lemma>
            <CharacterOffsetBegin>1544</CharacterOffsetBegin>
            <CharacterOffsetEnd>1548</CharacterOffsetEnd>
            <POS>WRB</POS>
            <NER>O</NER>
          </token>
          <token id="3">
            <word>the</word>
            <lemma>the</lemma>
            <CharacterOffsetBegin>1549</CharacterOffsetBegin>
            <CharacterOffsetEnd>1552</CharacterOffsetEnd>
            <POS>DT</POS>
            <NER>O</NER>
          </token>
          <token id="4">
            <word>old</word>
            <lemma>old</lemma>
            <CharacterOffsetBegin>1553</CharacterOffsetBegin>
            <CharacterOffsetEnd>1556</CharacterOffsetEnd>
            <POS>JJ</POS>
            <NER>O</NER>
          </token>
          <token id="5">
            <word>folks</word>
            <lemma>folk</lemma>
            <CharacterOffsetBegin>1557</CharacterOffsetBegin>
            <CharacterOffsetEnd>1562</CharacterOffsetEnd>
            <POS>NNS</POS>
            <NER>O</NER>
          </token>
          <token id="6">
            <word>had</word>
            <lemma>have</lemma>
            <CharacterOffsetBegin>1563</CharacterOffsetBegin>
            <CharacterOffsetEnd>1566</CharacterOffsetEnd>
            <POS>VBD</POS>
            <NER>O</NER>
          </token>
          <token id="7">
            <word>fallen</word>
            <lemma>fall</lemma>
            <CharacterOffsetBegin>1567</CharacterOffsetBegin>
            <CharacterOffsetEnd>1573</CharacterOffsetEnd>
            <POS>VBN</POS>
            <NER>O</NER>
          </token>
          <token id="8">
            <word>asleep</word>
            <lemma>asleep</lemma>
            <CharacterOffsetBegin>1574</CharacterOffsetBegin>
            <CharacterOffsetEnd>1580</CharacterOffsetEnd>
            <POS>RB</POS>
            <NER>O</NER>
          </token>
          <token id="9">
            <word>,</word>
            <lemma>,</lemma>
            <CharacterOffsetBegin>1580</CharacterOffsetBegin>
            <CharacterOffsetEnd>1581</CharacterOffsetEnd>
            <POS>,</POS>
            <NER>O</NER>
          </token>
          <token id="10">
            <word>he</word>
            <lemma>he</lemma>
            <CharacterOffsetBegin>1582</CharacterOffsetBegin>
            <CharacterOffsetEnd>1584</CharacterOffsetEnd>
            <POS>PRP</POS>
            <NER>O</NER>
          </token>
          <token id="11">
            <word>got</word>
            <lemma>get</lemma>
            <CharacterOffsetBegin>1585</CharacterOffsetBegin>
            <CharacterOffsetEnd>1588</CharacterOffsetEnd>
            <POS>VBD</POS>
            <NER>O</NER>
          </token>
          <token id="12">
            <word>up</word>
            <lemma>up</lemma>
            <CharacterOffsetBegin>1589</CharacterOffsetBegin>
            <CharacterOffsetEnd>1591</CharacterOffsetEnd>
            <POS>RP</POS>
            <NER>O</NER>
          </token>
          <token id="13">
            <word>,</word>
            <lemma>,</lemma>
            <CharacterOffsetBegin>1591</CharacterOffsetBegin>
            <CharacterOffsetEnd>1592</CharacterOffsetEnd>
            <POS>,</POS>
            <NER>O</NER>
          </token>
          <token id="14">
            <word>put</word>
            <lemma>put</lemma>
            <CharacterOffsetBegin>1593</CharacterOffsetBegin>
            <CharacterOffsetEnd>1596</CharacterOffsetEnd>
            <POS>VBN</POS>
            <NER>O</NER>
          </token>
          <token id="15">
            <word>on</word>
            <lemma>on</lemma>
            <CharacterOffsetBegin>1597</CharacterOffsetBegin>
            <CharacterOffsetEnd>1599</CharacterOffsetEnd>
            <POS>IN</POS>
            <NER>O</NER>
          </token>
          <token id="16">
            <word>his</word>
            <lemma>he</lemma>
            <CharacterOffsetBegin>1600</CharacterOffsetBegin>
            <CharacterOffsetEnd>1603</CharacterOffsetEnd>
            <POS>PRP$</POS>
            <NER>O</NER>
          </token>
          <token id="17">
            <word>little</word>
            <lemma>little</lemma>
            <CharacterOffsetBegin>1604</CharacterOffsetBegin>
            <CharacterOffsetEnd>1610</CharacterOffsetEnd>
            <POS>JJ</POS>
            <NER>O</NER>
          </token>
          <token id="18">
            <word>coat</word>
            <lemma>coat</lemma>
            <CharacterOffsetBegin>1611</CharacterOffsetBegin>
            <CharacterOffsetEnd>1615</CharacterOffsetEnd>
            <POS>NN</POS>
            <NER>O</NER>
          </token>
          <token id="19">
            <word>,</word>
            <lemma>,</lemma>
            <CharacterOffsetBegin>1615</CharacterOffsetBegin>
            <CharacterOffsetEnd>1616</CharacterOffsetEnd>
            <POS>,</POS>
            <NER>O</NER>
          </token>
          <token id="20">
            <word>opened</word>
            <lemma>open</lemma>
            <CharacterOffsetBegin>1617</CharacterOffsetBegin>
            <CharacterOffsetEnd>1623</CharacterOffsetEnd>
            <POS>VBD</POS>
            <NER>O</NER>
          </token>
          <token id="21">
            <word>the</word>
            <lemma>the</lemma>
            <CharacterOffsetBegin>1624</CharacterOffsetBegin>
            <CharacterOffsetEnd>1627</CharacterOffsetEnd>
            <POS>DT</POS>
            <NER>O</NER>
          </token>
          <token id="22">
            <word>door</word>
            <lemma>door</lemma>
            <CharacterOffsetBegin>1628</CharacterOffsetBegin>
            <CharacterOffsetEnd>1632</CharacterOffsetEnd>
            <POS>NN</POS>
            <NER>O</NER>
          </token>
          <token id="23">
            <word>below</word>
            <lemma>below</lemma>
            <CharacterOffsetBegin>1633</CharacterOffsetBegin>
            <CharacterOffsetEnd>1638</CharacterOffsetEnd>
            <POS>IN</POS>
            <NER>O</NER>
          </token>
          <token id="24">
            <word>,</word>
            <lemma>,</lemma>
            <CharacterOffsetBegin>1638</CharacterOffsetBegin>
            <CharacterOffsetEnd>1639</CharacterOffsetEnd>
            <POS>,</POS>
            <NER>O</NER>
          </token>
          <token id="25">
            <word>and</word>
            <lemma>and</lemma>
            <CharacterOffsetBegin>1640</CharacterOffsetBegin>
            <CharacterOffsetEnd>1643</CharacterOffsetEnd>
            <POS>CC</POS>
            <NER>O</NER>
          </token>
          <token id="26">
            <word>crept</word>
            <lemma>creep</lemma>
            <CharacterOffsetBegin>1644</CharacterOffsetBegin>
            <CharacterOffsetEnd>1649</CharacterOffsetEnd>
            <POS>VBD</POS>
            <NER>O</NER>
          </token>
          <token id="27">
            <word>outside</word>
            <lemma>outside</lemma>
            <CharacterOffsetBegin>1650</CharacterOffsetBegin>
            <CharacterOffsetEnd>1657</CharacterOffsetEnd>
            <POS>RB</POS>
            <NER>O</NER>
          </token>
          <token id="28">
            <word>.</word>
            <lemma>.</lemma>
            <CharacterOffsetBegin>1657</CharacterOffsetBegin>
            <CharacterOffsetEnd>1658</CharacterOffsetEnd>
            <POS>.</POS>
            <NER>O</NER>
          </token>
        </tokens>
      </sentence>
      <sentence id="17">
        <tokens>
          <token id="1">
            <word>The</word>
            <lemma>the</lemma>
            <CharacterOffsetBegin>1659</CharacterOffsetBegin>
            <CharacterOffsetEnd>1662</CharacterOffsetEnd>
            <POS>DT</POS>
            <NER>O</NER>
          </token>
          <token id="2">
            <word>moon</word>
            <lemma>moon</lemma>
            <CharacterOffsetBegin>1663</CharacterOffsetBegin>
            <CharacterOffsetEnd>1667</CharacterOffsetEnd>
            <POS>NN</POS>
            <NER>O</NER>
          </token>
          <token id="3">
            <word>shone</word>
            <lemma>shine</lemma>
            <CharacterOffsetBegin>1668</CharacterOffsetBegin>
            <CharacterOffsetEnd>1673</CharacterOffsetEnd>
            <POS>VBD</POS>
            <NER>O</NER>
          </token>
          <token id="4">
            <word>brightly</word>
            <lemma>brightly</lemma>
            <CharacterOffsetBegin>1674</CharacterOffsetBegin>
            <CharacterOffsetEnd>1682</CharacterOffsetEnd>
            <POS>RB</POS>
            <NER>O</NER>
          </token>
          <token id="5">
            <word>,</word>
            <lemma>,</lemma>
            <CharacterOffsetBegin>1682</CharacterOffsetBegin>
            <CharacterOffsetEnd>1683</CharacterOffsetEnd>
            <POS>,</POS>
            <NER>O</NER>
          </token>
          <token id="6">
            <word>and</word>
            <lemma>and</lemma>
            <CharacterOffsetBegin>1684</CharacterOffsetBegin>
            <CharacterOffsetEnd>1687</CharacterOffsetEnd>
            <POS>CC</POS>
            <NER>O</NER>
          </token>
          <token id="7">
            <word>the</word>
            <lemma>the</lemma>
            <CharacterOffsetBegin>1688</CharacterOffsetBegin>
            <CharacterOffsetEnd>1691</CharacterOffsetEnd>
            <POS>DT</POS>
            <NER>O</NER>
          </token>
          <token id="8">
            <word>white</word>
            <lemma>white</lemma>
            <CharacterOffsetBegin>1692</CharacterOffsetBegin>
            <CharacterOffsetEnd>1697</CharacterOffsetEnd>
            <POS>JJ</POS>
            <NER>O</NER>
          </token>
          <token id="9">
            <word>pebbles</word>
            <lemma>pebble</lemma>
            <CharacterOffsetBegin>1698</CharacterOffsetBegin>
            <CharacterOffsetEnd>1705</CharacterOffsetEnd>
            <POS>NNS</POS>
            <NER>O</NER>
          </token>
          <token id="10">
            <word>which</word>
            <lemma>which</lemma>
            <CharacterOffsetBegin>1706</CharacterOffsetBegin>
            <CharacterOffsetEnd>1711</CharacterOffsetEnd>
            <POS>WDT</POS>
            <NER>O</NER>
          </token>
          <token id="11">
            <word>lay</word>
            <lemma>lay</lemma>
            <CharacterOffsetBegin>1712</CharacterOffsetBegin>
            <CharacterOffsetEnd>1715</CharacterOffsetEnd>
            <POS>VBD</POS>
            <NER>O</NER>
          </token>
          <token id="12">
            <word>in</word>
            <lemma>in</lemma>
            <CharacterOffsetBegin>1716</CharacterOffsetBegin>
            <CharacterOffsetEnd>1718</CharacterOffsetEnd>
            <POS>IN</POS>
            <NER>O</NER>
          </token>
          <token id="13">
            <word>front</word>
            <lemma>front</lemma>
            <CharacterOffsetBegin>1719</CharacterOffsetBegin>
            <CharacterOffsetEnd>1724</CharacterOffsetEnd>
            <POS>NN</POS>
            <NER>O</NER>
          </token>
          <token id="14">
            <word>of</word>
            <lemma>of</lemma>
            <CharacterOffsetBegin>1725</CharacterOffsetBegin>
            <CharacterOffsetEnd>1727</CharacterOffsetEnd>
            <POS>IN</POS>
            <NER>O</NER>
          </token>
          <token id="15">
            <word>the</word>
            <lemma>the</lemma>
            <CharacterOffsetBegin>1728</CharacterOffsetBegin>
            <CharacterOffsetEnd>1731</CharacterOffsetEnd>
            <POS>DT</POS>
            <NER>O</NER>
          </token>
          <token id="16">
            <word>house</word>
            <lemma>house</lemma>
            <CharacterOffsetBegin>1732</CharacterOffsetBegin>
            <CharacterOffsetEnd>1737</CharacterOffsetEnd>
            <POS>NN</POS>
            <NER>O</NER>
          </token>
          <token id="17">
            <word>glittered</word>
            <lemma>glitter</lemma>
            <CharacterOffsetBegin>1738</CharacterOffsetBegin>
            <CharacterOffsetEnd>1747</CharacterOffsetEnd>
            <POS>VBD</POS>
            <NER>O</NER>
          </token>
          <token id="18">
            <word>like</word>
            <lemma>like</lemma>
            <CharacterOffsetBegin>1748</CharacterOffsetBegin>
            <CharacterOffsetEnd>1752</CharacterOffsetEnd>
            <POS>IN</POS>
            <NER>O</NER>
          </token>
          <token id="19">
            <word>real</word>
            <lemma>real</lemma>
            <CharacterOffsetBegin>1753</CharacterOffsetBegin>
            <CharacterOffsetEnd>1757</CharacterOffsetEnd>
            <POS>JJ</POS>
            <NER>O</NER>
          </token>
          <token id="20">
            <word>silver</word>
            <lemma>silver</lemma>
            <CharacterOffsetBegin>1758</CharacterOffsetBegin>
            <CharacterOffsetEnd>1764</CharacterOffsetEnd>
            <POS>NN</POS>
            <NER>O</NER>
          </token>
          <token id="21">
            <word>pennies</word>
            <lemma>penny</lemma>
            <CharacterOffsetBegin>1765</CharacterOffsetBegin>
            <CharacterOffsetEnd>1772</CharacterOffsetEnd>
            <POS>NNS</POS>
            <NER>O</NER>
          </token>
          <token id="22">
            <word>.</word>
            <lemma>.</lemma>
            <CharacterOffsetBegin>1772</CharacterOffsetBegin>
            <CharacterOffsetEnd>1773</CharacterOffsetEnd>
            <POS>.</POS>
            <NER>O</NER>
          </token>
        </tokens>
      </sentence>
      <sentence id="18">
        <tokens>
          <token id="1">
            <word>Hansel</word>
            <lemma>Hansel</lemma>
            <CharacterOffsetBegin>1774</CharacterOffsetBegin>
            <CharacterOffsetEnd>1780</CharacterOffsetEnd>
            <POS>NNP</POS>
            <NER>O</NER>
          </token>
          <token id="2">
            <word>stooped</word>
            <lemma>stoop</lemma>
            <CharacterOffsetBegin>1781</CharacterOffsetBegin>
            <CharacterOffsetEnd>1788</CharacterOffsetEnd>
            <POS>VBD</POS>
            <NER>O</NER>
          </token>
          <token id="3">
            <word>and</word>
            <lemma>and</lemma>
            <CharacterOffsetBegin>1789</CharacterOffsetBegin>
            <CharacterOffsetEnd>1792</CharacterOffsetEnd>
            <POS>CC</POS>
            <NER>O</NER>
          </token>
          <token id="4">
            <word>stuffed</word>
            <lemma>stuff</lemma>
            <CharacterOffsetBegin>1793</CharacterOffsetBegin>
            <CharacterOffsetEnd>1800</CharacterOffsetEnd>
            <POS>VBD</POS>
            <NER>O</NER>
          </token>
          <token id="5">
            <word>the</word>
            <lemma>the</lemma>
            <CharacterOffsetBegin>1801</CharacterOffsetBegin>
            <CharacterOffsetEnd>1804</CharacterOffsetEnd>
            <POS>DT</POS>
            <NER>O</NER>
          </token>
          <token id="6">
            <word>little</word>
            <lemma>little</lemma>
            <CharacterOffsetBegin>1805</CharacterOffsetBegin>
            <CharacterOffsetEnd>1811</CharacterOffsetEnd>
            <POS>JJ</POS>
            <NER>O</NER>
          </token>
          <token id="7">
            <word>pocket</word>
            <lemma>pocket</lemma>
            <CharacterOffsetBegin>1812</CharacterOffsetBegin>
            <CharacterOffsetEnd>1818</CharacterOffsetEnd>
            <POS>NN</POS>
            <NER>O</NER>
          </token>
          <token id="8">
            <word>of</word>
            <lemma>of</lemma>
            <CharacterOffsetBegin>1819</CharacterOffsetBegin>
            <CharacterOffsetEnd>1821</CharacterOffsetEnd>
            <POS>IN</POS>
            <NER>O</NER>
          </token>
          <token id="9">
            <word>his</word>
            <lemma>he</lemma>
            <CharacterOffsetBegin>1822</CharacterOffsetBegin>
            <CharacterOffsetEnd>1825</CharacterOffsetEnd>
            <POS>PRP$</POS>
            <NER>O</NER>
          </token>
          <token id="10">
            <word>coat</word>
            <lemma>coat</lemma>
            <CharacterOffsetBegin>1826</CharacterOffsetBegin>
            <CharacterOffsetEnd>1830</CharacterOffsetEnd>
            <POS>NN</POS>
            <NER>O</NER>
          </token>
          <token id="11">
            <word>with</word>
            <lemma>with</lemma>
            <CharacterOffsetBegin>1831</CharacterOffsetBegin>
            <CharacterOffsetEnd>1835</CharacterOffsetEnd>
            <POS>IN</POS>
            <NER>O</NER>
          </token>
          <token id="12">
            <word>as</word>
            <lemma>as</lemma>
            <CharacterOffsetBegin>1836</CharacterOffsetBegin>
            <CharacterOffsetEnd>1838</CharacterOffsetEnd>
            <POS>RB</POS>
            <NER>O</NER>
          </token>
          <token id="13">
            <word>many</word>
            <lemma>many</lemma>
            <CharacterOffsetBegin>1839</CharacterOffsetBegin>
            <CharacterOffsetEnd>1843</CharacterOffsetEnd>
            <POS>JJ</POS>
            <NER>O</NER>
          </token>
          <token id="14">
            <word>as</word>
            <lemma>as</lemma>
            <CharacterOffsetBegin>1844</CharacterOffsetBegin>
            <CharacterOffsetEnd>1846</CharacterOffsetEnd>
            <POS>IN</POS>
            <NER>O</NER>
          </token>
          <token id="15">
            <word>he</word>
            <lemma>he</lemma>
            <CharacterOffsetBegin>1847</CharacterOffsetBegin>
            <CharacterOffsetEnd>1849</CharacterOffsetEnd>
            <POS>PRP</POS>
            <NER>O</NER>
          </token>
          <token id="16">
            <word>could</word>
            <lemma>could</lemma>
            <CharacterOffsetBegin>1850</CharacterOffsetBegin>
            <CharacterOffsetEnd>1855</CharacterOffsetEnd>
            <POS>MD</POS>
            <NER>O</NER>
          </token>
          <token id="17">
            <word>get</word>
            <lemma>get</lemma>
            <CharacterOffsetBegin>1856</CharacterOffsetBegin>
            <CharacterOffsetEnd>1859</CharacterOffsetEnd>
            <POS>VB</POS>
            <NER>O</NER>
          </token>
          <token id="18">
            <word>in</word>
            <lemma>in</lemma>
            <CharacterOffsetBegin>1860</CharacterOffsetBegin>
            <CharacterOffsetEnd>1862</CharacterOffsetEnd>
            <POS>IN</POS>
            <NER>O</NER>
          </token>
          <token id="19">
            <word>.</word>
            <lemma>.</lemma>
            <CharacterOffsetBegin>1862</CharacterOffsetBegin>
            <CharacterOffsetEnd>1863</CharacterOffsetEnd>
            <POS>.</POS>
            <NER>O</NER>
          </token>
        </tokens>
      </sentence>
      <sentence id="19">
        <tokens>
          <token id="1">
            <word>Then</word>
            <lemma>then</lemma>
            <CharacterOffsetBegin>1864</CharacterOffsetBegin>
            <CharacterOffsetEnd>1868</CharacterOffsetEnd>
            <POS>RB</POS>
            <NER>O</NER>
          </token>
          <token id="2">
            <word>he</word>
            <lemma>he</lemma>
            <CharacterOffsetBegin>1869</CharacterOffsetBegin>
            <CharacterOffsetEnd>1871</CharacterOffsetEnd>
            <POS>PRP</POS>
            <NER>O</NER>
          </token>
          <token id="3">
            <word>went</word>
            <lemma>go</lemma>
            <CharacterOffsetBegin>1872</CharacterOffsetBegin>
            <CharacterOffsetEnd>1876</CharacterOffsetEnd>
            <POS>VBD</POS>
            <NER>O</NER>
          </token>
          <token id="4">
            <word>back</word>
            <lemma>back</lemma>
            <CharacterOffsetBegin>1877</CharacterOffsetBegin>
            <CharacterOffsetEnd>1881</CharacterOffsetEnd>
            <POS>RB</POS>
            <NER>O</NER>
          </token>
          <token id="5">
            <word>and</word>
            <lemma>and</lemma>
            <CharacterOffsetBegin>1882</CharacterOffsetBegin>
            <CharacterOffsetEnd>1885</CharacterOffsetEnd>
            <POS>CC</POS>
            <NER>O</NER>
          </token>
          <token id="6">
            <word>said</word>
            <lemma>say</lemma>
            <CharacterOffsetBegin>1886</CharacterOffsetBegin>
            <CharacterOffsetEnd>1890</CharacterOffsetEnd>
            <POS>VBD</POS>
            <NER>O</NER>
          </token>
          <token id="7">
            <word>to</word>
            <lemma>to</lemma>
            <CharacterOffsetBegin>1891</CharacterOffsetBegin>
            <CharacterOffsetEnd>1893</CharacterOffsetEnd>
            <POS>TO</POS>
            <NER>O</NER>
          </token>
          <token id="8">
            <word>Gretel</word>
            <lemma>Gretel</lemma>
            <CharacterOffsetBegin>1894</CharacterOffsetBegin>
            <CharacterOffsetEnd>1900</CharacterOffsetEnd>
            <POS>NNP</POS>
            <NER>PERSON</NER>
          </token>
          <token id="9">
            <word>:</word>
            <lemma>:</lemma>
            <CharacterOffsetBegin>1900</CharacterOffsetBegin>
            <CharacterOffsetEnd>1901</CharacterOffsetEnd>
            <POS>:</POS>
            <NER>O</NER>
          </token>
          <token id="10">
            <word>`</word>
            <lemma>`</lemma>
            <CharacterOffsetBegin>1902</CharacterOffsetBegin>
            <CharacterOffsetEnd>1903</CharacterOffsetEnd>
            <POS>``</POS>
            <NER>O</NER>
          </token>
          <token id="11">
            <word>Be</word>
            <lemma>be</lemma>
            <CharacterOffsetBegin>1903</CharacterOffsetBegin>
            <CharacterOffsetEnd>1905</CharacterOffsetEnd>
            <POS>VB</POS>
            <NER>O</NER>
          </token>
          <token id="12">
            <word>comforted</word>
            <lemma>comfort</lemma>
            <CharacterOffsetBegin>1906</CharacterOffsetBegin>
            <CharacterOffsetEnd>1915</CharacterOffsetEnd>
            <POS>VBN</POS>
            <NER>O</NER>
          </token>
          <token id="13">
            <word>,</word>
            <lemma>,</lemma>
            <CharacterOffsetBegin>1915</CharacterOffsetBegin>
            <CharacterOffsetEnd>1916</CharacterOffsetEnd>
            <POS>,</POS>
            <NER>O</NER>
          </token>
          <token id="14">
            <word>dear</word>
            <lemma>dear</lemma>
            <CharacterOffsetBegin>1917</CharacterOffsetBegin>
            <CharacterOffsetEnd>1921</CharacterOffsetEnd>
            <POS>RB</POS>
            <NER>O</NER>
          </token>
          <token id="15">
            <word>little</word>
            <lemma>little</lemma>
            <CharacterOffsetBegin>1922</CharacterOffsetBegin>
            <CharacterOffsetEnd>1928</CharacterOffsetEnd>
            <POS>JJ</POS>
            <NER>O</NER>
          </token>
          <token id="16">
            <word>sister</word>
            <lemma>sister</lemma>
            <CharacterOffsetBegin>1929</CharacterOffsetBegin>
            <CharacterOffsetEnd>1935</CharacterOffsetEnd>
            <POS>NN</POS>
            <NER>O</NER>
          </token>
          <token id="17">
            <word>,</word>
            <lemma>,</lemma>
            <CharacterOffsetBegin>1935</CharacterOffsetBegin>
            <CharacterOffsetEnd>1936</CharacterOffsetEnd>
            <POS>,</POS>
            <NER>O</NER>
          </token>
          <token id="18">
            <word>and</word>
            <lemma>and</lemma>
            <CharacterOffsetBegin>1937</CharacterOffsetBegin>
            <CharacterOffsetEnd>1940</CharacterOffsetEnd>
            <POS>CC</POS>
            <NER>O</NER>
          </token>
          <token id="19">
            <word>sleep</word>
            <lemma>sleep</lemma>
            <CharacterOffsetBegin>1941</CharacterOffsetBegin>
            <CharacterOffsetEnd>1946</CharacterOffsetEnd>
            <POS>VB</POS>
            <NER>O</NER>
          </token>
          <token id="20">
            <word>in</word>
            <lemma>in</lemma>
            <CharacterOffsetBegin>1947</CharacterOffsetBegin>
            <CharacterOffsetEnd>1949</CharacterOffsetEnd>
            <POS>IN</POS>
            <NER>O</NER>
          </token>
          <token id="21">
            <word>peace</word>
            <lemma>peace</lemma>
            <CharacterOffsetBegin>1950</CharacterOffsetBegin>
            <CharacterOffsetEnd>1955</CharacterOffsetEnd>
            <POS>NN</POS>
            <NER>O</NER>
          </token>
          <token id="22">
            <word>,</word>
            <lemma>,</lemma>
            <CharacterOffsetBegin>1955</CharacterOffsetBegin>
            <CharacterOffsetEnd>1956</CharacterOffsetEnd>
            <POS>,</POS>
            <NER>O</NER>
          </token>
          <token id="23">
            <word>God</word>
            <lemma>God</lemma>
            <CharacterOffsetBegin>1957</CharacterOffsetBegin>
            <CharacterOffsetEnd>1960</CharacterOffsetEnd>
            <POS>NNP</POS>
            <NER>O</NER>
          </token>
          <token id="24">
            <word>will</word>
            <lemma>will</lemma>
            <CharacterOffsetBegin>1961</CharacterOffsetBegin>
            <CharacterOffsetEnd>1965</CharacterOffsetEnd>
            <POS>MD</POS>
            <NER>O</NER>
          </token>
          <token id="25">
            <word>not</word>
            <lemma>not</lemma>
            <CharacterOffsetBegin>1966</CharacterOffsetBegin>
            <CharacterOffsetEnd>1969</CharacterOffsetEnd>
            <POS>RB</POS>
            <NER>O</NER>
          </token>
          <token id="26">
            <word>forsake</word>
            <lemma>forsake</lemma>
            <CharacterOffsetBegin>1970</CharacterOffsetBegin>
            <CharacterOffsetEnd>1977</CharacterOffsetEnd>
            <POS>VB</POS>
            <NER>O</NER>
          </token>
          <token id="27">
            <word>us</word>
            <lemma>we</lemma>
            <CharacterOffsetBegin>1978</CharacterOffsetBegin>
            <CharacterOffsetEnd>1980</CharacterOffsetEnd>
            <POS>PRP</POS>
            <NER>O</NER>
          </token>
          <token id="28">
            <word>,</word>
            <lemma>,</lemma>
            <CharacterOffsetBegin>1980</CharacterOffsetBegin>
            <CharacterOffsetEnd>1981</CharacterOffsetEnd>
            <POS>,</POS>
            <NER>O</NER>
          </token>
          <token id="29">
            <word>'</word>
            <lemma>'</lemma>
            <CharacterOffsetBegin>1981</CharacterOffsetBegin>
            <CharacterOffsetEnd>1982</CharacterOffsetEnd>
            <POS>''</POS>
            <NER>O</NER>
          </token>
          <token id="30">
            <word>and</word>
            <lemma>and</lemma>
            <CharacterOffsetBegin>1983</CharacterOffsetBegin>
            <CharacterOffsetEnd>1986</CharacterOffsetEnd>
            <POS>CC</POS>
            <NER>O</NER>
          </token>
          <token id="31">
            <word>he</word>
            <lemma>he</lemma>
            <CharacterOffsetBegin>1987</CharacterOffsetBegin>
            <CharacterOffsetEnd>1989</CharacterOffsetEnd>
            <POS>PRP</POS>
            <NER>O</NER>
          </token>
          <token id="32">
            <word>lay</word>
            <lemma>lay</lemma>
            <CharacterOffsetBegin>1990</CharacterOffsetBegin>
            <CharacterOffsetEnd>1993</CharacterOffsetEnd>
            <POS>VBD</POS>
            <NER>O</NER>
          </token>
          <token id="33">
            <word>down</word>
            <lemma>down</lemma>
            <CharacterOffsetBegin>1994</CharacterOffsetBegin>
            <CharacterOffsetEnd>1998</CharacterOffsetEnd>
            <POS>RP</POS>
            <NER>O</NER>
          </token>
          <token id="34">
            <word>again</word>
            <lemma>again</lemma>
            <CharacterOffsetBegin>1999</CharacterOffsetBegin>
            <CharacterOffsetEnd>2004</CharacterOffsetEnd>
            <POS>RB</POS>
            <NER>O</NER>
          </token>
          <token id="35">
            <word>in</word>
            <lemma>in</lemma>
            <CharacterOffsetBegin>2005</CharacterOffsetBegin>
            <CharacterOffsetEnd>2007</CharacterOffsetEnd>
            <POS>IN</POS>
            <NER>O</NER>
          </token>
          <token id="36">
            <word>his</word>
            <lemma>he</lemma>
            <CharacterOffsetBegin>2008</CharacterOffsetBegin>
            <CharacterOffsetEnd>2011</CharacterOffsetEnd>
            <POS>PRP$</POS>
            <NER>O</NER>
          </token>
          <token id="37">
            <word>bed</word>
            <lemma>bed</lemma>
            <CharacterOffsetBegin>2012</CharacterOffsetBegin>
            <CharacterOffsetEnd>2015</CharacterOffsetEnd>
            <POS>NN</POS>
            <NER>O</NER>
          </token>
          <token id="38">
            <word>.</word>
            <lemma>.</lemma>
            <CharacterOffsetBegin>2015</CharacterOffsetBegin>
            <CharacterOffsetEnd>2016</CharacterOffsetEnd>
            <POS>.</POS>
            <NER>O</NER>
          </token>
        </tokens>
      </sentence>
      <sentence id="20">
        <tokens>
          <token id="1">
            <word>When</word>
            <lemma>when</lemma>
            <CharacterOffsetBegin>2017</CharacterOffsetBegin>
            <CharacterOffsetEnd>2021</CharacterOffsetEnd>
            <POS>WRB</POS>
            <NER>O</NER>
          </token>
          <token id="2">
            <word>day</word>
            <lemma>day</lemma>
            <CharacterOffsetBegin>2022</CharacterOffsetBegin>
            <CharacterOffsetEnd>2025</CharacterOffsetEnd>
            <POS>NN</POS>
            <NER>DURATION</NER>
            <NormalizedNER>P1D</NormalizedNER>
            <Timex tid="t8" type="DURATION">P1D</Timex>
          </token>
          <token id="3">
            <word>dawned</word>
            <lemma>dawn</lemma>
            <CharacterOffsetBegin>2026</CharacterOffsetBegin>
            <CharacterOffsetEnd>2032</CharacterOffsetEnd>
            <POS>VBN</POS>
            <NER>O</NER>
          </token>
          <token id="4">
            <word>,</word>
            <lemma>,</lemma>
            <CharacterOffsetBegin>2032</CharacterOffsetBegin>
            <CharacterOffsetEnd>2033</CharacterOffsetEnd>
            <POS>,</POS>
            <NER>O</NER>
          </token>
          <token id="5">
            <word>but</word>
            <lemma>but</lemma>
            <CharacterOffsetBegin>2034</CharacterOffsetBegin>
            <CharacterOffsetEnd>2037</CharacterOffsetEnd>
            <POS>CC</POS>
            <NER>O</NER>
          </token>
          <token id="6">
            <word>before</word>
            <lemma>before</lemma>
            <CharacterOffsetBegin>2038</CharacterOffsetBegin>
            <CharacterOffsetEnd>2044</CharacterOffsetEnd>
            <POS>IN</POS>
            <NER>O</NER>
          </token>
          <token id="7">
            <word>the</word>
            <lemma>the</lemma>
            <CharacterOffsetBegin>2045</CharacterOffsetBegin>
            <CharacterOffsetEnd>2048</CharacterOffsetEnd>
            <POS>DT</POS>
            <NER>O</NER>
          </token>
          <token id="8">
            <word>sun</word>
            <lemma>sun</lemma>
            <CharacterOffsetBegin>2049</CharacterOffsetBegin>
            <CharacterOffsetEnd>2052</CharacterOffsetEnd>
            <POS>NN</POS>
            <NER>O</NER>
          </token>
          <token id="9">
            <word>had</word>
            <lemma>have</lemma>
            <CharacterOffsetBegin>2053</CharacterOffsetBegin>
            <CharacterOffsetEnd>2056</CharacterOffsetEnd>
            <POS>VBD</POS>
            <NER>O</NER>
          </token>
          <token id="10">
            <word>risen</word>
            <lemma>rise</lemma>
            <CharacterOffsetBegin>2057</CharacterOffsetBegin>
            <CharacterOffsetEnd>2062</CharacterOffsetEnd>
            <POS>VBN</POS>
            <NER>O</NER>
          </token>
          <token id="11">
            <word>,</word>
            <lemma>,</lemma>
            <CharacterOffsetBegin>2062</CharacterOffsetBegin>
            <CharacterOffsetEnd>2063</CharacterOffsetEnd>
            <POS>,</POS>
            <NER>O</NER>
          </token>
          <token id="12">
            <word>the</word>
            <lemma>the</lemma>
            <CharacterOffsetBegin>2064</CharacterOffsetBegin>
            <CharacterOffsetEnd>2067</CharacterOffsetEnd>
            <POS>DT</POS>
            <NER>O</NER>
          </token>
          <token id="13">
            <word>woman</word>
            <lemma>woman</lemma>
            <CharacterOffsetBegin>2068</CharacterOffsetBegin>
            <CharacterOffsetEnd>2073</CharacterOffsetEnd>
            <POS>NN</POS>
            <NER>O</NER>
          </token>
          <token id="14">
            <word>came</word>
            <lemma>come</lemma>
            <CharacterOffsetBegin>2074</CharacterOffsetBegin>
            <CharacterOffsetEnd>2078</CharacterOffsetEnd>
            <POS>VBD</POS>
            <NER>O</NER>
          </token>
          <token id="15">
            <word>and</word>
            <lemma>and</lemma>
            <CharacterOffsetBegin>2079</CharacterOffsetBegin>
            <CharacterOffsetEnd>2082</CharacterOffsetEnd>
            <POS>CC</POS>
            <NER>O</NER>
          </token>
          <token id="16">
            <word>awoke</word>
            <lemma>awake</lemma>
            <CharacterOffsetBegin>2083</CharacterOffsetBegin>
            <CharacterOffsetEnd>2088</CharacterOffsetEnd>
            <POS>VBD</POS>
            <NER>O</NER>
          </token>
          <token id="17">
            <word>the</word>
            <lemma>the</lemma>
            <CharacterOffsetBegin>2089</CharacterOffsetBegin>
            <CharacterOffsetEnd>2092</CharacterOffsetEnd>
            <POS>DT</POS>
            <NER>O</NER>
          </token>
          <token id="18">
            <word>two</word>
            <lemma>two</lemma>
            <CharacterOffsetBegin>2093</CharacterOffsetBegin>
            <CharacterOffsetEnd>2096</CharacterOffsetEnd>
            <POS>CD</POS>
            <NER>NUMBER</NER>
            <NormalizedNER>2.0</NormalizedNER>
          </token>
          <token id="19">
            <word>children</word>
            <lemma>child</lemma>
            <CharacterOffsetBegin>2097</CharacterOffsetBegin>
            <CharacterOffsetEnd>2105</CharacterOffsetEnd>
            <POS>NNS</POS>
            <NER>O</NER>
          </token>
          <token id="20">
            <word>,</word>
            <lemma>,</lemma>
            <CharacterOffsetBegin>2105</CharacterOffsetBegin>
            <CharacterOffsetEnd>2106</CharacterOffsetEnd>
            <POS>,</POS>
            <NER>O</NER>
          </token>
          <token id="21">
            <word>saying</word>
            <lemma>say</lemma>
            <CharacterOffsetBegin>2107</CharacterOffsetBegin>
            <CharacterOffsetEnd>2113</CharacterOffsetEnd>
            <POS>VBG</POS>
            <NER>O</NER>
          </token>
          <token id="22">
            <word>:</word>
            <lemma>:</lemma>
            <CharacterOffsetBegin>2113</CharacterOffsetBegin>
            <CharacterOffsetEnd>2114</CharacterOffsetEnd>
            <POS>:</POS>
            <NER>O</NER>
          </token>
          <token id="23">
            <word>`</word>
            <lemma>`</lemma>
            <CharacterOffsetBegin>2115</CharacterOffsetBegin>
            <CharacterOffsetEnd>2116</CharacterOffsetEnd>
            <POS>``</POS>
            <NER>O</NER>
          </token>
          <token id="24">
            <word>Get</word>
            <lemma>get</lemma>
            <CharacterOffsetBegin>2116</CharacterOffsetBegin>
            <CharacterOffsetEnd>2119</CharacterOffsetEnd>
            <POS>VB</POS>
            <NER>O</NER>
          </token>
          <token id="25">
            <word>up</word>
            <lemma>up</lemma>
            <CharacterOffsetBegin>2120</CharacterOffsetBegin>
            <CharacterOffsetEnd>2122</CharacterOffsetEnd>
            <POS>RP</POS>
            <NER>O</NER>
          </token>
          <token id="26">
            <word>,</word>
            <lemma>,</lemma>
            <CharacterOffsetBegin>2122</CharacterOffsetBegin>
            <CharacterOffsetEnd>2123</CharacterOffsetEnd>
            <POS>,</POS>
            <NER>O</NER>
          </token>
          <token id="27">
            <word>you</word>
            <lemma>you</lemma>
            <CharacterOffsetBegin>2124</CharacterOffsetBegin>
            <CharacterOffsetEnd>2127</CharacterOffsetEnd>
            <POS>PRP</POS>
            <NER>O</NER>
          </token>
          <token id="28">
            <word>sluggards</word>
            <lemma>sluggard</lemma>
            <CharacterOffsetBegin>2128</CharacterOffsetBegin>
            <CharacterOffsetEnd>2137</CharacterOffsetEnd>
            <POS>VBZ</POS>
            <NER>O</NER>
          </token>
          <token id="29">
            <word>!</word>
            <lemma>!</lemma>
            <CharacterOffsetBegin>2137</CharacterOffsetBegin>
            <CharacterOffsetEnd>2138</CharacterOffsetEnd>
            <POS>.</POS>
            <NER>O</NER>
          </token>
        </tokens>
      </sentence>
      <sentence id="21">
        <tokens>
          <token id="1">
            <word>we</word>
            <lemma>we</lemma>
            <CharacterOffsetBegin>2139</CharacterOffsetBegin>
            <CharacterOffsetEnd>2141</CharacterOffsetEnd>
            <POS>PRP</POS>
            <NER>O</NER>
          </token>
          <token id="2">
            <word>are</word>
            <lemma>be</lemma>
            <CharacterOffsetBegin>2142</CharacterOffsetBegin>
            <CharacterOffsetEnd>2145</CharacterOffsetEnd>
            <POS>VBP</POS>
            <NER>O</NER>
          </token>
          <token id="3">
            <word>going</word>
            <lemma>go</lemma>
            <CharacterOffsetBegin>2146</CharacterOffsetBegin>
            <CharacterOffsetEnd>2151</CharacterOffsetEnd>
            <POS>VBG</POS>
            <NER>O</NER>
          </token>
          <token id="4">
            <word>into</word>
            <lemma>into</lemma>
            <CharacterOffsetBegin>2152</CharacterOffsetBegin>
            <CharacterOffsetEnd>2156</CharacterOffsetEnd>
            <POS>IN</POS>
            <NER>O</NER>
          </token>
          <token id="5">
            <word>the</word>
            <lemma>the</lemma>
            <CharacterOffsetBegin>2157</CharacterOffsetBegin>
            <CharacterOffsetEnd>2160</CharacterOffsetEnd>
            <POS>DT</POS>
            <NER>O</NER>
          </token>
          <token id="6">
            <word>forest</word>
            <lemma>forest</lemma>
            <CharacterOffsetBegin>2161</CharacterOffsetBegin>
            <CharacterOffsetEnd>2167</CharacterOffsetEnd>
            <POS>NN</POS>
            <NER>O</NER>
          </token>
          <token id="7">
            <word>to</word>
            <lemma>to</lemma>
            <CharacterOffsetBegin>2168</CharacterOffsetBegin>
            <CharacterOffsetEnd>2170</CharacterOffsetEnd>
            <POS>TO</POS>
            <NER>O</NER>
          </token>
          <token id="8">
            <word>fetch</word>
            <lemma>fetch</lemma>
            <CharacterOffsetBegin>2171</CharacterOffsetBegin>
            <CharacterOffsetEnd>2176</CharacterOffsetEnd>
            <POS>VB</POS>
            <NER>O</NER>
          </token>
          <token id="9">
            <word>wood</word>
            <lemma>wood</lemma>
            <CharacterOffsetBegin>2177</CharacterOffsetBegin>
            <CharacterOffsetEnd>2181</CharacterOffsetEnd>
            <POS>NN</POS>
            <NER>O</NER>
          </token>
          <token id="10">
            <word>.</word>
            <lemma>.</lemma>
            <CharacterOffsetBegin>2181</CharacterOffsetBegin>
            <CharacterOffsetEnd>2182</CharacterOffsetEnd>
            <POS>.</POS>
            <NER>O</NER>
          </token>
          <token id="11">
            <word>'</word>
            <lemma>'</lemma>
            <CharacterOffsetBegin>2182</CharacterOffsetBegin>
            <CharacterOffsetEnd>2183</CharacterOffsetEnd>
            <POS>''</POS>
            <NER>O</NER>
          </token>
        </tokens>
      </sentence>
      <sentence id="22">
        <tokens>
          <token id="1">
            <word>She</word>
            <lemma>she</lemma>
            <CharacterOffsetBegin>2184</CharacterOffsetBegin>
            <CharacterOffsetEnd>2187</CharacterOffsetEnd>
            <POS>PRP</POS>
            <NER>O</NER>
          </token>
          <token id="2">
            <word>gave</word>
            <lemma>give</lemma>
            <CharacterOffsetBegin>2188</CharacterOffsetBegin>
            <CharacterOffsetEnd>2192</CharacterOffsetEnd>
            <POS>VBD</POS>
            <NER>O</NER>
          </token>
          <token id="3">
            <word>each</word>
            <lemma>each</lemma>
            <CharacterOffsetBegin>2193</CharacterOffsetBegin>
            <CharacterOffsetEnd>2197</CharacterOffsetEnd>
            <POS>DT</POS>
            <NER>O</NER>
          </token>
          <token id="4">
            <word>a</word>
            <lemma>a</lemma>
            <CharacterOffsetBegin>2198</CharacterOffsetBegin>
            <CharacterOffsetEnd>2199</CharacterOffsetEnd>
            <POS>DT</POS>
            <NER>O</NER>
          </token>
          <token id="5">
            <word>little</word>
            <lemma>little</lemma>
            <CharacterOffsetBegin>2200</CharacterOffsetBegin>
            <CharacterOffsetEnd>2206</CharacterOffsetEnd>
            <POS>JJ</POS>
            <NER>O</NER>
          </token>
          <token id="6">
            <word>piece</word>
            <lemma>piece</lemma>
            <CharacterOffsetBegin>2207</CharacterOffsetBegin>
            <CharacterOffsetEnd>2212</CharacterOffsetEnd>
            <POS>NN</POS>
            <NER>O</NER>
          </token>
          <token id="7">
            <word>of</word>
            <lemma>of</lemma>
            <CharacterOffsetBegin>2213</CharacterOffsetBegin>
            <CharacterOffsetEnd>2215</CharacterOffsetEnd>
            <POS>IN</POS>
            <NER>O</NER>
          </token>
          <token id="8">
            <word>bread</word>
            <lemma>bread</lemma>
            <CharacterOffsetBegin>2216</CharacterOffsetBegin>
            <CharacterOffsetEnd>2221</CharacterOffsetEnd>
            <POS>NN</POS>
            <NER>O</NER>
          </token>
          <token id="9">
            <word>,</word>
            <lemma>,</lemma>
            <CharacterOffsetBegin>2221</CharacterOffsetBegin>
            <CharacterOffsetEnd>2222</CharacterOffsetEnd>
            <POS>,</POS>
            <NER>O</NER>
          </token>
          <token id="10">
            <word>and</word>
            <lemma>and</lemma>
            <CharacterOffsetBegin>2223</CharacterOffsetBegin>
            <CharacterOffsetEnd>2226</CharacterOffsetEnd>
            <POS>CC</POS>
            <NER>O</NER>
          </token>
          <token id="11">
            <word>said</word>
            <lemma>say</lemma>
            <CharacterOffsetBegin>2227</CharacterOffsetBegin>
            <CharacterOffsetEnd>2231</CharacterOffsetEnd>
            <POS>VBD</POS>
            <NER>O</NER>
          </token>
          <token id="12">
            <word>:</word>
            <lemma>:</lemma>
            <CharacterOffsetBegin>2231</CharacterOffsetBegin>
            <CharacterOffsetEnd>2232</CharacterOffsetEnd>
            <POS>:</POS>
            <NER>O</NER>
          </token>
          <token id="13">
            <word>`</word>
            <lemma>`</lemma>
            <CharacterOffsetBegin>2233</CharacterOffsetBegin>
            <CharacterOffsetEnd>2234</CharacterOffsetEnd>
            <POS>``</POS>
            <NER>O</NER>
          </token>
          <token id="14">
            <word>There</word>
            <lemma>there</lemma>
            <CharacterOffsetBegin>2234</CharacterOffsetBegin>
            <CharacterOffsetEnd>2239</CharacterOffsetEnd>
            <POS>EX</POS>
            <NER>O</NER>
          </token>
          <token id="15">
            <word>is</word>
            <lemma>be</lemma>
            <CharacterOffsetBegin>2240</CharacterOffsetBegin>
            <CharacterOffsetEnd>2242</CharacterOffsetEnd>
            <POS>VBZ</POS>
            <NER>O</NER>
          </token>
          <token id="16">
            <word>something</word>
            <lemma>something</lemma>
            <CharacterOffsetBegin>2243</CharacterOffsetBegin>
            <CharacterOffsetEnd>2252</CharacterOffsetEnd>
            <POS>NN</POS>
            <NER>O</NER>
          </token>
          <token id="17">
            <word>for</word>
            <lemma>for</lemma>
            <CharacterOffsetBegin>2253</CharacterOffsetBegin>
            <CharacterOffsetEnd>2256</CharacterOffsetEnd>
            <POS>IN</POS>
            <NER>O</NER>
          </token>
          <token id="18">
            <word>your</word>
            <lemma>you</lemma>
            <CharacterOffsetBegin>2257</CharacterOffsetBegin>
            <CharacterOffsetEnd>2261</CharacterOffsetEnd>
            <POS>PRP$</POS>
            <NER>O</NER>
          </token>
          <token id="19">
            <word>dinner</word>
            <lemma>dinner</lemma>
            <CharacterOffsetBegin>2262</CharacterOffsetBegin>
            <CharacterOffsetEnd>2268</CharacterOffsetEnd>
            <POS>NN</POS>
            <NER>O</NER>
          </token>
          <token id="20">
            <word>,</word>
            <lemma>,</lemma>
            <CharacterOffsetBegin>2268</CharacterOffsetBegin>
            <CharacterOffsetEnd>2269</CharacterOffsetEnd>
            <POS>,</POS>
            <NER>O</NER>
          </token>
          <token id="21">
            <word>but</word>
            <lemma>but</lemma>
            <CharacterOffsetBegin>2270</CharacterOffsetBegin>
            <CharacterOffsetEnd>2273</CharacterOffsetEnd>
            <POS>CC</POS>
            <NER>O</NER>
          </token>
          <token id="22">
            <word>do</word>
            <lemma>do</lemma>
            <CharacterOffsetBegin>2274</CharacterOffsetBegin>
            <CharacterOffsetEnd>2276</CharacterOffsetEnd>
            <POS>VBP</POS>
            <NER>O</NER>
          </token>
          <token id="23">
            <word>not</word>
            <lemma>not</lemma>
            <CharacterOffsetBegin>2277</CharacterOffsetBegin>
            <CharacterOffsetEnd>2280</CharacterOffsetEnd>
            <POS>RB</POS>
            <NER>O</NER>
          </token>
          <token id="24">
            <word>eat</word>
            <lemma>eat</lemma>
            <CharacterOffsetBegin>2281</CharacterOffsetBegin>
            <CharacterOffsetEnd>2284</CharacterOffsetEnd>
            <POS>VB</POS>
            <NER>O</NER>
          </token>
          <token id="25">
            <word>it</word>
            <lemma>it</lemma>
            <CharacterOffsetBegin>2285</CharacterOffsetBegin>
            <CharacterOffsetEnd>2287</CharacterOffsetEnd>
            <POS>PRP</POS>
            <NER>O</NER>
          </token>
          <token id="26">
            <word>up</word>
            <lemma>up</lemma>
            <CharacterOffsetBegin>2288</CharacterOffsetBegin>
            <CharacterOffsetEnd>2290</CharacterOffsetEnd>
            <POS>RP</POS>
            <NER>O</NER>
          </token>
          <token id="27">
            <word>before</word>
            <lemma>before</lemma>
            <CharacterOffsetBegin>2291</CharacterOffsetBegin>
            <CharacterOffsetEnd>2297</CharacterOffsetEnd>
            <POS>IN</POS>
            <NER>O</NER>
          </token>
          <token id="28">
            <word>then</word>
            <lemma>then</lemma>
            <CharacterOffsetBegin>2298</CharacterOffsetBegin>
            <CharacterOffsetEnd>2302</CharacterOffsetEnd>
            <POS>RB</POS>
            <NER>O</NER>
          </token>
          <token id="29">
            <word>,</word>
            <lemma>,</lemma>
            <CharacterOffsetBegin>2302</CharacterOffsetBegin>
            <CharacterOffsetEnd>2303</CharacterOffsetEnd>
            <POS>,</POS>
            <NER>O</NER>
          </token>
          <token id="30">
            <word>for</word>
            <lemma>for</lemma>
            <CharacterOffsetBegin>2304</CharacterOffsetBegin>
            <CharacterOffsetEnd>2307</CharacterOffsetEnd>
            <POS>IN</POS>
            <NER>O</NER>
          </token>
          <token id="31">
            <word>you</word>
            <lemma>you</lemma>
            <CharacterOffsetBegin>2308</CharacterOffsetBegin>
            <CharacterOffsetEnd>2311</CharacterOffsetEnd>
            <POS>PRP</POS>
            <NER>O</NER>
          </token>
          <token id="32">
            <word>will</word>
            <lemma>will</lemma>
            <CharacterOffsetBegin>2312</CharacterOffsetBegin>
            <CharacterOffsetEnd>2316</CharacterOffsetEnd>
            <POS>MD</POS>
            <NER>O</NER>
          </token>
          <token id="33">
            <word>get</word>
            <lemma>get</lemma>
            <CharacterOffsetBegin>2317</CharacterOffsetBegin>
            <CharacterOffsetEnd>2320</CharacterOffsetEnd>
            <POS>VB</POS>
            <NER>O</NER>
          </token>
          <token id="34">
            <word>nothing</word>
            <lemma>nothing</lemma>
            <CharacterOffsetBegin>2321</CharacterOffsetBegin>
            <CharacterOffsetEnd>2328</CharacterOffsetEnd>
            <POS>NN</POS>
            <NER>O</NER>
          </token>
          <token id="35">
            <word>else</word>
            <lemma>else</lemma>
            <CharacterOffsetBegin>2329</CharacterOffsetBegin>
            <CharacterOffsetEnd>2333</CharacterOffsetEnd>
            <POS>RB</POS>
            <NER>O</NER>
          </token>
          <token id="36">
            <word>.</word>
            <lemma>.</lemma>
            <CharacterOffsetBegin>2333</CharacterOffsetBegin>
            <CharacterOffsetEnd>2334</CharacterOffsetEnd>
            <POS>.</POS>
            <NER>O</NER>
          </token>
          <token id="37">
            <word>'</word>
            <lemma>'</lemma>
            <CharacterOffsetBegin>2334</CharacterOffsetBegin>
            <CharacterOffsetEnd>2335</CharacterOffsetEnd>
            <POS>''</POS>
            <NER>O</NER>
          </token>
        </tokens>
      </sentence>
      <sentence id="23">
        <tokens>
          <token id="1">
            <word>Gretel</word>
            <lemma>Gretel</lemma>
            <CharacterOffsetBegin>2336</CharacterOffsetBegin>
            <CharacterOffsetEnd>2342</CharacterOffsetEnd>
            <POS>NNP</POS>
            <NER>PERSON</NER>
          </token>
          <token id="2">
            <word>took</word>
            <lemma>take</lemma>
            <CharacterOffsetBegin>2343</CharacterOffsetBegin>
            <CharacterOffsetEnd>2347</CharacterOffsetEnd>
            <POS>VBD</POS>
            <NER>O</NER>
          </token>
          <token id="3">
            <word>the</word>
            <lemma>the</lemma>
            <CharacterOffsetBegin>2348</CharacterOffsetBegin>
            <CharacterOffsetEnd>2351</CharacterOffsetEnd>
            <POS>DT</POS>
            <NER>O</NER>
          </token>
          <token id="4">
            <word>bread</word>
            <lemma>bread</lemma>
            <CharacterOffsetBegin>2352</CharacterOffsetBegin>
            <CharacterOffsetEnd>2357</CharacterOffsetEnd>
            <POS>NN</POS>
            <NER>O</NER>
          </token>
          <token id="5">
            <word>under</word>
            <lemma>under</lemma>
            <CharacterOffsetBegin>2358</CharacterOffsetBegin>
            <CharacterOffsetEnd>2363</CharacterOffsetEnd>
            <POS>IN</POS>
            <NER>O</NER>
          </token>
          <token id="6">
            <word>her</word>
            <lemma>she</lemma>
            <CharacterOffsetBegin>2364</CharacterOffsetBegin>
            <CharacterOffsetEnd>2367</CharacterOffsetEnd>
            <POS>PRP$</POS>
            <NER>O</NER>
          </token>
          <token id="7">
            <word>apron</word>
            <lemma>apron</lemma>
            <CharacterOffsetBegin>2368</CharacterOffsetBegin>
            <CharacterOffsetEnd>2373</CharacterOffsetEnd>
            <POS>NN</POS>
            <NER>O</NER>
          </token>
          <token id="8">
            <word>,</word>
            <lemma>,</lemma>
            <CharacterOffsetBegin>2373</CharacterOffsetBegin>
            <CharacterOffsetEnd>2374</CharacterOffsetEnd>
            <POS>,</POS>
            <NER>O</NER>
          </token>
          <token id="9">
            <word>as</word>
            <lemma>as</lemma>
            <CharacterOffsetBegin>2375</CharacterOffsetBegin>
            <CharacterOffsetEnd>2377</CharacterOffsetEnd>
            <POS>IN</POS>
            <NER>O</NER>
          </token>
          <token id="10">
            <word>Hansel</word>
            <lemma>Hansel</lemma>
            <CharacterOffsetBegin>2378</CharacterOffsetBegin>
            <CharacterOffsetEnd>2384</CharacterOffsetEnd>
            <POS>NNP</POS>
            <NER>PERSON</NER>
          </token>
          <token id="11">
            <word>had</word>
            <lemma>have</lemma>
            <CharacterOffsetBegin>2385</CharacterOffsetBegin>
            <CharacterOffsetEnd>2388</CharacterOffsetEnd>
            <POS>VBD</POS>
            <NER>O</NER>
          </token>
          <token id="12">
            <word>the</word>
            <lemma>the</lemma>
            <CharacterOffsetBegin>2389</CharacterOffsetBegin>
            <CharacterOffsetEnd>2392</CharacterOffsetEnd>
            <POS>DT</POS>
            <NER>O</NER>
          </token>
          <token id="13">
            <word>pebbles</word>
            <lemma>pebble</lemma>
            <CharacterOffsetBegin>2393</CharacterOffsetBegin>
            <CharacterOffsetEnd>2400</CharacterOffsetEnd>
            <POS>NNS</POS>
            <NER>O</NER>
          </token>
          <token id="14">
            <word>in</word>
            <lemma>in</lemma>
            <CharacterOffsetBegin>2401</CharacterOffsetBegin>
            <CharacterOffsetEnd>2403</CharacterOffsetEnd>
            <POS>IN</POS>
            <NER>O</NER>
          </token>
          <token id="15">
            <word>his</word>
            <lemma>he</lemma>
            <CharacterOffsetBegin>2404</CharacterOffsetBegin>
            <CharacterOffsetEnd>2407</CharacterOffsetEnd>
            <POS>PRP$</POS>
            <NER>O</NER>
          </token>
          <token id="16">
            <word>pocket</word>
            <lemma>pocket</lemma>
            <CharacterOffsetBegin>2408</CharacterOffsetBegin>
            <CharacterOffsetEnd>2414</CharacterOffsetEnd>
            <POS>NN</POS>
            <NER>O</NER>
          </token>
          <token id="17">
            <word>.</word>
            <lemma>.</lemma>
            <CharacterOffsetBegin>2414</CharacterOffsetBegin>
            <CharacterOffsetEnd>2415</CharacterOffsetEnd>
            <POS>.</POS>
            <NER>O</NER>
          </token>
        </tokens>
      </sentence>
      <sentence id="24">
        <tokens>
          <token id="1">
            <word>Then</word>
            <lemma>then</lemma>
            <CharacterOffsetBegin>2416</CharacterOffsetBegin>
            <CharacterOffsetEnd>2420</CharacterOffsetEnd>
            <POS>RB</POS>
            <NER>O</NER>
          </token>
          <token id="2">
            <word>they</word>
            <lemma>they</lemma>
            <CharacterOffsetBegin>2421</CharacterOffsetBegin>
            <CharacterOffsetEnd>2425</CharacterOffsetEnd>
            <POS>PRP</POS>
            <NER>O</NER>
          </token>
          <token id="3">
            <word>all</word>
            <lemma>all</lemma>
            <CharacterOffsetBegin>2426</CharacterOffsetBegin>
            <CharacterOffsetEnd>2429</CharacterOffsetEnd>
            <POS>DT</POS>
            <NER>O</NER>
          </token>
          <token id="4">
            <word>set</word>
            <lemma>set</lemma>
            <CharacterOffsetBegin>2430</CharacterOffsetBegin>
            <CharacterOffsetEnd>2433</CharacterOffsetEnd>
            <POS>VBN</POS>
            <NER>O</NER>
          </token>
          <token id="5">
            <word>out</word>
            <lemma>out</lemma>
            <CharacterOffsetBegin>2434</CharacterOffsetBegin>
            <CharacterOffsetEnd>2437</CharacterOffsetEnd>
            <POS>RP</POS>
            <NER>O</NER>
          </token>
          <token id="6">
            <word>together</word>
            <lemma>together</lemma>
            <CharacterOffsetBegin>2438</CharacterOffsetBegin>
            <CharacterOffsetEnd>2446</CharacterOffsetEnd>
            <POS>RB</POS>
            <NER>O</NER>
          </token>
          <token id="7">
            <word>on</word>
            <lemma>on</lemma>
            <CharacterOffsetBegin>2447</CharacterOffsetBegin>
            <CharacterOffsetEnd>2449</CharacterOffsetEnd>
            <POS>IN</POS>
            <NER>O</NER>
          </token>
          <token id="8">
            <word>the</word>
            <lemma>the</lemma>
            <CharacterOffsetBegin>2450</CharacterOffsetBegin>
            <CharacterOffsetEnd>2453</CharacterOffsetEnd>
            <POS>DT</POS>
            <NER>O</NER>
          </token>
          <token id="9">
            <word>way</word>
            <lemma>way</lemma>
            <CharacterOffsetBegin>2454</CharacterOffsetBegin>
            <CharacterOffsetEnd>2457</CharacterOffsetEnd>
            <POS>NN</POS>
            <NER>O</NER>
          </token>
          <token id="10">
            <word>to</word>
            <lemma>to</lemma>
            <CharacterOffsetBegin>2458</CharacterOffsetBegin>
            <CharacterOffsetEnd>2460</CharacterOffsetEnd>
            <POS>TO</POS>
            <NER>O</NER>
          </token>
          <token id="11">
            <word>the</word>
            <lemma>the</lemma>
            <CharacterOffsetBegin>2461</CharacterOffsetBegin>
            <CharacterOffsetEnd>2464</CharacterOffsetEnd>
            <POS>DT</POS>
            <NER>O</NER>
          </token>
          <token id="12">
            <word>forest</word>
            <lemma>forest</lemma>
            <CharacterOffsetBegin>2465</CharacterOffsetBegin>
            <CharacterOffsetEnd>2471</CharacterOffsetEnd>
            <POS>NN</POS>
            <NER>O</NER>
          </token>
          <token id="13">
            <word>.</word>
            <lemma>.</lemma>
            <CharacterOffsetBegin>2471</CharacterOffsetBegin>
            <CharacterOffsetEnd>2472</CharacterOffsetEnd>
            <POS>.</POS>
            <NER>O</NER>
          </token>
        </tokens>
      </sentence>
      <sentence id="25">
        <tokens>
          <token id="1">
            <word>When</word>
            <lemma>when</lemma>
            <CharacterOffsetBegin>2473</CharacterOffsetBegin>
            <CharacterOffsetEnd>2477</CharacterOffsetEnd>
            <POS>WRB</POS>
            <NER>O</NER>
          </token>
          <token id="2">
            <word>they</word>
            <lemma>they</lemma>
            <CharacterOffsetBegin>2478</CharacterOffsetBegin>
            <CharacterOffsetEnd>2482</CharacterOffsetEnd>
            <POS>PRP</POS>
            <NER>O</NER>
          </token>
          <token id="3">
            <word>had</word>
            <lemma>have</lemma>
            <CharacterOffsetBegin>2483</CharacterOffsetBegin>
            <CharacterOffsetEnd>2486</CharacterOffsetEnd>
            <POS>VBD</POS>
            <NER>O</NER>
          </token>
          <token id="4">
            <word>walked</word>
            <lemma>walk</lemma>
            <CharacterOffsetBegin>2487</CharacterOffsetBegin>
            <CharacterOffsetEnd>2493</CharacterOffsetEnd>
            <POS>VBN</POS>
            <NER>O</NER>
          </token>
          <token id="5">
            <word>a</word>
            <lemma>a</lemma>
            <CharacterOffsetBegin>2494</CharacterOffsetBegin>
            <CharacterOffsetEnd>2495</CharacterOffsetEnd>
            <POS>DT</POS>
            <NER>O</NER>
          </token>
          <token id="6">
            <word>short</word>
            <lemma>short</lemma>
            <CharacterOffsetBegin>2496</CharacterOffsetBegin>
            <CharacterOffsetEnd>2501</CharacterOffsetEnd>
            <POS>JJ</POS>
            <NER>O</NER>
          </token>
          <token id="7">
            <word>time</word>
            <lemma>time</lemma>
            <CharacterOffsetBegin>2502</CharacterOffsetBegin>
            <CharacterOffsetEnd>2506</CharacterOffsetEnd>
            <POS>NN</POS>
            <NER>O</NER>
          </token>
          <token id="8">
            <word>,</word>
            <lemma>,</lemma>
            <CharacterOffsetBegin>2506</CharacterOffsetBegin>
            <CharacterOffsetEnd>2507</CharacterOffsetEnd>
            <POS>,</POS>
            <NER>O</NER>
          </token>
          <token id="9">
            <word>Hansel</word>
            <lemma>Hansel</lemma>
            <CharacterOffsetBegin>2508</CharacterOffsetBegin>
            <CharacterOffsetEnd>2514</CharacterOffsetEnd>
            <POS>NNP</POS>
            <NER>PERSON</NER>
          </token>
          <token id="10">
            <word>stood</word>
            <lemma>stand</lemma>
            <CharacterOffsetBegin>2515</CharacterOffsetBegin>
            <CharacterOffsetEnd>2520</CharacterOffsetEnd>
            <POS>VBD</POS>
            <NER>O</NER>
          </token>
          <token id="11">
            <word>still</word>
            <lemma>still</lemma>
            <CharacterOffsetBegin>2521</CharacterOffsetBegin>
            <CharacterOffsetEnd>2526</CharacterOffsetEnd>
            <POS>RB</POS>
            <NER>O</NER>
          </token>
          <token id="12">
            <word>and</word>
            <lemma>and</lemma>
            <CharacterOffsetBegin>2527</CharacterOffsetBegin>
            <CharacterOffsetEnd>2530</CharacterOffsetEnd>
            <POS>CC</POS>
            <NER>O</NER>
          </token>
          <token id="13">
            <word>peeped</word>
            <lemma>peep</lemma>
            <CharacterOffsetBegin>2531</CharacterOffsetBegin>
            <CharacterOffsetEnd>2537</CharacterOffsetEnd>
            <POS>VBD</POS>
            <NER>O</NER>
          </token>
          <token id="14">
            <word>back</word>
            <lemma>back</lemma>
            <CharacterOffsetBegin>2538</CharacterOffsetBegin>
            <CharacterOffsetEnd>2542</CharacterOffsetEnd>
            <POS>RB</POS>
            <NER>O</NER>
          </token>
          <token id="15">
            <word>at</word>
            <lemma>at</lemma>
            <CharacterOffsetBegin>2543</CharacterOffsetBegin>
            <CharacterOffsetEnd>2545</CharacterOffsetEnd>
            <POS>IN</POS>
            <NER>O</NER>
          </token>
          <token id="16">
            <word>the</word>
            <lemma>the</lemma>
            <CharacterOffsetBegin>2546</CharacterOffsetBegin>
            <CharacterOffsetEnd>2549</CharacterOffsetEnd>
            <POS>DT</POS>
            <NER>O</NER>
          </token>
          <token id="17">
            <word>house</word>
            <lemma>house</lemma>
            <CharacterOffsetBegin>2550</CharacterOffsetBegin>
            <CharacterOffsetEnd>2555</CharacterOffsetEnd>
            <POS>NN</POS>
            <NER>O</NER>
          </token>
          <token id="18">
            <word>,</word>
            <lemma>,</lemma>
            <CharacterOffsetBegin>2555</CharacterOffsetBegin>
            <CharacterOffsetEnd>2556</CharacterOffsetEnd>
            <POS>,</POS>
            <NER>O</NER>
          </token>
          <token id="19">
            <word>and</word>
            <lemma>and</lemma>
            <CharacterOffsetBegin>2557</CharacterOffsetBegin>
            <CharacterOffsetEnd>2560</CharacterOffsetEnd>
            <POS>CC</POS>
            <NER>O</NER>
          </token>
          <token id="20">
            <word>did</word>
            <lemma>do</lemma>
            <CharacterOffsetBegin>2561</CharacterOffsetBegin>
            <CharacterOffsetEnd>2564</CharacterOffsetEnd>
            <POS>VBD</POS>
            <NER>O</NER>
          </token>
          <token id="21">
            <word>so</word>
            <lemma>so</lemma>
            <CharacterOffsetBegin>2565</CharacterOffsetBegin>
            <CharacterOffsetEnd>2567</CharacterOffsetEnd>
            <POS>RB</POS>
            <NER>O</NER>
          </token>
          <token id="22">
            <word>again</word>
            <lemma>again</lemma>
            <CharacterOffsetBegin>2568</CharacterOffsetBegin>
            <CharacterOffsetEnd>2573</CharacterOffsetEnd>
            <POS>RB</POS>
            <NER>O</NER>
          </token>
          <token id="23">
            <word>and</word>
            <lemma>and</lemma>
            <CharacterOffsetBegin>2574</CharacterOffsetBegin>
            <CharacterOffsetEnd>2577</CharacterOffsetEnd>
            <POS>CC</POS>
            <NER>O</NER>
          </token>
          <token id="24">
            <word>again</word>
            <lemma>again</lemma>
            <CharacterOffsetBegin>2578</CharacterOffsetBegin>
            <CharacterOffsetEnd>2583</CharacterOffsetEnd>
            <POS>RB</POS>
            <NER>O</NER>
          </token>
          <token id="25">
            <word>.</word>
            <lemma>.</lemma>
            <CharacterOffsetBegin>2583</CharacterOffsetBegin>
            <CharacterOffsetEnd>2584</CharacterOffsetEnd>
            <POS>.</POS>
            <NER>O</NER>
          </token>
        </tokens>
      </sentence>
      <sentence id="26">
        <tokens>
          <token id="1">
            <word>His</word>
            <lemma>he</lemma>
            <CharacterOffsetBegin>2585</CharacterOffsetBegin>
            <CharacterOffsetEnd>2588</CharacterOffsetEnd>
            <POS>PRP$</POS>
            <NER>O</NER>
          </token>
          <token id="2">
            <word>father</word>
            <lemma>father</lemma>
            <CharacterOffsetBegin>2589</CharacterOffsetBegin>
            <CharacterOffsetEnd>2595</CharacterOffsetEnd>
            <POS>NN</POS>
            <NER>O</NER>
          </token>
          <token id="3">
            <word>said</word>
            <lemma>say</lemma>
            <CharacterOffsetBegin>2596</CharacterOffsetBegin>
            <CharacterOffsetEnd>2600</CharacterOffsetEnd>
            <POS>VBD</POS>
            <NER>O</NER>
          </token>
          <token id="4">
            <word>:</word>
            <lemma>:</lemma>
            <CharacterOffsetBegin>2600</CharacterOffsetBegin>
            <CharacterOffsetEnd>2601</CharacterOffsetEnd>
            <POS>:</POS>
            <NER>O</NER>
          </token>
          <token id="5">
            <word>`</word>
            <lemma>`</lemma>
            <CharacterOffsetBegin>2602</CharacterOffsetBegin>
            <CharacterOffsetEnd>2603</CharacterOffsetEnd>
            <POS>``</POS>
            <NER>O</NER>
          </token>
          <token id="6">
            <word>Hansel</word>
            <lemma>Hansel</lemma>
            <CharacterOffsetBegin>2603</CharacterOffsetBegin>
            <CharacterOffsetEnd>2609</CharacterOffsetEnd>
            <POS>NNP</POS>
            <NER>O</NER>
          </token>
          <token id="7">
            <word>,</word>
            <lemma>,</lemma>
            <CharacterOffsetBegin>2609</CharacterOffsetBegin>
            <CharacterOffsetEnd>2610</CharacterOffsetEnd>
            <POS>,</POS>
            <NER>O</NER>
          </token>
          <token id="8">
            <word>what</word>
            <lemma>what</lemma>
            <CharacterOffsetBegin>2611</CharacterOffsetBegin>
            <CharacterOffsetEnd>2615</CharacterOffsetEnd>
            <POS>WP</POS>
            <NER>O</NER>
          </token>
          <token id="9">
            <word>are</word>
            <lemma>be</lemma>
            <CharacterOffsetBegin>2616</CharacterOffsetBegin>
            <CharacterOffsetEnd>2619</CharacterOffsetEnd>
            <POS>VBP</POS>
            <NER>O</NER>
          </token>
          <token id="10">
            <word>you</word>
            <lemma>you</lemma>
            <CharacterOffsetBegin>2620</CharacterOffsetBegin>
            <CharacterOffsetEnd>2623</CharacterOffsetEnd>
            <POS>PRP</POS>
            <NER>O</NER>
          </token>
          <token id="11">
            <word>looking</word>
            <lemma>look</lemma>
            <CharacterOffsetBegin>2624</CharacterOffsetBegin>
            <CharacterOffsetEnd>2631</CharacterOffsetEnd>
            <POS>VBG</POS>
            <NER>O</NER>
          </token>
          <token id="12">
            <word>at</word>
            <lemma>at</lemma>
            <CharacterOffsetBegin>2632</CharacterOffsetBegin>
            <CharacterOffsetEnd>2634</CharacterOffsetEnd>
            <POS>IN</POS>
            <NER>O</NER>
          </token>
          <token id="13">
            <word>there</word>
            <lemma>there</lemma>
            <CharacterOffsetBegin>2635</CharacterOffsetBegin>
            <CharacterOffsetEnd>2640</CharacterOffsetEnd>
            <POS>EX</POS>
            <NER>O</NER>
          </token>
          <token id="14">
            <word>and</word>
            <lemma>and</lemma>
            <CharacterOffsetBegin>2641</CharacterOffsetBegin>
            <CharacterOffsetEnd>2644</CharacterOffsetEnd>
            <POS>CC</POS>
            <NER>O</NER>
          </token>
          <token id="15">
            <word>staying</word>
            <lemma>stay</lemma>
            <CharacterOffsetBegin>2645</CharacterOffsetBegin>
            <CharacterOffsetEnd>2652</CharacterOffsetEnd>
            <POS>VBG</POS>
            <NER>O</NER>
          </token>
          <token id="16">
            <word>behind</word>
            <lemma>behind</lemma>
            <CharacterOffsetBegin>2653</CharacterOffsetBegin>
            <CharacterOffsetEnd>2659</CharacterOffsetEnd>
            <POS>IN</POS>
            <NER>O</NER>
          </token>
          <token id="17">
            <word>for</word>
            <lemma>for</lemma>
            <CharacterOffsetBegin>2660</CharacterOffsetBegin>
            <CharacterOffsetEnd>2663</CharacterOffsetEnd>
            <POS>IN</POS>
            <NER>O</NER>
          </token>
          <token id="18">
            <word>?</word>
            <lemma>?</lemma>
            <CharacterOffsetBegin>2663</CharacterOffsetBegin>
            <CharacterOffsetEnd>2664</CharacterOffsetEnd>
            <POS>.</POS>
            <NER>O</NER>
          </token>
        </tokens>
      </sentence>
      <sentence id="27">
        <tokens>
          <token id="1">
            <word>Pay</word>
            <lemma>pay</lemma>
            <CharacterOffsetBegin>2665</CharacterOffsetBegin>
            <CharacterOffsetEnd>2668</CharacterOffsetEnd>
            <POS>VB</POS>
            <NER>O</NER>
          </token>
          <token id="2">
            <word>attention</word>
            <lemma>attention</lemma>
            <CharacterOffsetBegin>2669</CharacterOffsetBegin>
            <CharacterOffsetEnd>2678</CharacterOffsetEnd>
            <POS>NN</POS>
            <NER>O</NER>
          </token>
          <token id="3">
            <word>,</word>
            <lemma>,</lemma>
            <CharacterOffsetBegin>2678</CharacterOffsetBegin>
            <CharacterOffsetEnd>2679</CharacterOffsetEnd>
            <POS>,</POS>
            <NER>O</NER>
          </token>
          <token id="4">
            <word>and</word>
            <lemma>and</lemma>
            <CharacterOffsetBegin>2680</CharacterOffsetBegin>
            <CharacterOffsetEnd>2683</CharacterOffsetEnd>
            <POS>CC</POS>
            <NER>O</NER>
          </token>
          <token id="5">
            <word>do</word>
            <lemma>do</lemma>
            <CharacterOffsetBegin>2684</CharacterOffsetBegin>
            <CharacterOffsetEnd>2686</CharacterOffsetEnd>
            <POS>VBP</POS>
            <NER>O</NER>
          </token>
          <token id="6">
            <word>not</word>
            <lemma>not</lemma>
            <CharacterOffsetBegin>2687</CharacterOffsetBegin>
            <CharacterOffsetEnd>2690</CharacterOffsetEnd>
            <POS>RB</POS>
            <NER>O</NER>
          </token>
          <token id="7">
            <word>forget</word>
            <lemma>forget</lemma>
            <CharacterOffsetBegin>2691</CharacterOffsetBegin>
            <CharacterOffsetEnd>2697</CharacterOffsetEnd>
            <POS>VB</POS>
            <NER>O</NER>
          </token>
          <token id="8">
            <word>how</word>
            <lemma>how</lemma>
            <CharacterOffsetBegin>2698</CharacterOffsetBegin>
            <CharacterOffsetEnd>2701</CharacterOffsetEnd>
            <POS>WRB</POS>
            <NER>O</NER>
          </token>
          <token id="9">
            <word>to</word>
            <lemma>to</lemma>
            <CharacterOffsetBegin>2702</CharacterOffsetBegin>
            <CharacterOffsetEnd>2704</CharacterOffsetEnd>
            <POS>TO</POS>
            <NER>O</NER>
          </token>
          <token id="10">
            <word>use</word>
            <lemma>use</lemma>
            <CharacterOffsetBegin>2705</CharacterOffsetBegin>
            <CharacterOffsetEnd>2708</CharacterOffsetEnd>
            <POS>VB</POS>
            <NER>O</NER>
          </token>
          <token id="11">
            <word>your</word>
            <lemma>you</lemma>
            <CharacterOffsetBegin>2709</CharacterOffsetBegin>
            <CharacterOffsetEnd>2713</CharacterOffsetEnd>
            <POS>PRP$</POS>
            <NER>O</NER>
          </token>
          <token id="12">
            <word>legs</word>
            <lemma>leg</lemma>
            <CharacterOffsetBegin>2714</CharacterOffsetBegin>
            <CharacterOffsetEnd>2718</CharacterOffsetEnd>
            <POS>NNS</POS>
            <NER>O</NER>
          </token>
          <token id="13">
            <word>.</word>
            <lemma>.</lemma>
            <CharacterOffsetBegin>2718</CharacterOffsetBegin>
            <CharacterOffsetEnd>2719</CharacterOffsetEnd>
            <POS>.</POS>
            <NER>O</NER>
          </token>
          <token id="14">
            <word>'</word>
            <lemma>'</lemma>
            <CharacterOffsetBegin>2719</CharacterOffsetBegin>
            <CharacterOffsetEnd>2720</CharacterOffsetEnd>
            <POS>''</POS>
            <NER>O</NER>
          </token>
        </tokens>
      </sentence>
      <sentence id="28">
        <tokens>
          <token id="1">
            <word>`</word>
            <lemma>`</lemma>
            <CharacterOffsetBegin>2721</CharacterOffsetBegin>
            <CharacterOffsetEnd>2722</CharacterOffsetEnd>
            <POS>``</POS>
            <NER>O</NER>
          </token>
          <token id="2">
            <word>Ah</word>
            <lemma>ah</lemma>
            <CharacterOffsetBegin>2722</CharacterOffsetBegin>
            <CharacterOffsetEnd>2724</CharacterOffsetEnd>
            <POS>UH</POS>
            <NER>O</NER>
          </token>
          <token id="3">
            <word>,</word>
            <lemma>,</lemma>
            <CharacterOffsetBegin>2724</CharacterOffsetBegin>
            <CharacterOffsetEnd>2725</CharacterOffsetEnd>
            <POS>,</POS>
            <NER>O</NER>
          </token>
          <token id="4">
            <word>father</word>
            <lemma>father</lemma>
            <CharacterOffsetBegin>2726</CharacterOffsetBegin>
            <CharacterOffsetEnd>2732</CharacterOffsetEnd>
            <POS>NN</POS>
            <NER>O</NER>
          </token>
          <token id="5">
            <word>,</word>
            <lemma>,</lemma>
            <CharacterOffsetBegin>2732</CharacterOffsetBegin>
            <CharacterOffsetEnd>2733</CharacterOffsetEnd>
            <POS>,</POS>
            <NER>O</NER>
          </token>
          <token id="6">
            <word>'</word>
            <lemma>'</lemma>
            <CharacterOffsetBegin>2733</CharacterOffsetBegin>
            <CharacterOffsetEnd>2734</CharacterOffsetEnd>
            <POS>''</POS>
            <NER>O</NER>
          </token>
          <token id="7">
            <word>said</word>
            <lemma>say</lemma>
            <CharacterOffsetBegin>2735</CharacterOffsetBegin>
            <CharacterOffsetEnd>2739</CharacterOffsetEnd>
            <POS>VBD</POS>
            <NER>O</NER>
          </token>
          <token id="8">
            <word>Hansel</word>
            <lemma>Hansel</lemma>
            <CharacterOffsetBegin>2740</CharacterOffsetBegin>
            <CharacterOffsetEnd>2746</CharacterOffsetEnd>
            <POS>NNP</POS>
            <NER>PERSON</NER>
          </token>
          <token id="9">
            <word>,</word>
            <lemma>,</lemma>
            <CharacterOffsetBegin>2746</CharacterOffsetBegin>
            <CharacterOffsetEnd>2747</CharacterOffsetEnd>
            <POS>,</POS>
            <NER>O</NER>
          </token>
          <token id="10">
            <word>`</word>
            <lemma>`</lemma>
            <CharacterOffsetBegin>2748</CharacterOffsetBegin>
            <CharacterOffsetEnd>2749</CharacterOffsetEnd>
            <POS>``</POS>
            <NER>O</NER>
          </token>
          <token id="11">
            <word>I</word>
            <lemma>I</lemma>
            <CharacterOffsetBegin>2749</CharacterOffsetBegin>
            <CharacterOffsetEnd>2750</CharacterOffsetEnd>
            <POS>PRP</POS>
            <NER>O</NER>
          </token>
          <token id="12">
            <word>am</word>
            <lemma>be</lemma>
            <CharacterOffsetBegin>2751</CharacterOffsetBegin>
            <CharacterOffsetEnd>2753</CharacterOffsetEnd>
            <POS>VBP</POS>
            <NER>O</NER>
          </token>
          <token id="13">
            <word>looking</word>
            <lemma>look</lemma>
            <CharacterOffsetBegin>2754</CharacterOffsetBegin>
            <CharacterOffsetEnd>2761</CharacterOffsetEnd>
            <POS>VBG</POS>
            <NER>O</NER>
          </token>
          <token id="14">
            <word>at</word>
            <lemma>at</lemma>
            <CharacterOffsetBegin>2762</CharacterOffsetBegin>
            <CharacterOffsetEnd>2764</CharacterOffsetEnd>
            <POS>IN</POS>
            <NER>O</NER>
          </token>
          <token id="15">
            <word>my</word>
            <lemma>my</lemma>
            <CharacterOffsetBegin>2765</CharacterOffsetBegin>
            <CharacterOffsetEnd>2767</CharacterOffsetEnd>
            <POS>PRP$</POS>
            <NER>O</NER>
          </token>
          <token id="16">
            <word>little</word>
            <lemma>little</lemma>
            <CharacterOffsetBegin>2768</CharacterOffsetBegin>
            <CharacterOffsetEnd>2774</CharacterOffsetEnd>
            <POS>JJ</POS>
            <NER>O</NER>
          </token>
          <token id="17">
            <word>white</word>
            <lemma>white</lemma>
            <CharacterOffsetBegin>2775</CharacterOffsetBegin>
            <CharacterOffsetEnd>2780</CharacterOffsetEnd>
            <POS>JJ</POS>
            <NER>O</NER>
          </token>
          <token id="18">
            <word>cat</word>
            <lemma>cat</lemma>
            <CharacterOffsetBegin>2781</CharacterOffsetBegin>
            <CharacterOffsetEnd>2784</CharacterOffsetEnd>
            <POS>NN</POS>
            <NER>O</NER>
          </token>
          <token id="19">
            <word>,</word>
            <lemma>,</lemma>
            <CharacterOffsetBegin>2784</CharacterOffsetBegin>
            <CharacterOffsetEnd>2785</CharacterOffsetEnd>
            <POS>,</POS>
            <NER>O</NER>
          </token>
          <token id="20">
            <word>which</word>
            <lemma>which</lemma>
            <CharacterOffsetBegin>2786</CharacterOffsetBegin>
            <CharacterOffsetEnd>2791</CharacterOffsetEnd>
            <POS>WDT</POS>
            <NER>O</NER>
          </token>
          <token id="21">
            <word>is</word>
            <lemma>be</lemma>
            <CharacterOffsetBegin>2792</CharacterOffsetBegin>
            <CharacterOffsetEnd>2794</CharacterOffsetEnd>
            <POS>VBZ</POS>
            <NER>O</NER>
          </token>
          <token id="22">
            <word>sitting</word>
            <lemma>sit</lemma>
            <CharacterOffsetBegin>2795</CharacterOffsetBegin>
            <CharacterOffsetEnd>2802</CharacterOffsetEnd>
            <POS>VBG</POS>
            <NER>O</NER>
          </token>
          <token id="23">
            <word>up</word>
            <lemma>up</lemma>
            <CharacterOffsetBegin>2803</CharacterOffsetBegin>
            <CharacterOffsetEnd>2805</CharacterOffsetEnd>
            <POS>RP</POS>
            <NER>O</NER>
          </token>
          <token id="24">
            <word>on</word>
            <lemma>on</lemma>
            <CharacterOffsetBegin>2806</CharacterOffsetBegin>
            <CharacterOffsetEnd>2808</CharacterOffsetEnd>
            <POS>IN</POS>
            <NER>O</NER>
          </token>
          <token id="25">
            <word>the</word>
            <lemma>the</lemma>
            <CharacterOffsetBegin>2809</CharacterOffsetBegin>
            <CharacterOffsetEnd>2812</CharacterOffsetEnd>
            <POS>DT</POS>
            <NER>O</NER>
          </token>
          <token id="26">
            <word>roof</word>
            <lemma>roof</lemma>
            <CharacterOffsetBegin>2813</CharacterOffsetBegin>
            <CharacterOffsetEnd>2817</CharacterOffsetEnd>
            <POS>NN</POS>
            <NER>O</NER>
          </token>
          <token id="27">
            <word>,</word>
            <lemma>,</lemma>
            <CharacterOffsetBegin>2817</CharacterOffsetBegin>
            <CharacterOffsetEnd>2818</CharacterOffsetEnd>
            <POS>,</POS>
            <NER>O</NER>
          </token>
          <token id="28">
            <word>and</word>
            <lemma>and</lemma>
            <CharacterOffsetBegin>2819</CharacterOffsetBegin>
            <CharacterOffsetEnd>2822</CharacterOffsetEnd>
            <POS>CC</POS>
            <NER>O</NER>
          </token>
          <token id="29">
            <word>wants</word>
            <lemma>want</lemma>
            <CharacterOffsetBegin>2823</CharacterOffsetBegin>
            <CharacterOffsetEnd>2828</CharacterOffsetEnd>
            <POS>VBZ</POS>
            <NER>O</NER>
          </token>
          <token id="30">
            <word>to</word>
            <lemma>to</lemma>
            <CharacterOffsetBegin>2829</CharacterOffsetBegin>
            <CharacterOffsetEnd>2831</CharacterOffsetEnd>
            <POS>TO</POS>
            <NER>O</NER>
          </token>
          <token id="31">
            <word>say</word>
            <lemma>say</lemma>
            <CharacterOffsetBegin>2832</CharacterOffsetBegin>
            <CharacterOffsetEnd>2835</CharacterOffsetEnd>
            <POS>VB</POS>
            <NER>O</NER>
          </token>
          <token id="32">
            <word>goodbye</word>
            <lemma>goodbye</lemma>
            <CharacterOffsetBegin>2836</CharacterOffsetBegin>
            <CharacterOffsetEnd>2843</CharacterOffsetEnd>
            <POS>NN</POS>
            <NER>O</NER>
          </token>
          <token id="33">
            <word>to</word>
            <lemma>to</lemma>
            <CharacterOffsetBegin>2844</CharacterOffsetBegin>
            <CharacterOffsetEnd>2846</CharacterOffsetEnd>
            <POS>TO</POS>
            <NER>O</NER>
          </token>
          <token id="34">
            <word>me</word>
            <lemma>I</lemma>
            <CharacterOffsetBegin>2847</CharacterOffsetBegin>
            <CharacterOffsetEnd>2849</CharacterOffsetEnd>
            <POS>PRP</POS>
            <NER>O</NER>
          </token>
          <token id="35">
            <word>.</word>
            <lemma>.</lemma>
            <CharacterOffsetBegin>2849</CharacterOffsetBegin>
            <CharacterOffsetEnd>2850</CharacterOffsetEnd>
            <POS>.</POS>
            <NER>O</NER>
          </token>
          <token id="36">
            <word>'</word>
            <lemma>'</lemma>
            <CharacterOffsetBegin>2850</CharacterOffsetBegin>
            <CharacterOffsetEnd>2851</CharacterOffsetEnd>
            <POS>''</POS>
            <NER>O</NER>
          </token>
        </tokens>
      </sentence>
      <sentence id="29">
        <tokens>
          <token id="1">
            <word>The</word>
            <lemma>the</lemma>
            <CharacterOffsetBegin>2852</CharacterOffsetBegin>
            <CharacterOffsetEnd>2855</CharacterOffsetEnd>
            <POS>DT</POS>
            <NER>O</NER>
          </token>
          <token id="2">
            <word>wife</word>
            <lemma>wife</lemma>
            <CharacterOffsetBegin>2856</CharacterOffsetBegin>
            <CharacterOffsetEnd>2860</CharacterOffsetEnd>
            <POS>NN</POS>
            <NER>O</NER>
          </token>
          <token id="3">
            <word>said</word>
            <lemma>say</lemma>
            <CharacterOffsetBegin>2861</CharacterOffsetBegin>
            <CharacterOffsetEnd>2865</CharacterOffsetEnd>
            <POS>VBD</POS>
            <NER>O</NER>
          </token>
          <token id="4">
            <word>:</word>
            <lemma>:</lemma>
            <CharacterOffsetBegin>2865</CharacterOffsetBegin>
            <CharacterOffsetEnd>2866</CharacterOffsetEnd>
            <POS>:</POS>
            <NER>O</NER>
          </token>
          <token id="5">
            <word>`</word>
            <lemma>`</lemma>
            <CharacterOffsetBegin>2867</CharacterOffsetBegin>
            <CharacterOffsetEnd>2868</CharacterOffsetEnd>
            <POS>``</POS>
            <NER>O</NER>
          </token>
          <token id="6">
            <word>Fool</word>
            <lemma>Fool</lemma>
            <CharacterOffsetBegin>2868</CharacterOffsetBegin>
            <CharacterOffsetEnd>2872</CharacterOffsetEnd>
            <POS>NNP</POS>
            <NER>O</NER>
          </token>
          <token id="7">
            <word>,</word>
            <lemma>,</lemma>
            <CharacterOffsetBegin>2872</CharacterOffsetBegin>
            <CharacterOffsetEnd>2873</CharacterOffsetEnd>
            <POS>,</POS>
            <NER>O</NER>
          </token>
          <token id="8">
            <word>that</word>
            <lemma>that</lemma>
            <CharacterOffsetBegin>2874</CharacterOffsetBegin>
            <CharacterOffsetEnd>2878</CharacterOffsetEnd>
            <POS>WDT</POS>
            <NER>O</NER>
          </token>
          <token id="9">
            <word>is</word>
            <lemma>be</lemma>
            <CharacterOffsetBegin>2879</CharacterOffsetBegin>
            <CharacterOffsetEnd>2881</CharacterOffsetEnd>
            <POS>VBZ</POS>
            <NER>O</NER>
          </token>
          <token id="10">
            <word>not</word>
            <lemma>not</lemma>
            <CharacterOffsetBegin>2882</CharacterOffsetBegin>
            <CharacterOffsetEnd>2885</CharacterOffsetEnd>
            <POS>RB</POS>
            <NER>O</NER>
          </token>
          <token id="11">
            <word>your</word>
            <lemma>you</lemma>
            <CharacterOffsetBegin>2886</CharacterOffsetBegin>
            <CharacterOffsetEnd>2890</CharacterOffsetEnd>
            <POS>PRP$</POS>
            <NER>O</NER>
          </token>
          <token id="12">
            <word>little</word>
            <lemma>little</lemma>
            <CharacterOffsetBegin>2891</CharacterOffsetBegin>
            <CharacterOffsetEnd>2897</CharacterOffsetEnd>
            <POS>JJ</POS>
            <NER>O</NER>
          </token>
          <token id="13">
            <word>cat</word>
            <lemma>cat</lemma>
            <CharacterOffsetBegin>2898</CharacterOffsetBegin>
            <CharacterOffsetEnd>2901</CharacterOffsetEnd>
            <POS>NN</POS>
            <NER>O</NER>
          </token>
          <token id="14">
            <word>,</word>
            <lemma>,</lemma>
            <CharacterOffsetBegin>2901</CharacterOffsetBegin>
            <CharacterOffsetEnd>2902</CharacterOffsetEnd>
            <POS>,</POS>
            <NER>O</NER>
          </token>
          <token id="15">
            <word>that</word>
            <lemma>that</lemma>
            <CharacterOffsetBegin>2903</CharacterOffsetBegin>
            <CharacterOffsetEnd>2907</CharacterOffsetEnd>
            <POS>WDT</POS>
            <NER>O</NER>
          </token>
          <token id="16">
            <word>is</word>
            <lemma>be</lemma>
            <CharacterOffsetBegin>2908</CharacterOffsetBegin>
            <CharacterOffsetEnd>2910</CharacterOffsetEnd>
            <POS>VBZ</POS>
            <NER>O</NER>
          </token>
          <token id="17">
            <word>the</word>
            <lemma>the</lemma>
            <CharacterOffsetBegin>2911</CharacterOffsetBegin>
            <CharacterOffsetEnd>2914</CharacterOffsetEnd>
            <POS>DT</POS>
            <NER>TIME</NER>
            <NormalizedNER>XXXX-WXX-7TMO</NormalizedNER>
            <Timex tid="t9" type="TIME">XXXX-WXX-7TMO</Timex>
          </token>
          <token id="18">
            <word>morning</word>
            <lemma>morning</lemma>
            <CharacterOffsetBegin>2915</CharacterOffsetBegin>
            <CharacterOffsetEnd>2922</CharacterOffsetEnd>
            <POS>NN</POS>
            <NER>TIME</NER>
            <NormalizedNER>XXXX-WXX-7TMO</NormalizedNER>
            <Timex tid="t9" type="TIME">XXXX-WXX-7TMO</Timex>
          </token>
          <token id="19">
            <word>sun</word>
            <lemma>sun</lemma>
            <CharacterOffsetBegin>2923</CharacterOffsetBegin>
            <CharacterOffsetEnd>2926</CharacterOffsetEnd>
            <POS>NN</POS>
            <NER>TIME</NER>
            <NormalizedNER>XXXX-WXX-7TMO</NormalizedNER>
            <Timex tid="t9" type="TIME">XXXX-WXX-7TMO</Timex>
          </token>
          <token id="20">
            <word>which</word>
            <lemma>which</lemma>
            <CharacterOffsetBegin>2927</CharacterOffsetBegin>
            <CharacterOffsetEnd>2932</CharacterOffsetEnd>
            <POS>WDT</POS>
            <NER>O</NER>
          </token>
          <token id="21">
            <word>is</word>
            <lemma>be</lemma>
            <CharacterOffsetBegin>2933</CharacterOffsetBegin>
            <CharacterOffsetEnd>2935</CharacterOffsetEnd>
            <POS>VBZ</POS>
            <NER>O</NER>
          </token>
          <token id="22">
            <word>shining</word>
            <lemma>shine</lemma>
            <CharacterOffsetBegin>2936</CharacterOffsetBegin>
            <CharacterOffsetEnd>2943</CharacterOffsetEnd>
            <POS>VBG</POS>
            <NER>O</NER>
          </token>
          <token id="23">
            <word>on</word>
            <lemma>on</lemma>
            <CharacterOffsetBegin>2944</CharacterOffsetBegin>
            <CharacterOffsetEnd>2946</CharacterOffsetEnd>
            <POS>IN</POS>
            <NER>O</NER>
          </token>
          <token id="24">
            <word>the</word>
            <lemma>the</lemma>
            <CharacterOffsetBegin>2947</CharacterOffsetBegin>
            <CharacterOffsetEnd>2950</CharacterOffsetEnd>
            <POS>DT</POS>
            <NER>O</NER>
          </token>
          <token id="25">
            <word>chimneys</word>
            <lemma>chimney</lemma>
            <CharacterOffsetBegin>2951</CharacterOffsetBegin>
            <CharacterOffsetEnd>2959</CharacterOffsetEnd>
            <POS>NNS</POS>
            <NER>O</NER>
          </token>
          <token id="26">
            <word>.</word>
            <lemma>.</lemma>
            <CharacterOffsetBegin>2959</CharacterOffsetBegin>
            <CharacterOffsetEnd>2960</CharacterOffsetEnd>
            <POS>.</POS>
            <NER>O</NER>
          </token>
          <token id="27">
            <word>'</word>
            <lemma>'</lemma>
            <CharacterOffsetBegin>2960</CharacterOffsetBegin>
            <CharacterOffsetEnd>2961</CharacterOffsetEnd>
            <POS>''</POS>
            <NER>O</NER>
          </token>
        </tokens>
      </sentence>
      <sentence id="30">
        <tokens>
          <token id="1">
            <word>Hansel</word>
            <lemma>Hansel</lemma>
            <CharacterOffsetBegin>2962</CharacterOffsetBegin>
            <CharacterOffsetEnd>2968</CharacterOffsetEnd>
            <POS>NNP</POS>
            <NER>O</NER>
          </token>
          <token id="2">
            <word>,</word>
            <lemma>,</lemma>
            <CharacterOffsetBegin>2968</CharacterOffsetBegin>
            <CharacterOffsetEnd>2969</CharacterOffsetEnd>
            <POS>,</POS>
            <NER>O</NER>
          </token>
          <token id="3">
            <word>however</word>
            <lemma>however</lemma>
            <CharacterOffsetBegin>2970</CharacterOffsetBegin>
            <CharacterOffsetEnd>2977</CharacterOffsetEnd>
            <POS>RB</POS>
            <NER>O</NER>
          </token>
          <token id="4">
            <word>,</word>
            <lemma>,</lemma>
            <CharacterOffsetBegin>2977</CharacterOffsetBegin>
            <CharacterOffsetEnd>2978</CharacterOffsetEnd>
            <POS>,</POS>
            <NER>O</NER>
          </token>
          <token id="5">
            <word>had</word>
            <lemma>have</lemma>
            <CharacterOffsetBegin>2979</CharacterOffsetBegin>
            <CharacterOffsetEnd>2982</CharacterOffsetEnd>
            <POS>VBD</POS>
            <NER>O</NER>
          </token>
          <token id="6">
            <word>not</word>
            <lemma>not</lemma>
            <CharacterOffsetBegin>2983</CharacterOffsetBegin>
            <CharacterOffsetEnd>2986</CharacterOffsetEnd>
            <POS>RB</POS>
            <NER>O</NER>
          </token>
          <token id="7">
            <word>been</word>
            <lemma>be</lemma>
            <CharacterOffsetBegin>2987</CharacterOffsetBegin>
            <CharacterOffsetEnd>2991</CharacterOffsetEnd>
            <POS>VBN</POS>
            <NER>O</NER>
          </token>
          <token id="8">
            <word>looking</word>
            <lemma>look</lemma>
            <CharacterOffsetBegin>2992</CharacterOffsetBegin>
            <CharacterOffsetEnd>2999</CharacterOffsetEnd>
            <POS>VBG</POS>
            <NER>O</NER>
          </token>
          <token id="9">
            <word>back</word>
            <lemma>back</lemma>
            <CharacterOffsetBegin>3000</CharacterOffsetBegin>
            <CharacterOffsetEnd>3004</CharacterOffsetEnd>
            <POS>RB</POS>
            <NER>O</NER>
          </token>
          <token id="10">
            <word>at</word>
            <lemma>at</lemma>
            <CharacterOffsetBegin>3005</CharacterOffsetBegin>
            <CharacterOffsetEnd>3007</CharacterOffsetEnd>
            <POS>IN</POS>
            <NER>O</NER>
          </token>
          <token id="11">
            <word>the</word>
            <lemma>the</lemma>
            <CharacterOffsetBegin>3008</CharacterOffsetBegin>
            <CharacterOffsetEnd>3011</CharacterOffsetEnd>
            <POS>DT</POS>
            <NER>O</NER>
          </token>
          <token id="12">
            <word>cat</word>
            <lemma>cat</lemma>
            <CharacterOffsetBegin>3012</CharacterOffsetBegin>
            <CharacterOffsetEnd>3015</CharacterOffsetEnd>
            <POS>NN</POS>
            <NER>O</NER>
          </token>
          <token id="13">
            <word>,</word>
            <lemma>,</lemma>
            <CharacterOffsetBegin>3015</CharacterOffsetBegin>
            <CharacterOffsetEnd>3016</CharacterOffsetEnd>
            <POS>,</POS>
            <NER>O</NER>
          </token>
          <token id="14">
            <word>but</word>
            <lemma>but</lemma>
            <CharacterOffsetBegin>3017</CharacterOffsetBegin>
            <CharacterOffsetEnd>3020</CharacterOffsetEnd>
            <POS>CC</POS>
            <NER>O</NER>
          </token>
          <token id="15">
            <word>had</word>
            <lemma>have</lemma>
            <CharacterOffsetBegin>3021</CharacterOffsetBegin>
            <CharacterOffsetEnd>3024</CharacterOffsetEnd>
            <POS>VBD</POS>
            <NER>O</NER>
          </token>
          <token id="16">
            <word>been</word>
            <lemma>be</lemma>
            <CharacterOffsetBegin>3025</CharacterOffsetBegin>
            <CharacterOffsetEnd>3029</CharacterOffsetEnd>
            <POS>VBN</POS>
            <NER>O</NER>
          </token>
          <token id="17">
            <word>constantly</word>
            <lemma>constantly</lemma>
            <CharacterOffsetBegin>3030</CharacterOffsetBegin>
            <CharacterOffsetEnd>3040</CharacterOffsetEnd>
            <POS>RB</POS>
            <NER>O</NER>
          </token>
          <token id="18">
            <word>throwing</word>
            <lemma>throw</lemma>
            <CharacterOffsetBegin>3041</CharacterOffsetBegin>
            <CharacterOffsetEnd>3049</CharacterOffsetEnd>
            <POS>VBG</POS>
            <NER>O</NER>
          </token>
          <token id="19">
            <word>one</word>
            <lemma>one</lemma>
            <CharacterOffsetBegin>3050</CharacterOffsetBegin>
            <CharacterOffsetEnd>3053</CharacterOffsetEnd>
            <POS>CD</POS>
            <NER>NUMBER</NER>
            <NormalizedNER>1.0</NormalizedNER>
          </token>
          <token id="20">
            <word>of</word>
            <lemma>of</lemma>
            <CharacterOffsetBegin>3054</CharacterOffsetBegin>
            <CharacterOffsetEnd>3056</CharacterOffsetEnd>
            <POS>IN</POS>
            <NER>O</NER>
          </token>
          <token id="21">
            <word>the</word>
            <lemma>the</lemma>
            <CharacterOffsetBegin>3057</CharacterOffsetBegin>
            <CharacterOffsetEnd>3060</CharacterOffsetEnd>
            <POS>DT</POS>
            <NER>O</NER>
          </token>
          <token id="22">
            <word>white</word>
            <lemma>white</lemma>
            <CharacterOffsetBegin>3061</CharacterOffsetBegin>
            <CharacterOffsetEnd>3066</CharacterOffsetEnd>
            <POS>JJ</POS>
            <NER>O</NER>
          </token>
          <token id="23">
            <word>pebble-stones</word>
            <lemma>pebble-stone</lemma>
            <CharacterOffsetBegin>3067</CharacterOffsetBegin>
            <CharacterOffsetEnd>3080</CharacterOffsetEnd>
            <POS>NNS</POS>
            <NER>O</NER>
          </token>
          <token id="24">
            <word>out</word>
            <lemma>out</lemma>
            <CharacterOffsetBegin>3081</CharacterOffsetBegin>
            <CharacterOffsetEnd>3084</CharacterOffsetEnd>
            <POS>IN</POS>
            <NER>O</NER>
          </token>
          <token id="25">
            <word>of</word>
            <lemma>of</lemma>
            <CharacterOffsetBegin>3085</CharacterOffsetBegin>
            <CharacterOffsetEnd>3087</CharacterOffsetEnd>
            <POS>IN</POS>
            <NER>O</NER>
          </token>
          <token id="26">
            <word>his</word>
            <lemma>he</lemma>
            <CharacterOffsetBegin>3088</CharacterOffsetBegin>
            <CharacterOffsetEnd>3091</CharacterOffsetEnd>
            <POS>PRP$</POS>
            <NER>O</NER>
          </token>
          <token id="27">
            <word>pocket</word>
            <lemma>pocket</lemma>
            <CharacterOffsetBegin>3092</CharacterOffsetBegin>
            <CharacterOffsetEnd>3098</CharacterOffsetEnd>
            <POS>NN</POS>
            <NER>O</NER>
          </token>
          <token id="28">
            <word>on</word>
            <lemma>on</lemma>
            <CharacterOffsetBegin>3099</CharacterOffsetBegin>
            <CharacterOffsetEnd>3101</CharacterOffsetEnd>
            <POS>IN</POS>
            <NER>O</NER>
          </token>
          <token id="29">
            <word>the</word>
            <lemma>the</lemma>
            <CharacterOffsetBegin>3102</CharacterOffsetBegin>
            <CharacterOffsetEnd>3105</CharacterOffsetEnd>
            <POS>DT</POS>
            <NER>O</NER>
          </token>
          <token id="30">
            <word>road</word>
            <lemma>road</lemma>
            <CharacterOffsetBegin>3106</CharacterOffsetBegin>
            <CharacterOffsetEnd>3110</CharacterOffsetEnd>
            <POS>NN</POS>
            <NER>O</NER>
          </token>
          <token id="31">
            <word>.</word>
            <lemma>.</lemma>
            <CharacterOffsetBegin>3110</CharacterOffsetBegin>
            <CharacterOffsetEnd>3111</CharacterOffsetEnd>
            <POS>.</POS>
            <NER>O</NER>
          </token>
        </tokens>
      </sentence>
      <sentence id="31">
        <tokens>
          <token id="1">
            <word>When</word>
            <lemma>when</lemma>
            <CharacterOffsetBegin>3113</CharacterOffsetBegin>
            <CharacterOffsetEnd>3117</CharacterOffsetEnd>
            <POS>WRB</POS>
            <NER>O</NER>
          </token>
          <token id="2">
            <word>they</word>
            <lemma>they</lemma>
            <CharacterOffsetBegin>3118</CharacterOffsetBegin>
            <CharacterOffsetEnd>3122</CharacterOffsetEnd>
            <POS>PRP</POS>
            <NER>O</NER>
          </token>
          <token id="3">
            <word>had</word>
            <lemma>have</lemma>
            <CharacterOffsetBegin>3123</CharacterOffsetBegin>
            <CharacterOffsetEnd>3126</CharacterOffsetEnd>
            <POS>VBD</POS>
            <NER>O</NER>
          </token>
          <token id="4">
            <word>reached</word>
            <lemma>reach</lemma>
            <CharacterOffsetBegin>3127</CharacterOffsetBegin>
            <CharacterOffsetEnd>3134</CharacterOffsetEnd>
            <POS>VBN</POS>
            <NER>O</NER>
          </token>
          <token id="5">
            <word>the</word>
            <lemma>the</lemma>
            <CharacterOffsetBegin>3135</CharacterOffsetBegin>
            <CharacterOffsetEnd>3138</CharacterOffsetEnd>
            <POS>DT</POS>
            <NER>O</NER>
          </token>
          <token id="6">
            <word>middle</word>
            <lemma>middle</lemma>
            <CharacterOffsetBegin>3139</CharacterOffsetBegin>
            <CharacterOffsetEnd>3145</CharacterOffsetEnd>
            <POS>NN</POS>
            <NER>O</NER>
          </token>
          <token id="7">
            <word>of</word>
            <lemma>of</lemma>
            <CharacterOffsetBegin>3146</CharacterOffsetBegin>
            <CharacterOffsetEnd>3148</CharacterOffsetEnd>
            <POS>IN</POS>
            <NER>O</NER>
          </token>
          <token id="8">
            <word>the</word>
            <lemma>the</lemma>
            <CharacterOffsetBegin>3149</CharacterOffsetBegin>
            <CharacterOffsetEnd>3152</CharacterOffsetEnd>
            <POS>DT</POS>
            <NER>O</NER>
          </token>
          <token id="9">
            <word>forest</word>
            <lemma>forest</lemma>
            <CharacterOffsetBegin>3153</CharacterOffsetBegin>
            <CharacterOffsetEnd>3159</CharacterOffsetEnd>
            <POS>NN</POS>
            <NER>O</NER>
          </token>
          <token id="10">
            <word>,</word>
            <lemma>,</lemma>
            <CharacterOffsetBegin>3159</CharacterOffsetBegin>
            <CharacterOffsetEnd>3160</CharacterOffsetEnd>
            <POS>,</POS>
            <NER>O</NER>
          </token>
          <token id="11">
            <word>the</word>
            <lemma>the</lemma>
            <CharacterOffsetBegin>3161</CharacterOffsetBegin>
            <CharacterOffsetEnd>3164</CharacterOffsetEnd>
            <POS>DT</POS>
            <NER>O</NER>
          </token>
          <token id="12">
            <word>father</word>
            <lemma>father</lemma>
            <CharacterOffsetBegin>3165</CharacterOffsetBegin>
            <CharacterOffsetEnd>3171</CharacterOffsetEnd>
            <POS>NN</POS>
            <NER>O</NER>
          </token>
          <token id="13">
            <word>said</word>
            <lemma>say</lemma>
            <CharacterOffsetBegin>3172</CharacterOffsetBegin>
            <CharacterOffsetEnd>3176</CharacterOffsetEnd>
            <POS>VBD</POS>
            <NER>O</NER>
          </token>
          <token id="14">
            <word>:</word>
            <lemma>:</lemma>
            <CharacterOffsetBegin>3176</CharacterOffsetBegin>
            <CharacterOffsetEnd>3177</CharacterOffsetEnd>
            <POS>:</POS>
            <NER>O</NER>
          </token>
          <token id="15">
            <word>`</word>
            <lemma>`</lemma>
            <CharacterOffsetBegin>3178</CharacterOffsetBegin>
            <CharacterOffsetEnd>3179</CharacterOffsetEnd>
            <POS>``</POS>
            <NER>O</NER>
          </token>
          <token id="16">
            <word>Now</word>
            <lemma>now</lemma>
            <CharacterOffsetBegin>3179</CharacterOffsetBegin>
            <CharacterOffsetEnd>3182</CharacterOffsetEnd>
            <POS>RB</POS>
            <NER>DATE</NER>
            <NormalizedNER>PRESENT_REF</NormalizedNER>
            <Timex tid="t10" type="DATE">PRESENT_REF</Timex>
          </token>
          <token id="17">
            <word>,</word>
            <lemma>,</lemma>
            <CharacterOffsetBegin>3182</CharacterOffsetBegin>
            <CharacterOffsetEnd>3183</CharacterOffsetEnd>
            <POS>,</POS>
            <NER>O</NER>
          </token>
          <token id="18">
            <word>children</word>
            <lemma>child</lemma>
            <CharacterOffsetBegin>3184</CharacterOffsetBegin>
            <CharacterOffsetEnd>3192</CharacterOffsetEnd>
            <POS>NNS</POS>
            <NER>O</NER>
          </token>
          <token id="19">
            <word>,</word>
            <lemma>,</lemma>
            <CharacterOffsetBegin>3192</CharacterOffsetBegin>
            <CharacterOffsetEnd>3193</CharacterOffsetEnd>
            <POS>,</POS>
            <NER>O</NER>
          </token>
          <token id="20">
            <word>pile</word>
            <lemma>pile</lemma>
            <CharacterOffsetBegin>3194</CharacterOffsetBegin>
            <CharacterOffsetEnd>3198</CharacterOffsetEnd>
            <POS>VB</POS>
            <NER>O</NER>
          </token>
          <token id="21">
            <word>up</word>
            <lemma>up</lemma>
            <CharacterOffsetBegin>3199</CharacterOffsetBegin>
            <CharacterOffsetEnd>3201</CharacterOffsetEnd>
            <POS>RP</POS>
            <NER>O</NER>
          </token>
          <token id="22">
            <word>some</word>
            <lemma>some</lemma>
            <CharacterOffsetBegin>3202</CharacterOffsetBegin>
            <CharacterOffsetEnd>3206</CharacterOffsetEnd>
            <POS>DT</POS>
            <NER>O</NER>
          </token>
          <token id="23">
            <word>wood</word>
            <lemma>wood</lemma>
            <CharacterOffsetBegin>3207</CharacterOffsetBegin>
            <CharacterOffsetEnd>3211</CharacterOffsetEnd>
            <POS>NN</POS>
            <NER>O</NER>
          </token>
          <token id="24">
            <word>,</word>
            <lemma>,</lemma>
            <CharacterOffsetBegin>3211</CharacterOffsetBegin>
            <CharacterOffsetEnd>3212</CharacterOffsetEnd>
            <POS>,</POS>
            <NER>O</NER>
          </token>
          <token id="25">
            <word>and</word>
            <lemma>and</lemma>
            <CharacterOffsetBegin>3213</CharacterOffsetBegin>
            <CharacterOffsetEnd>3216</CharacterOffsetEnd>
            <POS>CC</POS>
            <NER>O</NER>
          </token>
          <token id="26">
            <word>I</word>
            <lemma>I</lemma>
            <CharacterOffsetBegin>3217</CharacterOffsetBegin>
            <CharacterOffsetEnd>3218</CharacterOffsetEnd>
            <POS>PRP</POS>
            <NER>O</NER>
          </token>
          <token id="27">
            <word>will</word>
            <lemma>will</lemma>
            <CharacterOffsetBegin>3219</CharacterOffsetBegin>
            <CharacterOffsetEnd>3223</CharacterOffsetEnd>
            <POS>MD</POS>
            <NER>O</NER>
          </token>
          <token id="28">
            <word>light</word>
            <lemma>light</lemma>
            <CharacterOffsetBegin>3224</CharacterOffsetBegin>
            <CharacterOffsetEnd>3229</CharacterOffsetEnd>
            <POS>VB</POS>
            <NER>O</NER>
          </token>
          <token id="29">
            <word>a</word>
            <lemma>a</lemma>
            <CharacterOffsetBegin>3230</CharacterOffsetBegin>
            <CharacterOffsetEnd>3231</CharacterOffsetEnd>
            <POS>DT</POS>
            <NER>O</NER>
          </token>
          <token id="30">
            <word>fire</word>
            <lemma>fire</lemma>
            <CharacterOffsetBegin>3232</CharacterOffsetBegin>
            <CharacterOffsetEnd>3236</CharacterOffsetEnd>
            <POS>NN</POS>
            <NER>O</NER>
          </token>
          <token id="31">
            <word>that</word>
            <lemma>that</lemma>
            <CharacterOffsetBegin>3237</CharacterOffsetBegin>
            <CharacterOffsetEnd>3241</CharacterOffsetEnd>
            <POS>IN</POS>
            <NER>O</NER>
          </token>
          <token id="32">
            <word>you</word>
            <lemma>you</lemma>
            <CharacterOffsetBegin>3242</CharacterOffsetBegin>
            <CharacterOffsetEnd>3245</CharacterOffsetEnd>
            <POS>PRP</POS>
            <NER>O</NER>
          </token>
          <token id="33">
            <word>may</word>
            <lemma>may</lemma>
            <CharacterOffsetBegin>3246</CharacterOffsetBegin>
            <CharacterOffsetEnd>3249</CharacterOffsetEnd>
            <POS>MD</POS>
            <NER>O</NER>
          </token>
          <token id="34">
            <word>not</word>
            <lemma>not</lemma>
            <CharacterOffsetBegin>3250</CharacterOffsetBegin>
            <CharacterOffsetEnd>3253</CharacterOffsetEnd>
            <POS>RB</POS>
            <NER>O</NER>
          </token>
          <token id="35">
            <word>be</word>
            <lemma>be</lemma>
            <CharacterOffsetBegin>3254</CharacterOffsetBegin>
            <CharacterOffsetEnd>3256</CharacterOffsetEnd>
            <POS>VB</POS>
            <NER>O</NER>
          </token>
          <token id="36">
            <word>cold</word>
            <lemma>cold</lemma>
            <CharacterOffsetBegin>3257</CharacterOffsetBegin>
            <CharacterOffsetEnd>3261</CharacterOffsetEnd>
            <POS>JJ</POS>
            <NER>O</NER>
          </token>
          <token id="37">
            <word>.</word>
            <lemma>.</lemma>
            <CharacterOffsetBegin>3261</CharacterOffsetBegin>
            <CharacterOffsetEnd>3262</CharacterOffsetEnd>
            <POS>.</POS>
            <NER>O</NER>
          </token>
          <token id="38">
            <word>'</word>
            <lemma>'</lemma>
            <CharacterOffsetBegin>3262</CharacterOffsetBegin>
            <CharacterOffsetEnd>3263</CharacterOffsetEnd>
            <POS>''</POS>
            <NER>O</NER>
          </token>
        </tokens>
      </sentence>
      <sentence id="32">
        <tokens>
          <token id="1">
            <word>Hansel</word>
            <lemma>Hansel</lemma>
            <CharacterOffsetBegin>3264</CharacterOffsetBegin>
            <CharacterOffsetEnd>3270</CharacterOffsetEnd>
            <POS>NNP</POS>
            <NER>PERSON</NER>
          </token>
          <token id="2">
            <word>and</word>
            <lemma>and</lemma>
            <CharacterOffsetBegin>3271</CharacterOffsetBegin>
            <CharacterOffsetEnd>3274</CharacterOffsetEnd>
            <POS>CC</POS>
            <NER>O</NER>
          </token>
          <token id="3">
            <word>Gretel</word>
            <lemma>Gretel</lemma>
            <CharacterOffsetBegin>3275</CharacterOffsetBegin>
            <CharacterOffsetEnd>3281</CharacterOffsetEnd>
            <POS>NNP</POS>
            <NER>PERSON</NER>
          </token>
          <token id="4">
            <word>gathered</word>
            <lemma>gather</lemma>
            <CharacterOffsetBegin>3282</CharacterOffsetBegin>
            <CharacterOffsetEnd>3290</CharacterOffsetEnd>
            <POS>VBD</POS>
            <NER>O</NER>
          </token>
          <token id="5">
            <word>brushwood</word>
            <lemma>brushwood</lemma>
            <CharacterOffsetBegin>3291</CharacterOffsetBegin>
            <CharacterOffsetEnd>3300</CharacterOffsetEnd>
            <POS>VBN</POS>
            <NER>O</NER>
          </token>
          <token id="6">
            <word>together</word>
            <lemma>together</lemma>
            <CharacterOffsetBegin>3301</CharacterOffsetBegin>
            <CharacterOffsetEnd>3309</CharacterOffsetEnd>
            <POS>RB</POS>
            <NER>O</NER>
          </token>
          <token id="7">
            <word>,</word>
            <lemma>,</lemma>
            <CharacterOffsetBegin>3309</CharacterOffsetBegin>
            <CharacterOffsetEnd>3310</CharacterOffsetEnd>
            <POS>,</POS>
            <NER>O</NER>
          </token>
          <token id="8">
            <word>as</word>
            <lemma>as</lemma>
            <CharacterOffsetBegin>3311</CharacterOffsetBegin>
            <CharacterOffsetEnd>3313</CharacterOffsetEnd>
            <POS>RB</POS>
            <NER>O</NER>
          </token>
          <token id="9">
            <word>high</word>
            <lemma>high</lemma>
            <CharacterOffsetBegin>3314</CharacterOffsetBegin>
            <CharacterOffsetEnd>3318</CharacterOffsetEnd>
            <POS>JJ</POS>
            <NER>O</NER>
          </token>
          <token id="10">
            <word>as</word>
            <lemma>as</lemma>
            <CharacterOffsetBegin>3319</CharacterOffsetBegin>
            <CharacterOffsetEnd>3321</CharacterOffsetEnd>
            <POS>IN</POS>
            <NER>O</NER>
          </token>
          <token id="11">
            <word>a</word>
            <lemma>a</lemma>
            <CharacterOffsetBegin>3322</CharacterOffsetBegin>
            <CharacterOffsetEnd>3323</CharacterOffsetEnd>
            <POS>DT</POS>
            <NER>O</NER>
          </token>
          <token id="12">
            <word>little</word>
            <lemma>little</lemma>
            <CharacterOffsetBegin>3324</CharacterOffsetBegin>
            <CharacterOffsetEnd>3330</CharacterOffsetEnd>
            <POS>JJ</POS>
            <NER>O</NER>
          </token>
          <token id="13">
            <word>hill</word>
            <lemma>hill</lemma>
            <CharacterOffsetBegin>3331</CharacterOffsetBegin>
            <CharacterOffsetEnd>3335</CharacterOffsetEnd>
            <POS>NN</POS>
            <NER>O</NER>
          </token>
          <token id="14">
            <word>.</word>
            <lemma>.</lemma>
            <CharacterOffsetBegin>3335</CharacterOffsetBegin>
            <CharacterOffsetEnd>3336</CharacterOffsetEnd>
            <POS>.</POS>
            <NER>O</NER>
          </token>
        </tokens>
      </sentence>
      <sentence id="33">
        <tokens>
          <token id="1">
            <word>The</word>
            <lemma>the</lemma>
            <CharacterOffsetBegin>3337</CharacterOffsetBegin>
            <CharacterOffsetEnd>3340</CharacterOffsetEnd>
            <POS>DT</POS>
            <NER>O</NER>
          </token>
          <token id="2">
            <word>brushwood</word>
            <lemma>brushwood</lemma>
            <CharacterOffsetBegin>3341</CharacterOffsetBegin>
            <CharacterOffsetEnd>3350</CharacterOffsetEnd>
            <POS>NN</POS>
            <NER>O</NER>
          </token>
          <token id="3">
            <word>was</word>
            <lemma>be</lemma>
            <CharacterOffsetBegin>3351</CharacterOffsetBegin>
            <CharacterOffsetEnd>3354</CharacterOffsetEnd>
            <POS>VBD</POS>
            <NER>O</NER>
          </token>
          <token id="4">
            <word>lighted</word>
            <lemma>light</lemma>
            <CharacterOffsetBegin>3355</CharacterOffsetBegin>
            <CharacterOffsetEnd>3362</CharacterOffsetEnd>
            <POS>VBN</POS>
            <NER>O</NER>
          </token>
          <token id="5">
            <word>,</word>
            <lemma>,</lemma>
            <CharacterOffsetBegin>3362</CharacterOffsetBegin>
            <CharacterOffsetEnd>3363</CharacterOffsetEnd>
            <POS>,</POS>
            <NER>O</NER>
          </token>
          <token id="6">
            <word>and</word>
            <lemma>and</lemma>
            <CharacterOffsetBegin>3364</CharacterOffsetBegin>
            <CharacterOffsetEnd>3367</CharacterOffsetEnd>
            <POS>CC</POS>
            <NER>O</NER>
          </token>
          <token id="7">
            <word>when</word>
            <lemma>when</lemma>
            <CharacterOffsetBegin>3368</CharacterOffsetBegin>
            <CharacterOffsetEnd>3372</CharacterOffsetEnd>
            <POS>WRB</POS>
            <NER>O</NER>
          </token>
          <token id="8">
            <word>the</word>
            <lemma>the</lemma>
            <CharacterOffsetBegin>3373</CharacterOffsetBegin>
            <CharacterOffsetEnd>3376</CharacterOffsetEnd>
            <POS>DT</POS>
            <NER>O</NER>
          </token>
          <token id="9">
            <word>flames</word>
            <lemma>flame</lemma>
            <CharacterOffsetBegin>3377</CharacterOffsetBegin>
            <CharacterOffsetEnd>3383</CharacterOffsetEnd>
            <POS>NNS</POS>
            <NER>O</NER>
          </token>
          <token id="10">
            <word>were</word>
            <lemma>be</lemma>
            <CharacterOffsetBegin>3384</CharacterOffsetBegin>
            <CharacterOffsetEnd>3388</CharacterOffsetEnd>
            <POS>VBD</POS>
            <NER>O</NER>
          </token>
          <token id="11">
            <word>burning</word>
            <lemma>burn</lemma>
            <CharacterOffsetBegin>3389</CharacterOffsetBegin>
            <CharacterOffsetEnd>3396</CharacterOffsetEnd>
            <POS>VBG</POS>
            <NER>O</NER>
          </token>
          <token id="12">
            <word>very</word>
            <lemma>very</lemma>
            <CharacterOffsetBegin>3397</CharacterOffsetBegin>
            <CharacterOffsetEnd>3401</CharacterOffsetEnd>
            <POS>RB</POS>
            <NER>O</NER>
          </token>
          <token id="13">
            <word>high</word>
            <lemma>high</lemma>
            <CharacterOffsetBegin>3402</CharacterOffsetBegin>
            <CharacterOffsetEnd>3406</CharacterOffsetEnd>
            <POS>JJ</POS>
            <NER>O</NER>
          </token>
          <token id="14">
            <word>,</word>
            <lemma>,</lemma>
            <CharacterOffsetBegin>3406</CharacterOffsetBegin>
            <CharacterOffsetEnd>3407</CharacterOffsetEnd>
            <POS>,</POS>
            <NER>O</NER>
          </token>
          <token id="15">
            <word>the</word>
            <lemma>the</lemma>
            <CharacterOffsetBegin>3408</CharacterOffsetBegin>
            <CharacterOffsetEnd>3411</CharacterOffsetEnd>
            <POS>DT</POS>
            <NER>O</NER>
          </token>
          <token id="16">
            <word>woman</word>
            <lemma>woman</lemma>
            <CharacterOffsetBegin>3412</CharacterOffsetBegin>
            <CharacterOffsetEnd>3417</CharacterOffsetEnd>
            <POS>NN</POS>
            <NER>O</NER>
          </token>
          <token id="17">
            <word>said</word>
            <lemma>say</lemma>
            <CharacterOffsetBegin>3418</CharacterOffsetBegin>
            <CharacterOffsetEnd>3422</CharacterOffsetEnd>
            <POS>VBD</POS>
            <NER>O</NER>
          </token>
          <token id="18">
            <word>:</word>
            <lemma>:</lemma>
            <CharacterOffsetBegin>3422</CharacterOffsetBegin>
            <CharacterOffsetEnd>3423</CharacterOffsetEnd>
            <POS>:</POS>
            <NER>O</NER>
          </token>
          <token id="19">
            <word>`</word>
            <lemma>`</lemma>
            <CharacterOffsetBegin>3424</CharacterOffsetBegin>
            <CharacterOffsetEnd>3425</CharacterOffsetEnd>
            <POS>``</POS>
            <NER>O</NER>
          </token>
          <token id="20">
            <word>Now</word>
            <lemma>now</lemma>
            <CharacterOffsetBegin>3425</CharacterOffsetBegin>
            <CharacterOffsetEnd>3428</CharacterOffsetEnd>
            <POS>RB</POS>
            <NER>DATE</NER>
            <NormalizedNER>PRESENT_REF</NormalizedNER>
            <Timex tid="t11" type="DATE">PRESENT_REF</Timex>
          </token>
          <token id="21">
            <word>,</word>
            <lemma>,</lemma>
            <CharacterOffsetBegin>3428</CharacterOffsetBegin>
            <CharacterOffsetEnd>3429</CharacterOffsetEnd>
            <POS>,</POS>
            <NER>O</NER>
          </token>
          <token id="22">
            <word>children</word>
            <lemma>child</lemma>
            <CharacterOffsetBegin>3430</CharacterOffsetBegin>
            <CharacterOffsetEnd>3438</CharacterOffsetEnd>
            <POS>NNS</POS>
            <NER>O</NER>
          </token>
          <token id="23">
            <word>,</word>
            <lemma>,</lemma>
            <CharacterOffsetBegin>3438</CharacterOffsetBegin>
            <CharacterOffsetEnd>3439</CharacterOffsetEnd>
            <POS>,</POS>
            <NER>O</NER>
          </token>
          <token id="24">
            <word>lay</word>
            <lemma>lay</lemma>
            <CharacterOffsetBegin>3440</CharacterOffsetBegin>
            <CharacterOffsetEnd>3443</CharacterOffsetEnd>
            <POS>VBD</POS>
            <NER>O</NER>
          </token>
          <token id="25">
            <word>yourselves</word>
            <lemma>yourselve</lemma>
            <CharacterOffsetBegin>3444</CharacterOffsetBegin>
            <CharacterOffsetEnd>3454</CharacterOffsetEnd>
            <POS>NNS</POS>
            <NER>O</NER>
          </token>
          <token id="26">
            <word>down</word>
            <lemma>down</lemma>
            <CharacterOffsetBegin>3455</CharacterOffsetBegin>
            <CharacterOffsetEnd>3459</CharacterOffsetEnd>
            <POS>RB</POS>
            <NER>O</NER>
          </token>
          <token id="27">
            <word>by</word>
            <lemma>by</lemma>
            <CharacterOffsetBegin>3460</CharacterOffsetBegin>
            <CharacterOffsetEnd>3462</CharacterOffsetEnd>
            <POS>IN</POS>
            <NER>O</NER>
          </token>
          <token id="28">
            <word>the</word>
            <lemma>the</lemma>
            <CharacterOffsetBegin>3463</CharacterOffsetBegin>
            <CharacterOffsetEnd>3466</CharacterOffsetEnd>
            <POS>DT</POS>
            <NER>O</NER>
          </token>
          <token id="29">
            <word>fire</word>
            <lemma>fire</lemma>
            <CharacterOffsetBegin>3467</CharacterOffsetBegin>
            <CharacterOffsetEnd>3471</CharacterOffsetEnd>
            <POS>NN</POS>
            <NER>O</NER>
          </token>
          <token id="30">
            <word>and</word>
            <lemma>and</lemma>
            <CharacterOffsetBegin>3472</CharacterOffsetBegin>
            <CharacterOffsetEnd>3475</CharacterOffsetEnd>
            <POS>CC</POS>
            <NER>O</NER>
          </token>
          <token id="31">
            <word>rest</word>
            <lemma>rest</lemma>
            <CharacterOffsetBegin>3476</CharacterOffsetBegin>
            <CharacterOffsetEnd>3480</CharacterOffsetEnd>
            <POS>NN</POS>
            <NER>O</NER>
          </token>
          <token id="32">
            <word>,</word>
            <lemma>,</lemma>
            <CharacterOffsetBegin>3480</CharacterOffsetBegin>
            <CharacterOffsetEnd>3481</CharacterOffsetEnd>
            <POS>,</POS>
            <NER>O</NER>
          </token>
          <token id="33">
            <word>we</word>
            <lemma>we</lemma>
            <CharacterOffsetBegin>3482</CharacterOffsetBegin>
            <CharacterOffsetEnd>3484</CharacterOffsetEnd>
            <POS>PRP</POS>
            <NER>O</NER>
          </token>
          <token id="34">
            <word>will</word>
            <lemma>will</lemma>
            <CharacterOffsetBegin>3485</CharacterOffsetBegin>
            <CharacterOffsetEnd>3489</CharacterOffsetEnd>
            <POS>MD</POS>
            <NER>O</NER>
          </token>
          <token id="35">
            <word>go</word>
            <lemma>go</lemma>
            <CharacterOffsetBegin>3490</CharacterOffsetBegin>
            <CharacterOffsetEnd>3492</CharacterOffsetEnd>
            <POS>VB</POS>
            <NER>O</NER>
          </token>
          <token id="36">
            <word>into</word>
            <lemma>into</lemma>
            <CharacterOffsetBegin>3493</CharacterOffsetBegin>
            <CharacterOffsetEnd>3497</CharacterOffsetEnd>
            <POS>IN</POS>
            <NER>O</NER>
          </token>
          <token id="37">
            <word>the</word>
            <lemma>the</lemma>
            <CharacterOffsetBegin>3498</CharacterOffsetBegin>
            <CharacterOffsetEnd>3501</CharacterOffsetEnd>
            <POS>DT</POS>
            <NER>O</NER>
          </token>
          <token id="38">
            <word>forest</word>
            <lemma>forest</lemma>
            <CharacterOffsetBegin>3502</CharacterOffsetBegin>
            <CharacterOffsetEnd>3508</CharacterOffsetEnd>
            <POS>NN</POS>
            <NER>O</NER>
          </token>
          <token id="39">
            <word>and</word>
            <lemma>and</lemma>
            <CharacterOffsetBegin>3509</CharacterOffsetBegin>
            <CharacterOffsetEnd>3512</CharacterOffsetEnd>
            <POS>CC</POS>
            <NER>O</NER>
          </token>
          <token id="40">
            <word>cut</word>
            <lemma>cut</lemma>
            <CharacterOffsetBegin>3513</CharacterOffsetBegin>
            <CharacterOffsetEnd>3516</CharacterOffsetEnd>
            <POS>VB</POS>
            <NER>O</NER>
          </token>
          <token id="41">
            <word>some</word>
            <lemma>some</lemma>
            <CharacterOffsetBegin>3517</CharacterOffsetBegin>
            <CharacterOffsetEnd>3521</CharacterOffsetEnd>
            <POS>DT</POS>
            <NER>O</NER>
          </token>
          <token id="42">
            <word>wood</word>
            <lemma>wood</lemma>
            <CharacterOffsetBegin>3522</CharacterOffsetBegin>
            <CharacterOffsetEnd>3526</CharacterOffsetEnd>
            <POS>NN</POS>
            <NER>O</NER>
          </token>
          <token id="43">
            <word>.</word>
            <lemma>.</lemma>
            <CharacterOffsetBegin>3526</CharacterOffsetBegin>
            <CharacterOffsetEnd>3527</CharacterOffsetEnd>
            <POS>.</POS>
            <NER>O</NER>
          </token>
        </tokens>
      </sentence>
      <sentence id="34">
        <tokens>
          <token id="1">
            <word>When</word>
            <lemma>when</lemma>
            <CharacterOffsetBegin>3528</CharacterOffsetBegin>
            <CharacterOffsetEnd>3532</CharacterOffsetEnd>
            <POS>WRB</POS>
            <NER>O</NER>
          </token>
          <token id="2">
            <word>we</word>
            <lemma>we</lemma>
            <CharacterOffsetBegin>3533</CharacterOffsetBegin>
            <CharacterOffsetEnd>3535</CharacterOffsetEnd>
            <POS>PRP</POS>
            <NER>O</NER>
          </token>
          <token id="3">
            <word>have</word>
            <lemma>have</lemma>
            <CharacterOffsetBegin>3536</CharacterOffsetBegin>
            <CharacterOffsetEnd>3540</CharacterOffsetEnd>
            <POS>VBP</POS>
            <NER>O</NER>
          </token>
          <token id="4">
            <word>done</word>
            <lemma>do</lemma>
            <CharacterOffsetBegin>3541</CharacterOffsetBegin>
            <CharacterOffsetEnd>3545</CharacterOffsetEnd>
            <POS>VBN</POS>
            <NER>O</NER>
          </token>
          <token id="5">
            <word>,</word>
            <lemma>,</lemma>
            <CharacterOffsetBegin>3545</CharacterOffsetBegin>
            <CharacterOffsetEnd>3546</CharacterOffsetEnd>
            <POS>,</POS>
            <NER>O</NER>
          </token>
          <token id="6">
            <word>we</word>
            <lemma>we</lemma>
            <CharacterOffsetBegin>3547</CharacterOffsetBegin>
            <CharacterOffsetEnd>3549</CharacterOffsetEnd>
            <POS>PRP</POS>
            <NER>O</NER>
          </token>
          <token id="7">
            <word>will</word>
            <lemma>will</lemma>
            <CharacterOffsetBegin>3550</CharacterOffsetBegin>
            <CharacterOffsetEnd>3554</CharacterOffsetEnd>
            <POS>MD</POS>
            <NER>O</NER>
          </token>
          <token id="8">
            <word>come</word>
            <lemma>come</lemma>
            <CharacterOffsetBegin>3555</CharacterOffsetBegin>
            <CharacterOffsetEnd>3559</CharacterOffsetEnd>
            <POS>VB</POS>
            <NER>O</NER>
          </token>
          <token id="9">
            <word>back</word>
            <lemma>back</lemma>
            <CharacterOffsetBegin>3560</CharacterOffsetBegin>
            <CharacterOffsetEnd>3564</CharacterOffsetEnd>
            <POS>RB</POS>
            <NER>O</NER>
          </token>
          <token id="10">
            <word>and</word>
            <lemma>and</lemma>
            <CharacterOffsetBegin>3565</CharacterOffsetBegin>
            <CharacterOffsetEnd>3568</CharacterOffsetEnd>
            <POS>CC</POS>
            <NER>O</NER>
          </token>
          <token id="11">
            <word>fetch</word>
            <lemma>fetch</lemma>
            <CharacterOffsetBegin>3569</CharacterOffsetBegin>
            <CharacterOffsetEnd>3574</CharacterOffsetEnd>
            <POS>VB</POS>
            <NER>O</NER>
          </token>
          <token id="12">
            <word>you</word>
            <lemma>you</lemma>
            <CharacterOffsetBegin>3575</CharacterOffsetBegin>
            <CharacterOffsetEnd>3578</CharacterOffsetEnd>
            <POS>PRP</POS>
            <NER>O</NER>
          </token>
          <token id="13">
            <word>away</word>
            <lemma>away</lemma>
            <CharacterOffsetBegin>3579</CharacterOffsetBegin>
            <CharacterOffsetEnd>3583</CharacterOffsetEnd>
            <POS>RB</POS>
            <NER>O</NER>
          </token>
          <token id="14">
            <word>.</word>
            <lemma>.</lemma>
            <CharacterOffsetBegin>3583</CharacterOffsetBegin>
            <CharacterOffsetEnd>3584</CharacterOffsetEnd>
            <POS>.</POS>
            <NER>O</NER>
          </token>
          <token id="15">
            <word>'</word>
            <lemma>'</lemma>
            <CharacterOffsetBegin>3584</CharacterOffsetBegin>
            <CharacterOffsetEnd>3585</CharacterOffsetEnd>
            <POS>''</POS>
            <NER>O</NER>
          </token>
        </tokens>
      </sentence>
      <sentence id="35">
        <tokens>
          <token id="1">
            <word>Hansel</word>
            <lemma>Hansel</lemma>
            <CharacterOffsetBegin>3587</CharacterOffsetBegin>
            <CharacterOffsetEnd>3593</CharacterOffsetEnd>
            <POS>NNP</POS>
            <NER>O</NER>
          </token>
          <token id="2">
            <word>and</word>
            <lemma>and</lemma>
            <CharacterOffsetBegin>3594</CharacterOffsetBegin>
            <CharacterOffsetEnd>3597</CharacterOffsetEnd>
            <POS>CC</POS>
            <NER>O</NER>
          </token>
          <token id="3">
            <word>Gretel</word>
            <lemma>Gretel</lemma>
            <CharacterOffsetBegin>3598</CharacterOffsetBegin>
            <CharacterOffsetEnd>3604</CharacterOffsetEnd>
            <POS>NNP</POS>
            <NER>PERSON</NER>
          </token>
          <token id="4">
            <word>sat</word>
            <lemma>sit</lemma>
            <CharacterOffsetBegin>3605</CharacterOffsetBegin>
            <CharacterOffsetEnd>3608</CharacterOffsetEnd>
            <POS>VBD</POS>
            <NER>O</NER>
          </token>
          <token id="5">
            <word>by</word>
            <lemma>by</lemma>
            <CharacterOffsetBegin>3609</CharacterOffsetBegin>
            <CharacterOffsetEnd>3611</CharacterOffsetEnd>
            <POS>IN</POS>
            <NER>O</NER>
          </token>
          <token id="6">
            <word>the</word>
            <lemma>the</lemma>
            <CharacterOffsetBegin>3612</CharacterOffsetBegin>
            <CharacterOffsetEnd>3615</CharacterOffsetEnd>
            <POS>DT</POS>
            <NER>O</NER>
          </token>
          <token id="7">
            <word>fire</word>
            <lemma>fire</lemma>
            <CharacterOffsetBegin>3616</CharacterOffsetBegin>
            <CharacterOffsetEnd>3620</CharacterOffsetEnd>
            <POS>NN</POS>
            <NER>O</NER>
          </token>
          <token id="8">
            <word>,</word>
            <lemma>,</lemma>
            <CharacterOffsetBegin>3620</CharacterOffsetBegin>
            <CharacterOffsetEnd>3621</CharacterOffsetEnd>
            <POS>,</POS>
            <NER>O</NER>
          </token>
          <token id="9">
            <word>and</word>
            <lemma>and</lemma>
            <CharacterOffsetBegin>3622</CharacterOffsetBegin>
            <CharacterOffsetEnd>3625</CharacterOffsetEnd>
            <POS>CC</POS>
            <NER>O</NER>
          </token>
          <token id="10">
            <word>when</word>
            <lemma>when</lemma>
            <CharacterOffsetBegin>3626</CharacterOffsetBegin>
            <CharacterOffsetEnd>3630</CharacterOffsetEnd>
            <POS>WRB</POS>
            <NER>O</NER>
          </token>
          <token id="11">
            <word>noon</word>
            <lemma>noon</lemma>
            <CharacterOffsetBegin>3631</CharacterOffsetBegin>
            <CharacterOffsetEnd>3635</CharacterOffsetEnd>
            <POS>NN</POS>
            <NER>TIME</NER>
            <NormalizedNER>T12:00</NormalizedNER>
            <Timex tid="t12" type="TIME">T12:00</Timex>
          </token>
          <token id="12">
            <word>came</word>
            <lemma>come</lemma>
            <CharacterOffsetBegin>3636</CharacterOffsetBegin>
            <CharacterOffsetEnd>3640</CharacterOffsetEnd>
            <POS>VBD</POS>
            <NER>O</NER>
          </token>
          <token id="13">
            <word>,</word>
            <lemma>,</lemma>
            <CharacterOffsetBegin>3640</CharacterOffsetBegin>
            <CharacterOffsetEnd>3641</CharacterOffsetEnd>
            <POS>,</POS>
            <NER>O</NER>
          </token>
          <token id="14">
            <word>each</word>
            <lemma>each</lemma>
            <CharacterOffsetBegin>3642</CharacterOffsetBegin>
            <CharacterOffsetEnd>3646</CharacterOffsetEnd>
            <POS>DT</POS>
            <NER>O</NER>
          </token>
          <token id="15">
            <word>ate</word>
            <lemma>eat</lemma>
            <CharacterOffsetBegin>3647</CharacterOffsetBegin>
            <CharacterOffsetEnd>3650</CharacterOffsetEnd>
            <POS>VBD</POS>
            <NER>O</NER>
          </token>
          <token id="16">
            <word>a</word>
            <lemma>a</lemma>
            <CharacterOffsetBegin>3651</CharacterOffsetBegin>
            <CharacterOffsetEnd>3652</CharacterOffsetEnd>
            <POS>DT</POS>
            <NER>O</NER>
          </token>
          <token id="17">
            <word>little</word>
            <lemma>little</lemma>
            <CharacterOffsetBegin>3653</CharacterOffsetBegin>
            <CharacterOffsetEnd>3659</CharacterOffsetEnd>
            <POS>JJ</POS>
            <NER>O</NER>
          </token>
          <token id="18">
            <word>piece</word>
            <lemma>piece</lemma>
            <CharacterOffsetBegin>3660</CharacterOffsetBegin>
            <CharacterOffsetEnd>3665</CharacterOffsetEnd>
            <POS>NN</POS>
            <NER>O</NER>
          </token>
          <token id="19">
            <word>of</word>
            <lemma>of</lemma>
            <CharacterOffsetBegin>3666</CharacterOffsetBegin>
            <CharacterOffsetEnd>3668</CharacterOffsetEnd>
            <POS>IN</POS>
            <NER>O</NER>
          </token>
          <token id="20">
            <word>bread</word>
            <lemma>bread</lemma>
            <CharacterOffsetBegin>3669</CharacterOffsetBegin>
            <CharacterOffsetEnd>3674</CharacterOffsetEnd>
            <POS>NN</POS>
            <NER>O</NER>
          </token>
          <token id="21">
            <word>,</word>
            <lemma>,</lemma>
            <CharacterOffsetBegin>3674</CharacterOffsetBegin>
            <CharacterOffsetEnd>3675</CharacterOffsetEnd>
            <POS>,</POS>
            <NER>O</NER>
          </token>
          <token id="22">
            <word>and</word>
            <lemma>and</lemma>
            <CharacterOffsetBegin>3676</CharacterOffsetBegin>
            <CharacterOffsetEnd>3679</CharacterOffsetEnd>
            <POS>CC</POS>
            <NER>O</NER>
          </token>
          <token id="23">
            <word>as</word>
            <lemma>as</lemma>
            <CharacterOffsetBegin>3680</CharacterOffsetBegin>
            <CharacterOffsetEnd>3682</CharacterOffsetEnd>
            <POS>IN</POS>
            <NER>O</NER>
          </token>
          <token id="24">
            <word>they</word>
            <lemma>they</lemma>
            <CharacterOffsetBegin>3683</CharacterOffsetBegin>
            <CharacterOffsetEnd>3687</CharacterOffsetEnd>
            <POS>PRP</POS>
            <NER>O</NER>
          </token>
          <token id="25">
            <word>heard</word>
            <lemma>hear</lemma>
            <CharacterOffsetBegin>3688</CharacterOffsetBegin>
            <CharacterOffsetEnd>3693</CharacterOffsetEnd>
            <POS>VBD</POS>
            <NER>O</NER>
          </token>
          <token id="26">
            <word>the</word>
            <lemma>the</lemma>
            <CharacterOffsetBegin>3694</CharacterOffsetBegin>
            <CharacterOffsetEnd>3697</CharacterOffsetEnd>
            <POS>DT</POS>
            <NER>O</NER>
          </token>
          <token id="27">
            <word>strokes</word>
            <lemma>stroke</lemma>
            <CharacterOffsetBegin>3698</CharacterOffsetBegin>
            <CharacterOffsetEnd>3705</CharacterOffsetEnd>
            <POS>NNS</POS>
            <NER>O</NER>
          </token>
          <token id="28">
            <word>of</word>
            <lemma>of</lemma>
            <CharacterOffsetBegin>3706</CharacterOffsetBegin>
            <CharacterOffsetEnd>3708</CharacterOffsetEnd>
            <POS>IN</POS>
            <NER>O</NER>
          </token>
          <token id="29">
            <word>the</word>
            <lemma>the</lemma>
            <CharacterOffsetBegin>3709</CharacterOffsetBegin>
            <CharacterOffsetEnd>3712</CharacterOffsetEnd>
            <POS>DT</POS>
            <NER>O</NER>
          </token>
          <token id="30">
            <word>wood-axe</word>
            <lemma>wood-axe</lemma>
            <CharacterOffsetBegin>3713</CharacterOffsetBegin>
            <CharacterOffsetEnd>3721</CharacterOffsetEnd>
            <POS>NN</POS>
            <NER>O</NER>
          </token>
          <token id="31">
            <word>they</word>
            <lemma>they</lemma>
            <CharacterOffsetBegin>3722</CharacterOffsetBegin>
            <CharacterOffsetEnd>3726</CharacterOffsetEnd>
            <POS>PRP</POS>
            <NER>O</NER>
          </token>
          <token id="32">
            <word>believed</word>
            <lemma>believe</lemma>
            <CharacterOffsetBegin>3727</CharacterOffsetBegin>
            <CharacterOffsetEnd>3735</CharacterOffsetEnd>
            <POS>VBD</POS>
            <NER>O</NER>
          </token>
          <token id="33">
            <word>that</word>
            <lemma>that</lemma>
            <CharacterOffsetBegin>3736</CharacterOffsetBegin>
            <CharacterOffsetEnd>3740</CharacterOffsetEnd>
            <POS>IN</POS>
            <NER>O</NER>
          </token>
          <token id="34">
            <word>their</word>
            <lemma>they</lemma>
            <CharacterOffsetBegin>3741</CharacterOffsetBegin>
            <CharacterOffsetEnd>3746</CharacterOffsetEnd>
            <POS>PRP$</POS>
            <NER>O</NER>
          </token>
          <token id="35">
            <word>father</word>
            <lemma>father</lemma>
            <CharacterOffsetBegin>3747</CharacterOffsetBegin>
            <CharacterOffsetEnd>3753</CharacterOffsetEnd>
            <POS>NN</POS>
            <NER>O</NER>
          </token>
          <token id="36">
            <word>was</word>
            <lemma>be</lemma>
            <CharacterOffsetBegin>3754</CharacterOffsetBegin>
            <CharacterOffsetEnd>3757</CharacterOffsetEnd>
            <POS>VBD</POS>
            <NER>O</NER>
          </token>
          <token id="37">
            <word>near</word>
            <lemma>near</lemma>
            <CharacterOffsetBegin>3758</CharacterOffsetBegin>
            <CharacterOffsetEnd>3762</CharacterOffsetEnd>
            <POS>RB</POS>
            <NER>O</NER>
          </token>
          <token id="38">
            <word>.</word>
            <lemma>.</lemma>
            <CharacterOffsetBegin>3762</CharacterOffsetBegin>
            <CharacterOffsetEnd>3763</CharacterOffsetEnd>
            <POS>.</POS>
            <NER>O</NER>
          </token>
        </tokens>
      </sentence>
      <sentence id="36">
        <tokens>
          <token id="1">
            <word>It</word>
            <lemma>it</lemma>
            <CharacterOffsetBegin>3764</CharacterOffsetBegin>
            <CharacterOffsetEnd>3766</CharacterOffsetEnd>
            <POS>PRP</POS>
            <NER>O</NER>
          </token>
          <token id="2">
            <word>was</word>
            <lemma>be</lemma>
            <CharacterOffsetBegin>3767</CharacterOffsetBegin>
            <CharacterOffsetEnd>3770</CharacterOffsetEnd>
            <POS>VBD</POS>
            <NER>O</NER>
          </token>
          <token id="3">
            <word>not</word>
            <lemma>not</lemma>
            <CharacterOffsetBegin>3771</CharacterOffsetBegin>
            <CharacterOffsetEnd>3774</CharacterOffsetEnd>
            <POS>RB</POS>
            <NER>O</NER>
          </token>
          <token id="4">
            <word>the</word>
            <lemma>the</lemma>
            <CharacterOffsetBegin>3775</CharacterOffsetBegin>
            <CharacterOffsetEnd>3778</CharacterOffsetEnd>
            <POS>DT</POS>
            <NER>O</NER>
          </token>
          <token id="5">
            <word>axe</word>
            <lemma>axe</lemma>
            <CharacterOffsetBegin>3779</CharacterOffsetBegin>
            <CharacterOffsetEnd>3782</CharacterOffsetEnd>
            <POS>NN</POS>
            <NER>O</NER>
          </token>
          <token id="6">
            <word>,</word>
            <lemma>,</lemma>
            <CharacterOffsetBegin>3782</CharacterOffsetBegin>
            <CharacterOffsetEnd>3783</CharacterOffsetEnd>
            <POS>,</POS>
            <NER>O</NER>
          </token>
          <token id="7">
            <word>however</word>
            <lemma>however</lemma>
            <CharacterOffsetBegin>3784</CharacterOffsetBegin>
            <CharacterOffsetEnd>3791</CharacterOffsetEnd>
            <POS>RB</POS>
            <NER>O</NER>
          </token>
          <token id="8">
            <word>,</word>
            <lemma>,</lemma>
            <CharacterOffsetBegin>3791</CharacterOffsetBegin>
            <CharacterOffsetEnd>3792</CharacterOffsetEnd>
            <POS>,</POS>
            <NER>O</NER>
          </token>
          <token id="9">
            <word>but</word>
            <lemma>but</lemma>
            <CharacterOffsetBegin>3793</CharacterOffsetBegin>
            <CharacterOffsetEnd>3796</CharacterOffsetEnd>
            <POS>CC</POS>
            <NER>O</NER>
          </token>
          <token id="10">
            <word>a</word>
            <lemma>a</lemma>
            <CharacterOffsetBegin>3797</CharacterOffsetBegin>
            <CharacterOffsetEnd>3798</CharacterOffsetEnd>
            <POS>DT</POS>
            <NER>O</NER>
          </token>
          <token id="11">
            <word>branch</word>
            <lemma>branch</lemma>
            <CharacterOffsetBegin>3799</CharacterOffsetBegin>
            <CharacterOffsetEnd>3805</CharacterOffsetEnd>
            <POS>NN</POS>
            <NER>O</NER>
          </token>
          <token id="12">
            <word>which</word>
            <lemma>which</lemma>
            <CharacterOffsetBegin>3806</CharacterOffsetBegin>
            <CharacterOffsetEnd>3811</CharacterOffsetEnd>
            <POS>WDT</POS>
            <NER>O</NER>
          </token>
          <token id="13">
            <word>he</word>
            <lemma>he</lemma>
            <CharacterOffsetBegin>3812</CharacterOffsetBegin>
            <CharacterOffsetEnd>3814</CharacterOffsetEnd>
            <POS>PRP</POS>
            <NER>O</NER>
          </token>
          <token id="14">
            <word>had</word>
            <lemma>have</lemma>
            <CharacterOffsetBegin>3815</CharacterOffsetBegin>
            <CharacterOffsetEnd>3818</CharacterOffsetEnd>
            <POS>VBD</POS>
            <NER>O</NER>
          </token>
          <token id="15">
            <word>fastened</word>
            <lemma>fasten</lemma>
            <CharacterOffsetBegin>3819</CharacterOffsetBegin>
            <CharacterOffsetEnd>3827</CharacterOffsetEnd>
            <POS>VBN</POS>
            <NER>O</NER>
          </token>
          <token id="16">
            <word>to</word>
            <lemma>to</lemma>
            <CharacterOffsetBegin>3828</CharacterOffsetBegin>
            <CharacterOffsetEnd>3830</CharacterOffsetEnd>
            <POS>TO</POS>
            <NER>O</NER>
          </token>
          <token id="17">
            <word>a</word>
            <lemma>a</lemma>
            <CharacterOffsetBegin>3831</CharacterOffsetBegin>
            <CharacterOffsetEnd>3832</CharacterOffsetEnd>
            <POS>DT</POS>
            <NER>O</NER>
          </token>
          <token id="18">
            <word>withered</word>
            <lemma>withered</lemma>
            <CharacterOffsetBegin>3833</CharacterOffsetBegin>
            <CharacterOffsetEnd>3841</CharacterOffsetEnd>
            <POS>JJ</POS>
            <NER>O</NER>
          </token>
          <token id="19">
            <word>tree</word>
            <lemma>tree</lemma>
            <CharacterOffsetBegin>3842</CharacterOffsetBegin>
            <CharacterOffsetEnd>3846</CharacterOffsetEnd>
            <POS>NN</POS>
            <NER>O</NER>
          </token>
          <token id="20">
            <word>which</word>
            <lemma>which</lemma>
            <CharacterOffsetBegin>3847</CharacterOffsetBegin>
            <CharacterOffsetEnd>3852</CharacterOffsetEnd>
            <POS>WDT</POS>
            <NER>O</NER>
          </token>
          <token id="21">
            <word>the</word>
            <lemma>the</lemma>
            <CharacterOffsetBegin>3853</CharacterOffsetBegin>
            <CharacterOffsetEnd>3856</CharacterOffsetEnd>
            <POS>DT</POS>
            <NER>O</NER>
          </token>
          <token id="22">
            <word>wind</word>
            <lemma>wind</lemma>
            <CharacterOffsetBegin>3857</CharacterOffsetBegin>
            <CharacterOffsetEnd>3861</CharacterOffsetEnd>
            <POS>NN</POS>
            <NER>O</NER>
          </token>
          <token id="23">
            <word>was</word>
            <lemma>be</lemma>
            <CharacterOffsetBegin>3862</CharacterOffsetBegin>
            <CharacterOffsetEnd>3865</CharacterOffsetEnd>
            <POS>VBD</POS>
            <NER>O</NER>
          </token>
          <token id="24">
            <word>blowing</word>
            <lemma>blow</lemma>
            <CharacterOffsetBegin>3866</CharacterOffsetBegin>
            <CharacterOffsetEnd>3873</CharacterOffsetEnd>
            <POS>VBG</POS>
            <NER>O</NER>
          </token>
          <token id="25">
            <word>backwards</word>
            <lemma>backwards</lemma>
            <CharacterOffsetBegin>3874</CharacterOffsetBegin>
            <CharacterOffsetEnd>3883</CharacterOffsetEnd>
            <POS>RB</POS>
            <NER>O</NER>
          </token>
          <token id="26">
            <word>and</word>
            <lemma>and</lemma>
            <CharacterOffsetBegin>3884</CharacterOffsetBegin>
            <CharacterOffsetEnd>3887</CharacterOffsetEnd>
            <POS>CC</POS>
            <NER>O</NER>
          </token>
          <token id="27">
            <word>forwards</word>
            <lemma>forwards</lemma>
            <CharacterOffsetBegin>3888</CharacterOffsetBegin>
            <CharacterOffsetEnd>3896</CharacterOffsetEnd>
            <POS>RB</POS>
            <NER>O</NER>
          </token>
          <token id="28">
            <word>.</word>
            <lemma>.</lemma>
            <CharacterOffsetBegin>3896</CharacterOffsetBegin>
            <CharacterOffsetEnd>3897</CharacterOffsetEnd>
            <POS>.</POS>
            <NER>O</NER>
          </token>
        </tokens>
      </sentence>
      <sentence id="37">
        <tokens>
          <token id="1">
            <word>And</word>
            <lemma>and</lemma>
            <CharacterOffsetBegin>3898</CharacterOffsetBegin>
            <CharacterOffsetEnd>3901</CharacterOffsetEnd>
            <POS>CC</POS>
            <NER>O</NER>
          </token>
          <token id="2">
            <word>as</word>
            <lemma>as</lemma>
            <CharacterOffsetBegin>3902</CharacterOffsetBegin>
            <CharacterOffsetEnd>3904</CharacterOffsetEnd>
            <POS>IN</POS>
            <NER>O</NER>
          </token>
          <token id="3">
            <word>they</word>
            <lemma>they</lemma>
            <CharacterOffsetBegin>3905</CharacterOffsetBegin>
            <CharacterOffsetEnd>3909</CharacterOffsetEnd>
            <POS>PRP</POS>
            <NER>O</NER>
          </token>
          <token id="4">
            <word>had</word>
            <lemma>have</lemma>
            <CharacterOffsetBegin>3910</CharacterOffsetBegin>
            <CharacterOffsetEnd>3913</CharacterOffsetEnd>
            <POS>VBD</POS>
            <NER>O</NER>
          </token>
          <token id="5">
            <word>been</word>
            <lemma>be</lemma>
            <CharacterOffsetBegin>3914</CharacterOffsetBegin>
            <CharacterOffsetEnd>3918</CharacterOffsetEnd>
            <POS>VBN</POS>
            <NER>O</NER>
          </token>
          <token id="6">
            <word>sitting</word>
            <lemma>sit</lemma>
            <CharacterOffsetBegin>3919</CharacterOffsetBegin>
            <CharacterOffsetEnd>3926</CharacterOffsetEnd>
            <POS>VBG</POS>
            <NER>O</NER>
          </token>
          <token id="7">
            <word>such</word>
            <lemma>such</lemma>
            <CharacterOffsetBegin>3927</CharacterOffsetBegin>
            <CharacterOffsetEnd>3931</CharacterOffsetEnd>
            <POS>JJ</POS>
            <NER>O</NER>
          </token>
          <token id="8">
            <word>a</word>
            <lemma>a</lemma>
            <CharacterOffsetBegin>3932</CharacterOffsetBegin>
            <CharacterOffsetEnd>3933</CharacterOffsetEnd>
            <POS>DT</POS>
            <NER>O</NER>
          </token>
          <token id="9">
            <word>long</word>
            <lemma>long</lemma>
            <CharacterOffsetBegin>3934</CharacterOffsetBegin>
            <CharacterOffsetEnd>3938</CharacterOffsetEnd>
            <POS>JJ</POS>
            <NER>O</NER>
          </token>
          <token id="10">
            <word>time</word>
            <lemma>time</lemma>
            <CharacterOffsetBegin>3939</CharacterOffsetBegin>
            <CharacterOffsetEnd>3943</CharacterOffsetEnd>
            <POS>NN</POS>
            <NER>O</NER>
          </token>
          <token id="11">
            <word>,</word>
            <lemma>,</lemma>
            <CharacterOffsetBegin>3943</CharacterOffsetBegin>
            <CharacterOffsetEnd>3944</CharacterOffsetEnd>
            <POS>,</POS>
            <NER>O</NER>
          </token>
          <token id="12">
            <word>their</word>
            <lemma>they</lemma>
            <CharacterOffsetBegin>3945</CharacterOffsetBegin>
            <CharacterOffsetEnd>3950</CharacterOffsetEnd>
            <POS>PRP$</POS>
            <NER>O</NER>
          </token>
          <token id="13">
            <word>eyes</word>
            <lemma>eye</lemma>
            <CharacterOffsetBegin>3951</CharacterOffsetBegin>
            <CharacterOffsetEnd>3955</CharacterOffsetEnd>
            <POS>NNS</POS>
            <NER>O</NER>
          </token>
          <token id="14">
            <word>closed</word>
            <lemma>close</lemma>
            <CharacterOffsetBegin>3956</CharacterOffsetBegin>
            <CharacterOffsetEnd>3962</CharacterOffsetEnd>
            <POS>VBD</POS>
            <NER>O</NER>
          </token>
          <token id="15">
            <word>with</word>
            <lemma>with</lemma>
            <CharacterOffsetBegin>3963</CharacterOffsetBegin>
            <CharacterOffsetEnd>3967</CharacterOffsetEnd>
            <POS>IN</POS>
            <NER>O</NER>
          </token>
          <token id="16">
            <word>fatigue</word>
            <lemma>fatigue</lemma>
            <CharacterOffsetBegin>3968</CharacterOffsetBegin>
            <CharacterOffsetEnd>3975</CharacterOffsetEnd>
            <POS>NN</POS>
            <NER>O</NER>
          </token>
          <token id="17">
            <word>,</word>
            <lemma>,</lemma>
            <CharacterOffsetBegin>3975</CharacterOffsetBegin>
            <CharacterOffsetEnd>3976</CharacterOffsetEnd>
            <POS>,</POS>
            <NER>O</NER>
          </token>
          <token id="18">
            <word>and</word>
            <lemma>and</lemma>
            <CharacterOffsetBegin>3977</CharacterOffsetBegin>
            <CharacterOffsetEnd>3980</CharacterOffsetEnd>
            <POS>CC</POS>
            <NER>O</NER>
          </token>
          <token id="19">
            <word>they</word>
            <lemma>they</lemma>
            <CharacterOffsetBegin>3981</CharacterOffsetBegin>
            <CharacterOffsetEnd>3985</CharacterOffsetEnd>
            <POS>PRP</POS>
            <NER>O</NER>
          </token>
          <token id="20">
            <word>fell</word>
            <lemma>fall</lemma>
            <CharacterOffsetBegin>3986</CharacterOffsetBegin>
            <CharacterOffsetEnd>3990</CharacterOffsetEnd>
            <POS>VBD</POS>
            <NER>O</NER>
          </token>
          <token id="21">
            <word>fast</word>
            <lemma>fast</lemma>
            <CharacterOffsetBegin>3991</CharacterOffsetBegin>
            <CharacterOffsetEnd>3995</CharacterOffsetEnd>
            <POS>RB</POS>
            <NER>O</NER>
          </token>
          <token id="22">
            <word>asleep</word>
            <lemma>asleep</lemma>
            <CharacterOffsetBegin>3996</CharacterOffsetBegin>
            <CharacterOffsetEnd>4002</CharacterOffsetEnd>
            <POS>RB</POS>
            <NER>O</NER>
          </token>
          <token id="23">
            <word>.</word>
            <lemma>.</lemma>
            <CharacterOffsetBegin>4002</CharacterOffsetBegin>
            <CharacterOffsetEnd>4003</CharacterOffsetEnd>
            <POS>.</POS>
            <NER>O</NER>
          </token>
        </tokens>
      </sentence>
      <sentence id="38">
        <tokens>
          <token id="1">
            <word>When</word>
            <lemma>when</lemma>
            <CharacterOffsetBegin>4004</CharacterOffsetBegin>
            <CharacterOffsetEnd>4008</CharacterOffsetEnd>
            <POS>WRB</POS>
            <NER>O</NER>
          </token>
          <token id="2">
            <word>at</word>
            <lemma>at</lemma>
            <CharacterOffsetBegin>4009</CharacterOffsetBegin>
            <CharacterOffsetEnd>4011</CharacterOffsetEnd>
            <POS>IN</POS>
            <NER>O</NER>
          </token>
          <token id="3">
            <word>last</word>
            <lemma>last</lemma>
            <CharacterOffsetBegin>4012</CharacterOffsetBegin>
            <CharacterOffsetEnd>4016</CharacterOffsetEnd>
            <POS>JJ</POS>
            <NER>O</NER>
          </token>
          <token id="4">
            <word>they</word>
            <lemma>they</lemma>
            <CharacterOffsetBegin>4017</CharacterOffsetBegin>
            <CharacterOffsetEnd>4021</CharacterOffsetEnd>
            <POS>PRP</POS>
            <NER>O</NER>
          </token>
          <token id="5">
            <word>awoke</word>
            <lemma>awake</lemma>
            <CharacterOffsetBegin>4022</CharacterOffsetBegin>
            <CharacterOffsetEnd>4027</CharacterOffsetEnd>
            <POS>VBD</POS>
            <NER>O</NER>
          </token>
          <token id="6">
            <word>,</word>
            <lemma>,</lemma>
            <CharacterOffsetBegin>4027</CharacterOffsetBegin>
            <CharacterOffsetEnd>4028</CharacterOffsetEnd>
            <POS>,</POS>
            <NER>O</NER>
          </token>
          <token id="7">
            <word>it</word>
            <lemma>it</lemma>
            <CharacterOffsetBegin>4029</CharacterOffsetBegin>
            <CharacterOffsetEnd>4031</CharacterOffsetEnd>
            <POS>PRP</POS>
            <NER>O</NER>
          </token>
          <token id="8">
            <word>was</word>
            <lemma>be</lemma>
            <CharacterOffsetBegin>4032</CharacterOffsetBegin>
            <CharacterOffsetEnd>4035</CharacterOffsetEnd>
            <POS>VBD</POS>
            <NER>O</NER>
          </token>
          <token id="9">
            <word>already</word>
            <lemma>already</lemma>
            <CharacterOffsetBegin>4036</CharacterOffsetBegin>
            <CharacterOffsetEnd>4043</CharacterOffsetEnd>
            <POS>RB</POS>
            <NER>O</NER>
          </token>
          <token id="10">
            <word>dark</word>
            <lemma>dark</lemma>
            <CharacterOffsetBegin>4044</CharacterOffsetBegin>
            <CharacterOffsetEnd>4048</CharacterOffsetEnd>
            <POS>JJ</POS>
            <NER>O</NER>
          </token>
          <token id="11">
            <word>night</word>
            <lemma>night</lemma>
            <CharacterOffsetBegin>4049</CharacterOffsetBegin>
            <CharacterOffsetEnd>4054</CharacterOffsetEnd>
            <POS>NN</POS>
            <NER>TIME</NER>
            <NormalizedNER>TNI</NormalizedNER>
            <Timex tid="t13" type="TIME">TNI</Timex>
          </token>
          <token id="12">
            <word>.</word>
            <lemma>.</lemma>
            <CharacterOffsetBegin>4054</CharacterOffsetBegin>
            <CharacterOffsetEnd>4055</CharacterOffsetEnd>
            <POS>.</POS>
            <NER>O</NER>
          </token>
        </tokens>
      </sentence>
      <sentence id="39">
        <tokens>
          <token id="1">
            <word>Gretel</word>
            <lemma>Gretel</lemma>
            <CharacterOffsetBegin>4056</CharacterOffsetBegin>
            <CharacterOffsetEnd>4062</CharacterOffsetEnd>
            <POS>NNP</POS>
            <NER>PERSON</NER>
          </token>
          <token id="2">
            <word>began</word>
            <lemma>begin</lemma>
            <CharacterOffsetBegin>4063</CharacterOffsetBegin>
            <CharacterOffsetEnd>4068</CharacterOffsetEnd>
            <POS>VBD</POS>
            <NER>O</NER>
          </token>
          <token id="3">
            <word>to</word>
            <lemma>to</lemma>
            <CharacterOffsetBegin>4069</CharacterOffsetBegin>
            <CharacterOffsetEnd>4071</CharacterOffsetEnd>
            <POS>TO</POS>
            <NER>O</NER>
          </token>
          <token id="4">
            <word>cry</word>
            <lemma>cry</lemma>
            <CharacterOffsetBegin>4072</CharacterOffsetBegin>
            <CharacterOffsetEnd>4075</CharacterOffsetEnd>
            <POS>VB</POS>
            <NER>O</NER>
          </token>
          <token id="5">
            <word>and</word>
            <lemma>and</lemma>
            <CharacterOffsetBegin>4076</CharacterOffsetBegin>
            <CharacterOffsetEnd>4079</CharacterOffsetEnd>
            <POS>CC</POS>
            <NER>O</NER>
          </token>
          <token id="6">
            <word>said</word>
            <lemma>say</lemma>
            <CharacterOffsetBegin>4080</CharacterOffsetBegin>
            <CharacterOffsetEnd>4084</CharacterOffsetEnd>
            <POS>VBD</POS>
            <NER>O</NER>
          </token>
          <token id="7">
            <word>:</word>
            <lemma>:</lemma>
            <CharacterOffsetBegin>4084</CharacterOffsetBegin>
            <CharacterOffsetEnd>4085</CharacterOffsetEnd>
            <POS>:</POS>
            <NER>O</NER>
          </token>
          <token id="8">
            <word>`</word>
            <lemma>`</lemma>
            <CharacterOffsetBegin>4086</CharacterOffsetBegin>
            <CharacterOffsetEnd>4087</CharacterOffsetEnd>
            <POS>``</POS>
            <NER>O</NER>
          </token>
          <token id="9">
            <word>How</word>
            <lemma>how</lemma>
            <CharacterOffsetBegin>4087</CharacterOffsetBegin>
            <CharacterOffsetEnd>4090</CharacterOffsetEnd>
            <POS>WRB</POS>
            <NER>O</NER>
          </token>
          <token id="10">
            <word>are</word>
            <lemma>be</lemma>
            <CharacterOffsetBegin>4091</CharacterOffsetBegin>
            <CharacterOffsetEnd>4094</CharacterOffsetEnd>
            <POS>VBP</POS>
            <NER>O</NER>
          </token>
          <token id="11">
            <word>we</word>
            <lemma>we</lemma>
            <CharacterOffsetBegin>4095</CharacterOffsetBegin>
            <CharacterOffsetEnd>4097</CharacterOffsetEnd>
            <POS>PRP</POS>
            <NER>O</NER>
          </token>
          <token id="12">
            <word>to</word>
            <lemma>to</lemma>
            <CharacterOffsetBegin>4098</CharacterOffsetBegin>
            <CharacterOffsetEnd>4100</CharacterOffsetEnd>
            <POS>TO</POS>
            <NER>O</NER>
          </token>
          <token id="13">
            <word>get</word>
            <lemma>get</lemma>
            <CharacterOffsetBegin>4101</CharacterOffsetBegin>
            <CharacterOffsetEnd>4104</CharacterOffsetEnd>
            <POS>VB</POS>
            <NER>O</NER>
          </token>
          <token id="14">
            <word>out</word>
            <lemma>out</lemma>
            <CharacterOffsetBegin>4105</CharacterOffsetBegin>
            <CharacterOffsetEnd>4108</CharacterOffsetEnd>
            <POS>IN</POS>
            <NER>O</NER>
          </token>
          <token id="15">
            <word>of</word>
            <lemma>of</lemma>
            <CharacterOffsetBegin>4109</CharacterOffsetBegin>
            <CharacterOffsetEnd>4111</CharacterOffsetEnd>
            <POS>IN</POS>
            <NER>O</NER>
          </token>
          <token id="16">
            <word>the</word>
            <lemma>the</lemma>
            <CharacterOffsetBegin>4112</CharacterOffsetBegin>
            <CharacterOffsetEnd>4115</CharacterOffsetEnd>
            <POS>DT</POS>
            <NER>O</NER>
          </token>
          <token id="17">
            <word>forest</word>
            <lemma>forest</lemma>
            <CharacterOffsetBegin>4116</CharacterOffsetBegin>
            <CharacterOffsetEnd>4122</CharacterOffsetEnd>
            <POS>NN</POS>
            <NER>O</NER>
          </token>
          <token id="18">
            <word>now</word>
            <lemma>now</lemma>
            <CharacterOffsetBegin>4123</CharacterOffsetBegin>
            <CharacterOffsetEnd>4126</CharacterOffsetEnd>
            <POS>RB</POS>
            <NER>DATE</NER>
            <NormalizedNER>PRESENT_REF</NormalizedNER>
            <Timex tid="t14" type="DATE">PRESENT_REF</Timex>
          </token>
          <token id="19">
            <word>?</word>
            <lemma>?</lemma>
            <CharacterOffsetBegin>4126</CharacterOffsetBegin>
            <CharacterOffsetEnd>4127</CharacterOffsetEnd>
            <POS>.</POS>
            <NER>O</NER>
          </token>
          <token id="20">
            <word>'</word>
            <lemma>'</lemma>
            <CharacterOffsetBegin>4127</CharacterOffsetBegin>
            <CharacterOffsetEnd>4128</CharacterOffsetEnd>
            <POS>''</POS>
            <NER>O</NER>
          </token>
        </tokens>
      </sentence>
      <sentence id="40">
        <tokens>
          <token id="1">
            <word>But</word>
            <lemma>but</lemma>
            <CharacterOffsetBegin>4129</CharacterOffsetBegin>
            <CharacterOffsetEnd>4132</CharacterOffsetEnd>
            <POS>CC</POS>
            <NER>O</NER>
          </token>
          <token id="2">
            <word>Hansel</word>
            <lemma>Hansel</lemma>
            <CharacterOffsetBegin>4133</CharacterOffsetBegin>
            <CharacterOffsetEnd>4139</CharacterOffsetEnd>
            <POS>NNP</POS>
            <NER>PERSON</NER>
          </token>
          <token id="3">
            <word>comforted</word>
            <lemma>comfort</lemma>
            <CharacterOffsetBegin>4140</CharacterOffsetBegin>
            <CharacterOffsetEnd>4149</CharacterOffsetEnd>
            <POS>VBD</POS>
            <NER>O</NER>
          </token>
          <token id="4">
            <word>her</word>
            <lemma>she</lemma>
            <CharacterOffsetBegin>4150</CharacterOffsetBegin>
            <CharacterOffsetEnd>4153</CharacterOffsetEnd>
            <POS>PRP</POS>
            <NER>O</NER>
          </token>
          <token id="5">
            <word>and</word>
            <lemma>and</lemma>
            <CharacterOffsetBegin>4154</CharacterOffsetBegin>
            <CharacterOffsetEnd>4157</CharacterOffsetEnd>
            <POS>CC</POS>
            <NER>O</NER>
          </token>
          <token id="6">
            <word>said</word>
            <lemma>say</lemma>
            <CharacterOffsetBegin>4158</CharacterOffsetBegin>
            <CharacterOffsetEnd>4162</CharacterOffsetEnd>
            <POS>VBD</POS>
            <NER>O</NER>
          </token>
          <token id="7">
            <word>:</word>
            <lemma>:</lemma>
            <CharacterOffsetBegin>4162</CharacterOffsetBegin>
            <CharacterOffsetEnd>4163</CharacterOffsetEnd>
            <POS>:</POS>
            <NER>O</NER>
          </token>
          <token id="8">
            <word>`</word>
            <lemma>`</lemma>
            <CharacterOffsetBegin>4164</CharacterOffsetBegin>
            <CharacterOffsetEnd>4165</CharacterOffsetEnd>
            <POS>``</POS>
            <NER>O</NER>
          </token>
          <token id="9">
            <word>Just</word>
            <lemma>just</lemma>
            <CharacterOffsetBegin>4165</CharacterOffsetBegin>
            <CharacterOffsetEnd>4169</CharacterOffsetEnd>
            <POS>RB</POS>
            <NER>O</NER>
          </token>
          <token id="10">
            <word>wait</word>
            <lemma>wait</lemma>
            <CharacterOffsetBegin>4170</CharacterOffsetBegin>
            <CharacterOffsetEnd>4174</CharacterOffsetEnd>
            <POS>VB</POS>
            <NER>O</NER>
          </token>
          <token id="11">
            <word>a</word>
            <lemma>a</lemma>
            <CharacterOffsetBegin>4175</CharacterOffsetBegin>
            <CharacterOffsetEnd>4176</CharacterOffsetEnd>
            <POS>DT</POS>
            <NER>O</NER>
          </token>
          <token id="12">
            <word>little</word>
            <lemma>little</lemma>
            <CharacterOffsetBegin>4177</CharacterOffsetBegin>
            <CharacterOffsetEnd>4183</CharacterOffsetEnd>
            <POS>JJ</POS>
            <NER>O</NER>
          </token>
          <token id="13">
            <word>,</word>
            <lemma>,</lemma>
            <CharacterOffsetBegin>4183</CharacterOffsetBegin>
            <CharacterOffsetEnd>4184</CharacterOffsetEnd>
            <POS>,</POS>
            <NER>O</NER>
          </token>
          <token id="14">
            <word>until</word>
            <lemma>until</lemma>
            <CharacterOffsetBegin>4185</CharacterOffsetBegin>
            <CharacterOffsetEnd>4190</CharacterOffsetEnd>
            <POS>IN</POS>
            <NER>O</NER>
          </token>
          <token id="15">
            <word>the</word>
            <lemma>the</lemma>
            <CharacterOffsetBegin>4191</CharacterOffsetBegin>
            <CharacterOffsetEnd>4194</CharacterOffsetEnd>
            <POS>DT</POS>
            <NER>O</NER>
          </token>
          <token id="16">
            <word>moon</word>
            <lemma>moon</lemma>
            <CharacterOffsetBegin>4195</CharacterOffsetBegin>
            <CharacterOffsetEnd>4199</CharacterOffsetEnd>
            <POS>NN</POS>
            <NER>O</NER>
          </token>
          <token id="17">
            <word>has</word>
            <lemma>have</lemma>
            <CharacterOffsetBegin>4200</CharacterOffsetBegin>
            <CharacterOffsetEnd>4203</CharacterOffsetEnd>
            <POS>VBZ</POS>
            <NER>O</NER>
          </token>
          <token id="18">
            <word>risen</word>
            <lemma>rise</lemma>
            <CharacterOffsetBegin>4204</CharacterOffsetBegin>
            <CharacterOffsetEnd>4209</CharacterOffsetEnd>
            <POS>VBN</POS>
            <NER>O</NER>
          </token>
          <token id="19">
            <word>,</word>
            <lemma>,</lemma>
            <CharacterOffsetBegin>4209</CharacterOffsetBegin>
            <CharacterOffsetEnd>4210</CharacterOffsetEnd>
            <POS>,</POS>
            <NER>O</NER>
          </token>
          <token id="20">
            <word>and</word>
            <lemma>and</lemma>
            <CharacterOffsetBegin>4211</CharacterOffsetBegin>
            <CharacterOffsetEnd>4214</CharacterOffsetEnd>
            <POS>CC</POS>
            <NER>O</NER>
          </token>
          <token id="21">
            <word>then</word>
            <lemma>then</lemma>
            <CharacterOffsetBegin>4215</CharacterOffsetBegin>
            <CharacterOffsetEnd>4219</CharacterOffsetEnd>
            <POS>RB</POS>
            <NER>O</NER>
          </token>
          <token id="22">
            <word>we</word>
            <lemma>we</lemma>
            <CharacterOffsetBegin>4220</CharacterOffsetBegin>
            <CharacterOffsetEnd>4222</CharacterOffsetEnd>
            <POS>PRP</POS>
            <NER>O</NER>
          </token>
          <token id="23">
            <word>will</word>
            <lemma>will</lemma>
            <CharacterOffsetBegin>4223</CharacterOffsetBegin>
            <CharacterOffsetEnd>4227</CharacterOffsetEnd>
            <POS>MD</POS>
            <NER>O</NER>
          </token>
          <token id="24">
            <word>soon</word>
            <lemma>soon</lemma>
            <CharacterOffsetBegin>4228</CharacterOffsetBegin>
            <CharacterOffsetEnd>4232</CharacterOffsetEnd>
            <POS>RB</POS>
            <NER>O</NER>
          </token>
          <token id="25">
            <word>find</word>
            <lemma>find</lemma>
            <CharacterOffsetBegin>4233</CharacterOffsetBegin>
            <CharacterOffsetEnd>4237</CharacterOffsetEnd>
            <POS>VB</POS>
            <NER>O</NER>
          </token>
          <token id="26">
            <word>the</word>
            <lemma>the</lemma>
            <CharacterOffsetBegin>4238</CharacterOffsetBegin>
            <CharacterOffsetEnd>4241</CharacterOffsetEnd>
            <POS>DT</POS>
            <NER>O</NER>
          </token>
          <token id="27">
            <word>way</word>
            <lemma>way</lemma>
            <CharacterOffsetBegin>4242</CharacterOffsetBegin>
            <CharacterOffsetEnd>4245</CharacterOffsetEnd>
            <POS>NN</POS>
            <NER>O</NER>
          </token>
          <token id="28">
            <word>.</word>
            <lemma>.</lemma>
            <CharacterOffsetBegin>4245</CharacterOffsetBegin>
            <CharacterOffsetEnd>4246</CharacterOffsetEnd>
            <POS>.</POS>
            <NER>O</NER>
          </token>
          <token id="29">
            <word>'</word>
            <lemma>'</lemma>
            <CharacterOffsetBegin>4246</CharacterOffsetBegin>
            <CharacterOffsetEnd>4247</CharacterOffsetEnd>
            <POS>''</POS>
            <NER>O</NER>
          </token>
        </tokens>
      </sentence>
      <sentence id="41">
        <tokens>
          <token id="1">
            <word>And</word>
            <lemma>and</lemma>
            <CharacterOffsetBegin>4248</CharacterOffsetBegin>
            <CharacterOffsetEnd>4251</CharacterOffsetEnd>
            <POS>CC</POS>
            <NER>O</NER>
          </token>
          <token id="2">
            <word>when</word>
            <lemma>when</lemma>
            <CharacterOffsetBegin>4252</CharacterOffsetBegin>
            <CharacterOffsetEnd>4256</CharacterOffsetEnd>
            <POS>WRB</POS>
            <NER>O</NER>
          </token>
          <token id="3">
            <word>the</word>
            <lemma>the</lemma>
            <CharacterOffsetBegin>4257</CharacterOffsetBegin>
            <CharacterOffsetEnd>4260</CharacterOffsetEnd>
            <POS>DT</POS>
            <NER>O</NER>
          </token>
          <token id="4">
            <word>full</word>
            <lemma>full</lemma>
            <CharacterOffsetBegin>4261</CharacterOffsetBegin>
            <CharacterOffsetEnd>4265</CharacterOffsetEnd>
            <POS>JJ</POS>
            <NER>O</NER>
          </token>
          <token id="5">
            <word>moon</word>
            <lemma>moon</lemma>
            <CharacterOffsetBegin>4266</CharacterOffsetBegin>
            <CharacterOffsetEnd>4270</CharacterOffsetEnd>
            <POS>NN</POS>
            <NER>O</NER>
          </token>
          <token id="6">
            <word>had</word>
            <lemma>have</lemma>
            <CharacterOffsetBegin>4271</CharacterOffsetBegin>
            <CharacterOffsetEnd>4274</CharacterOffsetEnd>
            <POS>VBD</POS>
            <NER>O</NER>
          </token>
          <token id="7">
            <word>risen</word>
            <lemma>rise</lemma>
            <CharacterOffsetBegin>4275</CharacterOffsetBegin>
            <CharacterOffsetEnd>4280</CharacterOffsetEnd>
            <POS>VBN</POS>
            <NER>O</NER>
          </token>
          <token id="8">
            <word>,</word>
            <lemma>,</lemma>
            <CharacterOffsetBegin>4280</CharacterOffsetBegin>
            <CharacterOffsetEnd>4281</CharacterOffsetEnd>
            <POS>,</POS>
            <NER>O</NER>
          </token>
          <token id="9">
            <word>Hansel</word>
            <lemma>Hansel</lemma>
            <CharacterOffsetBegin>4282</CharacterOffsetBegin>
            <CharacterOffsetEnd>4288</CharacterOffsetEnd>
            <POS>NNP</POS>
            <NER>PERSON</NER>
          </token>
          <token id="10">
            <word>took</word>
            <lemma>take</lemma>
            <CharacterOffsetBegin>4289</CharacterOffsetBegin>
            <CharacterOffsetEnd>4293</CharacterOffsetEnd>
            <POS>VBD</POS>
            <NER>O</NER>
          </token>
          <token id="11">
            <word>his</word>
            <lemma>he</lemma>
            <CharacterOffsetBegin>4294</CharacterOffsetBegin>
            <CharacterOffsetEnd>4297</CharacterOffsetEnd>
            <POS>PRP$</POS>
            <NER>O</NER>
          </token>
          <token id="12">
            <word>little</word>
            <lemma>little</lemma>
            <CharacterOffsetBegin>4298</CharacterOffsetBegin>
            <CharacterOffsetEnd>4304</CharacterOffsetEnd>
            <POS>JJ</POS>
            <NER>O</NER>
          </token>
          <token id="13">
            <word>sister</word>
            <lemma>sister</lemma>
            <CharacterOffsetBegin>4305</CharacterOffsetBegin>
            <CharacterOffsetEnd>4311</CharacterOffsetEnd>
            <POS>NN</POS>
            <NER>O</NER>
          </token>
          <token id="14">
            <word>by</word>
            <lemma>by</lemma>
            <CharacterOffsetBegin>4312</CharacterOffsetBegin>
            <CharacterOffsetEnd>4314</CharacterOffsetEnd>
            <POS>IN</POS>
            <NER>O</NER>
          </token>
          <token id="15">
            <word>the</word>
            <lemma>the</lemma>
            <CharacterOffsetBegin>4315</CharacterOffsetBegin>
            <CharacterOffsetEnd>4318</CharacterOffsetEnd>
            <POS>DT</POS>
            <NER>O</NER>
          </token>
          <token id="16">
            <word>hand</word>
            <lemma>hand</lemma>
            <CharacterOffsetBegin>4319</CharacterOffsetBegin>
            <CharacterOffsetEnd>4323</CharacterOffsetEnd>
            <POS>NN</POS>
            <NER>O</NER>
          </token>
          <token id="17">
            <word>,</word>
            <lemma>,</lemma>
            <CharacterOffsetBegin>4323</CharacterOffsetBegin>
            <CharacterOffsetEnd>4324</CharacterOffsetEnd>
            <POS>,</POS>
            <NER>O</NER>
          </token>
          <token id="18">
            <word>and</word>
            <lemma>and</lemma>
            <CharacterOffsetBegin>4325</CharacterOffsetBegin>
            <CharacterOffsetEnd>4328</CharacterOffsetEnd>
            <POS>CC</POS>
            <NER>O</NER>
          </token>
          <token id="19">
            <word>followed</word>
            <lemma>follow</lemma>
            <CharacterOffsetBegin>4329</CharacterOffsetBegin>
            <CharacterOffsetEnd>4337</CharacterOffsetEnd>
            <POS>VBD</POS>
            <NER>O</NER>
          </token>
          <token id="20">
            <word>the</word>
            <lemma>the</lemma>
            <CharacterOffsetBegin>4338</CharacterOffsetBegin>
            <CharacterOffsetEnd>4341</CharacterOffsetEnd>
            <POS>DT</POS>
            <NER>O</NER>
          </token>
          <token id="21">
            <word>pebbles</word>
            <lemma>pebble</lemma>
            <CharacterOffsetBegin>4342</CharacterOffsetBegin>
            <CharacterOffsetEnd>4349</CharacterOffsetEnd>
            <POS>NNS</POS>
            <NER>O</NER>
          </token>
          <token id="22">
            <word>which</word>
            <lemma>which</lemma>
            <CharacterOffsetBegin>4350</CharacterOffsetBegin>
            <CharacterOffsetEnd>4355</CharacterOffsetEnd>
            <POS>WDT</POS>
            <NER>O</NER>
          </token>
          <token id="23">
            <word>shone</word>
            <lemma>shine</lemma>
            <CharacterOffsetBegin>4356</CharacterOffsetBegin>
            <CharacterOffsetEnd>4361</CharacterOffsetEnd>
            <POS>VBP</POS>
            <NER>O</NER>
          </token>
          <token id="24">
            <word>like</word>
            <lemma>like</lemma>
            <CharacterOffsetBegin>4362</CharacterOffsetBegin>
            <CharacterOffsetEnd>4366</CharacterOffsetEnd>
            <POS>IN</POS>
            <NER>O</NER>
          </token>
          <token id="25">
            <word>newly-coined</word>
            <lemma>newly-coined</lemma>
            <CharacterOffsetBegin>4367</CharacterOffsetBegin>
            <CharacterOffsetEnd>4379</CharacterOffsetEnd>
            <POS>JJ</POS>
            <NER>O</NER>
          </token>
          <token id="26">
            <word>silver</word>
            <lemma>silver</lemma>
            <CharacterOffsetBegin>4380</CharacterOffsetBegin>
            <CharacterOffsetEnd>4386</CharacterOffsetEnd>
            <POS>NN</POS>
            <NER>O</NER>
          </token>
          <token id="27">
            <word>pieces</word>
            <lemma>piece</lemma>
            <CharacterOffsetBegin>4387</CharacterOffsetBegin>
            <CharacterOffsetEnd>4393</CharacterOffsetEnd>
            <POS>NNS</POS>
            <NER>O</NER>
          </token>
          <token id="28">
            <word>,</word>
            <lemma>,</lemma>
            <CharacterOffsetBegin>4393</CharacterOffsetBegin>
            <CharacterOffsetEnd>4394</CharacterOffsetEnd>
            <POS>,</POS>
            <NER>O</NER>
          </token>
          <token id="29">
            <word>and</word>
            <lemma>and</lemma>
            <CharacterOffsetBegin>4395</CharacterOffsetBegin>
            <CharacterOffsetEnd>4398</CharacterOffsetEnd>
            <POS>CC</POS>
            <NER>O</NER>
          </token>
          <token id="30">
            <word>showed</word>
            <lemma>show</lemma>
            <CharacterOffsetBegin>4399</CharacterOffsetBegin>
            <CharacterOffsetEnd>4405</CharacterOffsetEnd>
            <POS>VBD</POS>
            <NER>O</NER>
          </token>
          <token id="31">
            <word>them</word>
            <lemma>they</lemma>
            <CharacterOffsetBegin>4406</CharacterOffsetBegin>
            <CharacterOffsetEnd>4410</CharacterOffsetEnd>
            <POS>PRP</POS>
            <NER>O</NER>
          </token>
          <token id="32">
            <word>the</word>
            <lemma>the</lemma>
            <CharacterOffsetBegin>4411</CharacterOffsetBegin>
            <CharacterOffsetEnd>4414</CharacterOffsetEnd>
            <POS>DT</POS>
            <NER>O</NER>
          </token>
          <token id="33">
            <word>way</word>
            <lemma>way</lemma>
            <CharacterOffsetBegin>4415</CharacterOffsetBegin>
            <CharacterOffsetEnd>4418</CharacterOffsetEnd>
            <POS>NN</POS>
            <NER>O</NER>
          </token>
          <token id="34">
            <word>.</word>
            <lemma>.</lemma>
            <CharacterOffsetBegin>4418</CharacterOffsetBegin>
            <CharacterOffsetEnd>4419</CharacterOffsetEnd>
            <POS>.</POS>
            <NER>O</NER>
          </token>
        </tokens>
      </sentence>
      <sentence id="42">
        <tokens>
          <token id="1">
            <word>They</word>
            <lemma>they</lemma>
            <CharacterOffsetBegin>4421</CharacterOffsetBegin>
            <CharacterOffsetEnd>4425</CharacterOffsetEnd>
            <POS>PRP</POS>
            <NER>O</NER>
          </token>
          <token id="2">
            <word>walked</word>
            <lemma>walk</lemma>
            <CharacterOffsetBegin>4426</CharacterOffsetBegin>
            <CharacterOffsetEnd>4432</CharacterOffsetEnd>
            <POS>VBD</POS>
            <NER>O</NER>
          </token>
          <token id="3">
            <word>the</word>
            <lemma>the</lemma>
            <CharacterOffsetBegin>4433</CharacterOffsetBegin>
            <CharacterOffsetEnd>4436</CharacterOffsetEnd>
            <POS>DT</POS>
            <NER>O</NER>
          </token>
          <token id="4">
            <word>whole</word>
            <lemma>whole</lemma>
            <CharacterOffsetBegin>4437</CharacterOffsetBegin>
            <CharacterOffsetEnd>4442</CharacterOffsetEnd>
            <POS>JJ</POS>
            <NER>O</NER>
          </token>
          <token id="5">
            <word>night</word>
            <lemma>night</lemma>
            <CharacterOffsetBegin>4443</CharacterOffsetBegin>
            <CharacterOffsetEnd>4448</CharacterOffsetEnd>
            <POS>NN</POS>
            <NER>TIME</NER>
            <NormalizedNER>TNI</NormalizedNER>
            <Timex tid="t15" type="TIME">TNI</Timex>
          </token>
          <token id="6">
            <word>long</word>
            <lemma>long</lemma>
            <CharacterOffsetBegin>4449</CharacterOffsetBegin>
            <CharacterOffsetEnd>4453</CharacterOffsetEnd>
            <POS>RB</POS>
            <NER>O</NER>
          </token>
          <token id="7">
            <word>,</word>
            <lemma>,</lemma>
            <CharacterOffsetBegin>4453</CharacterOffsetBegin>
            <CharacterOffsetEnd>4454</CharacterOffsetEnd>
            <POS>,</POS>
            <NER>O</NER>
          </token>
          <token id="8">
            <word>and</word>
            <lemma>and</lemma>
            <CharacterOffsetBegin>4455</CharacterOffsetBegin>
            <CharacterOffsetEnd>4458</CharacterOffsetEnd>
            <POS>CC</POS>
            <NER>O</NER>
          </token>
          <token id="9">
            <word>by</word>
            <lemma>by</lemma>
            <CharacterOffsetBegin>4459</CharacterOffsetBegin>
            <CharacterOffsetEnd>4461</CharacterOffsetEnd>
            <POS>IN</POS>
            <NER>O</NER>
          </token>
          <token id="10">
            <word>break</word>
            <lemma>break</lemma>
            <CharacterOffsetBegin>4462</CharacterOffsetBegin>
            <CharacterOffsetEnd>4467</CharacterOffsetEnd>
            <POS>NN</POS>
            <NER>O</NER>
          </token>
          <token id="11">
            <word>of</word>
            <lemma>of</lemma>
            <CharacterOffsetBegin>4468</CharacterOffsetBegin>
            <CharacterOffsetEnd>4470</CharacterOffsetEnd>
            <POS>IN</POS>
            <NER>O</NER>
          </token>
          <token id="12">
            <word>day</word>
            <lemma>day</lemma>
            <CharacterOffsetBegin>4471</CharacterOffsetBegin>
            <CharacterOffsetEnd>4474</CharacterOffsetEnd>
            <POS>NN</POS>
            <NER>DURATION</NER>
            <NormalizedNER>P1D</NormalizedNER>
            <Timex tid="t8" type="DURATION">P1D</Timex>
          </token>
          <token id="13">
            <word>came</word>
            <lemma>come</lemma>
            <CharacterOffsetBegin>4475</CharacterOffsetBegin>
            <CharacterOffsetEnd>4479</CharacterOffsetEnd>
            <POS>VBD</POS>
            <NER>O</NER>
          </token>
          <token id="14">
            <word>once</word>
            <lemma>once</lemma>
            <CharacterOffsetBegin>4480</CharacterOffsetBegin>
            <CharacterOffsetEnd>4484</CharacterOffsetEnd>
            <POS>RB</POS>
            <NER>DATE</NER>
            <NormalizedNER>PAST_REF</NormalizedNER>
            <Timex tid="t16" type="DATE">PAST_REF</Timex>
          </token>
          <token id="15">
            <word>more</word>
            <lemma>more</lemma>
            <CharacterOffsetBegin>4485</CharacterOffsetBegin>
            <CharacterOffsetEnd>4489</CharacterOffsetEnd>
            <POS>JJR</POS>
            <NER>O</NER>
          </token>
          <token id="16">
            <word>to</word>
            <lemma>to</lemma>
            <CharacterOffsetBegin>4490</CharacterOffsetBegin>
            <CharacterOffsetEnd>4492</CharacterOffsetEnd>
            <POS>TO</POS>
            <NER>O</NER>
          </token>
          <token id="17">
            <word>their</word>
            <lemma>they</lemma>
            <CharacterOffsetBegin>4493</CharacterOffsetBegin>
            <CharacterOffsetEnd>4498</CharacterOffsetEnd>
            <POS>PRP$</POS>
            <NER>O</NER>
          </token>
          <token id="18">
            <word>father</word>
            <lemma>father</lemma>
            <CharacterOffsetBegin>4499</CharacterOffsetBegin>
            <CharacterOffsetEnd>4505</CharacterOffsetEnd>
            <POS>NN</POS>
            <NER>O</NER>
          </token>
          <token id="19">
            <word>'s</word>
            <lemma>'s</lemma>
            <CharacterOffsetBegin>4505</CharacterOffsetBegin>
            <CharacterOffsetEnd>4507</CharacterOffsetEnd>
            <POS>POS</POS>
            <NER>O</NER>
          </token>
          <token id="20">
            <word>house</word>
            <lemma>house</lemma>
            <CharacterOffsetBegin>4508</CharacterOffsetBegin>
            <CharacterOffsetEnd>4513</CharacterOffsetEnd>
            <POS>NN</POS>
            <NER>O</NER>
          </token>
          <token id="21">
            <word>.</word>
            <lemma>.</lemma>
            <CharacterOffsetBegin>4513</CharacterOffsetBegin>
            <CharacterOffsetEnd>4514</CharacterOffsetEnd>
            <POS>.</POS>
            <NER>O</NER>
          </token>
        </tokens>
      </sentence>
      <sentence id="43">
        <tokens>
          <token id="1">
            <word>They</word>
            <lemma>they</lemma>
            <CharacterOffsetBegin>4515</CharacterOffsetBegin>
            <CharacterOffsetEnd>4519</CharacterOffsetEnd>
            <POS>PRP</POS>
            <NER>O</NER>
          </token>
          <token id="2">
            <word>knocked</word>
            <lemma>knock</lemma>
            <CharacterOffsetBegin>4520</CharacterOffsetBegin>
            <CharacterOffsetEnd>4527</CharacterOffsetEnd>
            <POS>VBD</POS>
            <NER>O</NER>
          </token>
          <token id="3">
            <word>at</word>
            <lemma>at</lemma>
            <CharacterOffsetBegin>4528</CharacterOffsetBegin>
            <CharacterOffsetEnd>4530</CharacterOffsetEnd>
            <POS>IN</POS>
            <NER>O</NER>
          </token>
          <token id="4">
            <word>the</word>
            <lemma>the</lemma>
            <CharacterOffsetBegin>4531</CharacterOffsetBegin>
            <CharacterOffsetEnd>4534</CharacterOffsetEnd>
            <POS>DT</POS>
            <NER>O</NER>
          </token>
          <token id="5">
            <word>door</word>
            <lemma>door</lemma>
            <CharacterOffsetBegin>4535</CharacterOffsetBegin>
            <CharacterOffsetEnd>4539</CharacterOffsetEnd>
            <POS>NN</POS>
            <NER>O</NER>
          </token>
          <token id="6">
            <word>,</word>
            <lemma>,</lemma>
            <CharacterOffsetBegin>4539</CharacterOffsetBegin>
            <CharacterOffsetEnd>4540</CharacterOffsetEnd>
            <POS>,</POS>
            <NER>O</NER>
          </token>
          <token id="7">
            <word>and</word>
            <lemma>and</lemma>
            <CharacterOffsetBegin>4541</CharacterOffsetBegin>
            <CharacterOffsetEnd>4544</CharacterOffsetEnd>
            <POS>CC</POS>
            <NER>O</NER>
          </token>
          <token id="8">
            <word>when</word>
            <lemma>when</lemma>
            <CharacterOffsetBegin>4545</CharacterOffsetBegin>
            <CharacterOffsetEnd>4549</CharacterOffsetEnd>
            <POS>WRB</POS>
            <NER>O</NER>
          </token>
          <token id="9">
            <word>the</word>
            <lemma>the</lemma>
            <CharacterOffsetBegin>4550</CharacterOffsetBegin>
            <CharacterOffsetEnd>4553</CharacterOffsetEnd>
            <POS>DT</POS>
            <NER>O</NER>
          </token>
          <token id="10">
            <word>woman</word>
            <lemma>woman</lemma>
            <CharacterOffsetBegin>4554</CharacterOffsetBegin>
            <CharacterOffsetEnd>4559</CharacterOffsetEnd>
            <POS>NN</POS>
            <NER>O</NER>
          </token>
          <token id="11">
            <word>opened</word>
            <lemma>open</lemma>
            <CharacterOffsetBegin>4560</CharacterOffsetBegin>
            <CharacterOffsetEnd>4566</CharacterOffsetEnd>
            <POS>VBD</POS>
            <NER>O</NER>
          </token>
          <token id="12">
            <word>it</word>
            <lemma>it</lemma>
            <CharacterOffsetBegin>4567</CharacterOffsetBegin>
            <CharacterOffsetEnd>4569</CharacterOffsetEnd>
            <POS>PRP</POS>
            <NER>O</NER>
          </token>
          <token id="13">
            <word>and</word>
            <lemma>and</lemma>
            <CharacterOffsetBegin>4570</CharacterOffsetBegin>
            <CharacterOffsetEnd>4573</CharacterOffsetEnd>
            <POS>CC</POS>
            <NER>O</NER>
          </token>
          <token id="14">
            <word>saw</word>
            <lemma>see</lemma>
            <CharacterOffsetBegin>4574</CharacterOffsetBegin>
            <CharacterOffsetEnd>4577</CharacterOffsetEnd>
            <POS>VBD</POS>
            <NER>O</NER>
          </token>
          <token id="15">
            <word>that</word>
            <lemma>that</lemma>
            <CharacterOffsetBegin>4578</CharacterOffsetBegin>
            <CharacterOffsetEnd>4582</CharacterOffsetEnd>
            <POS>IN</POS>
            <NER>O</NER>
          </token>
          <token id="16">
            <word>it</word>
            <lemma>it</lemma>
            <CharacterOffsetBegin>4583</CharacterOffsetBegin>
            <CharacterOffsetEnd>4585</CharacterOffsetEnd>
            <POS>PRP</POS>
            <NER>O</NER>
          </token>
          <token id="17">
            <word>was</word>
            <lemma>be</lemma>
            <CharacterOffsetBegin>4586</CharacterOffsetBegin>
            <CharacterOffsetEnd>4589</CharacterOffsetEnd>
            <POS>VBD</POS>
            <NER>O</NER>
          </token>
          <token id="18">
            <word>Hansel</word>
            <lemma>Hansel</lemma>
            <CharacterOffsetBegin>4590</CharacterOffsetBegin>
            <CharacterOffsetEnd>4596</CharacterOffsetEnd>
            <POS>NNP</POS>
            <NER>PERSON</NER>
          </token>
          <token id="19">
            <word>and</word>
            <lemma>and</lemma>
            <CharacterOffsetBegin>4597</CharacterOffsetBegin>
            <CharacterOffsetEnd>4600</CharacterOffsetEnd>
            <POS>CC</POS>
            <NER>O</NER>
          </token>
          <token id="20">
            <word>Gretel</word>
            <lemma>Gretel</lemma>
            <CharacterOffsetBegin>4601</CharacterOffsetBegin>
            <CharacterOffsetEnd>4607</CharacterOffsetEnd>
            <POS>NNP</POS>
            <NER>PERSON</NER>
          </token>
          <token id="21">
            <word>,</word>
            <lemma>,</lemma>
            <CharacterOffsetBegin>4607</CharacterOffsetBegin>
            <CharacterOffsetEnd>4608</CharacterOffsetEnd>
            <POS>,</POS>
            <NER>O</NER>
          </token>
          <token id="22">
            <word>she</word>
            <lemma>she</lemma>
            <CharacterOffsetBegin>4609</CharacterOffsetBegin>
            <CharacterOffsetEnd>4612</CharacterOffsetEnd>
            <POS>PRP</POS>
            <NER>O</NER>
          </token>
          <token id="23">
            <word>said</word>
            <lemma>say</lemma>
            <CharacterOffsetBegin>4613</CharacterOffsetBegin>
            <CharacterOffsetEnd>4617</CharacterOffsetEnd>
            <POS>VBD</POS>
            <NER>O</NER>
          </token>
          <token id="24">
            <word>:</word>
            <lemma>:</lemma>
            <CharacterOffsetBegin>4617</CharacterOffsetBegin>
            <CharacterOffsetEnd>4618</CharacterOffsetEnd>
            <POS>:</POS>
            <NER>O</NER>
          </token>
          <token id="25">
            <word>`</word>
            <lemma>`</lemma>
            <CharacterOffsetBegin>4619</CharacterOffsetBegin>
            <CharacterOffsetEnd>4620</CharacterOffsetEnd>
            <POS>``</POS>
            <NER>O</NER>
          </token>
          <token id="26">
            <word>You</word>
            <lemma>you</lemma>
            <CharacterOffsetBegin>4620</CharacterOffsetBegin>
            <CharacterOffsetEnd>4623</CharacterOffsetEnd>
            <POS>PRP</POS>
            <NER>O</NER>
          </token>
          <token id="27">
            <word>naughty</word>
            <lemma>naughty</lemma>
            <CharacterOffsetBegin>4624</CharacterOffsetBegin>
            <CharacterOffsetEnd>4631</CharacterOffsetEnd>
            <POS>JJ</POS>
            <NER>O</NER>
          </token>
          <token id="28">
            <word>children</word>
            <lemma>child</lemma>
            <CharacterOffsetBegin>4632</CharacterOffsetBegin>
            <CharacterOffsetEnd>4640</CharacterOffsetEnd>
            <POS>NNS</POS>
            <NER>O</NER>
          </token>
          <token id="29">
            <word>,</word>
            <lemma>,</lemma>
            <CharacterOffsetBegin>4640</CharacterOffsetBegin>
            <CharacterOffsetEnd>4641</CharacterOffsetEnd>
            <POS>,</POS>
            <NER>O</NER>
          </token>
          <token id="30">
            <word>why</word>
            <lemma>why</lemma>
            <CharacterOffsetBegin>4642</CharacterOffsetBegin>
            <CharacterOffsetEnd>4645</CharacterOffsetEnd>
            <POS>WRB</POS>
            <NER>O</NER>
          </token>
          <token id="31">
            <word>have</word>
            <lemma>have</lemma>
            <CharacterOffsetBegin>4646</CharacterOffsetBegin>
            <CharacterOffsetEnd>4650</CharacterOffsetEnd>
            <POS>VBP</POS>
            <NER>O</NER>
          </token>
          <token id="32">
            <word>you</word>
            <lemma>you</lemma>
            <CharacterOffsetBegin>4651</CharacterOffsetBegin>
            <CharacterOffsetEnd>4654</CharacterOffsetEnd>
            <POS>PRP</POS>
            <NER>O</NER>
          </token>
          <token id="33">
            <word>slept</word>
            <lemma>sleep</lemma>
            <CharacterOffsetBegin>4655</CharacterOffsetBegin>
            <CharacterOffsetEnd>4660</CharacterOffsetEnd>
            <POS>VBD</POS>
            <NER>O</NER>
          </token>
          <token id="34">
            <word>so</word>
            <lemma>so</lemma>
            <CharacterOffsetBegin>4661</CharacterOffsetBegin>
            <CharacterOffsetEnd>4663</CharacterOffsetEnd>
            <POS>RB</POS>
            <NER>O</NER>
          </token>
          <token id="35">
            <word>long</word>
            <lemma>long</lemma>
            <CharacterOffsetBegin>4664</CharacterOffsetBegin>
            <CharacterOffsetEnd>4668</CharacterOffsetEnd>
            <POS>RB</POS>
            <NER>O</NER>
          </token>
          <token id="36">
            <word>in</word>
            <lemma>in</lemma>
            <CharacterOffsetBegin>4669</CharacterOffsetBegin>
            <CharacterOffsetEnd>4671</CharacterOffsetEnd>
            <POS>IN</POS>
            <NER>O</NER>
          </token>
          <token id="37">
            <word>the</word>
            <lemma>the</lemma>
            <CharacterOffsetBegin>4672</CharacterOffsetBegin>
            <CharacterOffsetEnd>4675</CharacterOffsetEnd>
            <POS>DT</POS>
            <NER>O</NER>
          </token>
          <token id="38">
            <word>forest</word>
            <lemma>forest</lemma>
            <CharacterOffsetBegin>4676</CharacterOffsetBegin>
            <CharacterOffsetEnd>4682</CharacterOffsetEnd>
            <POS>NN</POS>
            <NER>O</NER>
          </token>
          <token id="39">
            <word>?</word>
            <lemma>?</lemma>
            <CharacterOffsetBegin>4682</CharacterOffsetBegin>
            <CharacterOffsetEnd>4683</CharacterOffsetEnd>
            <POS>.</POS>
            <NER>O</NER>
          </token>
        </tokens>
      </sentence>
      <sentence id="44">
        <tokens>
          <token id="1">
            <word>--</word>
            <lemma>--</lemma>
            <CharacterOffsetBegin>4683</CharacterOffsetBegin>
            <CharacterOffsetEnd>4685</CharacterOffsetEnd>
            <POS>:</POS>
            <NER>O</NER>
          </token>
          <token id="2">
            <word>we</word>
            <lemma>we</lemma>
            <CharacterOffsetBegin>4685</CharacterOffsetBegin>
            <CharacterOffsetEnd>4687</CharacterOffsetEnd>
            <POS>PRP</POS>
            <NER>O</NER>
          </token>
          <token id="3">
            <word>thought</word>
            <lemma>think</lemma>
            <CharacterOffsetBegin>4688</CharacterOffsetBegin>
            <CharacterOffsetEnd>4695</CharacterOffsetEnd>
            <POS>VBD</POS>
            <NER>O</NER>
          </token>
          <token id="4">
            <word>you</word>
            <lemma>you</lemma>
            <CharacterOffsetBegin>4696</CharacterOffsetBegin>
            <CharacterOffsetEnd>4699</CharacterOffsetEnd>
            <POS>PRP</POS>
            <NER>O</NER>
          </token>
          <token id="5">
            <word>were</word>
            <lemma>be</lemma>
            <CharacterOffsetBegin>4700</CharacterOffsetBegin>
            <CharacterOffsetEnd>4704</CharacterOffsetEnd>
            <POS>VBD</POS>
            <NER>O</NER>
          </token>
          <token id="6">
            <word>never</word>
            <lemma>never</lemma>
            <CharacterOffsetBegin>4705</CharacterOffsetBegin>
            <CharacterOffsetEnd>4710</CharacterOffsetEnd>
            <POS>RB</POS>
            <NER>O</NER>
          </token>
          <token id="7">
            <word>coming</word>
            <lemma>come</lemma>
            <CharacterOffsetBegin>4711</CharacterOffsetBegin>
            <CharacterOffsetEnd>4717</CharacterOffsetEnd>
            <POS>VBG</POS>
            <NER>O</NER>
          </token>
          <token id="8">
            <word>back</word>
            <lemma>back</lemma>
            <CharacterOffsetBegin>4718</CharacterOffsetBegin>
            <CharacterOffsetEnd>4722</CharacterOffsetEnd>
            <POS>RB</POS>
            <NER>O</NER>
          </token>
          <token id="9">
            <word>at</word>
            <lemma>at</lemma>
            <CharacterOffsetBegin>4723</CharacterOffsetBegin>
            <CharacterOffsetEnd>4725</CharacterOffsetEnd>
            <POS>IN</POS>
            <NER>O</NER>
          </token>
          <token id="10">
            <word>all</word>
            <lemma>all</lemma>
            <CharacterOffsetBegin>4726</CharacterOffsetBegin>
            <CharacterOffsetEnd>4729</CharacterOffsetEnd>
            <POS>DT</POS>
            <NER>O</NER>
          </token>
          <token id="11">
            <word>!</word>
            <lemma>!</lemma>
            <CharacterOffsetBegin>4729</CharacterOffsetBegin>
            <CharacterOffsetEnd>4730</CharacterOffsetEnd>
            <POS>.</POS>
            <NER>O</NER>
          </token>
          <token id="12">
            <word>'</word>
            <lemma>'</lemma>
            <CharacterOffsetBegin>4730</CharacterOffsetBegin>
            <CharacterOffsetEnd>4731</CharacterOffsetEnd>
            <POS>''</POS>
            <NER>O</NER>
          </token>
        </tokens>
      </sentence>
      <sentence id="45">
        <tokens>
          <token id="1">
            <word>The</word>
            <lemma>the</lemma>
            <CharacterOffsetBegin>4732</CharacterOffsetBegin>
            <CharacterOffsetEnd>4735</CharacterOffsetEnd>
            <POS>DT</POS>
            <NER>O</NER>
          </token>
          <token id="2">
            <word>father</word>
            <lemma>father</lemma>
            <CharacterOffsetBegin>4736</CharacterOffsetBegin>
            <CharacterOffsetEnd>4742</CharacterOffsetEnd>
            <POS>NN</POS>
            <NER>O</NER>
          </token>
          <token id="3">
            <word>,</word>
            <lemma>,</lemma>
            <CharacterOffsetBegin>4742</CharacterOffsetBegin>
            <CharacterOffsetEnd>4743</CharacterOffsetEnd>
            <POS>,</POS>
            <NER>O</NER>
          </token>
          <token id="4">
            <word>however</word>
            <lemma>however</lemma>
            <CharacterOffsetBegin>4744</CharacterOffsetBegin>
            <CharacterOffsetEnd>4751</CharacterOffsetEnd>
            <POS>RB</POS>
            <NER>O</NER>
          </token>
          <token id="5">
            <word>,</word>
            <lemma>,</lemma>
            <CharacterOffsetBegin>4751</CharacterOffsetBegin>
            <CharacterOffsetEnd>4752</CharacterOffsetEnd>
            <POS>,</POS>
            <NER>O</NER>
          </token>
          <token id="6">
            <word>rejoiced</word>
            <lemma>rejoice</lemma>
            <CharacterOffsetBegin>4753</CharacterOffsetBegin>
            <CharacterOffsetEnd>4761</CharacterOffsetEnd>
            <POS>VBD</POS>
            <NER>O</NER>
          </token>
          <token id="7">
            <word>,</word>
            <lemma>,</lemma>
            <CharacterOffsetBegin>4761</CharacterOffsetBegin>
            <CharacterOffsetEnd>4762</CharacterOffsetEnd>
            <POS>,</POS>
            <NER>O</NER>
          </token>
          <token id="8">
            <word>for</word>
            <lemma>for</lemma>
            <CharacterOffsetBegin>4763</CharacterOffsetBegin>
            <CharacterOffsetEnd>4766</CharacterOffsetEnd>
            <POS>IN</POS>
            <NER>O</NER>
          </token>
          <token id="9">
            <word>it</word>
            <lemma>it</lemma>
            <CharacterOffsetBegin>4767</CharacterOffsetBegin>
            <CharacterOffsetEnd>4769</CharacterOffsetEnd>
            <POS>PRP</POS>
            <NER>O</NER>
          </token>
          <token id="10">
            <word>had</word>
            <lemma>have</lemma>
            <CharacterOffsetBegin>4770</CharacterOffsetBegin>
            <CharacterOffsetEnd>4773</CharacterOffsetEnd>
            <POS>VBD</POS>
            <NER>O</NER>
          </token>
          <token id="11">
            <word>cut</word>
            <lemma>cut</lemma>
            <CharacterOffsetBegin>4774</CharacterOffsetBegin>
            <CharacterOffsetEnd>4777</CharacterOffsetEnd>
            <POS>VBN</POS>
            <NER>O</NER>
          </token>
          <token id="12">
            <word>him</word>
            <lemma>he</lemma>
            <CharacterOffsetBegin>4778</CharacterOffsetBegin>
            <CharacterOffsetEnd>4781</CharacterOffsetEnd>
            <POS>PRP</POS>
            <NER>O</NER>
          </token>
          <token id="13">
            <word>to</word>
            <lemma>to</lemma>
            <CharacterOffsetBegin>4782</CharacterOffsetBegin>
            <CharacterOffsetEnd>4784</CharacterOffsetEnd>
            <POS>TO</POS>
            <NER>O</NER>
          </token>
          <token id="14">
            <word>the</word>
            <lemma>the</lemma>
            <CharacterOffsetBegin>4785</CharacterOffsetBegin>
            <CharacterOffsetEnd>4788</CharacterOffsetEnd>
            <POS>DT</POS>
            <NER>O</NER>
          </token>
          <token id="15">
            <word>heart</word>
            <lemma>heart</lemma>
            <CharacterOffsetBegin>4789</CharacterOffsetBegin>
            <CharacterOffsetEnd>4794</CharacterOffsetEnd>
            <POS>NN</POS>
            <NER>O</NER>
          </token>
          <token id="16">
            <word>to</word>
            <lemma>to</lemma>
            <CharacterOffsetBegin>4795</CharacterOffsetBegin>
            <CharacterOffsetEnd>4797</CharacterOffsetEnd>
            <POS>TO</POS>
            <NER>O</NER>
          </token>
          <token id="17">
            <word>leave</word>
            <lemma>leave</lemma>
            <CharacterOffsetBegin>4798</CharacterOffsetBegin>
            <CharacterOffsetEnd>4803</CharacterOffsetEnd>
            <POS>VB</POS>
            <NER>O</NER>
          </token>
          <token id="18">
            <word>them</word>
            <lemma>they</lemma>
            <CharacterOffsetBegin>4804</CharacterOffsetBegin>
            <CharacterOffsetEnd>4808</CharacterOffsetEnd>
            <POS>PRP</POS>
            <NER>O</NER>
          </token>
          <token id="19">
            <word>behind</word>
            <lemma>behind</lemma>
            <CharacterOffsetBegin>4809</CharacterOffsetBegin>
            <CharacterOffsetEnd>4815</CharacterOffsetEnd>
            <POS>IN</POS>
            <NER>O</NER>
          </token>
          <token id="20">
            <word>alone</word>
            <lemma>alone</lemma>
            <CharacterOffsetBegin>4816</CharacterOffsetBegin>
            <CharacterOffsetEnd>4821</CharacterOffsetEnd>
            <POS>RB</POS>
            <NER>O</NER>
          </token>
          <token id="21">
            <word>.</word>
            <lemma>.</lemma>
            <CharacterOffsetBegin>4821</CharacterOffsetBegin>
            <CharacterOffsetEnd>4822</CharacterOffsetEnd>
            <POS>.</POS>
            <NER>O</NER>
          </token>
        </tokens>
      </sentence>
      <sentence id="46">
        <tokens>
          <token id="1">
            <word>Not</word>
            <lemma>not</lemma>
            <CharacterOffsetBegin>4824</CharacterOffsetBegin>
            <CharacterOffsetEnd>4827</CharacterOffsetEnd>
            <POS>RB</POS>
            <NER>O</NER>
          </token>
          <token id="2">
            <word>long</word>
            <lemma>long</lemma>
            <CharacterOffsetBegin>4828</CharacterOffsetBegin>
            <CharacterOffsetEnd>4832</CharacterOffsetEnd>
            <POS>RB</POS>
            <NER>O</NER>
          </token>
          <token id="3">
            <word>afterwards</word>
            <lemma>afterwards</lemma>
            <CharacterOffsetBegin>4833</CharacterOffsetBegin>
            <CharacterOffsetEnd>4843</CharacterOffsetEnd>
            <POS>RB</POS>
            <NER>O</NER>
          </token>
          <token id="4">
            <word>,</word>
            <lemma>,</lemma>
            <CharacterOffsetBegin>4843</CharacterOffsetBegin>
            <CharacterOffsetEnd>4844</CharacterOffsetEnd>
            <POS>,</POS>
            <NER>O</NER>
          </token>
          <token id="5">
            <word>there</word>
            <lemma>there</lemma>
            <CharacterOffsetBegin>4845</CharacterOffsetBegin>
            <CharacterOffsetEnd>4850</CharacterOffsetEnd>
            <POS>EX</POS>
            <NER>O</NER>
          </token>
          <token id="6">
            <word>was</word>
            <lemma>be</lemma>
            <CharacterOffsetBegin>4851</CharacterOffsetBegin>
            <CharacterOffsetEnd>4854</CharacterOffsetEnd>
            <POS>VBD</POS>
            <NER>O</NER>
          </token>
          <token id="7">
            <word>once</word>
            <lemma>once</lemma>
            <CharacterOffsetBegin>4855</CharacterOffsetBegin>
            <CharacterOffsetEnd>4859</CharacterOffsetEnd>
            <POS>RB</POS>
            <NER>DATE</NER>
            <NormalizedNER>PAST_REF</NormalizedNER>
            <Timex tid="t17" type="DATE">PAST_REF</Timex>
          </token>
          <token id="8">
            <word>more</word>
            <lemma>more</lemma>
            <CharacterOffsetBegin>4860</CharacterOffsetBegin>
            <CharacterOffsetEnd>4864</CharacterOffsetEnd>
            <POS>JJR</POS>
            <NER>O</NER>
          </token>
          <token id="9">
            <word>great</word>
            <lemma>great</lemma>
            <CharacterOffsetBegin>4865</CharacterOffsetBegin>
            <CharacterOffsetEnd>4870</CharacterOffsetEnd>
            <POS>JJ</POS>
            <NER>O</NER>
          </token>
          <token id="10">
            <word>dearth</word>
            <lemma>dearth</lemma>
            <CharacterOffsetBegin>4871</CharacterOffsetBegin>
            <CharacterOffsetEnd>4877</CharacterOffsetEnd>
            <POS>NN</POS>
            <NER>O</NER>
          </token>
          <token id="11">
            <word>throughout</word>
            <lemma>throughout</lemma>
            <CharacterOffsetBegin>4878</CharacterOffsetBegin>
            <CharacterOffsetEnd>4888</CharacterOffsetEnd>
            <POS>IN</POS>
            <NER>O</NER>
          </token>
          <token id="12">
            <word>the</word>
            <lemma>the</lemma>
            <CharacterOffsetBegin>4889</CharacterOffsetBegin>
            <CharacterOffsetEnd>4892</CharacterOffsetEnd>
            <POS>DT</POS>
            <NER>O</NER>
          </token>
          <token id="13">
            <word>land</word>
            <lemma>land</lemma>
            <CharacterOffsetBegin>4893</CharacterOffsetBegin>
            <CharacterOffsetEnd>4897</CharacterOffsetEnd>
            <POS>NN</POS>
            <NER>O</NER>
          </token>
          <token id="14">
            <word>,</word>
            <lemma>,</lemma>
            <CharacterOffsetBegin>4897</CharacterOffsetBegin>
            <CharacterOffsetEnd>4898</CharacterOffsetEnd>
            <POS>,</POS>
            <NER>O</NER>
          </token>
          <token id="15">
            <word>and</word>
            <lemma>and</lemma>
            <CharacterOffsetBegin>4899</CharacterOffsetBegin>
            <CharacterOffsetEnd>4902</CharacterOffsetEnd>
            <POS>CC</POS>
            <NER>O</NER>
          </token>
          <token id="16">
            <word>the</word>
            <lemma>the</lemma>
            <CharacterOffsetBegin>4903</CharacterOffsetBegin>
            <CharacterOffsetEnd>4906</CharacterOffsetEnd>
            <POS>DT</POS>
            <NER>O</NER>
          </token>
          <token id="17">
            <word>children</word>
            <lemma>child</lemma>
            <CharacterOffsetBegin>4907</CharacterOffsetBegin>
            <CharacterOffsetEnd>4915</CharacterOffsetEnd>
            <POS>NNS</POS>
            <NER>O</NER>
          </token>
          <token id="18">
            <word>heard</word>
            <lemma>hear</lemma>
            <CharacterOffsetBegin>4916</CharacterOffsetBegin>
            <CharacterOffsetEnd>4921</CharacterOffsetEnd>
            <POS>VBD</POS>
            <NER>O</NER>
          </token>
          <token id="19">
            <word>their</word>
            <lemma>they</lemma>
            <CharacterOffsetBegin>4922</CharacterOffsetBegin>
            <CharacterOffsetEnd>4927</CharacterOffsetEnd>
            <POS>PRP$</POS>
            <NER>O</NER>
          </token>
          <token id="20">
            <word>mother</word>
            <lemma>mother</lemma>
            <CharacterOffsetBegin>4928</CharacterOffsetBegin>
            <CharacterOffsetEnd>4934</CharacterOffsetEnd>
            <POS>NN</POS>
            <NER>O</NER>
          </token>
          <token id="21">
            <word>saying</word>
            <lemma>say</lemma>
            <CharacterOffsetBegin>4935</CharacterOffsetBegin>
            <CharacterOffsetEnd>4941</CharacterOffsetEnd>
            <POS>VBG</POS>
            <NER>O</NER>
          </token>
          <token id="22">
            <word>at</word>
            <lemma>at</lemma>
            <CharacterOffsetBegin>4942</CharacterOffsetBegin>
            <CharacterOffsetEnd>4944</CharacterOffsetEnd>
            <POS>IN</POS>
            <NER>O</NER>
          </token>
          <token id="23">
            <word>night</word>
            <lemma>night</lemma>
            <CharacterOffsetBegin>4945</CharacterOffsetBegin>
            <CharacterOffsetEnd>4950</CharacterOffsetEnd>
            <POS>NN</POS>
            <NER>TIME</NER>
            <NormalizedNER>TNI</NormalizedNER>
            <Timex tid="t18" type="TIME">TNI</Timex>
          </token>
          <token id="24">
            <word>to</word>
            <lemma>to</lemma>
            <CharacterOffsetBegin>4951</CharacterOffsetBegin>
            <CharacterOffsetEnd>4953</CharacterOffsetEnd>
            <POS>TO</POS>
            <NER>O</NER>
          </token>
          <token id="25">
            <word>their</word>
            <lemma>they</lemma>
            <CharacterOffsetBegin>4954</CharacterOffsetBegin>
            <CharacterOffsetEnd>4959</CharacterOffsetEnd>
            <POS>PRP$</POS>
            <NER>O</NER>
          </token>
          <token id="26">
            <word>father</word>
            <lemma>father</lemma>
            <CharacterOffsetBegin>4960</CharacterOffsetBegin>
            <CharacterOffsetEnd>4966</CharacterOffsetEnd>
            <POS>NN</POS>
            <NER>O</NER>
          </token>
          <token id="27">
            <word>:</word>
            <lemma>:</lemma>
            <CharacterOffsetBegin>4966</CharacterOffsetBegin>
            <CharacterOffsetEnd>4967</CharacterOffsetEnd>
            <POS>:</POS>
            <NER>O</NER>
          </token>
          <token id="28">
            <word>`</word>
            <lemma>`</lemma>
            <CharacterOffsetBegin>4968</CharacterOffsetBegin>
            <CharacterOffsetEnd>4969</CharacterOffsetEnd>
            <POS>``</POS>
            <NER>O</NER>
          </token>
          <token id="29">
            <word>Everything</word>
            <lemma>everything</lemma>
            <CharacterOffsetBegin>4969</CharacterOffsetBegin>
            <CharacterOffsetEnd>4979</CharacterOffsetEnd>
            <POS>NN</POS>
            <NER>O</NER>
          </token>
          <token id="30">
            <word>is</word>
            <lemma>be</lemma>
            <CharacterOffsetBegin>4980</CharacterOffsetBegin>
            <CharacterOffsetEnd>4982</CharacterOffsetEnd>
            <POS>VBZ</POS>
            <NER>O</NER>
          </token>
          <token id="31">
            <word>eaten</word>
            <lemma>eat</lemma>
            <CharacterOffsetBegin>4983</CharacterOffsetBegin>
            <CharacterOffsetEnd>4988</CharacterOffsetEnd>
            <POS>VBN</POS>
            <NER>O</NER>
          </token>
          <token id="32">
            <word>again</word>
            <lemma>again</lemma>
            <CharacterOffsetBegin>4989</CharacterOffsetBegin>
            <CharacterOffsetEnd>4994</CharacterOffsetEnd>
            <POS>RB</POS>
            <NER>O</NER>
          </token>
          <token id="33">
            <word>,</word>
            <lemma>,</lemma>
            <CharacterOffsetBegin>4994</CharacterOffsetBegin>
            <CharacterOffsetEnd>4995</CharacterOffsetEnd>
            <POS>,</POS>
            <NER>O</NER>
          </token>
          <token id="34">
            <word>we</word>
            <lemma>we</lemma>
            <CharacterOffsetBegin>4996</CharacterOffsetBegin>
            <CharacterOffsetEnd>4998</CharacterOffsetEnd>
            <POS>PRP</POS>
            <NER>O</NER>
          </token>
          <token id="35">
            <word>have</word>
            <lemma>have</lemma>
            <CharacterOffsetBegin>4999</CharacterOffsetBegin>
            <CharacterOffsetEnd>5003</CharacterOffsetEnd>
            <POS>VBP</POS>
            <NER>O</NER>
          </token>
          <token id="36">
            <word>one</word>
            <lemma>one</lemma>
            <CharacterOffsetBegin>5004</CharacterOffsetBegin>
            <CharacterOffsetEnd>5007</CharacterOffsetEnd>
            <POS>CD</POS>
            <NER>NUMBER</NER>
            <NormalizedNER>1.0</NormalizedNER>
          </token>
          <token id="37">
            <word>half</word>
            <lemma>half</lemma>
            <CharacterOffsetBegin>5008</CharacterOffsetBegin>
            <CharacterOffsetEnd>5012</CharacterOffsetEnd>
            <POS>JJ</POS>
            <NER>O</NER>
          </token>
          <token id="38">
            <word>loaf</word>
            <lemma>loaf</lemma>
            <CharacterOffsetBegin>5013</CharacterOffsetBegin>
            <CharacterOffsetEnd>5017</CharacterOffsetEnd>
            <POS>NN</POS>
            <NER>O</NER>
          </token>
          <token id="39">
            <word>left</word>
            <lemma>leave</lemma>
            <CharacterOffsetBegin>5018</CharacterOffsetBegin>
            <CharacterOffsetEnd>5022</CharacterOffsetEnd>
            <POS>VBD</POS>
            <NER>O</NER>
          </token>
          <token id="40">
            <word>,</word>
            <lemma>,</lemma>
            <CharacterOffsetBegin>5022</CharacterOffsetBegin>
            <CharacterOffsetEnd>5023</CharacterOffsetEnd>
            <POS>,</POS>
            <NER>O</NER>
          </token>
          <token id="41">
            <word>and</word>
            <lemma>and</lemma>
            <CharacterOffsetBegin>5024</CharacterOffsetBegin>
            <CharacterOffsetEnd>5027</CharacterOffsetEnd>
            <POS>CC</POS>
            <NER>O</NER>
          </token>
          <token id="42">
            <word>that</word>
            <lemma>that</lemma>
            <CharacterOffsetBegin>5028</CharacterOffsetBegin>
            <CharacterOffsetEnd>5032</CharacterOffsetEnd>
            <POS>DT</POS>
            <NER>O</NER>
          </token>
          <token id="43">
            <word>is</word>
            <lemma>be</lemma>
            <CharacterOffsetBegin>5033</CharacterOffsetBegin>
            <CharacterOffsetEnd>5035</CharacterOffsetEnd>
            <POS>VBZ</POS>
            <NER>O</NER>
          </token>
          <token id="44">
            <word>the</word>
            <lemma>the</lemma>
            <CharacterOffsetBegin>5036</CharacterOffsetBegin>
            <CharacterOffsetEnd>5039</CharacterOffsetEnd>
            <POS>DT</POS>
            <NER>O</NER>
          </token>
          <token id="45">
            <word>end</word>
            <lemma>end</lemma>
            <CharacterOffsetBegin>5040</CharacterOffsetBegin>
            <CharacterOffsetEnd>5043</CharacterOffsetEnd>
            <POS>NN</POS>
            <NER>O</NER>
          </token>
          <token id="46">
            <word>.</word>
            <lemma>.</lemma>
            <CharacterOffsetBegin>5043</CharacterOffsetBegin>
            <CharacterOffsetEnd>5044</CharacterOffsetEnd>
            <POS>.</POS>
            <NER>O</NER>
          </token>
        </tokens>
      </sentence>
      <sentence id="47">
        <tokens>
          <token id="1">
            <word>The</word>
            <lemma>the</lemma>
            <CharacterOffsetBegin>5045</CharacterOffsetBegin>
            <CharacterOffsetEnd>5048</CharacterOffsetEnd>
            <POS>DT</POS>
            <NER>O</NER>
          </token>
          <token id="2">
            <word>children</word>
            <lemma>child</lemma>
            <CharacterOffsetBegin>5049</CharacterOffsetBegin>
            <CharacterOffsetEnd>5057</CharacterOffsetEnd>
            <POS>NNS</POS>
            <NER>O</NER>
          </token>
          <token id="3">
            <word>must</word>
            <lemma>must</lemma>
            <CharacterOffsetBegin>5058</CharacterOffsetBegin>
            <CharacterOffsetEnd>5062</CharacterOffsetEnd>
            <POS>MD</POS>
            <NER>O</NER>
          </token>
          <token id="4">
            <word>go</word>
            <lemma>go</lemma>
            <CharacterOffsetBegin>5063</CharacterOffsetBegin>
            <CharacterOffsetEnd>5065</CharacterOffsetEnd>
            <POS>VB</POS>
            <NER>O</NER>
          </token>
          <token id="5">
            <word>,</word>
            <lemma>,</lemma>
            <CharacterOffsetBegin>5065</CharacterOffsetBegin>
            <CharacterOffsetEnd>5066</CharacterOffsetEnd>
            <POS>,</POS>
            <NER>O</NER>
          </token>
          <token id="6">
            <word>we</word>
            <lemma>we</lemma>
            <CharacterOffsetBegin>5067</CharacterOffsetBegin>
            <CharacterOffsetEnd>5069</CharacterOffsetEnd>
            <POS>PRP</POS>
            <NER>O</NER>
          </token>
          <token id="7">
            <word>will</word>
            <lemma>will</lemma>
            <CharacterOffsetBegin>5070</CharacterOffsetBegin>
            <CharacterOffsetEnd>5074</CharacterOffsetEnd>
            <POS>MD</POS>
            <NER>O</NER>
          </token>
          <token id="8">
            <word>take</word>
            <lemma>take</lemma>
            <CharacterOffsetBegin>5075</CharacterOffsetBegin>
            <CharacterOffsetEnd>5079</CharacterOffsetEnd>
            <POS>VB</POS>
            <NER>O</NER>
          </token>
          <token id="9">
            <word>them</word>
            <lemma>they</lemma>
            <CharacterOffsetBegin>5080</CharacterOffsetBegin>
            <CharacterOffsetEnd>5084</CharacterOffsetEnd>
            <POS>PRP</POS>
            <NER>O</NER>
          </token>
          <token id="10">
            <word>farther</word>
            <lemma>farther</lemma>
            <CharacterOffsetBegin>5085</CharacterOffsetBegin>
            <CharacterOffsetEnd>5092</CharacterOffsetEnd>
            <POS>RBR</POS>
            <NER>O</NER>
          </token>
          <token id="11">
            <word>into</word>
            <lemma>into</lemma>
            <CharacterOffsetBegin>5093</CharacterOffsetBegin>
            <CharacterOffsetEnd>5097</CharacterOffsetEnd>
            <POS>IN</POS>
            <NER>O</NER>
          </token>
          <token id="12">
            <word>the</word>
            <lemma>the</lemma>
            <CharacterOffsetBegin>5098</CharacterOffsetBegin>
            <CharacterOffsetEnd>5101</CharacterOffsetEnd>
            <POS>DT</POS>
            <NER>O</NER>
          </token>
          <token id="13">
            <word>wood</word>
            <lemma>wood</lemma>
            <CharacterOffsetBegin>5102</CharacterOffsetBegin>
            <CharacterOffsetEnd>5106</CharacterOffsetEnd>
            <POS>NN</POS>
            <NER>O</NER>
          </token>
          <token id="14">
            <word>,</word>
            <lemma>,</lemma>
            <CharacterOffsetBegin>5106</CharacterOffsetBegin>
            <CharacterOffsetEnd>5107</CharacterOffsetEnd>
            <POS>,</POS>
            <NER>O</NER>
          </token>
          <token id="15">
            <word>so</word>
            <lemma>so</lemma>
            <CharacterOffsetBegin>5108</CharacterOffsetBegin>
            <CharacterOffsetEnd>5110</CharacterOffsetEnd>
            <POS>RB</POS>
            <NER>O</NER>
          </token>
          <token id="16">
            <word>that</word>
            <lemma>that</lemma>
            <CharacterOffsetBegin>5111</CharacterOffsetBegin>
            <CharacterOffsetEnd>5115</CharacterOffsetEnd>
            <POS>IN</POS>
            <NER>O</NER>
          </token>
          <token id="17">
            <word>they</word>
            <lemma>they</lemma>
            <CharacterOffsetBegin>5116</CharacterOffsetBegin>
            <CharacterOffsetEnd>5120</CharacterOffsetEnd>
            <POS>PRP</POS>
            <NER>O</NER>
          </token>
          <token id="18">
            <word>will</word>
            <lemma>will</lemma>
            <CharacterOffsetBegin>5121</CharacterOffsetBegin>
            <CharacterOffsetEnd>5125</CharacterOffsetEnd>
            <POS>MD</POS>
            <NER>O</NER>
          </token>
          <token id="19">
            <word>not</word>
            <lemma>not</lemma>
            <CharacterOffsetBegin>5126</CharacterOffsetBegin>
            <CharacterOffsetEnd>5129</CharacterOffsetEnd>
            <POS>RB</POS>
            <NER>O</NER>
          </token>
          <token id="20">
            <word>find</word>
            <lemma>find</lemma>
            <CharacterOffsetBegin>5130</CharacterOffsetBegin>
            <CharacterOffsetEnd>5134</CharacterOffsetEnd>
            <POS>VB</POS>
            <NER>O</NER>
          </token>
          <token id="21">
            <word>their</word>
            <lemma>they</lemma>
            <CharacterOffsetBegin>5135</CharacterOffsetBegin>
            <CharacterOffsetEnd>5140</CharacterOffsetEnd>
            <POS>PRP$</POS>
            <NER>O</NER>
          </token>
          <token id="22">
            <word>way</word>
            <lemma>way</lemma>
            <CharacterOffsetBegin>5141</CharacterOffsetBegin>
            <CharacterOffsetEnd>5144</CharacterOffsetEnd>
            <POS>NN</POS>
            <NER>O</NER>
          </token>
          <token id="23">
            <word>out</word>
            <lemma>out</lemma>
            <CharacterOffsetBegin>5145</CharacterOffsetBegin>
            <CharacterOffsetEnd>5148</CharacterOffsetEnd>
            <POS>RP</POS>
            <NER>O</NER>
          </token>
          <token id="24">
            <word>again</word>
            <lemma>again</lemma>
            <CharacterOffsetBegin>5149</CharacterOffsetBegin>
            <CharacterOffsetEnd>5154</CharacterOffsetEnd>
            <POS>RB</POS>
            <NER>O</NER>
          </token>
          <token id="25">
            <word>;</word>
            <lemma>;</lemma>
            <CharacterOffsetBegin>5154</CharacterOffsetBegin>
            <CharacterOffsetEnd>5155</CharacterOffsetEnd>
            <POS>:</POS>
            <NER>O</NER>
          </token>
          <token id="26">
            <word>there</word>
            <lemma>there</lemma>
            <CharacterOffsetBegin>5156</CharacterOffsetBegin>
            <CharacterOffsetEnd>5161</CharacterOffsetEnd>
            <POS>EX</POS>
            <NER>O</NER>
          </token>
          <token id="27">
            <word>is</word>
            <lemma>be</lemma>
            <CharacterOffsetBegin>5162</CharacterOffsetBegin>
            <CharacterOffsetEnd>5164</CharacterOffsetEnd>
            <POS>VBZ</POS>
            <NER>O</NER>
          </token>
          <token id="28">
            <word>no</word>
            <lemma>no</lemma>
            <CharacterOffsetBegin>5165</CharacterOffsetBegin>
            <CharacterOffsetEnd>5167</CharacterOffsetEnd>
            <POS>DT</POS>
            <NER>O</NER>
          </token>
          <token id="29">
            <word>other</word>
            <lemma>other</lemma>
            <CharacterOffsetBegin>5168</CharacterOffsetBegin>
            <CharacterOffsetEnd>5173</CharacterOffsetEnd>
            <POS>JJ</POS>
            <NER>O</NER>
          </token>
          <token id="30">
            <word>means</word>
            <lemma>means</lemma>
            <CharacterOffsetBegin>5174</CharacterOffsetBegin>
            <CharacterOffsetEnd>5179</CharacterOffsetEnd>
            <POS>NNS</POS>
            <NER>O</NER>
          </token>
          <token id="31">
            <word>of</word>
            <lemma>of</lemma>
            <CharacterOffsetBegin>5180</CharacterOffsetBegin>
            <CharacterOffsetEnd>5182</CharacterOffsetEnd>
            <POS>IN</POS>
            <NER>O</NER>
          </token>
          <token id="32">
            <word>saving</word>
            <lemma>save</lemma>
            <CharacterOffsetBegin>5183</CharacterOffsetBegin>
            <CharacterOffsetEnd>5189</CharacterOffsetEnd>
            <POS>VBG</POS>
            <NER>O</NER>
          </token>
          <token id="33">
            <word>ourselves</word>
            <lemma>ourselves</lemma>
            <CharacterOffsetBegin>5190</CharacterOffsetBegin>
            <CharacterOffsetEnd>5199</CharacterOffsetEnd>
            <POS>PRP</POS>
            <NER>O</NER>
          </token>
          <token id="34">
            <word>!</word>
            <lemma>!</lemma>
            <CharacterOffsetBegin>5199</CharacterOffsetBegin>
            <CharacterOffsetEnd>5200</CharacterOffsetEnd>
            <POS>.</POS>
            <NER>O</NER>
          </token>
          <token id="35">
            <word>'</word>
            <lemma>'</lemma>
            <CharacterOffsetBegin>5200</CharacterOffsetBegin>
            <CharacterOffsetEnd>5201</CharacterOffsetEnd>
            <POS>''</POS>
            <NER>O</NER>
          </token>
        </tokens>
      </sentence>
      <sentence id="48">
        <tokens>
          <token id="1">
            <word>The</word>
            <lemma>the</lemma>
            <CharacterOffsetBegin>5202</CharacterOffsetBegin>
            <CharacterOffsetEnd>5205</CharacterOffsetEnd>
            <POS>DT</POS>
            <NER>O</NER>
          </token>
          <token id="2">
            <word>man</word>
            <lemma>man</lemma>
            <CharacterOffsetBegin>5206</CharacterOffsetBegin>
            <CharacterOffsetEnd>5209</CharacterOffsetEnd>
            <POS>NN</POS>
            <NER>O</NER>
          </token>
          <token id="3">
            <word>'s</word>
            <lemma>'s</lemma>
            <CharacterOffsetBegin>5209</CharacterOffsetBegin>
            <CharacterOffsetEnd>5211</CharacterOffsetEnd>
            <POS>POS</POS>
            <NER>O</NER>
          </token>
          <token id="4">
            <word>heart</word>
            <lemma>heart</lemma>
            <CharacterOffsetBegin>5212</CharacterOffsetBegin>
            <CharacterOffsetEnd>5217</CharacterOffsetEnd>
            <POS>NN</POS>
            <NER>O</NER>
          </token>
          <token id="5">
            <word>was</word>
            <lemma>be</lemma>
            <CharacterOffsetBegin>5218</CharacterOffsetBegin>
            <CharacterOffsetEnd>5221</CharacterOffsetEnd>
            <POS>VBD</POS>
            <NER>O</NER>
          </token>
          <token id="6">
            <word>heavy</word>
            <lemma>heavy</lemma>
            <CharacterOffsetBegin>5222</CharacterOffsetBegin>
            <CharacterOffsetEnd>5227</CharacterOffsetEnd>
            <POS>JJ</POS>
            <NER>O</NER>
          </token>
          <token id="7">
            <word>,</word>
            <lemma>,</lemma>
            <CharacterOffsetBegin>5227</CharacterOffsetBegin>
            <CharacterOffsetEnd>5228</CharacterOffsetEnd>
            <POS>,</POS>
            <NER>O</NER>
          </token>
          <token id="8">
            <word>and</word>
            <lemma>and</lemma>
            <CharacterOffsetBegin>5229</CharacterOffsetBegin>
            <CharacterOffsetEnd>5232</CharacterOffsetEnd>
            <POS>CC</POS>
            <NER>O</NER>
          </token>
          <token id="9">
            <word>he</word>
            <lemma>he</lemma>
            <CharacterOffsetBegin>5233</CharacterOffsetBegin>
            <CharacterOffsetEnd>5235</CharacterOffsetEnd>
            <POS>PRP</POS>
            <NER>O</NER>
          </token>
          <token id="10">
            <word>thought</word>
            <lemma>think</lemma>
            <CharacterOffsetBegin>5236</CharacterOffsetBegin>
            <CharacterOffsetEnd>5243</CharacterOffsetEnd>
            <POS>VBD</POS>
            <NER>O</NER>
          </token>
          <token id="11">
            <word>:</word>
            <lemma>:</lemma>
            <CharacterOffsetBegin>5243</CharacterOffsetBegin>
            <CharacterOffsetEnd>5244</CharacterOffsetEnd>
            <POS>:</POS>
            <NER>O</NER>
          </token>
          <token id="12">
            <word>`</word>
            <lemma>`</lemma>
            <CharacterOffsetBegin>5245</CharacterOffsetBegin>
            <CharacterOffsetEnd>5246</CharacterOffsetEnd>
            <POS>``</POS>
            <NER>O</NER>
          </token>
          <token id="13">
            <word>It</word>
            <lemma>it</lemma>
            <CharacterOffsetBegin>5246</CharacterOffsetBegin>
            <CharacterOffsetEnd>5248</CharacterOffsetEnd>
            <POS>PRP</POS>
            <NER>O</NER>
          </token>
          <token id="14">
            <word>would</word>
            <lemma>would</lemma>
            <CharacterOffsetBegin>5249</CharacterOffsetBegin>
            <CharacterOffsetEnd>5254</CharacterOffsetEnd>
            <POS>MD</POS>
            <NER>O</NER>
          </token>
          <token id="15">
            <word>be</word>
            <lemma>be</lemma>
            <CharacterOffsetBegin>5255</CharacterOffsetBegin>
            <CharacterOffsetEnd>5257</CharacterOffsetEnd>
            <POS>VB</POS>
            <NER>O</NER>
          </token>
          <token id="16">
            <word>better</word>
            <lemma>better</lemma>
            <CharacterOffsetBegin>5258</CharacterOffsetBegin>
            <CharacterOffsetEnd>5264</CharacterOffsetEnd>
            <POS>RBR</POS>
            <NER>O</NER>
          </token>
          <token id="17">
            <word>for</word>
            <lemma>for</lemma>
            <CharacterOffsetBegin>5265</CharacterOffsetBegin>
            <CharacterOffsetEnd>5268</CharacterOffsetEnd>
            <POS>IN</POS>
            <NER>O</NER>
          </token>
          <token id="18">
            <word>you</word>
            <lemma>you</lemma>
            <CharacterOffsetBegin>5269</CharacterOffsetBegin>
            <CharacterOffsetEnd>5272</CharacterOffsetEnd>
            <POS>PRP</POS>
            <NER>O</NER>
          </token>
          <token id="19">
            <word>to</word>
            <lemma>to</lemma>
            <CharacterOffsetBegin>5273</CharacterOffsetBegin>
            <CharacterOffsetEnd>5275</CharacterOffsetEnd>
            <POS>TO</POS>
            <NER>O</NER>
          </token>
          <token id="20">
            <word>share</word>
            <lemma>share</lemma>
            <CharacterOffsetBegin>5276</CharacterOffsetBegin>
            <CharacterOffsetEnd>5281</CharacterOffsetEnd>
            <POS>VB</POS>
            <NER>O</NER>
          </token>
          <token id="21">
            <word>the</word>
            <lemma>the</lemma>
            <CharacterOffsetBegin>5282</CharacterOffsetBegin>
            <CharacterOffsetEnd>5285</CharacterOffsetEnd>
            <POS>DT</POS>
            <NER>O</NER>
          </token>
          <token id="22">
            <word>last</word>
            <lemma>last</lemma>
            <CharacterOffsetBegin>5286</CharacterOffsetBegin>
            <CharacterOffsetEnd>5290</CharacterOffsetEnd>
            <POS>JJ</POS>
            <NER>O</NER>
          </token>
          <token id="23">
            <word>mouthful</word>
            <lemma>mouthful</lemma>
            <CharacterOffsetBegin>5291</CharacterOffsetBegin>
            <CharacterOffsetEnd>5299</CharacterOffsetEnd>
            <POS>JJ</POS>
            <NER>O</NER>
          </token>
          <token id="24">
            <word>with</word>
            <lemma>with</lemma>
            <CharacterOffsetBegin>5300</CharacterOffsetBegin>
            <CharacterOffsetEnd>5304</CharacterOffsetEnd>
            <POS>IN</POS>
            <NER>O</NER>
          </token>
          <token id="25">
            <word>your</word>
            <lemma>you</lemma>
            <CharacterOffsetBegin>5305</CharacterOffsetBegin>
            <CharacterOffsetEnd>5309</CharacterOffsetEnd>
            <POS>PRP$</POS>
            <NER>O</NER>
          </token>
          <token id="26">
            <word>children</word>
            <lemma>child</lemma>
            <CharacterOffsetBegin>5310</CharacterOffsetBegin>
            <CharacterOffsetEnd>5318</CharacterOffsetEnd>
            <POS>NNS</POS>
            <NER>O</NER>
          </token>
          <token id="27">
            <word>.</word>
            <lemma>.</lemma>
            <CharacterOffsetBegin>5318</CharacterOffsetBegin>
            <CharacterOffsetEnd>5319</CharacterOffsetEnd>
            <POS>.</POS>
            <NER>O</NER>
          </token>
          <token id="28">
            <word>'</word>
            <lemma>'</lemma>
            <CharacterOffsetBegin>5319</CharacterOffsetBegin>
            <CharacterOffsetEnd>5320</CharacterOffsetEnd>
            <POS>''</POS>
            <NER>O</NER>
          </token>
        </tokens>
      </sentence>
      <sentence id="49">
        <tokens>
          <token id="1">
            <word>The</word>
            <lemma>the</lemma>
            <CharacterOffsetBegin>5321</CharacterOffsetBegin>
            <CharacterOffsetEnd>5324</CharacterOffsetEnd>
            <POS>DT</POS>
            <NER>O</NER>
          </token>
          <token id="2">
            <word>woman</word>
            <lemma>woman</lemma>
            <CharacterOffsetBegin>5325</CharacterOffsetBegin>
            <CharacterOffsetEnd>5330</CharacterOffsetEnd>
            <POS>NN</POS>
            <NER>O</NER>
          </token>
          <token id="3">
            <word>,</word>
            <lemma>,</lemma>
            <CharacterOffsetBegin>5330</CharacterOffsetBegin>
            <CharacterOffsetEnd>5331</CharacterOffsetEnd>
            <POS>,</POS>
            <NER>O</NER>
          </token>
          <token id="4">
            <word>however</word>
            <lemma>however</lemma>
            <CharacterOffsetBegin>5332</CharacterOffsetBegin>
            <CharacterOffsetEnd>5339</CharacterOffsetEnd>
            <POS>RB</POS>
            <NER>O</NER>
          </token>
          <token id="5">
            <word>,</word>
            <lemma>,</lemma>
            <CharacterOffsetBegin>5339</CharacterOffsetBegin>
            <CharacterOffsetEnd>5340</CharacterOffsetEnd>
            <POS>,</POS>
            <NER>O</NER>
          </token>
          <token id="6">
            <word>would</word>
            <lemma>would</lemma>
            <CharacterOffsetBegin>5341</CharacterOffsetBegin>
            <CharacterOffsetEnd>5346</CharacterOffsetEnd>
            <POS>MD</POS>
            <NER>O</NER>
          </token>
          <token id="7">
            <word>listen</word>
            <lemma>listen</lemma>
            <CharacterOffsetBegin>5347</CharacterOffsetBegin>
            <CharacterOffsetEnd>5353</CharacterOffsetEnd>
            <POS>VB</POS>
            <NER>O</NER>
          </token>
          <token id="8">
            <word>to</word>
            <lemma>to</lemma>
            <CharacterOffsetBegin>5354</CharacterOffsetBegin>
            <CharacterOffsetEnd>5356</CharacterOffsetEnd>
            <POS>TO</POS>
            <NER>O</NER>
          </token>
          <token id="9">
            <word>nothing</word>
            <lemma>nothing</lemma>
            <CharacterOffsetBegin>5357</CharacterOffsetBegin>
            <CharacterOffsetEnd>5364</CharacterOffsetEnd>
            <POS>NN</POS>
            <NER>O</NER>
          </token>
          <token id="10">
            <word>that</word>
            <lemma>that</lemma>
            <CharacterOffsetBegin>5365</CharacterOffsetBegin>
            <CharacterOffsetEnd>5369</CharacterOffsetEnd>
            <POS>IN</POS>
            <NER>O</NER>
          </token>
          <token id="11">
            <word>he</word>
            <lemma>he</lemma>
            <CharacterOffsetBegin>5370</CharacterOffsetBegin>
            <CharacterOffsetEnd>5372</CharacterOffsetEnd>
            <POS>PRP</POS>
            <NER>O</NER>
          </token>
          <token id="12">
            <word>had</word>
            <lemma>have</lemma>
            <CharacterOffsetBegin>5373</CharacterOffsetBegin>
            <CharacterOffsetEnd>5376</CharacterOffsetEnd>
            <POS>VBD</POS>
            <NER>O</NER>
          </token>
          <token id="13">
            <word>to</word>
            <lemma>to</lemma>
            <CharacterOffsetBegin>5377</CharacterOffsetBegin>
            <CharacterOffsetEnd>5379</CharacterOffsetEnd>
            <POS>TO</POS>
            <NER>O</NER>
          </token>
          <token id="14">
            <word>say</word>
            <lemma>say</lemma>
            <CharacterOffsetBegin>5380</CharacterOffsetBegin>
            <CharacterOffsetEnd>5383</CharacterOffsetEnd>
            <POS>VB</POS>
            <NER>O</NER>
          </token>
          <token id="15">
            <word>,</word>
            <lemma>,</lemma>
            <CharacterOffsetBegin>5383</CharacterOffsetBegin>
            <CharacterOffsetEnd>5384</CharacterOffsetEnd>
            <POS>,</POS>
            <NER>O</NER>
          </token>
          <token id="16">
            <word>but</word>
            <lemma>but</lemma>
            <CharacterOffsetBegin>5385</CharacterOffsetBegin>
            <CharacterOffsetEnd>5388</CharacterOffsetEnd>
            <POS>CC</POS>
            <NER>O</NER>
          </token>
          <token id="17">
            <word>scolded</word>
            <lemma>scold</lemma>
            <CharacterOffsetBegin>5389</CharacterOffsetBegin>
            <CharacterOffsetEnd>5396</CharacterOffsetEnd>
            <POS>VBD</POS>
            <NER>O</NER>
          </token>
          <token id="18">
            <word>and</word>
            <lemma>and</lemma>
            <CharacterOffsetBegin>5397</CharacterOffsetBegin>
            <CharacterOffsetEnd>5400</CharacterOffsetEnd>
            <POS>CC</POS>
            <NER>O</NER>
          </token>
          <token id="19">
            <word>reproached</word>
            <lemma>reproach</lemma>
            <CharacterOffsetBegin>5401</CharacterOffsetBegin>
            <CharacterOffsetEnd>5411</CharacterOffsetEnd>
            <POS>VBD</POS>
            <NER>O</NER>
          </token>
          <token id="20">
            <word>him</word>
            <lemma>he</lemma>
            <CharacterOffsetBegin>5412</CharacterOffsetBegin>
            <CharacterOffsetEnd>5415</CharacterOffsetEnd>
            <POS>PRP</POS>
            <NER>O</NER>
          </token>
          <token id="21">
            <word>.</word>
            <lemma>.</lemma>
            <CharacterOffsetBegin>5415</CharacterOffsetBegin>
            <CharacterOffsetEnd>5416</CharacterOffsetEnd>
            <POS>.</POS>
            <NER>O</NER>
          </token>
        </tokens>
      </sentence>
      <sentence id="50">
        <tokens>
          <token id="1">
            <word>He</word>
            <lemma>he</lemma>
            <CharacterOffsetBegin>5417</CharacterOffsetBegin>
            <CharacterOffsetEnd>5419</CharacterOffsetEnd>
            <POS>PRP</POS>
            <NER>O</NER>
          </token>
          <token id="2">
            <word>who</word>
            <lemma>who</lemma>
            <CharacterOffsetBegin>5420</CharacterOffsetBegin>
            <CharacterOffsetEnd>5423</CharacterOffsetEnd>
            <POS>WP</POS>
            <NER>O</NER>
          </token>
          <token id="3">
            <word>says</word>
            <lemma>say</lemma>
            <CharacterOffsetBegin>5424</CharacterOffsetBegin>
            <CharacterOffsetEnd>5428</CharacterOffsetEnd>
            <POS>VBZ</POS>
            <NER>O</NER>
          </token>
          <token id="4">
            <word>A</word>
            <lemma>a</lemma>
            <CharacterOffsetBegin>5429</CharacterOffsetBegin>
            <CharacterOffsetEnd>5430</CharacterOffsetEnd>
            <POS>DT</POS>
            <NER>O</NER>
          </token>
          <token id="5">
            <word>must</word>
            <lemma>must</lemma>
            <CharacterOffsetBegin>5431</CharacterOffsetBegin>
            <CharacterOffsetEnd>5435</CharacterOffsetEnd>
            <POS>MD</POS>
            <NER>O</NER>
          </token>
          <token id="6">
            <word>say</word>
            <lemma>say</lemma>
            <CharacterOffsetBegin>5436</CharacterOffsetBegin>
            <CharacterOffsetEnd>5439</CharacterOffsetEnd>
            <POS>VB</POS>
            <NER>O</NER>
          </token>
          <token id="7">
            <word>B</word>
            <lemma>b</lemma>
            <CharacterOffsetBegin>5440</CharacterOffsetBegin>
            <CharacterOffsetEnd>5441</CharacterOffsetEnd>
            <POS>NN</POS>
            <NER>O</NER>
          </token>
          <token id="8">
            <word>,</word>
            <lemma>,</lemma>
            <CharacterOffsetBegin>5441</CharacterOffsetBegin>
            <CharacterOffsetEnd>5442</CharacterOffsetEnd>
            <POS>,</POS>
            <NER>O</NER>
          </token>
          <token id="9">
            <word>likewise</word>
            <lemma>likewise</lemma>
            <CharacterOffsetBegin>5443</CharacterOffsetBegin>
            <CharacterOffsetEnd>5451</CharacterOffsetEnd>
            <POS>RB</POS>
            <NER>O</NER>
          </token>
          <token id="10">
            <word>,</word>
            <lemma>,</lemma>
            <CharacterOffsetBegin>5451</CharacterOffsetBegin>
            <CharacterOffsetEnd>5452</CharacterOffsetEnd>
            <POS>,</POS>
            <NER>O</NER>
          </token>
          <token id="11">
            <word>and</word>
            <lemma>and</lemma>
            <CharacterOffsetBegin>5453</CharacterOffsetBegin>
            <CharacterOffsetEnd>5456</CharacterOffsetEnd>
            <POS>CC</POS>
            <NER>O</NER>
          </token>
          <token id="12">
            <word>as</word>
            <lemma>as</lemma>
            <CharacterOffsetBegin>5457</CharacterOffsetBegin>
            <CharacterOffsetEnd>5459</CharacterOffsetEnd>
            <POS>IN</POS>
            <NER>O</NER>
          </token>
          <token id="13">
            <word>he</word>
            <lemma>he</lemma>
            <CharacterOffsetBegin>5460</CharacterOffsetBegin>
            <CharacterOffsetEnd>5462</CharacterOffsetEnd>
            <POS>PRP</POS>
            <NER>O</NER>
          </token>
          <token id="14">
            <word>had</word>
            <lemma>have</lemma>
            <CharacterOffsetBegin>5463</CharacterOffsetBegin>
            <CharacterOffsetEnd>5466</CharacterOffsetEnd>
            <POS>VBD</POS>
            <NER>O</NER>
          </token>
          <token id="15">
            <word>yielded</word>
            <lemma>yield</lemma>
            <CharacterOffsetBegin>5467</CharacterOffsetBegin>
            <CharacterOffsetEnd>5474</CharacterOffsetEnd>
            <POS>VBN</POS>
            <NER>O</NER>
          </token>
          <token id="16">
            <word>the</word>
            <lemma>the</lemma>
            <CharacterOffsetBegin>5475</CharacterOffsetBegin>
            <CharacterOffsetEnd>5478</CharacterOffsetEnd>
            <POS>DT</POS>
            <NER>O</NER>
          </token>
          <token id="17">
            <word>first</word>
            <lemma>first</lemma>
            <CharacterOffsetBegin>5479</CharacterOffsetBegin>
            <CharacterOffsetEnd>5484</CharacterOffsetEnd>
            <POS>JJ</POS>
            <NER>ORDINAL</NER>
            <NormalizedNER>1.0</NormalizedNER>
          </token>
          <token id="18">
            <word>time</word>
            <lemma>time</lemma>
            <CharacterOffsetBegin>5485</CharacterOffsetBegin>
            <CharacterOffsetEnd>5489</CharacterOffsetEnd>
            <POS>NN</POS>
            <NER>O</NER>
          </token>
          <token id="19">
            <word>,</word>
            <lemma>,</lemma>
            <CharacterOffsetBegin>5489</CharacterOffsetBegin>
            <CharacterOffsetEnd>5490</CharacterOffsetEnd>
            <POS>,</POS>
            <NER>O</NER>
          </token>
          <token id="20">
            <word>he</word>
            <lemma>he</lemma>
            <CharacterOffsetBegin>5491</CharacterOffsetBegin>
            <CharacterOffsetEnd>5493</CharacterOffsetEnd>
            <POS>PRP</POS>
            <NER>O</NER>
          </token>
          <token id="21">
            <word>had</word>
            <lemma>have</lemma>
            <CharacterOffsetBegin>5494</CharacterOffsetBegin>
            <CharacterOffsetEnd>5497</CharacterOffsetEnd>
            <POS>VBD</POS>
            <NER>O</NER>
          </token>
          <token id="22">
            <word>to</word>
            <lemma>to</lemma>
            <CharacterOffsetBegin>5498</CharacterOffsetBegin>
            <CharacterOffsetEnd>5500</CharacterOffsetEnd>
            <POS>TO</POS>
            <NER>O</NER>
          </token>
          <token id="23">
            <word>do</word>
            <lemma>do</lemma>
            <CharacterOffsetBegin>5501</CharacterOffsetBegin>
            <CharacterOffsetEnd>5503</CharacterOffsetEnd>
            <POS>VB</POS>
            <NER>O</NER>
          </token>
          <token id="24">
            <word>so</word>
            <lemma>so</lemma>
            <CharacterOffsetBegin>5504</CharacterOffsetBegin>
            <CharacterOffsetEnd>5506</CharacterOffsetEnd>
            <POS>RB</POS>
            <NER>O</NER>
          </token>
          <token id="25">
            <word>a</word>
            <lemma>a</lemma>
            <CharacterOffsetBegin>5507</CharacterOffsetBegin>
            <CharacterOffsetEnd>5508</CharacterOffsetEnd>
            <POS>DT</POS>
            <NER>DURATION</NER>
            <NormalizedNER>PT1S</NormalizedNER>
            <Timex tid="t19" type="DURATION">PT1S</Timex>
          </token>
          <token id="26">
            <word>second</word>
            <lemma>second</lemma>
            <CharacterOffsetBegin>5509</CharacterOffsetBegin>
            <CharacterOffsetEnd>5515</CharacterOffsetEnd>
            <POS>JJ</POS>
            <NER>DURATION</NER>
            <NormalizedNER>PT1S</NormalizedNER>
            <Timex tid="t19" type="DURATION">PT1S</Timex>
          </token>
          <token id="27">
            <word>time</word>
            <lemma>time</lemma>
            <CharacterOffsetBegin>5516</CharacterOffsetBegin>
            <CharacterOffsetEnd>5520</CharacterOffsetEnd>
            <POS>NN</POS>
            <NER>O</NER>
          </token>
          <token id="28">
            <word>also</word>
            <lemma>also</lemma>
            <CharacterOffsetBegin>5521</CharacterOffsetBegin>
            <CharacterOffsetEnd>5525</CharacterOffsetEnd>
            <POS>RB</POS>
            <NER>O</NER>
          </token>
          <token id="29">
            <word>.</word>
            <lemma>.</lemma>
            <CharacterOffsetBegin>5525</CharacterOffsetBegin>
            <CharacterOffsetEnd>5526</CharacterOffsetEnd>
            <POS>.</POS>
            <NER>O</NER>
          </token>
        </tokens>
      </sentence>
      <sentence id="51">
        <tokens>
          <token id="1">
            <word>The</word>
            <lemma>the</lemma>
            <CharacterOffsetBegin>5528</CharacterOffsetBegin>
            <CharacterOffsetEnd>5531</CharacterOffsetEnd>
            <POS>DT</POS>
            <NER>O</NER>
          </token>
          <token id="2">
            <word>children</word>
            <lemma>child</lemma>
            <CharacterOffsetBegin>5532</CharacterOffsetBegin>
            <CharacterOffsetEnd>5540</CharacterOffsetEnd>
            <POS>NNS</POS>
            <NER>O</NER>
          </token>
          <token id="3">
            <word>,</word>
            <lemma>,</lemma>
            <CharacterOffsetBegin>5540</CharacterOffsetBegin>
            <CharacterOffsetEnd>5541</CharacterOffsetEnd>
            <POS>,</POS>
            <NER>O</NER>
          </token>
          <token id="4">
            <word>however</word>
            <lemma>however</lemma>
            <CharacterOffsetBegin>5542</CharacterOffsetBegin>
            <CharacterOffsetEnd>5549</CharacterOffsetEnd>
            <POS>RB</POS>
            <NER>O</NER>
          </token>
          <token id="5">
            <word>,</word>
            <lemma>,</lemma>
            <CharacterOffsetBegin>5549</CharacterOffsetBegin>
            <CharacterOffsetEnd>5550</CharacterOffsetEnd>
            <POS>,</POS>
            <NER>O</NER>
          </token>
          <token id="6">
            <word>were</word>
            <lemma>be</lemma>
            <CharacterOffsetBegin>5551</CharacterOffsetBegin>
            <CharacterOffsetEnd>5555</CharacterOffsetEnd>
            <POS>VBD</POS>
            <NER>O</NER>
          </token>
          <token id="7">
            <word>still</word>
            <lemma>still</lemma>
            <CharacterOffsetBegin>5556</CharacterOffsetBegin>
            <CharacterOffsetEnd>5561</CharacterOffsetEnd>
            <POS>RB</POS>
            <NER>O</NER>
          </token>
          <token id="8">
            <word>awake</word>
            <lemma>awake</lemma>
            <CharacterOffsetBegin>5562</CharacterOffsetBegin>
            <CharacterOffsetEnd>5567</CharacterOffsetEnd>
            <POS>JJ</POS>
            <NER>O</NER>
          </token>
          <token id="9">
            <word>and</word>
            <lemma>and</lemma>
            <CharacterOffsetBegin>5568</CharacterOffsetBegin>
            <CharacterOffsetEnd>5571</CharacterOffsetEnd>
            <POS>CC</POS>
            <NER>O</NER>
          </token>
          <token id="10">
            <word>had</word>
            <lemma>have</lemma>
            <CharacterOffsetBegin>5572</CharacterOffsetBegin>
            <CharacterOffsetEnd>5575</CharacterOffsetEnd>
            <POS>VBD</POS>
            <NER>O</NER>
          </token>
          <token id="11">
            <word>heard</word>
            <lemma>hear</lemma>
            <CharacterOffsetBegin>5576</CharacterOffsetBegin>
            <CharacterOffsetEnd>5581</CharacterOffsetEnd>
            <POS>VBN</POS>
            <NER>O</NER>
          </token>
          <token id="12">
            <word>the</word>
            <lemma>the</lemma>
            <CharacterOffsetBegin>5582</CharacterOffsetBegin>
            <CharacterOffsetEnd>5585</CharacterOffsetEnd>
            <POS>DT</POS>
            <NER>O</NER>
          </token>
          <token id="13">
            <word>conversation</word>
            <lemma>conversation</lemma>
            <CharacterOffsetBegin>5586</CharacterOffsetBegin>
            <CharacterOffsetEnd>5598</CharacterOffsetEnd>
            <POS>NN</POS>
            <NER>O</NER>
          </token>
          <token id="14">
            <word>.</word>
            <lemma>.</lemma>
            <CharacterOffsetBegin>5598</CharacterOffsetBegin>
            <CharacterOffsetEnd>5599</CharacterOffsetEnd>
            <POS>.</POS>
            <NER>O</NER>
          </token>
        </tokens>
      </sentence>
      <sentence id="52">
        <tokens>
          <token id="1">
            <word>When</word>
            <lemma>when</lemma>
            <CharacterOffsetBegin>5600</CharacterOffsetBegin>
            <CharacterOffsetEnd>5604</CharacterOffsetEnd>
            <POS>WRB</POS>
            <NER>O</NER>
          </token>
          <token id="2">
            <word>the</word>
            <lemma>the</lemma>
            <CharacterOffsetBegin>5605</CharacterOffsetBegin>
            <CharacterOffsetEnd>5608</CharacterOffsetEnd>
            <POS>DT</POS>
            <NER>O</NER>
          </token>
          <token id="3">
            <word>old</word>
            <lemma>old</lemma>
            <CharacterOffsetBegin>5609</CharacterOffsetBegin>
            <CharacterOffsetEnd>5612</CharacterOffsetEnd>
            <POS>JJ</POS>
            <NER>O</NER>
          </token>
          <token id="4">
            <word>folks</word>
            <lemma>folk</lemma>
            <CharacterOffsetBegin>5613</CharacterOffsetBegin>
            <CharacterOffsetEnd>5618</CharacterOffsetEnd>
            <POS>NNS</POS>
            <NER>O</NER>
          </token>
          <token id="5">
            <word>were</word>
            <lemma>be</lemma>
            <CharacterOffsetBegin>5619</CharacterOffsetBegin>
            <CharacterOffsetEnd>5623</CharacterOffsetEnd>
            <POS>VBD</POS>
            <NER>O</NER>
          </token>
          <token id="6">
            <word>asleep</word>
            <lemma>asleep</lemma>
            <CharacterOffsetBegin>5624</CharacterOffsetBegin>
            <CharacterOffsetEnd>5630</CharacterOffsetEnd>
            <POS>RB</POS>
            <NER>O</NER>
          </token>
          <token id="7">
            <word>,</word>
            <lemma>,</lemma>
            <CharacterOffsetBegin>5630</CharacterOffsetBegin>
            <CharacterOffsetEnd>5631</CharacterOffsetEnd>
            <POS>,</POS>
            <NER>O</NER>
          </token>
          <token id="8">
            <word>Hansel</word>
            <lemma>Hansel</lemma>
            <CharacterOffsetBegin>5632</CharacterOffsetBegin>
            <CharacterOffsetEnd>5638</CharacterOffsetEnd>
            <POS>NNP</POS>
            <NER>PERSON</NER>
          </token>
          <token id="9">
            <word>again</word>
            <lemma>again</lemma>
            <CharacterOffsetBegin>5639</CharacterOffsetBegin>
            <CharacterOffsetEnd>5644</CharacterOffsetEnd>
            <POS>RB</POS>
            <NER>O</NER>
          </token>
          <token id="10">
            <word>got</word>
            <lemma>get</lemma>
            <CharacterOffsetBegin>5645</CharacterOffsetBegin>
            <CharacterOffsetEnd>5648</CharacterOffsetEnd>
            <POS>VBD</POS>
            <NER>O</NER>
          </token>
          <token id="11">
            <word>up</word>
            <lemma>up</lemma>
            <CharacterOffsetBegin>5649</CharacterOffsetBegin>
            <CharacterOffsetEnd>5651</CharacterOffsetEnd>
            <POS>RP</POS>
            <NER>O</NER>
          </token>
          <token id="12">
            <word>,</word>
            <lemma>,</lemma>
            <CharacterOffsetBegin>5651</CharacterOffsetBegin>
            <CharacterOffsetEnd>5652</CharacterOffsetEnd>
            <POS>,</POS>
            <NER>O</NER>
          </token>
          <token id="13">
            <word>and</word>
            <lemma>and</lemma>
            <CharacterOffsetBegin>5653</CharacterOffsetBegin>
            <CharacterOffsetEnd>5656</CharacterOffsetEnd>
            <POS>CC</POS>
            <NER>O</NER>
          </token>
          <token id="14">
            <word>wanted</word>
            <lemma>want</lemma>
            <CharacterOffsetBegin>5657</CharacterOffsetBegin>
            <CharacterOffsetEnd>5663</CharacterOffsetEnd>
            <POS>VBD</POS>
            <NER>O</NER>
          </token>
          <token id="15">
            <word>to</word>
            <lemma>to</lemma>
            <CharacterOffsetBegin>5664</CharacterOffsetBegin>
            <CharacterOffsetEnd>5666</CharacterOffsetEnd>
            <POS>TO</POS>
            <NER>O</NER>
          </token>
          <token id="16">
            <word>go</word>
            <lemma>go</lemma>
            <CharacterOffsetBegin>5667</CharacterOffsetBegin>
            <CharacterOffsetEnd>5669</CharacterOffsetEnd>
            <POS>VB</POS>
            <NER>O</NER>
          </token>
          <token id="17">
            <word>out</word>
            <lemma>out</lemma>
            <CharacterOffsetBegin>5670</CharacterOffsetBegin>
            <CharacterOffsetEnd>5673</CharacterOffsetEnd>
            <POS>RP</POS>
            <NER>O</NER>
          </token>
          <token id="18">
            <word>and</word>
            <lemma>and</lemma>
            <CharacterOffsetBegin>5674</CharacterOffsetBegin>
            <CharacterOffsetEnd>5677</CharacterOffsetEnd>
            <POS>CC</POS>
            <NER>O</NER>
          </token>
          <token id="19">
            <word>pick</word>
            <lemma>pick</lemma>
            <CharacterOffsetBegin>5678</CharacterOffsetBegin>
            <CharacterOffsetEnd>5682</CharacterOffsetEnd>
            <POS>VB</POS>
            <NER>O</NER>
          </token>
          <token id="20">
            <word>up</word>
            <lemma>up</lemma>
            <CharacterOffsetBegin>5683</CharacterOffsetBegin>
            <CharacterOffsetEnd>5685</CharacterOffsetEnd>
            <POS>RP</POS>
            <NER>O</NER>
          </token>
          <token id="21">
            <word>pebbles</word>
            <lemma>pebble</lemma>
            <CharacterOffsetBegin>5686</CharacterOffsetBegin>
            <CharacterOffsetEnd>5693</CharacterOffsetEnd>
            <POS>NNS</POS>
            <NER>O</NER>
          </token>
          <token id="22">
            <word>as</word>
            <lemma>as</lemma>
            <CharacterOffsetBegin>5694</CharacterOffsetBegin>
            <CharacterOffsetEnd>5696</CharacterOffsetEnd>
            <POS>IN</POS>
            <NER>O</NER>
          </token>
          <token id="23">
            <word>he</word>
            <lemma>he</lemma>
            <CharacterOffsetBegin>5697</CharacterOffsetBegin>
            <CharacterOffsetEnd>5699</CharacterOffsetEnd>
            <POS>PRP</POS>
            <NER>O</NER>
          </token>
          <token id="24">
            <word>had</word>
            <lemma>have</lemma>
            <CharacterOffsetBegin>5700</CharacterOffsetBegin>
            <CharacterOffsetEnd>5703</CharacterOffsetEnd>
            <POS>VBD</POS>
            <NER>O</NER>
          </token>
          <token id="25">
            <word>done</word>
            <lemma>do</lemma>
            <CharacterOffsetBegin>5704</CharacterOffsetBegin>
            <CharacterOffsetEnd>5708</CharacterOffsetEnd>
            <POS>VBN</POS>
            <NER>O</NER>
          </token>
          <token id="26">
            <word>before</word>
            <lemma>before</lemma>
            <CharacterOffsetBegin>5709</CharacterOffsetBegin>
            <CharacterOffsetEnd>5715</CharacterOffsetEnd>
            <POS>RB</POS>
            <NER>O</NER>
          </token>
          <token id="27">
            <word>,</word>
            <lemma>,</lemma>
            <CharacterOffsetBegin>5715</CharacterOffsetBegin>
            <CharacterOffsetEnd>5716</CharacterOffsetEnd>
            <POS>,</POS>
            <NER>O</NER>
          </token>
          <token id="28">
            <word>but</word>
            <lemma>but</lemma>
            <CharacterOffsetBegin>5717</CharacterOffsetBegin>
            <CharacterOffsetEnd>5720</CharacterOffsetEnd>
            <POS>CC</POS>
            <NER>O</NER>
          </token>
          <token id="29">
            <word>the</word>
            <lemma>the</lemma>
            <CharacterOffsetBegin>5721</CharacterOffsetBegin>
            <CharacterOffsetEnd>5724</CharacterOffsetEnd>
            <POS>DT</POS>
            <NER>O</NER>
          </token>
          <token id="30">
            <word>woman</word>
            <lemma>woman</lemma>
            <CharacterOffsetBegin>5725</CharacterOffsetBegin>
            <CharacterOffsetEnd>5730</CharacterOffsetEnd>
            <POS>NN</POS>
            <NER>O</NER>
          </token>
          <token id="31">
            <word>had</word>
            <lemma>have</lemma>
            <CharacterOffsetBegin>5731</CharacterOffsetBegin>
            <CharacterOffsetEnd>5734</CharacterOffsetEnd>
            <POS>VBD</POS>
            <NER>O</NER>
          </token>
          <token id="32">
            <word>locked</word>
            <lemma>lock</lemma>
            <CharacterOffsetBegin>5735</CharacterOffsetBegin>
            <CharacterOffsetEnd>5741</CharacterOffsetEnd>
            <POS>VBN</POS>
            <NER>O</NER>
          </token>
          <token id="33">
            <word>the</word>
            <lemma>the</lemma>
            <CharacterOffsetBegin>5742</CharacterOffsetBegin>
            <CharacterOffsetEnd>5745</CharacterOffsetEnd>
            <POS>DT</POS>
            <NER>O</NER>
          </token>
          <token id="34">
            <word>door</word>
            <lemma>door</lemma>
            <CharacterOffsetBegin>5746</CharacterOffsetBegin>
            <CharacterOffsetEnd>5750</CharacterOffsetEnd>
            <POS>NN</POS>
            <NER>O</NER>
          </token>
          <token id="35">
            <word>,</word>
            <lemma>,</lemma>
            <CharacterOffsetBegin>5750</CharacterOffsetBegin>
            <CharacterOffsetEnd>5751</CharacterOffsetEnd>
            <POS>,</POS>
            <NER>O</NER>
          </token>
          <token id="36">
            <word>and</word>
            <lemma>and</lemma>
            <CharacterOffsetBegin>5752</CharacterOffsetBegin>
            <CharacterOffsetEnd>5755</CharacterOffsetEnd>
            <POS>CC</POS>
            <NER>O</NER>
          </token>
          <token id="37">
            <word>Hansel</word>
            <lemma>Hansel</lemma>
            <CharacterOffsetBegin>5756</CharacterOffsetBegin>
            <CharacterOffsetEnd>5762</CharacterOffsetEnd>
            <POS>NNP</POS>
            <NER>PERSON</NER>
          </token>
          <token id="38">
            <word>could</word>
            <lemma>could</lemma>
            <CharacterOffsetBegin>5763</CharacterOffsetBegin>
            <CharacterOffsetEnd>5768</CharacterOffsetEnd>
            <POS>MD</POS>
            <NER>O</NER>
          </token>
          <token id="39">
            <word>not</word>
            <lemma>not</lemma>
            <CharacterOffsetBegin>5769</CharacterOffsetBegin>
            <CharacterOffsetEnd>5772</CharacterOffsetEnd>
            <POS>RB</POS>
            <NER>O</NER>
          </token>
          <token id="40">
            <word>get</word>
            <lemma>get</lemma>
            <CharacterOffsetBegin>5773</CharacterOffsetBegin>
            <CharacterOffsetEnd>5776</CharacterOffsetEnd>
            <POS>VB</POS>
            <NER>O</NER>
          </token>
          <token id="41">
            <word>out</word>
            <lemma>out</lemma>
            <CharacterOffsetBegin>5777</CharacterOffsetBegin>
            <CharacterOffsetEnd>5780</CharacterOffsetEnd>
            <POS>RP</POS>
            <NER>O</NER>
          </token>
          <token id="42">
            <word>.</word>
            <lemma>.</lemma>
            <CharacterOffsetBegin>5780</CharacterOffsetBegin>
            <CharacterOffsetEnd>5781</CharacterOffsetEnd>
            <POS>.</POS>
            <NER>O</NER>
          </token>
        </tokens>
      </sentence>
      <sentence id="53">
        <tokens>
          <token id="1">
            <word>Nevertheless</word>
            <lemma>nevertheless</lemma>
            <CharacterOffsetBegin>5782</CharacterOffsetBegin>
            <CharacterOffsetEnd>5794</CharacterOffsetEnd>
            <POS>RB</POS>
            <NER>O</NER>
          </token>
          <token id="2">
            <word>he</word>
            <lemma>he</lemma>
            <CharacterOffsetBegin>5795</CharacterOffsetBegin>
            <CharacterOffsetEnd>5797</CharacterOffsetEnd>
            <POS>PRP</POS>
            <NER>O</NER>
          </token>
          <token id="3">
            <word>comforted</word>
            <lemma>comfort</lemma>
            <CharacterOffsetBegin>5798</CharacterOffsetBegin>
            <CharacterOffsetEnd>5807</CharacterOffsetEnd>
            <POS>VBD</POS>
            <NER>O</NER>
          </token>
          <token id="4">
            <word>his</word>
            <lemma>he</lemma>
            <CharacterOffsetBegin>5808</CharacterOffsetBegin>
            <CharacterOffsetEnd>5811</CharacterOffsetEnd>
            <POS>PRP$</POS>
            <NER>O</NER>
          </token>
          <token id="5">
            <word>little</word>
            <lemma>little</lemma>
            <CharacterOffsetBegin>5812</CharacterOffsetBegin>
            <CharacterOffsetEnd>5818</CharacterOffsetEnd>
            <POS>JJ</POS>
            <NER>O</NER>
          </token>
          <token id="6">
            <word>sister</word>
            <lemma>sister</lemma>
            <CharacterOffsetBegin>5819</CharacterOffsetBegin>
            <CharacterOffsetEnd>5825</CharacterOffsetEnd>
            <POS>NN</POS>
            <NER>O</NER>
          </token>
          <token id="7">
            <word>,</word>
            <lemma>,</lemma>
            <CharacterOffsetBegin>5825</CharacterOffsetBegin>
            <CharacterOffsetEnd>5826</CharacterOffsetEnd>
            <POS>,</POS>
            <NER>O</NER>
          </token>
          <token id="8">
            <word>and</word>
            <lemma>and</lemma>
            <CharacterOffsetBegin>5827</CharacterOffsetBegin>
            <CharacterOffsetEnd>5830</CharacterOffsetEnd>
            <POS>CC</POS>
            <NER>O</NER>
          </token>
          <token id="9">
            <word>said</word>
            <lemma>say</lemma>
            <CharacterOffsetBegin>5831</CharacterOffsetBegin>
            <CharacterOffsetEnd>5835</CharacterOffsetEnd>
            <POS>VBD</POS>
            <NER>O</NER>
          </token>
          <token id="10">
            <word>:</word>
            <lemma>:</lemma>
            <CharacterOffsetBegin>5835</CharacterOffsetBegin>
            <CharacterOffsetEnd>5836</CharacterOffsetEnd>
            <POS>:</POS>
            <NER>O</NER>
          </token>
          <token id="11">
            <word>`</word>
            <lemma>`</lemma>
            <CharacterOffsetBegin>5837</CharacterOffsetBegin>
            <CharacterOffsetEnd>5838</CharacterOffsetEnd>
            <POS>``</POS>
            <NER>O</NER>
          </token>
          <token id="12">
            <word>Do</word>
            <lemma>do</lemma>
            <CharacterOffsetBegin>5838</CharacterOffsetBegin>
            <CharacterOffsetEnd>5840</CharacterOffsetEnd>
            <POS>VBP</POS>
            <NER>O</NER>
          </token>
          <token id="13">
            <word>not</word>
            <lemma>not</lemma>
            <CharacterOffsetBegin>5841</CharacterOffsetBegin>
            <CharacterOffsetEnd>5844</CharacterOffsetEnd>
            <POS>RB</POS>
            <NER>O</NER>
          </token>
          <token id="14">
            <word>cry</word>
            <lemma>cry</lemma>
            <CharacterOffsetBegin>5845</CharacterOffsetBegin>
            <CharacterOffsetEnd>5848</CharacterOffsetEnd>
            <POS>VB</POS>
            <NER>O</NER>
          </token>
          <token id="15">
            <word>,</word>
            <lemma>,</lemma>
            <CharacterOffsetBegin>5848</CharacterOffsetBegin>
            <CharacterOffsetEnd>5849</CharacterOffsetEnd>
            <POS>,</POS>
            <NER>O</NER>
          </token>
          <token id="16">
            <word>Gretel</word>
            <lemma>Gretel</lemma>
            <CharacterOffsetBegin>5850</CharacterOffsetBegin>
            <CharacterOffsetEnd>5856</CharacterOffsetEnd>
            <POS>NNP</POS>
            <NER>PERSON</NER>
          </token>
          <token id="17">
            <word>,</word>
            <lemma>,</lemma>
            <CharacterOffsetBegin>5856</CharacterOffsetBegin>
            <CharacterOffsetEnd>5857</CharacterOffsetEnd>
            <POS>,</POS>
            <NER>O</NER>
          </token>
          <token id="18">
            <word>go</word>
            <lemma>go</lemma>
            <CharacterOffsetBegin>5858</CharacterOffsetBegin>
            <CharacterOffsetEnd>5860</CharacterOffsetEnd>
            <POS>VB</POS>
            <NER>O</NER>
          </token>
          <token id="19">
            <word>to</word>
            <lemma>to</lemma>
            <CharacterOffsetBegin>5861</CharacterOffsetBegin>
            <CharacterOffsetEnd>5863</CharacterOffsetEnd>
            <POS>TO</POS>
            <NER>O</NER>
          </token>
          <token id="20">
            <word>sleep</word>
            <lemma>sleep</lemma>
            <CharacterOffsetBegin>5864</CharacterOffsetBegin>
            <CharacterOffsetEnd>5869</CharacterOffsetEnd>
            <POS>VB</POS>
            <NER>O</NER>
          </token>
          <token id="21">
            <word>quietly</word>
            <lemma>quietly</lemma>
            <CharacterOffsetBegin>5870</CharacterOffsetBegin>
            <CharacterOffsetEnd>5877</CharacterOffsetEnd>
            <POS>RB</POS>
            <NER>O</NER>
          </token>
          <token id="22">
            <word>,</word>
            <lemma>,</lemma>
            <CharacterOffsetBegin>5877</CharacterOffsetBegin>
            <CharacterOffsetEnd>5878</CharacterOffsetEnd>
            <POS>,</POS>
            <NER>O</NER>
          </token>
          <token id="23">
            <word>the</word>
            <lemma>the</lemma>
            <CharacterOffsetBegin>5879</CharacterOffsetBegin>
            <CharacterOffsetEnd>5882</CharacterOffsetEnd>
            <POS>DT</POS>
            <NER>O</NER>
          </token>
          <token id="24">
            <word>good</word>
            <lemma>good</lemma>
            <CharacterOffsetBegin>5883</CharacterOffsetBegin>
            <CharacterOffsetEnd>5887</CharacterOffsetEnd>
            <POS>JJ</POS>
            <NER>O</NER>
          </token>
          <token id="25">
            <word>God</word>
            <lemma>God</lemma>
            <CharacterOffsetBegin>5888</CharacterOffsetBegin>
            <CharacterOffsetEnd>5891</CharacterOffsetEnd>
            <POS>NNP</POS>
            <NER>O</NER>
          </token>
          <token id="26">
            <word>will</word>
            <lemma>will</lemma>
            <CharacterOffsetBegin>5892</CharacterOffsetBegin>
            <CharacterOffsetEnd>5896</CharacterOffsetEnd>
            <POS>MD</POS>
            <NER>O</NER>
          </token>
          <token id="27">
            <word>help</word>
            <lemma>help</lemma>
            <CharacterOffsetBegin>5897</CharacterOffsetBegin>
            <CharacterOffsetEnd>5901</CharacterOffsetEnd>
            <POS>VB</POS>
            <NER>O</NER>
          </token>
          <token id="28">
            <word>us</word>
            <lemma>we</lemma>
            <CharacterOffsetBegin>5902</CharacterOffsetBegin>
            <CharacterOffsetEnd>5904</CharacterOffsetEnd>
            <POS>PRP</POS>
            <NER>O</NER>
          </token>
          <token id="29">
            <word>.</word>
            <lemma>.</lemma>
            <CharacterOffsetBegin>5904</CharacterOffsetBegin>
            <CharacterOffsetEnd>5905</CharacterOffsetEnd>
            <POS>.</POS>
            <NER>O</NER>
          </token>
          <token id="30">
            <word>'</word>
            <lemma>'</lemma>
            <CharacterOffsetBegin>5905</CharacterOffsetBegin>
            <CharacterOffsetEnd>5906</CharacterOffsetEnd>
            <POS>''</POS>
            <NER>O</NER>
          </token>
        </tokens>
      </sentence>
      <sentence id="54">
        <tokens>
          <token id="1">
            <word>Early</word>
            <lemma>early</lemma>
            <CharacterOffsetBegin>5908</CharacterOffsetBegin>
            <CharacterOffsetEnd>5913</CharacterOffsetEnd>
            <POS>RB</POS>
            <NER>O</NER>
          </token>
          <token id="2">
            <word>in</word>
            <lemma>in</lemma>
            <CharacterOffsetBegin>5914</CharacterOffsetBegin>
            <CharacterOffsetEnd>5916</CharacterOffsetEnd>
            <POS>IN</POS>
            <NER>O</NER>
          </token>
          <token id="3">
            <word>the</word>
            <lemma>the</lemma>
            <CharacterOffsetBegin>5917</CharacterOffsetBegin>
            <CharacterOffsetEnd>5920</CharacterOffsetEnd>
            <POS>DT</POS>
            <NER>O</NER>
          </token>
          <token id="4">
            <word>morning</word>
            <lemma>morning</lemma>
            <CharacterOffsetBegin>5921</CharacterOffsetBegin>
            <CharacterOffsetEnd>5928</CharacterOffsetEnd>
            <POS>NN</POS>
            <NER>TIME</NER>
            <NormalizedNER>TMO</NormalizedNER>
            <Timex tid="t20" type="TIME">TMO</Timex>
          </token>
          <token id="5">
            <word>came</word>
            <lemma>come</lemma>
            <CharacterOffsetBegin>5929</CharacterOffsetBegin>
            <CharacterOffsetEnd>5933</CharacterOffsetEnd>
            <POS>VBD</POS>
            <NER>O</NER>
          </token>
          <token id="6">
            <word>the</word>
            <lemma>the</lemma>
            <CharacterOffsetBegin>5934</CharacterOffsetBegin>
            <CharacterOffsetEnd>5937</CharacterOffsetEnd>
            <POS>DT</POS>
            <NER>O</NER>
          </token>
          <token id="7">
            <word>woman</word>
            <lemma>woman</lemma>
            <CharacterOffsetBegin>5938</CharacterOffsetBegin>
            <CharacterOffsetEnd>5943</CharacterOffsetEnd>
            <POS>NN</POS>
            <NER>O</NER>
          </token>
          <token id="8">
            <word>,</word>
            <lemma>,</lemma>
            <CharacterOffsetBegin>5943</CharacterOffsetBegin>
            <CharacterOffsetEnd>5944</CharacterOffsetEnd>
            <POS>,</POS>
            <NER>O</NER>
          </token>
          <token id="9">
            <word>and</word>
            <lemma>and</lemma>
            <CharacterOffsetBegin>5945</CharacterOffsetBegin>
            <CharacterOffsetEnd>5948</CharacterOffsetEnd>
            <POS>CC</POS>
            <NER>O</NER>
          </token>
          <token id="10">
            <word>took</word>
            <lemma>take</lemma>
            <CharacterOffsetBegin>5949</CharacterOffsetBegin>
            <CharacterOffsetEnd>5953</CharacterOffsetEnd>
            <POS>VBD</POS>
            <NER>O</NER>
          </token>
          <token id="11">
            <word>the</word>
            <lemma>the</lemma>
            <CharacterOffsetBegin>5954</CharacterOffsetBegin>
            <CharacterOffsetEnd>5957</CharacterOffsetEnd>
            <POS>DT</POS>
            <NER>O</NER>
          </token>
          <token id="12">
            <word>children</word>
            <lemma>child</lemma>
            <CharacterOffsetBegin>5958</CharacterOffsetBegin>
            <CharacterOffsetEnd>5966</CharacterOffsetEnd>
            <POS>NNS</POS>
            <NER>O</NER>
          </token>
          <token id="13">
            <word>out</word>
            <lemma>out</lemma>
            <CharacterOffsetBegin>5967</CharacterOffsetBegin>
            <CharacterOffsetEnd>5970</CharacterOffsetEnd>
            <POS>IN</POS>
            <NER>O</NER>
          </token>
          <token id="14">
            <word>of</word>
            <lemma>of</lemma>
            <CharacterOffsetBegin>5971</CharacterOffsetBegin>
            <CharacterOffsetEnd>5973</CharacterOffsetEnd>
            <POS>IN</POS>
            <NER>O</NER>
          </token>
          <token id="15">
            <word>their</word>
            <lemma>they</lemma>
            <CharacterOffsetBegin>5974</CharacterOffsetBegin>
            <CharacterOffsetEnd>5979</CharacterOffsetEnd>
            <POS>PRP$</POS>
            <NER>O</NER>
          </token>
          <token id="16">
            <word>beds</word>
            <lemma>bed</lemma>
            <CharacterOffsetBegin>5980</CharacterOffsetBegin>
            <CharacterOffsetEnd>5984</CharacterOffsetEnd>
            <POS>NNS</POS>
            <NER>O</NER>
          </token>
          <token id="17">
            <word>.</word>
            <lemma>.</lemma>
            <CharacterOffsetBegin>5984</CharacterOffsetBegin>
            <CharacterOffsetEnd>5985</CharacterOffsetEnd>
            <POS>.</POS>
            <NER>O</NER>
          </token>
        </tokens>
      </sentence>
      <sentence id="55">
        <tokens>
          <token id="1">
            <word>Their</word>
            <lemma>they</lemma>
            <CharacterOffsetBegin>5986</CharacterOffsetBegin>
            <CharacterOffsetEnd>5991</CharacterOffsetEnd>
            <POS>PRP$</POS>
            <NER>O</NER>
          </token>
          <token id="2">
            <word>piece</word>
            <lemma>piece</lemma>
            <CharacterOffsetBegin>5992</CharacterOffsetBegin>
            <CharacterOffsetEnd>5997</CharacterOffsetEnd>
            <POS>NN</POS>
            <NER>O</NER>
          </token>
          <token id="3">
            <word>of</word>
            <lemma>of</lemma>
            <CharacterOffsetBegin>5998</CharacterOffsetBegin>
            <CharacterOffsetEnd>6000</CharacterOffsetEnd>
            <POS>IN</POS>
            <NER>O</NER>
          </token>
          <token id="4">
            <word>bread</word>
            <lemma>bread</lemma>
            <CharacterOffsetBegin>6001</CharacterOffsetBegin>
            <CharacterOffsetEnd>6006</CharacterOffsetEnd>
            <POS>NN</POS>
            <NER>O</NER>
          </token>
          <token id="5">
            <word>was</word>
            <lemma>be</lemma>
            <CharacterOffsetBegin>6007</CharacterOffsetBegin>
            <CharacterOffsetEnd>6010</CharacterOffsetEnd>
            <POS>VBD</POS>
            <NER>O</NER>
          </token>
          <token id="6">
            <word>given</word>
            <lemma>give</lemma>
            <CharacterOffsetBegin>6011</CharacterOffsetBegin>
            <CharacterOffsetEnd>6016</CharacterOffsetEnd>
            <POS>VBN</POS>
            <NER>O</NER>
          </token>
          <token id="7">
            <word>to</word>
            <lemma>to</lemma>
            <CharacterOffsetBegin>6017</CharacterOffsetBegin>
            <CharacterOffsetEnd>6019</CharacterOffsetEnd>
            <POS>TO</POS>
            <NER>O</NER>
          </token>
          <token id="8">
            <word>them</word>
            <lemma>they</lemma>
            <CharacterOffsetBegin>6020</CharacterOffsetBegin>
            <CharacterOffsetEnd>6024</CharacterOffsetEnd>
            <POS>PRP</POS>
            <NER>O</NER>
          </token>
          <token id="9">
            <word>,</word>
            <lemma>,</lemma>
            <CharacterOffsetBegin>6024</CharacterOffsetBegin>
            <CharacterOffsetEnd>6025</CharacterOffsetEnd>
            <POS>,</POS>
            <NER>O</NER>
          </token>
          <token id="10">
            <word>but</word>
            <lemma>but</lemma>
            <CharacterOffsetBegin>6026</CharacterOffsetBegin>
            <CharacterOffsetEnd>6029</CharacterOffsetEnd>
            <POS>CC</POS>
            <NER>O</NER>
          </token>
          <token id="11">
            <word>it</word>
            <lemma>it</lemma>
            <CharacterOffsetBegin>6030</CharacterOffsetBegin>
            <CharacterOffsetEnd>6032</CharacterOffsetEnd>
            <POS>PRP</POS>
            <NER>O</NER>
          </token>
          <token id="12">
            <word>was</word>
            <lemma>be</lemma>
            <CharacterOffsetBegin>6033</CharacterOffsetBegin>
            <CharacterOffsetEnd>6036</CharacterOffsetEnd>
            <POS>VBD</POS>
            <NER>O</NER>
          </token>
          <token id="13">
            <word>still</word>
            <lemma>still</lemma>
            <CharacterOffsetBegin>6037</CharacterOffsetBegin>
            <CharacterOffsetEnd>6042</CharacterOffsetEnd>
            <POS>RB</POS>
            <NER>O</NER>
          </token>
          <token id="14">
            <word>smaller</word>
            <lemma>smaller</lemma>
            <CharacterOffsetBegin>6043</CharacterOffsetBegin>
            <CharacterOffsetEnd>6050</CharacterOffsetEnd>
            <POS>JJR</POS>
            <NER>O</NER>
          </token>
          <token id="15">
            <word>than</word>
            <lemma>than</lemma>
            <CharacterOffsetBegin>6051</CharacterOffsetBegin>
            <CharacterOffsetEnd>6055</CharacterOffsetEnd>
            <POS>IN</POS>
            <NER>O</NER>
          </token>
          <token id="16">
            <word>the</word>
            <lemma>the</lemma>
            <CharacterOffsetBegin>6056</CharacterOffsetBegin>
            <CharacterOffsetEnd>6059</CharacterOffsetEnd>
            <POS>DT</POS>
            <NER>O</NER>
          </token>
          <token id="17">
            <word>time</word>
            <lemma>time</lemma>
            <CharacterOffsetBegin>6060</CharacterOffsetBegin>
            <CharacterOffsetEnd>6064</CharacterOffsetEnd>
            <POS>NN</POS>
            <NER>O</NER>
          </token>
          <token id="18">
            <word>before</word>
            <lemma>before</lemma>
            <CharacterOffsetBegin>6065</CharacterOffsetBegin>
            <CharacterOffsetEnd>6071</CharacterOffsetEnd>
            <POS>IN</POS>
            <NER>O</NER>
          </token>
          <token id="19">
            <word>.</word>
            <lemma>.</lemma>
            <CharacterOffsetBegin>6071</CharacterOffsetBegin>
            <CharacterOffsetEnd>6072</CharacterOffsetEnd>
            <POS>.</POS>
            <NER>O</NER>
          </token>
        </tokens>
      </sentence>
      <sentence id="56">
        <tokens>
          <token id="1">
            <word>On</word>
            <lemma>on</lemma>
            <CharacterOffsetBegin>6073</CharacterOffsetBegin>
            <CharacterOffsetEnd>6075</CharacterOffsetEnd>
            <POS>IN</POS>
            <NER>O</NER>
          </token>
          <token id="2">
            <word>the</word>
            <lemma>the</lemma>
            <CharacterOffsetBegin>6076</CharacterOffsetBegin>
            <CharacterOffsetEnd>6079</CharacterOffsetEnd>
            <POS>DT</POS>
            <NER>O</NER>
          </token>
          <token id="3">
            <word>way</word>
            <lemma>way</lemma>
            <CharacterOffsetBegin>6080</CharacterOffsetBegin>
            <CharacterOffsetEnd>6083</CharacterOffsetEnd>
            <POS>NN</POS>
            <NER>O</NER>
          </token>
          <token id="4">
            <word>into</word>
            <lemma>into</lemma>
            <CharacterOffsetBegin>6084</CharacterOffsetBegin>
            <CharacterOffsetEnd>6088</CharacterOffsetEnd>
            <POS>IN</POS>
            <NER>O</NER>
          </token>
          <token id="5">
            <word>the</word>
            <lemma>the</lemma>
            <CharacterOffsetBegin>6089</CharacterOffsetBegin>
            <CharacterOffsetEnd>6092</CharacterOffsetEnd>
            <POS>DT</POS>
            <NER>O</NER>
          </token>
          <token id="6">
            <word>forest</word>
            <lemma>forest</lemma>
            <CharacterOffsetBegin>6093</CharacterOffsetBegin>
            <CharacterOffsetEnd>6099</CharacterOffsetEnd>
            <POS>NN</POS>
            <NER>O</NER>
          </token>
          <token id="7">
            <word>Hansel</word>
            <lemma>Hansel</lemma>
            <CharacterOffsetBegin>6100</CharacterOffsetBegin>
            <CharacterOffsetEnd>6106</CharacterOffsetEnd>
            <POS>NNP</POS>
            <NER>O</NER>
          </token>
          <token id="8">
            <word>crumbled</word>
            <lemma>crumble</lemma>
            <CharacterOffsetBegin>6107</CharacterOffsetBegin>
            <CharacterOffsetEnd>6115</CharacterOffsetEnd>
            <POS>VBD</POS>
            <NER>O</NER>
          </token>
          <token id="9">
            <word>his</word>
            <lemma>he</lemma>
            <CharacterOffsetBegin>6116</CharacterOffsetBegin>
            <CharacterOffsetEnd>6119</CharacterOffsetEnd>
            <POS>PRP$</POS>
            <NER>O</NER>
          </token>
          <token id="10">
            <word>in</word>
            <lemma>in</lemma>
            <CharacterOffsetBegin>6120</CharacterOffsetBegin>
            <CharacterOffsetEnd>6122</CharacterOffsetEnd>
            <POS>IN</POS>
            <NER>O</NER>
          </token>
          <token id="11">
            <word>his</word>
            <lemma>he</lemma>
            <CharacterOffsetBegin>6123</CharacterOffsetBegin>
            <CharacterOffsetEnd>6126</CharacterOffsetEnd>
            <POS>PRP$</POS>
            <NER>O</NER>
          </token>
          <token id="12">
            <word>pocket</word>
            <lemma>pocket</lemma>
            <CharacterOffsetBegin>6127</CharacterOffsetBegin>
            <CharacterOffsetEnd>6133</CharacterOffsetEnd>
            <POS>NN</POS>
            <NER>O</NER>
          </token>
          <token id="13">
            <word>,</word>
            <lemma>,</lemma>
            <CharacterOffsetBegin>6133</CharacterOffsetBegin>
            <CharacterOffsetEnd>6134</CharacterOffsetEnd>
            <POS>,</POS>
            <NER>O</NER>
          </token>
          <token id="14">
            <word>and</word>
            <lemma>and</lemma>
            <CharacterOffsetBegin>6135</CharacterOffsetBegin>
            <CharacterOffsetEnd>6138</CharacterOffsetEnd>
            <POS>CC</POS>
            <NER>O</NER>
          </token>
          <token id="15">
            <word>often</word>
            <lemma>often</lemma>
            <CharacterOffsetBegin>6139</CharacterOffsetBegin>
            <CharacterOffsetEnd>6144</CharacterOffsetEnd>
            <POS>RB</POS>
            <NER>O</NER>
          </token>
          <token id="16">
            <word>stood</word>
            <lemma>stand</lemma>
            <CharacterOffsetBegin>6145</CharacterOffsetBegin>
            <CharacterOffsetEnd>6150</CharacterOffsetEnd>
            <POS>VBD</POS>
            <NER>O</NER>
          </token>
          <token id="17">
            <word>still</word>
            <lemma>still</lemma>
            <CharacterOffsetBegin>6151</CharacterOffsetBegin>
            <CharacterOffsetEnd>6156</CharacterOffsetEnd>
            <POS>RB</POS>
            <NER>O</NER>
          </token>
          <token id="18">
            <word>and</word>
            <lemma>and</lemma>
            <CharacterOffsetBegin>6157</CharacterOffsetBegin>
            <CharacterOffsetEnd>6160</CharacterOffsetEnd>
            <POS>CC</POS>
            <NER>O</NER>
          </token>
          <token id="19">
            <word>threw</word>
            <lemma>throw</lemma>
            <CharacterOffsetBegin>6161</CharacterOffsetBegin>
            <CharacterOffsetEnd>6166</CharacterOffsetEnd>
            <POS>VBD</POS>
            <NER>O</NER>
          </token>
          <token id="20">
            <word>a</word>
            <lemma>a</lemma>
            <CharacterOffsetBegin>6167</CharacterOffsetBegin>
            <CharacterOffsetEnd>6168</CharacterOffsetEnd>
            <POS>DT</POS>
            <NER>O</NER>
          </token>
          <token id="21">
            <word>morsel</word>
            <lemma>morsel</lemma>
            <CharacterOffsetBegin>6169</CharacterOffsetBegin>
            <CharacterOffsetEnd>6175</CharacterOffsetEnd>
            <POS>NN</POS>
            <NER>O</NER>
          </token>
          <token id="22">
            <word>on</word>
            <lemma>on</lemma>
            <CharacterOffsetBegin>6176</CharacterOffsetBegin>
            <CharacterOffsetEnd>6178</CharacterOffsetEnd>
            <POS>IN</POS>
            <NER>O</NER>
          </token>
          <token id="23">
            <word>the</word>
            <lemma>the</lemma>
            <CharacterOffsetBegin>6179</CharacterOffsetBegin>
            <CharacterOffsetEnd>6182</CharacterOffsetEnd>
            <POS>DT</POS>
            <NER>O</NER>
          </token>
          <token id="24">
            <word>ground</word>
            <lemma>ground</lemma>
            <CharacterOffsetBegin>6183</CharacterOffsetBegin>
            <CharacterOffsetEnd>6189</CharacterOffsetEnd>
            <POS>NN</POS>
            <NER>O</NER>
          </token>
          <token id="25">
            <word>.</word>
            <lemma>.</lemma>
            <CharacterOffsetBegin>6189</CharacterOffsetBegin>
            <CharacterOffsetEnd>6190</CharacterOffsetEnd>
            <POS>.</POS>
            <NER>O</NER>
          </token>
        </tokens>
      </sentence>
      <sentence id="57">
        <tokens>
          <token id="1">
            <word>`</word>
            <lemma>`</lemma>
            <CharacterOffsetBegin>6191</CharacterOffsetBegin>
            <CharacterOffsetEnd>6192</CharacterOffsetEnd>
            <POS>``</POS>
            <NER>O</NER>
          </token>
          <token id="2">
            <word>Hansel</word>
            <lemma>Hansel</lemma>
            <CharacterOffsetBegin>6192</CharacterOffsetBegin>
            <CharacterOffsetEnd>6198</CharacterOffsetEnd>
            <POS>NNP</POS>
            <NER>O</NER>
          </token>
          <token id="3">
            <word>,</word>
            <lemma>,</lemma>
            <CharacterOffsetBegin>6198</CharacterOffsetBegin>
            <CharacterOffsetEnd>6199</CharacterOffsetEnd>
            <POS>,</POS>
            <NER>O</NER>
          </token>
          <token id="4">
            <word>why</word>
            <lemma>why</lemma>
            <CharacterOffsetBegin>6200</CharacterOffsetBegin>
            <CharacterOffsetEnd>6203</CharacterOffsetEnd>
            <POS>WRB</POS>
            <NER>O</NER>
          </token>
          <token id="5">
            <word>do</word>
            <lemma>do</lemma>
            <CharacterOffsetBegin>6204</CharacterOffsetBegin>
            <CharacterOffsetEnd>6206</CharacterOffsetEnd>
            <POS>VBP</POS>
            <NER>O</NER>
          </token>
          <token id="6">
            <word>you</word>
            <lemma>you</lemma>
            <CharacterOffsetBegin>6207</CharacterOffsetBegin>
            <CharacterOffsetEnd>6210</CharacterOffsetEnd>
            <POS>PRP</POS>
            <NER>O</NER>
          </token>
          <token id="7">
            <word>stop</word>
            <lemma>stop</lemma>
            <CharacterOffsetBegin>6211</CharacterOffsetBegin>
            <CharacterOffsetEnd>6215</CharacterOffsetEnd>
            <POS>VB</POS>
            <NER>O</NER>
          </token>
          <token id="8">
            <word>and</word>
            <lemma>and</lemma>
            <CharacterOffsetBegin>6216</CharacterOffsetBegin>
            <CharacterOffsetEnd>6219</CharacterOffsetEnd>
            <POS>CC</POS>
            <NER>O</NER>
          </token>
          <token id="9">
            <word>look</word>
            <lemma>look</lemma>
            <CharacterOffsetBegin>6220</CharacterOffsetBegin>
            <CharacterOffsetEnd>6224</CharacterOffsetEnd>
            <POS>VB</POS>
            <NER>O</NER>
          </token>
          <token id="10">
            <word>round</word>
            <lemma>round</lemma>
            <CharacterOffsetBegin>6225</CharacterOffsetBegin>
            <CharacterOffsetEnd>6230</CharacterOffsetEnd>
            <POS>NN</POS>
            <NER>O</NER>
          </token>
          <token id="11">
            <word>?</word>
            <lemma>?</lemma>
            <CharacterOffsetBegin>6230</CharacterOffsetBegin>
            <CharacterOffsetEnd>6231</CharacterOffsetEnd>
            <POS>.</POS>
            <NER>O</NER>
          </token>
          <token id="12">
            <word>'</word>
            <lemma>'</lemma>
            <CharacterOffsetBegin>6231</CharacterOffsetBegin>
            <CharacterOffsetEnd>6232</CharacterOffsetEnd>
            <POS>''</POS>
            <NER>O</NER>
          </token>
        </tokens>
      </sentence>
      <sentence id="58">
        <tokens>
          <token id="1">
            <word>said</word>
            <lemma>say</lemma>
            <CharacterOffsetBegin>6233</CharacterOffsetBegin>
            <CharacterOffsetEnd>6237</CharacterOffsetEnd>
            <POS>VBD</POS>
            <NER>O</NER>
          </token>
          <token id="2">
            <word>the</word>
            <lemma>the</lemma>
            <CharacterOffsetBegin>6238</CharacterOffsetBegin>
            <CharacterOffsetEnd>6241</CharacterOffsetEnd>
            <POS>DT</POS>
            <NER>O</NER>
          </token>
          <token id="3">
            <word>father</word>
            <lemma>father</lemma>
            <CharacterOffsetBegin>6242</CharacterOffsetBegin>
            <CharacterOffsetEnd>6248</CharacterOffsetEnd>
            <POS>NN</POS>
            <NER>O</NER>
          </token>
          <token id="4">
            <word>,</word>
            <lemma>,</lemma>
            <CharacterOffsetBegin>6248</CharacterOffsetBegin>
            <CharacterOffsetEnd>6249</CharacterOffsetEnd>
            <POS>,</POS>
            <NER>O</NER>
          </token>
          <token id="5">
            <word>`</word>
            <lemma>`</lemma>
            <CharacterOffsetBegin>6250</CharacterOffsetBegin>
            <CharacterOffsetEnd>6251</CharacterOffsetEnd>
            <POS>``</POS>
            <NER>O</NER>
          </token>
          <token id="6">
            <word>go</word>
            <lemma>go</lemma>
            <CharacterOffsetBegin>6251</CharacterOffsetBegin>
            <CharacterOffsetEnd>6253</CharacterOffsetEnd>
            <POS>VB</POS>
            <NER>O</NER>
          </token>
          <token id="7">
            <word>on</word>
            <lemma>on</lemma>
            <CharacterOffsetBegin>6254</CharacterOffsetBegin>
            <CharacterOffsetEnd>6256</CharacterOffsetEnd>
            <POS>IN</POS>
            <NER>O</NER>
          </token>
          <token id="8">
            <word>.</word>
            <lemma>.</lemma>
            <CharacterOffsetBegin>6256</CharacterOffsetBegin>
            <CharacterOffsetEnd>6257</CharacterOffsetEnd>
            <POS>.</POS>
            <NER>O</NER>
          </token>
          <token id="9">
            <word>'</word>
            <lemma>'</lemma>
            <CharacterOffsetBegin>6257</CharacterOffsetBegin>
            <CharacterOffsetEnd>6258</CharacterOffsetEnd>
            <POS>''</POS>
            <NER>O</NER>
          </token>
        </tokens>
      </sentence>
      <sentence id="59">
        <tokens>
          <token id="1">
            <word>`</word>
            <lemma>`</lemma>
            <CharacterOffsetBegin>6259</CharacterOffsetBegin>
            <CharacterOffsetEnd>6260</CharacterOffsetEnd>
            <POS>``</POS>
            <NER>O</NER>
          </token>
          <token id="2">
            <word>I</word>
            <lemma>I</lemma>
            <CharacterOffsetBegin>6260</CharacterOffsetBegin>
            <CharacterOffsetEnd>6261</CharacterOffsetEnd>
            <POS>PRP</POS>
            <NER>O</NER>
          </token>
          <token id="3">
            <word>am</word>
            <lemma>be</lemma>
            <CharacterOffsetBegin>6262</CharacterOffsetBegin>
            <CharacterOffsetEnd>6264</CharacterOffsetEnd>
            <POS>VBP</POS>
            <NER>O</NER>
          </token>
          <token id="4">
            <word>looking</word>
            <lemma>look</lemma>
            <CharacterOffsetBegin>6265</CharacterOffsetBegin>
            <CharacterOffsetEnd>6272</CharacterOffsetEnd>
            <POS>VBG</POS>
            <NER>O</NER>
          </token>
          <token id="5">
            <word>back</word>
            <lemma>back</lemma>
            <CharacterOffsetBegin>6273</CharacterOffsetBegin>
            <CharacterOffsetEnd>6277</CharacterOffsetEnd>
            <POS>RB</POS>
            <NER>O</NER>
          </token>
          <token id="6">
            <word>at</word>
            <lemma>at</lemma>
            <CharacterOffsetBegin>6278</CharacterOffsetBegin>
            <CharacterOffsetEnd>6280</CharacterOffsetEnd>
            <POS>IN</POS>
            <NER>O</NER>
          </token>
          <token id="7">
            <word>my</word>
            <lemma>my</lemma>
            <CharacterOffsetBegin>6281</CharacterOffsetBegin>
            <CharacterOffsetEnd>6283</CharacterOffsetEnd>
            <POS>PRP$</POS>
            <NER>O</NER>
          </token>
          <token id="8">
            <word>little</word>
            <lemma>little</lemma>
            <CharacterOffsetBegin>6284</CharacterOffsetBegin>
            <CharacterOffsetEnd>6290</CharacterOffsetEnd>
            <POS>JJ</POS>
            <NER>O</NER>
          </token>
          <token id="9">
            <word>pigeon</word>
            <lemma>pigeon</lemma>
            <CharacterOffsetBegin>6291</CharacterOffsetBegin>
            <CharacterOffsetEnd>6297</CharacterOffsetEnd>
            <POS>NN</POS>
            <NER>O</NER>
          </token>
          <token id="10">
            <word>which</word>
            <lemma>which</lemma>
            <CharacterOffsetBegin>6298</CharacterOffsetBegin>
            <CharacterOffsetEnd>6303</CharacterOffsetEnd>
            <POS>WDT</POS>
            <NER>O</NER>
          </token>
          <token id="11">
            <word>is</word>
            <lemma>be</lemma>
            <CharacterOffsetBegin>6304</CharacterOffsetBegin>
            <CharacterOffsetEnd>6306</CharacterOffsetEnd>
            <POS>VBZ</POS>
            <NER>O</NER>
          </token>
          <token id="12">
            <word>sitting</word>
            <lemma>sit</lemma>
            <CharacterOffsetBegin>6307</CharacterOffsetBegin>
            <CharacterOffsetEnd>6314</CharacterOffsetEnd>
            <POS>VBG</POS>
            <NER>O</NER>
          </token>
          <token id="13">
            <word>on</word>
            <lemma>on</lemma>
            <CharacterOffsetBegin>6315</CharacterOffsetBegin>
            <CharacterOffsetEnd>6317</CharacterOffsetEnd>
            <POS>IN</POS>
            <NER>O</NER>
          </token>
          <token id="14">
            <word>the</word>
            <lemma>the</lemma>
            <CharacterOffsetBegin>6318</CharacterOffsetBegin>
            <CharacterOffsetEnd>6321</CharacterOffsetEnd>
            <POS>DT</POS>
            <NER>O</NER>
          </token>
          <token id="15">
            <word>roof</word>
            <lemma>roof</lemma>
            <CharacterOffsetBegin>6322</CharacterOffsetBegin>
            <CharacterOffsetEnd>6326</CharacterOffsetEnd>
            <POS>NN</POS>
            <NER>O</NER>
          </token>
          <token id="16">
            <word>,</word>
            <lemma>,</lemma>
            <CharacterOffsetBegin>6326</CharacterOffsetBegin>
            <CharacterOffsetEnd>6327</CharacterOffsetEnd>
            <POS>,</POS>
            <NER>O</NER>
          </token>
          <token id="17">
            <word>and</word>
            <lemma>and</lemma>
            <CharacterOffsetBegin>6328</CharacterOffsetBegin>
            <CharacterOffsetEnd>6331</CharacterOffsetEnd>
            <POS>CC</POS>
            <NER>O</NER>
          </token>
          <token id="18">
            <word>wants</word>
            <lemma>want</lemma>
            <CharacterOffsetBegin>6332</CharacterOffsetBegin>
            <CharacterOffsetEnd>6337</CharacterOffsetEnd>
            <POS>VBZ</POS>
            <NER>O</NER>
          </token>
          <token id="19">
            <word>to</word>
            <lemma>to</lemma>
            <CharacterOffsetBegin>6338</CharacterOffsetBegin>
            <CharacterOffsetEnd>6340</CharacterOffsetEnd>
            <POS>TO</POS>
            <NER>O</NER>
          </token>
          <token id="20">
            <word>say</word>
            <lemma>say</lemma>
            <CharacterOffsetBegin>6341</CharacterOffsetBegin>
            <CharacterOffsetEnd>6344</CharacterOffsetEnd>
            <POS>VB</POS>
            <NER>O</NER>
          </token>
          <token id="21">
            <word>goodbye</word>
            <lemma>goodbye</lemma>
            <CharacterOffsetBegin>6345</CharacterOffsetBegin>
            <CharacterOffsetEnd>6352</CharacterOffsetEnd>
            <POS>NN</POS>
            <NER>O</NER>
          </token>
          <token id="22">
            <word>to</word>
            <lemma>to</lemma>
            <CharacterOffsetBegin>6353</CharacterOffsetBegin>
            <CharacterOffsetEnd>6355</CharacterOffsetEnd>
            <POS>TO</POS>
            <NER>O</NER>
          </token>
          <token id="23">
            <word>me</word>
            <lemma>I</lemma>
            <CharacterOffsetBegin>6356</CharacterOffsetBegin>
            <CharacterOffsetEnd>6358</CharacterOffsetEnd>
            <POS>PRP</POS>
            <NER>O</NER>
          </token>
          <token id="24">
            <word>,</word>
            <lemma>,</lemma>
            <CharacterOffsetBegin>6358</CharacterOffsetBegin>
            <CharacterOffsetEnd>6359</CharacterOffsetEnd>
            <POS>,</POS>
            <NER>O</NER>
          </token>
          <token id="25">
            <word>'</word>
            <lemma>'</lemma>
            <CharacterOffsetBegin>6359</CharacterOffsetBegin>
            <CharacterOffsetEnd>6360</CharacterOffsetEnd>
            <POS>''</POS>
            <NER>O</NER>
          </token>
          <token id="26">
            <word>answered</word>
            <lemma>answer</lemma>
            <CharacterOffsetBegin>6361</CharacterOffsetBegin>
            <CharacterOffsetEnd>6369</CharacterOffsetEnd>
            <POS>VBN</POS>
            <NER>O</NER>
          </token>
          <token id="27">
            <word>Hansel</word>
            <lemma>Hansel</lemma>
            <CharacterOffsetBegin>6370</CharacterOffsetBegin>
            <CharacterOffsetEnd>6376</CharacterOffsetEnd>
            <POS>NNP</POS>
            <NER>O</NER>
          </token>
          <token id="28">
            <word>.</word>
            <lemma>.</lemma>
            <CharacterOffsetBegin>6376</CharacterOffsetBegin>
            <CharacterOffsetEnd>6377</CharacterOffsetEnd>
            <POS>.</POS>
            <NER>O</NER>
          </token>
        </tokens>
      </sentence>
      <sentence id="60">
        <tokens>
          <token id="1">
            <word>`</word>
            <lemma>`</lemma>
            <CharacterOffsetBegin>6378</CharacterOffsetBegin>
            <CharacterOffsetEnd>6379</CharacterOffsetEnd>
            <POS>``</POS>
            <NER>O</NER>
          </token>
          <token id="2">
            <word>Fool</word>
            <lemma>fool</lemma>
            <CharacterOffsetBegin>6379</CharacterOffsetBegin>
            <CharacterOffsetEnd>6383</CharacterOffsetEnd>
            <POS>NN</POS>
            <NER>O</NER>
          </token>
          <token id="3">
            <word>!</word>
            <lemma>!</lemma>
            <CharacterOffsetBegin>6383</CharacterOffsetBegin>
            <CharacterOffsetEnd>6384</CharacterOffsetEnd>
            <POS>.</POS>
            <NER>O</NER>
          </token>
          <token id="4">
            <word>'</word>
            <lemma>'</lemma>
            <CharacterOffsetBegin>6384</CharacterOffsetBegin>
            <CharacterOffsetEnd>6385</CharacterOffsetEnd>
            <POS>''</POS>
            <NER>O</NER>
          </token>
        </tokens>
      </sentence>
      <sentence id="61">
        <tokens>
          <token id="1">
            <word>said</word>
            <lemma>say</lemma>
            <CharacterOffsetBegin>6386</CharacterOffsetBegin>
            <CharacterOffsetEnd>6390</CharacterOffsetEnd>
            <POS>VBD</POS>
            <NER>O</NER>
          </token>
          <token id="2">
            <word>the</word>
            <lemma>the</lemma>
            <CharacterOffsetBegin>6391</CharacterOffsetBegin>
            <CharacterOffsetEnd>6394</CharacterOffsetEnd>
            <POS>DT</POS>
            <NER>O</NER>
          </token>
          <token id="3">
            <word>woman</word>
            <lemma>woman</lemma>
            <CharacterOffsetBegin>6395</CharacterOffsetBegin>
            <CharacterOffsetEnd>6400</CharacterOffsetEnd>
            <POS>NN</POS>
            <NER>O</NER>
          </token>
          <token id="4">
            <word>,</word>
            <lemma>,</lemma>
            <CharacterOffsetBegin>6400</CharacterOffsetBegin>
            <CharacterOffsetEnd>6401</CharacterOffsetEnd>
            <POS>,</POS>
            <NER>O</NER>
          </token>
          <token id="5">
            <word>`</word>
            <lemma>`</lemma>
            <CharacterOffsetBegin>6402</CharacterOffsetBegin>
            <CharacterOffsetEnd>6403</CharacterOffsetEnd>
            <POS>``</POS>
            <NER>O</NER>
          </token>
          <token id="6">
            <word>that</word>
            <lemma>that</lemma>
            <CharacterOffsetBegin>6403</CharacterOffsetBegin>
            <CharacterOffsetEnd>6407</CharacterOffsetEnd>
            <POS>DT</POS>
            <NER>O</NER>
          </token>
          <token id="7">
            <word>is</word>
            <lemma>be</lemma>
            <CharacterOffsetBegin>6408</CharacterOffsetBegin>
            <CharacterOffsetEnd>6410</CharacterOffsetEnd>
            <POS>VBZ</POS>
            <NER>O</NER>
          </token>
          <token id="8">
            <word>not</word>
            <lemma>not</lemma>
            <CharacterOffsetBegin>6411</CharacterOffsetBegin>
            <CharacterOffsetEnd>6414</CharacterOffsetEnd>
            <POS>RB</POS>
            <NER>O</NER>
          </token>
          <token id="9">
            <word>your</word>
            <lemma>you</lemma>
            <CharacterOffsetBegin>6415</CharacterOffsetBegin>
            <CharacterOffsetEnd>6419</CharacterOffsetEnd>
            <POS>PRP$</POS>
            <NER>O</NER>
          </token>
          <token id="10">
            <word>little</word>
            <lemma>little</lemma>
            <CharacterOffsetBegin>6420</CharacterOffsetBegin>
            <CharacterOffsetEnd>6426</CharacterOffsetEnd>
            <POS>JJ</POS>
            <NER>O</NER>
          </token>
          <token id="11">
            <word>pigeon</word>
            <lemma>pigeon</lemma>
            <CharacterOffsetBegin>6427</CharacterOffsetBegin>
            <CharacterOffsetEnd>6433</CharacterOffsetEnd>
            <POS>NN</POS>
            <NER>O</NER>
          </token>
          <token id="12">
            <word>,</word>
            <lemma>,</lemma>
            <CharacterOffsetBegin>6433</CharacterOffsetBegin>
            <CharacterOffsetEnd>6434</CharacterOffsetEnd>
            <POS>,</POS>
            <NER>O</NER>
          </token>
          <token id="13">
            <word>that</word>
            <lemma>that</lemma>
            <CharacterOffsetBegin>6435</CharacterOffsetBegin>
            <CharacterOffsetEnd>6439</CharacterOffsetEnd>
            <POS>WDT</POS>
            <NER>O</NER>
          </token>
          <token id="14">
            <word>is</word>
            <lemma>be</lemma>
            <CharacterOffsetBegin>6440</CharacterOffsetBegin>
            <CharacterOffsetEnd>6442</CharacterOffsetEnd>
            <POS>VBZ</POS>
            <NER>O</NER>
          </token>
          <token id="15">
            <word>the</word>
            <lemma>the</lemma>
            <CharacterOffsetBegin>6443</CharacterOffsetBegin>
            <CharacterOffsetEnd>6446</CharacterOffsetEnd>
            <POS>DT</POS>
            <NER>TIME</NER>
            <NormalizedNER>XXXX-WXX-7TMO</NormalizedNER>
            <Timex tid="t21" type="TIME">XXXX-WXX-7TMO</Timex>
          </token>
          <token id="16">
            <word>morning</word>
            <lemma>morning</lemma>
            <CharacterOffsetBegin>6447</CharacterOffsetBegin>
            <CharacterOffsetEnd>6454</CharacterOffsetEnd>
            <POS>NN</POS>
            <NER>TIME</NER>
            <NormalizedNER>XXXX-WXX-7TMO</NormalizedNER>
            <Timex tid="t21" type="TIME">XXXX-WXX-7TMO</Timex>
          </token>
          <token id="17">
            <word>sun</word>
            <lemma>sun</lemma>
            <CharacterOffsetBegin>6455</CharacterOffsetBegin>
            <CharacterOffsetEnd>6458</CharacterOffsetEnd>
            <POS>NN</POS>
            <NER>TIME</NER>
            <NormalizedNER>XXXX-WXX-7TMO</NormalizedNER>
            <Timex tid="t21" type="TIME">XXXX-WXX-7TMO</Timex>
          </token>
          <token id="18">
            <word>that</word>
            <lemma>that</lemma>
            <CharacterOffsetBegin>6459</CharacterOffsetBegin>
            <CharacterOffsetEnd>6463</CharacterOffsetEnd>
            <POS>WDT</POS>
            <NER>O</NER>
          </token>
          <token id="19">
            <word>is</word>
            <lemma>be</lemma>
            <CharacterOffsetBegin>6464</CharacterOffsetBegin>
            <CharacterOffsetEnd>6466</CharacterOffsetEnd>
            <POS>VBZ</POS>
            <NER>O</NER>
          </token>
          <token id="20">
            <word>shining</word>
            <lemma>shine</lemma>
            <CharacterOffsetBegin>6467</CharacterOffsetBegin>
            <CharacterOffsetEnd>6474</CharacterOffsetEnd>
            <POS>VBG</POS>
            <NER>O</NER>
          </token>
          <token id="21">
            <word>on</word>
            <lemma>on</lemma>
            <CharacterOffsetBegin>6475</CharacterOffsetBegin>
            <CharacterOffsetEnd>6477</CharacterOffsetEnd>
            <POS>IN</POS>
            <NER>O</NER>
          </token>
          <token id="22">
            <word>the</word>
            <lemma>the</lemma>
            <CharacterOffsetBegin>6478</CharacterOffsetBegin>
            <CharacterOffsetEnd>6481</CharacterOffsetEnd>
            <POS>DT</POS>
            <NER>O</NER>
          </token>
          <token id="23">
            <word>chimney</word>
            <lemma>chimney</lemma>
            <CharacterOffsetBegin>6482</CharacterOffsetBegin>
            <CharacterOffsetEnd>6489</CharacterOffsetEnd>
            <POS>NN</POS>
            <NER>O</NER>
          </token>
          <token id="24">
            <word>.</word>
            <lemma>.</lemma>
            <CharacterOffsetBegin>6489</CharacterOffsetBegin>
            <CharacterOffsetEnd>6490</CharacterOffsetEnd>
            <POS>.</POS>
            <NER>O</NER>
          </token>
          <token id="25">
            <word>'</word>
            <lemma>'</lemma>
            <CharacterOffsetBegin>6490</CharacterOffsetBegin>
            <CharacterOffsetEnd>6491</CharacterOffsetEnd>
            <POS>''</POS>
            <NER>O</NER>
          </token>
        </tokens>
      </sentence>
      <sentence id="62">
        <tokens>
          <token id="1">
            <word>Hansel</word>
            <lemma>Hansel</lemma>
            <CharacterOffsetBegin>6492</CharacterOffsetBegin>
            <CharacterOffsetEnd>6498</CharacterOffsetEnd>
            <POS>NNP</POS>
            <NER>O</NER>
          </token>
          <token id="2">
            <word>,</word>
            <lemma>,</lemma>
            <CharacterOffsetBegin>6498</CharacterOffsetBegin>
            <CharacterOffsetEnd>6499</CharacterOffsetEnd>
            <POS>,</POS>
            <NER>O</NER>
          </token>
          <token id="3">
            <word>however</word>
            <lemma>however</lemma>
            <CharacterOffsetBegin>6500</CharacterOffsetBegin>
            <CharacterOffsetEnd>6507</CharacterOffsetEnd>
            <POS>RB</POS>
            <NER>O</NER>
          </token>
          <token id="4">
            <word>little</word>
            <lemma>little</lemma>
            <CharacterOffsetBegin>6508</CharacterOffsetBegin>
            <CharacterOffsetEnd>6514</CharacterOffsetEnd>
            <POS>JJ</POS>
            <NER>O</NER>
          </token>
          <token id="5">
            <word>by</word>
            <lemma>by</lemma>
            <CharacterOffsetBegin>6515</CharacterOffsetBegin>
            <CharacterOffsetEnd>6517</CharacterOffsetEnd>
            <POS>IN</POS>
            <NER>O</NER>
          </token>
          <token id="6">
            <word>little</word>
            <lemma>little</lemma>
            <CharacterOffsetBegin>6518</CharacterOffsetBegin>
            <CharacterOffsetEnd>6524</CharacterOffsetEnd>
            <POS>JJ</POS>
            <NER>O</NER>
          </token>
          <token id="7">
            <word>,</word>
            <lemma>,</lemma>
            <CharacterOffsetBegin>6524</CharacterOffsetBegin>
            <CharacterOffsetEnd>6525</CharacterOffsetEnd>
            <POS>,</POS>
            <NER>O</NER>
          </token>
          <token id="8">
            <word>threw</word>
            <lemma>throw</lemma>
            <CharacterOffsetBegin>6526</CharacterOffsetBegin>
            <CharacterOffsetEnd>6531</CharacterOffsetEnd>
            <POS>VBD</POS>
            <NER>O</NER>
          </token>
          <token id="9">
            <word>all</word>
            <lemma>all</lemma>
            <CharacterOffsetBegin>6532</CharacterOffsetBegin>
            <CharacterOffsetEnd>6535</CharacterOffsetEnd>
            <POS>PDT</POS>
            <NER>O</NER>
          </token>
          <token id="10">
            <word>the</word>
            <lemma>the</lemma>
            <CharacterOffsetBegin>6536</CharacterOffsetBegin>
            <CharacterOffsetEnd>6539</CharacterOffsetEnd>
            <POS>DT</POS>
            <NER>O</NER>
          </token>
          <token id="11">
            <word>crumbs</word>
            <lemma>crumb</lemma>
            <CharacterOffsetBegin>6540</CharacterOffsetBegin>
            <CharacterOffsetEnd>6546</CharacterOffsetEnd>
            <POS>NNS</POS>
            <NER>O</NER>
          </token>
          <token id="12">
            <word>on</word>
            <lemma>on</lemma>
            <CharacterOffsetBegin>6547</CharacterOffsetBegin>
            <CharacterOffsetEnd>6549</CharacterOffsetEnd>
            <POS>IN</POS>
            <NER>O</NER>
          </token>
          <token id="13">
            <word>the</word>
            <lemma>the</lemma>
            <CharacterOffsetBegin>6550</CharacterOffsetBegin>
            <CharacterOffsetEnd>6553</CharacterOffsetEnd>
            <POS>DT</POS>
            <NER>O</NER>
          </token>
          <token id="14">
            <word>path</word>
            <lemma>path</lemma>
            <CharacterOffsetBegin>6554</CharacterOffsetBegin>
            <CharacterOffsetEnd>6558</CharacterOffsetEnd>
            <POS>NN</POS>
            <NER>O</NER>
          </token>
          <token id="15">
            <word>.</word>
            <lemma>.</lemma>
            <CharacterOffsetBegin>6558</CharacterOffsetBegin>
            <CharacterOffsetEnd>6559</CharacterOffsetEnd>
            <POS>.</POS>
            <NER>O</NER>
          </token>
        </tokens>
      </sentence>
      <sentence id="63">
        <tokens>
          <token id="1">
            <word>The</word>
            <lemma>the</lemma>
            <CharacterOffsetBegin>6561</CharacterOffsetBegin>
            <CharacterOffsetEnd>6564</CharacterOffsetEnd>
            <POS>DT</POS>
            <NER>O</NER>
          </token>
          <token id="2">
            <word>woman</word>
            <lemma>woman</lemma>
            <CharacterOffsetBegin>6565</CharacterOffsetBegin>
            <CharacterOffsetEnd>6570</CharacterOffsetEnd>
            <POS>NN</POS>
            <NER>O</NER>
          </token>
          <token id="3">
            <word>led</word>
            <lemma>lead</lemma>
            <CharacterOffsetBegin>6571</CharacterOffsetBegin>
            <CharacterOffsetEnd>6574</CharacterOffsetEnd>
            <POS>VBD</POS>
            <NER>O</NER>
          </token>
          <token id="4">
            <word>the</word>
            <lemma>the</lemma>
            <CharacterOffsetBegin>6575</CharacterOffsetBegin>
            <CharacterOffsetEnd>6578</CharacterOffsetEnd>
            <POS>DT</POS>
            <NER>O</NER>
          </token>
          <token id="5">
            <word>children</word>
            <lemma>child</lemma>
            <CharacterOffsetBegin>6579</CharacterOffsetBegin>
            <CharacterOffsetEnd>6587</CharacterOffsetEnd>
            <POS>NNS</POS>
            <NER>O</NER>
          </token>
          <token id="6">
            <word>still</word>
            <lemma>still</lemma>
            <CharacterOffsetBegin>6588</CharacterOffsetBegin>
            <CharacterOffsetEnd>6593</CharacterOffsetEnd>
            <POS>RB</POS>
            <NER>O</NER>
          </token>
          <token id="7">
            <word>deeper</word>
            <lemma>deeper</lemma>
            <CharacterOffsetBegin>6594</CharacterOffsetBegin>
            <CharacterOffsetEnd>6600</CharacterOffsetEnd>
            <POS>RBR</POS>
            <NER>O</NER>
          </token>
          <token id="8">
            <word>into</word>
            <lemma>into</lemma>
            <CharacterOffsetBegin>6601</CharacterOffsetBegin>
            <CharacterOffsetEnd>6605</CharacterOffsetEnd>
            <POS>IN</POS>
            <NER>O</NER>
          </token>
          <token id="9">
            <word>the</word>
            <lemma>the</lemma>
            <CharacterOffsetBegin>6606</CharacterOffsetBegin>
            <CharacterOffsetEnd>6609</CharacterOffsetEnd>
            <POS>DT</POS>
            <NER>O</NER>
          </token>
          <token id="10">
            <word>forest</word>
            <lemma>forest</lemma>
            <CharacterOffsetBegin>6610</CharacterOffsetBegin>
            <CharacterOffsetEnd>6616</CharacterOffsetEnd>
            <POS>NN</POS>
            <NER>O</NER>
          </token>
          <token id="11">
            <word>,</word>
            <lemma>,</lemma>
            <CharacterOffsetBegin>6616</CharacterOffsetBegin>
            <CharacterOffsetEnd>6617</CharacterOffsetEnd>
            <POS>,</POS>
            <NER>O</NER>
          </token>
          <token id="12">
            <word>where</word>
            <lemma>where</lemma>
            <CharacterOffsetBegin>6618</CharacterOffsetBegin>
            <CharacterOffsetEnd>6623</CharacterOffsetEnd>
            <POS>WRB</POS>
            <NER>O</NER>
          </token>
          <token id="13">
            <word>they</word>
            <lemma>they</lemma>
            <CharacterOffsetBegin>6624</CharacterOffsetBegin>
            <CharacterOffsetEnd>6628</CharacterOffsetEnd>
            <POS>PRP</POS>
            <NER>O</NER>
          </token>
          <token id="14">
            <word>had</word>
            <lemma>have</lemma>
            <CharacterOffsetBegin>6629</CharacterOffsetBegin>
            <CharacterOffsetEnd>6632</CharacterOffsetEnd>
            <POS>VBD</POS>
            <NER>O</NER>
          </token>
          <token id="15">
            <word>never</word>
            <lemma>never</lemma>
            <CharacterOffsetBegin>6633</CharacterOffsetBegin>
            <CharacterOffsetEnd>6638</CharacterOffsetEnd>
            <POS>RB</POS>
            <NER>O</NER>
          </token>
          <token id="16">
            <word>in</word>
            <lemma>in</lemma>
            <CharacterOffsetBegin>6639</CharacterOffsetBegin>
            <CharacterOffsetEnd>6641</CharacterOffsetEnd>
            <POS>IN</POS>
            <NER>O</NER>
          </token>
          <token id="17">
            <word>their</word>
            <lemma>they</lemma>
            <CharacterOffsetBegin>6642</CharacterOffsetBegin>
            <CharacterOffsetEnd>6647</CharacterOffsetEnd>
            <POS>PRP$</POS>
            <NER>O</NER>
          </token>
          <token id="18">
            <word>lives</word>
            <lemma>life</lemma>
            <CharacterOffsetBegin>6648</CharacterOffsetBegin>
            <CharacterOffsetEnd>6653</CharacterOffsetEnd>
            <POS>NNS</POS>
            <NER>O</NER>
          </token>
          <token id="19">
            <word>been</word>
            <lemma>be</lemma>
            <CharacterOffsetBegin>6654</CharacterOffsetBegin>
            <CharacterOffsetEnd>6658</CharacterOffsetEnd>
            <POS>VBN</POS>
            <NER>O</NER>
          </token>
          <token id="20">
            <word>before</word>
            <lemma>before</lemma>
            <CharacterOffsetBegin>6659</CharacterOffsetBegin>
            <CharacterOffsetEnd>6665</CharacterOffsetEnd>
            <POS>RB</POS>
            <NER>O</NER>
          </token>
          <token id="21">
            <word>.</word>
            <lemma>.</lemma>
            <CharacterOffsetBegin>6665</CharacterOffsetBegin>
            <CharacterOffsetEnd>6666</CharacterOffsetEnd>
            <POS>.</POS>
            <NER>O</NER>
          </token>
        </tokens>
      </sentence>
      <sentence id="64">
        <tokens>
          <token id="1">
            <word>Then</word>
            <lemma>then</lemma>
            <CharacterOffsetBegin>6667</CharacterOffsetBegin>
            <CharacterOffsetEnd>6671</CharacterOffsetEnd>
            <POS>RB</POS>
            <NER>O</NER>
          </token>
          <token id="2">
            <word>a</word>
            <lemma>a</lemma>
            <CharacterOffsetBegin>6672</CharacterOffsetBegin>
            <CharacterOffsetEnd>6673</CharacterOffsetEnd>
            <POS>DT</POS>
            <NER>O</NER>
          </token>
          <token id="3">
            <word>great</word>
            <lemma>great</lemma>
            <CharacterOffsetBegin>6674</CharacterOffsetBegin>
            <CharacterOffsetEnd>6679</CharacterOffsetEnd>
            <POS>JJ</POS>
            <NER>O</NER>
          </token>
          <token id="4">
            <word>fire</word>
            <lemma>fire</lemma>
            <CharacterOffsetBegin>6680</CharacterOffsetBegin>
            <CharacterOffsetEnd>6684</CharacterOffsetEnd>
            <POS>NN</POS>
            <NER>O</NER>
          </token>
          <token id="5">
            <word>was</word>
            <lemma>be</lemma>
            <CharacterOffsetBegin>6685</CharacterOffsetBegin>
            <CharacterOffsetEnd>6688</CharacterOffsetEnd>
            <POS>VBD</POS>
            <NER>O</NER>
          </token>
          <token id="6">
            <word>again</word>
            <lemma>again</lemma>
            <CharacterOffsetBegin>6689</CharacterOffsetBegin>
            <CharacterOffsetEnd>6694</CharacterOffsetEnd>
            <POS>RB</POS>
            <NER>O</NER>
          </token>
          <token id="7">
            <word>made</word>
            <lemma>make</lemma>
            <CharacterOffsetBegin>6695</CharacterOffsetBegin>
            <CharacterOffsetEnd>6699</CharacterOffsetEnd>
            <POS>VBN</POS>
            <NER>O</NER>
          </token>
          <token id="8">
            <word>,</word>
            <lemma>,</lemma>
            <CharacterOffsetBegin>6699</CharacterOffsetBegin>
            <CharacterOffsetEnd>6700</CharacterOffsetEnd>
            <POS>,</POS>
            <NER>O</NER>
          </token>
          <token id="9">
            <word>and</word>
            <lemma>and</lemma>
            <CharacterOffsetBegin>6701</CharacterOffsetBegin>
            <CharacterOffsetEnd>6704</CharacterOffsetEnd>
            <POS>CC</POS>
            <NER>O</NER>
          </token>
          <token id="10">
            <word>the</word>
            <lemma>the</lemma>
            <CharacterOffsetBegin>6705</CharacterOffsetBegin>
            <CharacterOffsetEnd>6708</CharacterOffsetEnd>
            <POS>DT</POS>
            <NER>O</NER>
          </token>
          <token id="11">
            <word>mother</word>
            <lemma>mother</lemma>
            <CharacterOffsetBegin>6709</CharacterOffsetBegin>
            <CharacterOffsetEnd>6715</CharacterOffsetEnd>
            <POS>NN</POS>
            <NER>O</NER>
          </token>
          <token id="12">
            <word>said</word>
            <lemma>say</lemma>
            <CharacterOffsetBegin>6716</CharacterOffsetBegin>
            <CharacterOffsetEnd>6720</CharacterOffsetEnd>
            <POS>VBD</POS>
            <NER>O</NER>
          </token>
          <token id="13">
            <word>:</word>
            <lemma>:</lemma>
            <CharacterOffsetBegin>6720</CharacterOffsetBegin>
            <CharacterOffsetEnd>6721</CharacterOffsetEnd>
            <POS>:</POS>
            <NER>O</NER>
          </token>
          <token id="14">
            <word>`</word>
            <lemma>`</lemma>
            <CharacterOffsetBegin>6722</CharacterOffsetBegin>
            <CharacterOffsetEnd>6723</CharacterOffsetEnd>
            <POS>``</POS>
            <NER>O</NER>
          </token>
          <token id="15">
            <word>Just</word>
            <lemma>just</lemma>
            <CharacterOffsetBegin>6723</CharacterOffsetBegin>
            <CharacterOffsetEnd>6727</CharacterOffsetEnd>
            <POS>RB</POS>
            <NER>O</NER>
          </token>
          <token id="16">
            <word>sit</word>
            <lemma>sit</lemma>
            <CharacterOffsetBegin>6728</CharacterOffsetBegin>
            <CharacterOffsetEnd>6731</CharacterOffsetEnd>
            <POS>VB</POS>
            <NER>O</NER>
          </token>
          <token id="17">
            <word>there</word>
            <lemma>there</lemma>
            <CharacterOffsetBegin>6732</CharacterOffsetBegin>
            <CharacterOffsetEnd>6737</CharacterOffsetEnd>
            <POS>RB</POS>
            <NER>O</NER>
          </token>
          <token id="18">
            <word>,</word>
            <lemma>,</lemma>
            <CharacterOffsetBegin>6737</CharacterOffsetBegin>
            <CharacterOffsetEnd>6738</CharacterOffsetEnd>
            <POS>,</POS>
            <NER>O</NER>
          </token>
          <token id="19">
            <word>you</word>
            <lemma>you</lemma>
            <CharacterOffsetBegin>6739</CharacterOffsetBegin>
            <CharacterOffsetEnd>6742</CharacterOffsetEnd>
            <POS>PRP</POS>
            <NER>O</NER>
          </token>
          <token id="20">
            <word>children</word>
            <lemma>child</lemma>
            <CharacterOffsetBegin>6743</CharacterOffsetBegin>
            <CharacterOffsetEnd>6751</CharacterOffsetEnd>
            <POS>NNS</POS>
            <NER>O</NER>
          </token>
          <token id="21">
            <word>,</word>
            <lemma>,</lemma>
            <CharacterOffsetBegin>6751</CharacterOffsetBegin>
            <CharacterOffsetEnd>6752</CharacterOffsetEnd>
            <POS>,</POS>
            <NER>O</NER>
          </token>
          <token id="22">
            <word>and</word>
            <lemma>and</lemma>
            <CharacterOffsetBegin>6753</CharacterOffsetBegin>
            <CharacterOffsetEnd>6756</CharacterOffsetEnd>
            <POS>CC</POS>
            <NER>O</NER>
          </token>
          <token id="23">
            <word>when</word>
            <lemma>when</lemma>
            <CharacterOffsetBegin>6757</CharacterOffsetBegin>
            <CharacterOffsetEnd>6761</CharacterOffsetEnd>
            <POS>WRB</POS>
            <NER>O</NER>
          </token>
          <token id="24">
            <word>you</word>
            <lemma>you</lemma>
            <CharacterOffsetBegin>6762</CharacterOffsetBegin>
            <CharacterOffsetEnd>6765</CharacterOffsetEnd>
            <POS>PRP</POS>
            <NER>O</NER>
          </token>
          <token id="25">
            <word>are</word>
            <lemma>be</lemma>
            <CharacterOffsetBegin>6766</CharacterOffsetBegin>
            <CharacterOffsetEnd>6769</CharacterOffsetEnd>
            <POS>VBP</POS>
            <NER>O</NER>
          </token>
          <token id="26">
            <word>tired</word>
            <lemma>tire</lemma>
            <CharacterOffsetBegin>6770</CharacterOffsetBegin>
            <CharacterOffsetEnd>6775</CharacterOffsetEnd>
            <POS>VBN</POS>
            <NER>O</NER>
          </token>
          <token id="27">
            <word>you</word>
            <lemma>you</lemma>
            <CharacterOffsetBegin>6776</CharacterOffsetBegin>
            <CharacterOffsetEnd>6779</CharacterOffsetEnd>
            <POS>PRP</POS>
            <NER>O</NER>
          </token>
          <token id="28">
            <word>may</word>
            <lemma>may</lemma>
            <CharacterOffsetBegin>6780</CharacterOffsetBegin>
            <CharacterOffsetEnd>6783</CharacterOffsetEnd>
            <POS>MD</POS>
            <NER>O</NER>
          </token>
          <token id="29">
            <word>sleep</word>
            <lemma>sleep</lemma>
            <CharacterOffsetBegin>6784</CharacterOffsetBegin>
            <CharacterOffsetEnd>6789</CharacterOffsetEnd>
            <POS>VB</POS>
            <NER>O</NER>
          </token>
          <token id="30">
            <word>a</word>
            <lemma>a</lemma>
            <CharacterOffsetBegin>6790</CharacterOffsetBegin>
            <CharacterOffsetEnd>6791</CharacterOffsetEnd>
            <POS>DT</POS>
            <NER>O</NER>
          </token>
          <token id="31">
            <word>little</word>
            <lemma>little</lemma>
            <CharacterOffsetBegin>6792</CharacterOffsetBegin>
            <CharacterOffsetEnd>6798</CharacterOffsetEnd>
            <POS>JJ</POS>
            <NER>O</NER>
          </token>
          <token id="32">
            <word>;</word>
            <lemma>;</lemma>
            <CharacterOffsetBegin>6798</CharacterOffsetBegin>
            <CharacterOffsetEnd>6799</CharacterOffsetEnd>
            <POS>:</POS>
            <NER>O</NER>
          </token>
          <token id="33">
            <word>we</word>
            <lemma>we</lemma>
            <CharacterOffsetBegin>6800</CharacterOffsetBegin>
            <CharacterOffsetEnd>6802</CharacterOffsetEnd>
            <POS>PRP</POS>
            <NER>O</NER>
          </token>
          <token id="34">
            <word>are</word>
            <lemma>be</lemma>
            <CharacterOffsetBegin>6803</CharacterOffsetBegin>
            <CharacterOffsetEnd>6806</CharacterOffsetEnd>
            <POS>VBP</POS>
            <NER>O</NER>
          </token>
          <token id="35">
            <word>going</word>
            <lemma>go</lemma>
            <CharacterOffsetBegin>6807</CharacterOffsetBegin>
            <CharacterOffsetEnd>6812</CharacterOffsetEnd>
            <POS>VBG</POS>
            <NER>O</NER>
          </token>
          <token id="36">
            <word>into</word>
            <lemma>into</lemma>
            <CharacterOffsetBegin>6813</CharacterOffsetBegin>
            <CharacterOffsetEnd>6817</CharacterOffsetEnd>
            <POS>IN</POS>
            <NER>O</NER>
          </token>
          <token id="37">
            <word>the</word>
            <lemma>the</lemma>
            <CharacterOffsetBegin>6818</CharacterOffsetBegin>
            <CharacterOffsetEnd>6821</CharacterOffsetEnd>
            <POS>DT</POS>
            <NER>O</NER>
          </token>
          <token id="38">
            <word>forest</word>
            <lemma>forest</lemma>
            <CharacterOffsetBegin>6822</CharacterOffsetBegin>
            <CharacterOffsetEnd>6828</CharacterOffsetEnd>
            <POS>NN</POS>
            <NER>O</NER>
          </token>
          <token id="39">
            <word>to</word>
            <lemma>to</lemma>
            <CharacterOffsetBegin>6829</CharacterOffsetBegin>
            <CharacterOffsetEnd>6831</CharacterOffsetEnd>
            <POS>TO</POS>
            <NER>O</NER>
          </token>
          <token id="40">
            <word>cut</word>
            <lemma>cut</lemma>
            <CharacterOffsetBegin>6832</CharacterOffsetBegin>
            <CharacterOffsetEnd>6835</CharacterOffsetEnd>
            <POS>VB</POS>
            <NER>O</NER>
          </token>
          <token id="41">
            <word>wood</word>
            <lemma>wood</lemma>
            <CharacterOffsetBegin>6836</CharacterOffsetBegin>
            <CharacterOffsetEnd>6840</CharacterOffsetEnd>
            <POS>NN</POS>
            <NER>O</NER>
          </token>
          <token id="42">
            <word>,</word>
            <lemma>,</lemma>
            <CharacterOffsetBegin>6840</CharacterOffsetBegin>
            <CharacterOffsetEnd>6841</CharacterOffsetEnd>
            <POS>,</POS>
            <NER>O</NER>
          </token>
          <token id="43">
            <word>and</word>
            <lemma>and</lemma>
            <CharacterOffsetBegin>6842</CharacterOffsetBegin>
            <CharacterOffsetEnd>6845</CharacterOffsetEnd>
            <POS>CC</POS>
            <NER>O</NER>
          </token>
          <token id="44">
            <word>in</word>
            <lemma>in</lemma>
            <CharacterOffsetBegin>6846</CharacterOffsetBegin>
            <CharacterOffsetEnd>6848</CharacterOffsetEnd>
            <POS>IN</POS>
            <NER>O</NER>
          </token>
          <token id="45">
            <word>the</word>
            <lemma>the</lemma>
            <CharacterOffsetBegin>6849</CharacterOffsetBegin>
            <CharacterOffsetEnd>6852</CharacterOffsetEnd>
            <POS>DT</POS>
            <NER>O</NER>
          </token>
          <token id="46">
            <word>evening</word>
            <lemma>evening</lemma>
            <CharacterOffsetBegin>6853</CharacterOffsetBegin>
            <CharacterOffsetEnd>6860</CharacterOffsetEnd>
            <POS>NN</POS>
            <NER>TIME</NER>
            <NormalizedNER>TEV</NormalizedNER>
            <Timex tid="t22" type="TIME">TEV</Timex>
          </token>
          <token id="47">
            <word>when</word>
            <lemma>when</lemma>
            <CharacterOffsetBegin>6861</CharacterOffsetBegin>
            <CharacterOffsetEnd>6865</CharacterOffsetEnd>
            <POS>WRB</POS>
            <NER>O</NER>
          </token>
          <token id="48">
            <word>we</word>
            <lemma>we</lemma>
            <CharacterOffsetBegin>6866</CharacterOffsetBegin>
            <CharacterOffsetEnd>6868</CharacterOffsetEnd>
            <POS>PRP</POS>
            <NER>O</NER>
          </token>
          <token id="49">
            <word>are</word>
            <lemma>be</lemma>
            <CharacterOffsetBegin>6869</CharacterOffsetBegin>
            <CharacterOffsetEnd>6872</CharacterOffsetEnd>
            <POS>VBP</POS>
            <NER>O</NER>
          </token>
          <token id="50">
            <word>done</word>
            <lemma>do</lemma>
            <CharacterOffsetBegin>6873</CharacterOffsetBegin>
            <CharacterOffsetEnd>6877</CharacterOffsetEnd>
            <POS>VBN</POS>
            <NER>O</NER>
          </token>
          <token id="51">
            <word>,</word>
            <lemma>,</lemma>
            <CharacterOffsetBegin>6877</CharacterOffsetBegin>
            <CharacterOffsetEnd>6878</CharacterOffsetEnd>
            <POS>,</POS>
            <NER>O</NER>
          </token>
          <token id="52">
            <word>we</word>
            <lemma>we</lemma>
            <CharacterOffsetBegin>6879</CharacterOffsetBegin>
            <CharacterOffsetEnd>6881</CharacterOffsetEnd>
            <POS>PRP</POS>
            <NER>O</NER>
          </token>
          <token id="53">
            <word>will</word>
            <lemma>will</lemma>
            <CharacterOffsetBegin>6882</CharacterOffsetBegin>
            <CharacterOffsetEnd>6886</CharacterOffsetEnd>
            <POS>MD</POS>
            <NER>O</NER>
          </token>
          <token id="54">
            <word>come</word>
            <lemma>come</lemma>
            <CharacterOffsetBegin>6887</CharacterOffsetBegin>
            <CharacterOffsetEnd>6891</CharacterOffsetEnd>
            <POS>VB</POS>
            <NER>O</NER>
          </token>
          <token id="55">
            <word>and</word>
            <lemma>and</lemma>
            <CharacterOffsetBegin>6892</CharacterOffsetBegin>
            <CharacterOffsetEnd>6895</CharacterOffsetEnd>
            <POS>CC</POS>
            <NER>O</NER>
          </token>
          <token id="56">
            <word>fetch</word>
            <lemma>fetch</lemma>
            <CharacterOffsetBegin>6896</CharacterOffsetBegin>
            <CharacterOffsetEnd>6901</CharacterOffsetEnd>
            <POS>VB</POS>
            <NER>O</NER>
          </token>
          <token id="57">
            <word>you</word>
            <lemma>you</lemma>
            <CharacterOffsetBegin>6902</CharacterOffsetBegin>
            <CharacterOffsetEnd>6905</CharacterOffsetEnd>
            <POS>PRP</POS>
            <NER>O</NER>
          </token>
          <token id="58">
            <word>away</word>
            <lemma>away</lemma>
            <CharacterOffsetBegin>6906</CharacterOffsetBegin>
            <CharacterOffsetEnd>6910</CharacterOffsetEnd>
            <POS>RB</POS>
            <NER>O</NER>
          </token>
          <token id="59">
            <word>.</word>
            <lemma>.</lemma>
            <CharacterOffsetBegin>6910</CharacterOffsetBegin>
            <CharacterOffsetEnd>6911</CharacterOffsetEnd>
            <POS>.</POS>
            <NER>O</NER>
          </token>
          <token id="60">
            <word>'</word>
            <lemma>'</lemma>
            <CharacterOffsetBegin>6911</CharacterOffsetBegin>
            <CharacterOffsetEnd>6912</CharacterOffsetEnd>
            <POS>''</POS>
            <NER>O</NER>
          </token>
        </tokens>
      </sentence>
      <sentence id="65">
        <tokens>
          <token id="1">
            <word>When</word>
            <lemma>when</lemma>
            <CharacterOffsetBegin>6913</CharacterOffsetBegin>
            <CharacterOffsetEnd>6917</CharacterOffsetEnd>
            <POS>WRB</POS>
            <NER>O</NER>
          </token>
          <token id="2">
            <word>it</word>
            <lemma>it</lemma>
            <CharacterOffsetBegin>6918</CharacterOffsetBegin>
            <CharacterOffsetEnd>6920</CharacterOffsetEnd>
            <POS>PRP</POS>
            <NER>O</NER>
          </token>
          <token id="3">
            <word>was</word>
            <lemma>be</lemma>
            <CharacterOffsetBegin>6921</CharacterOffsetBegin>
            <CharacterOffsetEnd>6924</CharacterOffsetEnd>
            <POS>VBD</POS>
            <NER>O</NER>
          </token>
          <token id="4">
            <word>noon</word>
            <lemma>noon</lemma>
            <CharacterOffsetBegin>6925</CharacterOffsetBegin>
            <CharacterOffsetEnd>6929</CharacterOffsetEnd>
            <POS>NN</POS>
            <NER>TIME</NER>
            <NormalizedNER>T12:00</NormalizedNER>
            <Timex tid="t12" type="TIME">T12:00</Timex>
          </token>
          <token id="5">
            <word>,</word>
            <lemma>,</lemma>
            <CharacterOffsetBegin>6929</CharacterOffsetBegin>
            <CharacterOffsetEnd>6930</CharacterOffsetEnd>
            <POS>,</POS>
            <NER>O</NER>
          </token>
          <token id="6">
            <word>Gretel</word>
            <lemma>Gretel</lemma>
            <CharacterOffsetBegin>6931</CharacterOffsetBegin>
            <CharacterOffsetEnd>6937</CharacterOffsetEnd>
            <POS>NNP</POS>
            <NER>PERSON</NER>
          </token>
          <token id="7">
            <word>shared</word>
            <lemma>share</lemma>
            <CharacterOffsetBegin>6938</CharacterOffsetBegin>
            <CharacterOffsetEnd>6944</CharacterOffsetEnd>
            <POS>VBD</POS>
            <NER>O</NER>
          </token>
          <token id="8">
            <word>her</word>
            <lemma>she</lemma>
            <CharacterOffsetBegin>6945</CharacterOffsetBegin>
            <CharacterOffsetEnd>6948</CharacterOffsetEnd>
            <POS>PRP$</POS>
            <NER>O</NER>
          </token>
          <token id="9">
            <word>piece</word>
            <lemma>piece</lemma>
            <CharacterOffsetBegin>6949</CharacterOffsetBegin>
            <CharacterOffsetEnd>6954</CharacterOffsetEnd>
            <POS>NN</POS>
            <NER>O</NER>
          </token>
          <token id="10">
            <word>of</word>
            <lemma>of</lemma>
            <CharacterOffsetBegin>6955</CharacterOffsetBegin>
            <CharacterOffsetEnd>6957</CharacterOffsetEnd>
            <POS>IN</POS>
            <NER>O</NER>
          </token>
          <token id="11">
            <word>bread</word>
            <lemma>bread</lemma>
            <CharacterOffsetBegin>6958</CharacterOffsetBegin>
            <CharacterOffsetEnd>6963</CharacterOffsetEnd>
            <POS>NN</POS>
            <NER>O</NER>
          </token>
          <token id="12">
            <word>with</word>
            <lemma>with</lemma>
            <CharacterOffsetBegin>6964</CharacterOffsetBegin>
            <CharacterOffsetEnd>6968</CharacterOffsetEnd>
            <POS>IN</POS>
            <NER>O</NER>
          </token>
          <token id="13">
            <word>Hansel</word>
            <lemma>Hansel</lemma>
            <CharacterOffsetBegin>6969</CharacterOffsetBegin>
            <CharacterOffsetEnd>6975</CharacterOffsetEnd>
            <POS>NNP</POS>
            <NER>PERSON</NER>
          </token>
          <token id="14">
            <word>,</word>
            <lemma>,</lemma>
            <CharacterOffsetBegin>6975</CharacterOffsetBegin>
            <CharacterOffsetEnd>6976</CharacterOffsetEnd>
            <POS>,</POS>
            <NER>O</NER>
          </token>
          <token id="15">
            <word>who</word>
            <lemma>who</lemma>
            <CharacterOffsetBegin>6977</CharacterOffsetBegin>
            <CharacterOffsetEnd>6980</CharacterOffsetEnd>
            <POS>WP</POS>
            <NER>O</NER>
          </token>
          <token id="16">
            <word>had</word>
            <lemma>have</lemma>
            <CharacterOffsetBegin>6981</CharacterOffsetBegin>
            <CharacterOffsetEnd>6984</CharacterOffsetEnd>
            <POS>VBD</POS>
            <NER>O</NER>
          </token>
          <token id="17">
            <word>scattered</word>
            <lemma>scatter</lemma>
            <CharacterOffsetBegin>6985</CharacterOffsetBegin>
            <CharacterOffsetEnd>6994</CharacterOffsetEnd>
            <POS>VBN</POS>
            <NER>O</NER>
          </token>
          <token id="18">
            <word>his</word>
            <lemma>he</lemma>
            <CharacterOffsetBegin>6995</CharacterOffsetBegin>
            <CharacterOffsetEnd>6998</CharacterOffsetEnd>
            <POS>PRP$</POS>
            <NER>O</NER>
          </token>
          <token id="19">
            <word>by</word>
            <lemma>by</lemma>
            <CharacterOffsetBegin>6999</CharacterOffsetBegin>
            <CharacterOffsetEnd>7001</CharacterOffsetEnd>
            <POS>IN</POS>
            <NER>O</NER>
          </token>
          <token id="20">
            <word>the</word>
            <lemma>the</lemma>
            <CharacterOffsetBegin>7002</CharacterOffsetBegin>
            <CharacterOffsetEnd>7005</CharacterOffsetEnd>
            <POS>DT</POS>
            <NER>O</NER>
          </token>
          <token id="21">
            <word>way</word>
            <lemma>way</lemma>
            <CharacterOffsetBegin>7006</CharacterOffsetBegin>
            <CharacterOffsetEnd>7009</CharacterOffsetEnd>
            <POS>NN</POS>
            <NER>O</NER>
          </token>
          <token id="22">
            <word>.</word>
            <lemma>.</lemma>
            <CharacterOffsetBegin>7009</CharacterOffsetBegin>
            <CharacterOffsetEnd>7010</CharacterOffsetEnd>
            <POS>.</POS>
            <NER>O</NER>
          </token>
        </tokens>
      </sentence>
      <sentence id="66">
        <tokens>
          <token id="1">
            <word>Then</word>
            <lemma>then</lemma>
            <CharacterOffsetBegin>7011</CharacterOffsetBegin>
            <CharacterOffsetEnd>7015</CharacterOffsetEnd>
            <POS>RB</POS>
            <NER>O</NER>
          </token>
          <token id="2">
            <word>they</word>
            <lemma>they</lemma>
            <CharacterOffsetBegin>7016</CharacterOffsetBegin>
            <CharacterOffsetEnd>7020</CharacterOffsetEnd>
            <POS>PRP</POS>
            <NER>O</NER>
          </token>
          <token id="3">
            <word>fell</word>
            <lemma>fall</lemma>
            <CharacterOffsetBegin>7021</CharacterOffsetBegin>
            <CharacterOffsetEnd>7025</CharacterOffsetEnd>
            <POS>VBD</POS>
            <NER>O</NER>
          </token>
          <token id="4">
            <word>asleep</word>
            <lemma>asleep</lemma>
            <CharacterOffsetBegin>7026</CharacterOffsetBegin>
            <CharacterOffsetEnd>7032</CharacterOffsetEnd>
            <POS>RB</POS>
            <NER>O</NER>
          </token>
          <token id="5">
            <word>and</word>
            <lemma>and</lemma>
            <CharacterOffsetBegin>7033</CharacterOffsetBegin>
            <CharacterOffsetEnd>7036</CharacterOffsetEnd>
            <POS>CC</POS>
            <NER>O</NER>
          </token>
          <token id="6">
            <word>evening</word>
            <lemma>evening</lemma>
            <CharacterOffsetBegin>7037</CharacterOffsetBegin>
            <CharacterOffsetEnd>7044</CharacterOffsetEnd>
            <POS>NN</POS>
            <NER>TIME</NER>
            <NormalizedNER>TEV</NormalizedNER>
            <Timex tid="t23" type="TIME">TEV</Timex>
          </token>
          <token id="7">
            <word>passed</word>
            <lemma>pass</lemma>
            <CharacterOffsetBegin>7045</CharacterOffsetBegin>
            <CharacterOffsetEnd>7051</CharacterOffsetEnd>
            <POS>VBD</POS>
            <NER>O</NER>
          </token>
          <token id="8">
            <word>,</word>
            <lemma>,</lemma>
            <CharacterOffsetBegin>7051</CharacterOffsetBegin>
            <CharacterOffsetEnd>7052</CharacterOffsetEnd>
            <POS>,</POS>
            <NER>O</NER>
          </token>
          <token id="9">
            <word>but</word>
            <lemma>but</lemma>
            <CharacterOffsetBegin>7053</CharacterOffsetBegin>
            <CharacterOffsetEnd>7056</CharacterOffsetEnd>
            <POS>CC</POS>
            <NER>O</NER>
          </token>
          <token id="10">
            <word>no</word>
            <lemma>no</lemma>
            <CharacterOffsetBegin>7057</CharacterOffsetBegin>
            <CharacterOffsetEnd>7059</CharacterOffsetEnd>
            <POS>DT</POS>
            <NER>O</NER>
          </token>
          <token id="11">
            <word>one</word>
            <lemma>one</lemma>
            <CharacterOffsetBegin>7060</CharacterOffsetBegin>
            <CharacterOffsetEnd>7063</CharacterOffsetEnd>
            <POS>NN</POS>
            <NER>NUMBER</NER>
            <NormalizedNER>1.0</NormalizedNER>
          </token>
          <token id="12">
            <word>came</word>
            <lemma>come</lemma>
            <CharacterOffsetBegin>7064</CharacterOffsetBegin>
            <CharacterOffsetEnd>7068</CharacterOffsetEnd>
            <POS>VBD</POS>
            <NER>O</NER>
          </token>
          <token id="13">
            <word>to</word>
            <lemma>to</lemma>
            <CharacterOffsetBegin>7069</CharacterOffsetBegin>
            <CharacterOffsetEnd>7071</CharacterOffsetEnd>
            <POS>TO</POS>
            <NER>O</NER>
          </token>
          <token id="14">
            <word>the</word>
            <lemma>the</lemma>
            <CharacterOffsetBegin>7072</CharacterOffsetBegin>
            <CharacterOffsetEnd>7075</CharacterOffsetEnd>
            <POS>DT</POS>
            <NER>O</NER>
          </token>
          <token id="15">
            <word>poor</word>
            <lemma>poor</lemma>
            <CharacterOffsetBegin>7076</CharacterOffsetBegin>
            <CharacterOffsetEnd>7080</CharacterOffsetEnd>
            <POS>JJ</POS>
            <NER>O</NER>
          </token>
          <token id="16">
            <word>children</word>
            <lemma>child</lemma>
            <CharacterOffsetBegin>7081</CharacterOffsetBegin>
            <CharacterOffsetEnd>7089</CharacterOffsetEnd>
            <POS>NNS</POS>
            <NER>O</NER>
          </token>
          <token id="17">
            <word>.</word>
            <lemma>.</lemma>
            <CharacterOffsetBegin>7089</CharacterOffsetBegin>
            <CharacterOffsetEnd>7090</CharacterOffsetEnd>
            <POS>.</POS>
            <NER>O</NER>
          </token>
        </tokens>
      </sentence>
      <sentence id="67">
        <tokens>
          <token id="1">
            <word>They</word>
            <lemma>they</lemma>
            <CharacterOffsetBegin>7091</CharacterOffsetBegin>
            <CharacterOffsetEnd>7095</CharacterOffsetEnd>
            <POS>PRP</POS>
            <NER>O</NER>
          </token>
          <token id="2">
            <word>did</word>
            <lemma>do</lemma>
            <CharacterOffsetBegin>7096</CharacterOffsetBegin>
            <CharacterOffsetEnd>7099</CharacterOffsetEnd>
            <POS>VBD</POS>
            <NER>O</NER>
          </token>
          <token id="3">
            <word>not</word>
            <lemma>not</lemma>
            <CharacterOffsetBegin>7100</CharacterOffsetBegin>
            <CharacterOffsetEnd>7103</CharacterOffsetEnd>
            <POS>RB</POS>
            <NER>O</NER>
          </token>
          <token id="4">
            <word>awake</word>
            <lemma>awake</lemma>
            <CharacterOffsetBegin>7104</CharacterOffsetBegin>
            <CharacterOffsetEnd>7109</CharacterOffsetEnd>
            <POS>RB</POS>
            <NER>O</NER>
          </token>
          <token id="5">
            <word>until</word>
            <lemma>until</lemma>
            <CharacterOffsetBegin>7110</CharacterOffsetBegin>
            <CharacterOffsetEnd>7115</CharacterOffsetEnd>
            <POS>IN</POS>
            <NER>O</NER>
          </token>
          <token id="6">
            <word>it</word>
            <lemma>it</lemma>
            <CharacterOffsetBegin>7116</CharacterOffsetBegin>
            <CharacterOffsetEnd>7118</CharacterOffsetEnd>
            <POS>PRP</POS>
            <NER>O</NER>
          </token>
          <token id="7">
            <word>was</word>
            <lemma>be</lemma>
            <CharacterOffsetBegin>7119</CharacterOffsetBegin>
            <CharacterOffsetEnd>7122</CharacterOffsetEnd>
            <POS>VBD</POS>
            <NER>O</NER>
          </token>
          <token id="8">
            <word>dark</word>
            <lemma>dark</lemma>
            <CharacterOffsetBegin>7123</CharacterOffsetBegin>
            <CharacterOffsetEnd>7127</CharacterOffsetEnd>
            <POS>JJ</POS>
            <NER>O</NER>
          </token>
          <token id="9">
            <word>night</word>
            <lemma>night</lemma>
            <CharacterOffsetBegin>7128</CharacterOffsetBegin>
            <CharacterOffsetEnd>7133</CharacterOffsetEnd>
            <POS>NN</POS>
            <NER>TIME</NER>
            <NormalizedNER>TNI</NormalizedNER>
            <Timex tid="t24" type="TIME">TNI</Timex>
          </token>
          <token id="10">
            <word>,</word>
            <lemma>,</lemma>
            <CharacterOffsetBegin>7133</CharacterOffsetBegin>
            <CharacterOffsetEnd>7134</CharacterOffsetEnd>
            <POS>,</POS>
            <NER>O</NER>
          </token>
          <token id="11">
            <word>and</word>
            <lemma>and</lemma>
            <CharacterOffsetBegin>7135</CharacterOffsetBegin>
            <CharacterOffsetEnd>7138</CharacterOffsetEnd>
            <POS>CC</POS>
            <NER>O</NER>
          </token>
          <token id="12">
            <word>Hansel</word>
            <lemma>Hansel</lemma>
            <CharacterOffsetBegin>7139</CharacterOffsetBegin>
            <CharacterOffsetEnd>7145</CharacterOffsetEnd>
            <POS>NNP</POS>
            <NER>PERSON</NER>
          </token>
          <token id="13">
            <word>comforted</word>
            <lemma>comfort</lemma>
            <CharacterOffsetBegin>7146</CharacterOffsetBegin>
            <CharacterOffsetEnd>7155</CharacterOffsetEnd>
            <POS>VBD</POS>
            <NER>O</NER>
          </token>
          <token id="14">
            <word>his</word>
            <lemma>he</lemma>
            <CharacterOffsetBegin>7156</CharacterOffsetBegin>
            <CharacterOffsetEnd>7159</CharacterOffsetEnd>
            <POS>PRP$</POS>
            <NER>O</NER>
          </token>
          <token id="15">
            <word>little</word>
            <lemma>little</lemma>
            <CharacterOffsetBegin>7160</CharacterOffsetBegin>
            <CharacterOffsetEnd>7166</CharacterOffsetEnd>
            <POS>JJ</POS>
            <NER>O</NER>
          </token>
          <token id="16">
            <word>sister</word>
            <lemma>sister</lemma>
            <CharacterOffsetBegin>7167</CharacterOffsetBegin>
            <CharacterOffsetEnd>7173</CharacterOffsetEnd>
            <POS>NN</POS>
            <NER>O</NER>
          </token>
          <token id="17">
            <word>and</word>
            <lemma>and</lemma>
            <CharacterOffsetBegin>7174</CharacterOffsetBegin>
            <CharacterOffsetEnd>7177</CharacterOffsetEnd>
            <POS>CC</POS>
            <NER>O</NER>
          </token>
          <token id="18">
            <word>said</word>
            <lemma>say</lemma>
            <CharacterOffsetBegin>7178</CharacterOffsetBegin>
            <CharacterOffsetEnd>7182</CharacterOffsetEnd>
            <POS>VBD</POS>
            <NER>O</NER>
          </token>
          <token id="19">
            <word>:</word>
            <lemma>:</lemma>
            <CharacterOffsetBegin>7182</CharacterOffsetBegin>
            <CharacterOffsetEnd>7183</CharacterOffsetEnd>
            <POS>:</POS>
            <NER>O</NER>
          </token>
          <token id="20">
            <word>`</word>
            <lemma>`</lemma>
            <CharacterOffsetBegin>7184</CharacterOffsetBegin>
            <CharacterOffsetEnd>7185</CharacterOffsetEnd>
            <POS>``</POS>
            <NER>O</NER>
          </token>
          <token id="21">
            <word>Just</word>
            <lemma>just</lemma>
            <CharacterOffsetBegin>7185</CharacterOffsetBegin>
            <CharacterOffsetEnd>7189</CharacterOffsetEnd>
            <POS>RB</POS>
            <NER>O</NER>
          </token>
          <token id="22">
            <word>wait</word>
            <lemma>wait</lemma>
            <CharacterOffsetBegin>7190</CharacterOffsetBegin>
            <CharacterOffsetEnd>7194</CharacterOffsetEnd>
            <POS>VB</POS>
            <NER>O</NER>
          </token>
          <token id="23">
            <word>,</word>
            <lemma>,</lemma>
            <CharacterOffsetBegin>7194</CharacterOffsetBegin>
            <CharacterOffsetEnd>7195</CharacterOffsetEnd>
            <POS>,</POS>
            <NER>O</NER>
          </token>
          <token id="24">
            <word>Gretel</word>
            <lemma>Gretel</lemma>
            <CharacterOffsetBegin>7196</CharacterOffsetBegin>
            <CharacterOffsetEnd>7202</CharacterOffsetEnd>
            <POS>NNP</POS>
            <NER>PERSON</NER>
          </token>
          <token id="25">
            <word>,</word>
            <lemma>,</lemma>
            <CharacterOffsetBegin>7202</CharacterOffsetBegin>
            <CharacterOffsetEnd>7203</CharacterOffsetEnd>
            <POS>,</POS>
            <NER>O</NER>
          </token>
          <token id="26">
            <word>until</word>
            <lemma>until</lemma>
            <CharacterOffsetBegin>7204</CharacterOffsetBegin>
            <CharacterOffsetEnd>7209</CharacterOffsetEnd>
            <POS>IN</POS>
            <NER>O</NER>
          </token>
          <token id="27">
            <word>the</word>
            <lemma>the</lemma>
            <CharacterOffsetBegin>7210</CharacterOffsetBegin>
            <CharacterOffsetEnd>7213</CharacterOffsetEnd>
            <POS>DT</POS>
            <NER>O</NER>
          </token>
          <token id="28">
            <word>moon</word>
            <lemma>moon</lemma>
            <CharacterOffsetBegin>7214</CharacterOffsetBegin>
            <CharacterOffsetEnd>7218</CharacterOffsetEnd>
            <POS>NN</POS>
            <NER>O</NER>
          </token>
          <token id="29">
            <word>rises</word>
            <lemma>rise</lemma>
            <CharacterOffsetBegin>7219</CharacterOffsetBegin>
            <CharacterOffsetEnd>7224</CharacterOffsetEnd>
            <POS>VBZ</POS>
            <NER>O</NER>
          </token>
          <token id="30">
            <word>,</word>
            <lemma>,</lemma>
            <CharacterOffsetBegin>7224</CharacterOffsetBegin>
            <CharacterOffsetEnd>7225</CharacterOffsetEnd>
            <POS>,</POS>
            <NER>O</NER>
          </token>
          <token id="31">
            <word>and</word>
            <lemma>and</lemma>
            <CharacterOffsetBegin>7226</CharacterOffsetBegin>
            <CharacterOffsetEnd>7229</CharacterOffsetEnd>
            <POS>CC</POS>
            <NER>O</NER>
          </token>
          <token id="32">
            <word>then</word>
            <lemma>then</lemma>
            <CharacterOffsetBegin>7230</CharacterOffsetBegin>
            <CharacterOffsetEnd>7234</CharacterOffsetEnd>
            <POS>RB</POS>
            <NER>O</NER>
          </token>
          <token id="33">
            <word>we</word>
            <lemma>we</lemma>
            <CharacterOffsetBegin>7235</CharacterOffsetBegin>
            <CharacterOffsetEnd>7237</CharacterOffsetEnd>
            <POS>PRP</POS>
            <NER>O</NER>
          </token>
          <token id="34">
            <word>shall</word>
            <lemma>shall</lemma>
            <CharacterOffsetBegin>7238</CharacterOffsetBegin>
            <CharacterOffsetEnd>7243</CharacterOffsetEnd>
            <POS>MD</POS>
            <NER>O</NER>
          </token>
          <token id="35">
            <word>see</word>
            <lemma>see</lemma>
            <CharacterOffsetBegin>7244</CharacterOffsetBegin>
            <CharacterOffsetEnd>7247</CharacterOffsetEnd>
            <POS>VB</POS>
            <NER>O</NER>
          </token>
          <token id="36">
            <word>the</word>
            <lemma>the</lemma>
            <CharacterOffsetBegin>7248</CharacterOffsetBegin>
            <CharacterOffsetEnd>7251</CharacterOffsetEnd>
            <POS>DT</POS>
            <NER>O</NER>
          </token>
          <token id="37">
            <word>crumbs</word>
            <lemma>crumb</lemma>
            <CharacterOffsetBegin>7252</CharacterOffsetBegin>
            <CharacterOffsetEnd>7258</CharacterOffsetEnd>
            <POS>NNS</POS>
            <NER>O</NER>
          </token>
          <token id="38">
            <word>of</word>
            <lemma>of</lemma>
            <CharacterOffsetBegin>7259</CharacterOffsetBegin>
            <CharacterOffsetEnd>7261</CharacterOffsetEnd>
            <POS>IN</POS>
            <NER>O</NER>
          </token>
          <token id="39">
            <word>bread</word>
            <lemma>bread</lemma>
            <CharacterOffsetBegin>7262</CharacterOffsetBegin>
            <CharacterOffsetEnd>7267</CharacterOffsetEnd>
            <POS>NN</POS>
            <NER>O</NER>
          </token>
          <token id="40">
            <word>which</word>
            <lemma>which</lemma>
            <CharacterOffsetBegin>7268</CharacterOffsetBegin>
            <CharacterOffsetEnd>7273</CharacterOffsetEnd>
            <POS>WDT</POS>
            <NER>O</NER>
          </token>
          <token id="41">
            <word>I</word>
            <lemma>I</lemma>
            <CharacterOffsetBegin>7274</CharacterOffsetBegin>
            <CharacterOffsetEnd>7275</CharacterOffsetEnd>
            <POS>PRP</POS>
            <NER>O</NER>
          </token>
          <token id="42">
            <word>have</word>
            <lemma>have</lemma>
            <CharacterOffsetBegin>7276</CharacterOffsetBegin>
            <CharacterOffsetEnd>7280</CharacterOffsetEnd>
            <POS>VBP</POS>
            <NER>O</NER>
          </token>
          <token id="43">
            <word>strewn</word>
            <lemma>strew</lemma>
            <CharacterOffsetBegin>7281</CharacterOffsetBegin>
            <CharacterOffsetEnd>7287</CharacterOffsetEnd>
            <POS>VBN</POS>
            <NER>O</NER>
          </token>
          <token id="44">
            <word>about</word>
            <lemma>about</lemma>
            <CharacterOffsetBegin>7288</CharacterOffsetBegin>
            <CharacterOffsetEnd>7293</CharacterOffsetEnd>
            <POS>RB</POS>
            <NER>O</NER>
          </token>
          <token id="45">
            <word>,</word>
            <lemma>,</lemma>
            <CharacterOffsetBegin>7293</CharacterOffsetBegin>
            <CharacterOffsetEnd>7294</CharacterOffsetEnd>
            <POS>,</POS>
            <NER>O</NER>
          </token>
          <token id="46">
            <word>they</word>
            <lemma>they</lemma>
            <CharacterOffsetBegin>7295</CharacterOffsetBegin>
            <CharacterOffsetEnd>7299</CharacterOffsetEnd>
            <POS>PRP</POS>
            <NER>O</NER>
          </token>
          <token id="47">
            <word>will</word>
            <lemma>will</lemma>
            <CharacterOffsetBegin>7300</CharacterOffsetBegin>
            <CharacterOffsetEnd>7304</CharacterOffsetEnd>
            <POS>MD</POS>
            <NER>O</NER>
          </token>
          <token id="48">
            <word>show</word>
            <lemma>show</lemma>
            <CharacterOffsetBegin>7305</CharacterOffsetBegin>
            <CharacterOffsetEnd>7309</CharacterOffsetEnd>
            <POS>VB</POS>
            <NER>O</NER>
          </token>
          <token id="49">
            <word>us</word>
            <lemma>we</lemma>
            <CharacterOffsetBegin>7310</CharacterOffsetBegin>
            <CharacterOffsetEnd>7312</CharacterOffsetEnd>
            <POS>PRP</POS>
            <NER>O</NER>
          </token>
          <token id="50">
            <word>our</word>
            <lemma>we</lemma>
            <CharacterOffsetBegin>7313</CharacterOffsetBegin>
            <CharacterOffsetEnd>7316</CharacterOffsetEnd>
            <POS>PRP$</POS>
            <NER>O</NER>
          </token>
          <token id="51">
            <word>way</word>
            <lemma>way</lemma>
            <CharacterOffsetBegin>7317</CharacterOffsetBegin>
            <CharacterOffsetEnd>7320</CharacterOffsetEnd>
            <POS>NN</POS>
            <NER>O</NER>
          </token>
          <token id="52">
            <word>home</word>
            <lemma>home</lemma>
            <CharacterOffsetBegin>7321</CharacterOffsetBegin>
            <CharacterOffsetEnd>7325</CharacterOffsetEnd>
            <POS>NN</POS>
            <NER>O</NER>
          </token>
          <token id="53">
            <word>again</word>
            <lemma>again</lemma>
            <CharacterOffsetBegin>7326</CharacterOffsetBegin>
            <CharacterOffsetEnd>7331</CharacterOffsetEnd>
            <POS>RB</POS>
            <NER>O</NER>
          </token>
          <token id="54">
            <word>.</word>
            <lemma>.</lemma>
            <CharacterOffsetBegin>7331</CharacterOffsetBegin>
            <CharacterOffsetEnd>7332</CharacterOffsetEnd>
            <POS>.</POS>
            <NER>O</NER>
          </token>
          <token id="55">
            <word>'</word>
            <lemma>'</lemma>
            <CharacterOffsetBegin>7332</CharacterOffsetBegin>
            <CharacterOffsetEnd>7333</CharacterOffsetEnd>
            <POS>''</POS>
            <NER>O</NER>
          </token>
        </tokens>
      </sentence>
      <sentence id="68">
        <tokens>
          <token id="1">
            <word>When</word>
            <lemma>when</lemma>
            <CharacterOffsetBegin>7334</CharacterOffsetBegin>
            <CharacterOffsetEnd>7338</CharacterOffsetEnd>
            <POS>WRB</POS>
            <NER>O</NER>
          </token>
          <token id="2">
            <word>the</word>
            <lemma>the</lemma>
            <CharacterOffsetBegin>7339</CharacterOffsetBegin>
            <CharacterOffsetEnd>7342</CharacterOffsetEnd>
            <POS>DT</POS>
            <NER>O</NER>
          </token>
          <token id="3">
            <word>moon</word>
            <lemma>moon</lemma>
            <CharacterOffsetBegin>7343</CharacterOffsetBegin>
            <CharacterOffsetEnd>7347</CharacterOffsetEnd>
            <POS>NN</POS>
            <NER>O</NER>
          </token>
          <token id="4">
            <word>came</word>
            <lemma>come</lemma>
            <CharacterOffsetBegin>7348</CharacterOffsetBegin>
            <CharacterOffsetEnd>7352</CharacterOffsetEnd>
            <POS>VBD</POS>
            <NER>O</NER>
          </token>
          <token id="5">
            <word>they</word>
            <lemma>they</lemma>
            <CharacterOffsetBegin>7353</CharacterOffsetBegin>
            <CharacterOffsetEnd>7357</CharacterOffsetEnd>
            <POS>PRP</POS>
            <NER>O</NER>
          </token>
          <token id="6">
            <word>set</word>
            <lemma>set</lemma>
            <CharacterOffsetBegin>7358</CharacterOffsetBegin>
            <CharacterOffsetEnd>7361</CharacterOffsetEnd>
            <POS>VBD</POS>
            <NER>O</NER>
          </token>
          <token id="7">
            <word>out</word>
            <lemma>out</lemma>
            <CharacterOffsetBegin>7362</CharacterOffsetBegin>
            <CharacterOffsetEnd>7365</CharacterOffsetEnd>
            <POS>RP</POS>
            <NER>O</NER>
          </token>
          <token id="8">
            <word>,</word>
            <lemma>,</lemma>
            <CharacterOffsetBegin>7365</CharacterOffsetBegin>
            <CharacterOffsetEnd>7366</CharacterOffsetEnd>
            <POS>,</POS>
            <NER>O</NER>
          </token>
          <token id="9">
            <word>but</word>
            <lemma>but</lemma>
            <CharacterOffsetBegin>7367</CharacterOffsetBegin>
            <CharacterOffsetEnd>7370</CharacterOffsetEnd>
            <POS>CC</POS>
            <NER>O</NER>
          </token>
          <token id="10">
            <word>they</word>
            <lemma>they</lemma>
            <CharacterOffsetBegin>7371</CharacterOffsetBegin>
            <CharacterOffsetEnd>7375</CharacterOffsetEnd>
            <POS>PRP</POS>
            <NER>O</NER>
          </token>
          <token id="11">
            <word>found</word>
            <lemma>find</lemma>
            <CharacterOffsetBegin>7376</CharacterOffsetBegin>
            <CharacterOffsetEnd>7381</CharacterOffsetEnd>
            <POS>VBD</POS>
            <NER>O</NER>
          </token>
          <token id="12">
            <word>no</word>
            <lemma>no</lemma>
            <CharacterOffsetBegin>7382</CharacterOffsetBegin>
            <CharacterOffsetEnd>7384</CharacterOffsetEnd>
            <POS>DT</POS>
            <NER>O</NER>
          </token>
          <token id="13">
            <word>crumbs</word>
            <lemma>crumb</lemma>
            <CharacterOffsetBegin>7385</CharacterOffsetBegin>
            <CharacterOffsetEnd>7391</CharacterOffsetEnd>
            <POS>NNS</POS>
            <NER>O</NER>
          </token>
          <token id="14">
            <word>,</word>
            <lemma>,</lemma>
            <CharacterOffsetBegin>7391</CharacterOffsetBegin>
            <CharacterOffsetEnd>7392</CharacterOffsetEnd>
            <POS>,</POS>
            <NER>O</NER>
          </token>
          <token id="15">
            <word>for</word>
            <lemma>for</lemma>
            <CharacterOffsetBegin>7393</CharacterOffsetBegin>
            <CharacterOffsetEnd>7396</CharacterOffsetEnd>
            <POS>IN</POS>
            <NER>O</NER>
          </token>
          <token id="16">
            <word>the</word>
            <lemma>the</lemma>
            <CharacterOffsetBegin>7397</CharacterOffsetBegin>
            <CharacterOffsetEnd>7400</CharacterOffsetEnd>
            <POS>DT</POS>
            <NER>O</NER>
          </token>
          <token id="17">
            <word>many</word>
            <lemma>many</lemma>
            <CharacterOffsetBegin>7401</CharacterOffsetBegin>
            <CharacterOffsetEnd>7405</CharacterOffsetEnd>
            <POS>JJ</POS>
            <NER>O</NER>
          </token>
          <token id="18">
            <word>thousands</word>
            <lemma>thousand</lemma>
            <CharacterOffsetBegin>7406</CharacterOffsetBegin>
            <CharacterOffsetEnd>7415</CharacterOffsetEnd>
            <POS>NNS</POS>
            <NER>O</NER>
          </token>
          <token id="19">
            <word>of</word>
            <lemma>of</lemma>
            <CharacterOffsetBegin>7416</CharacterOffsetBegin>
            <CharacterOffsetEnd>7418</CharacterOffsetEnd>
            <POS>IN</POS>
            <NER>O</NER>
          </token>
          <token id="20">
            <word>birds</word>
            <lemma>bird</lemma>
            <CharacterOffsetBegin>7419</CharacterOffsetBegin>
            <CharacterOffsetEnd>7424</CharacterOffsetEnd>
            <POS>NNS</POS>
            <NER>O</NER>
          </token>
          <token id="21">
            <word>which</word>
            <lemma>which</lemma>
            <CharacterOffsetBegin>7425</CharacterOffsetBegin>
            <CharacterOffsetEnd>7430</CharacterOffsetEnd>
            <POS>WDT</POS>
            <NER>O</NER>
          </token>
          <token id="22">
            <word>fly</word>
            <lemma>fly</lemma>
            <CharacterOffsetBegin>7431</CharacterOffsetBegin>
            <CharacterOffsetEnd>7434</CharacterOffsetEnd>
            <POS>VBP</POS>
            <NER>O</NER>
          </token>
          <token id="23">
            <word>about</word>
            <lemma>about</lemma>
            <CharacterOffsetBegin>7435</CharacterOffsetBegin>
            <CharacterOffsetEnd>7440</CharacterOffsetEnd>
            <POS>RB</POS>
            <NER>O</NER>
          </token>
          <token id="24">
            <word>in</word>
            <lemma>in</lemma>
            <CharacterOffsetBegin>7441</CharacterOffsetBegin>
            <CharacterOffsetEnd>7443</CharacterOffsetEnd>
            <POS>IN</POS>
            <NER>O</NER>
          </token>
          <token id="25">
            <word>the</word>
            <lemma>the</lemma>
            <CharacterOffsetBegin>7444</CharacterOffsetBegin>
            <CharacterOffsetEnd>7447</CharacterOffsetEnd>
            <POS>DT</POS>
            <NER>O</NER>
          </token>
          <token id="26">
            <word>woods</word>
            <lemma>wood</lemma>
            <CharacterOffsetBegin>7448</CharacterOffsetBegin>
            <CharacterOffsetEnd>7453</CharacterOffsetEnd>
            <POS>NNS</POS>
            <NER>O</NER>
          </token>
          <token id="27">
            <word>and</word>
            <lemma>and</lemma>
            <CharacterOffsetBegin>7454</CharacterOffsetBegin>
            <CharacterOffsetEnd>7457</CharacterOffsetEnd>
            <POS>CC</POS>
            <NER>O</NER>
          </token>
          <token id="28">
            <word>fields</word>
            <lemma>field</lemma>
            <CharacterOffsetBegin>7458</CharacterOffsetBegin>
            <CharacterOffsetEnd>7464</CharacterOffsetEnd>
            <POS>NNS</POS>
            <NER>O</NER>
          </token>
          <token id="29">
            <word>had</word>
            <lemma>have</lemma>
            <CharacterOffsetBegin>7465</CharacterOffsetBegin>
            <CharacterOffsetEnd>7468</CharacterOffsetEnd>
            <POS>VBD</POS>
            <NER>O</NER>
          </token>
          <token id="30">
            <word>picked</word>
            <lemma>pick</lemma>
            <CharacterOffsetBegin>7469</CharacterOffsetBegin>
            <CharacterOffsetEnd>7475</CharacterOffsetEnd>
            <POS>VBN</POS>
            <NER>O</NER>
          </token>
          <token id="31">
            <word>them</word>
            <lemma>they</lemma>
            <CharacterOffsetBegin>7476</CharacterOffsetBegin>
            <CharacterOffsetEnd>7480</CharacterOffsetEnd>
            <POS>PRP</POS>
            <NER>O</NER>
          </token>
          <token id="32">
            <word>all</word>
            <lemma>all</lemma>
            <CharacterOffsetBegin>7481</CharacterOffsetBegin>
            <CharacterOffsetEnd>7484</CharacterOffsetEnd>
            <POS>DT</POS>
            <NER>O</NER>
          </token>
          <token id="33">
            <word>up</word>
            <lemma>up</lemma>
            <CharacterOffsetBegin>7485</CharacterOffsetBegin>
            <CharacterOffsetEnd>7487</CharacterOffsetEnd>
            <POS>RP</POS>
            <NER>O</NER>
          </token>
          <token id="34">
            <word>.</word>
            <lemma>.</lemma>
            <CharacterOffsetBegin>7487</CharacterOffsetBegin>
            <CharacterOffsetEnd>7488</CharacterOffsetEnd>
            <POS>.</POS>
            <NER>O</NER>
          </token>
        </tokens>
      </sentence>
      <sentence id="69">
        <tokens>
          <token id="1">
            <word>Hansel</word>
            <lemma>Hansel</lemma>
            <CharacterOffsetBegin>7489</CharacterOffsetBegin>
            <CharacterOffsetEnd>7495</CharacterOffsetEnd>
            <POS>NNP</POS>
            <NER>PERSON</NER>
          </token>
          <token id="2">
            <word>said</word>
            <lemma>say</lemma>
            <CharacterOffsetBegin>7496</CharacterOffsetBegin>
            <CharacterOffsetEnd>7500</CharacterOffsetEnd>
            <POS>VBD</POS>
            <NER>O</NER>
          </token>
          <token id="3">
            <word>to</word>
            <lemma>to</lemma>
            <CharacterOffsetBegin>7501</CharacterOffsetBegin>
            <CharacterOffsetEnd>7503</CharacterOffsetEnd>
            <POS>TO</POS>
            <NER>O</NER>
          </token>
          <token id="4">
            <word>Gretel</word>
            <lemma>Gretel</lemma>
            <CharacterOffsetBegin>7504</CharacterOffsetBegin>
            <CharacterOffsetEnd>7510</CharacterOffsetEnd>
            <POS>NNP</POS>
            <NER>PERSON</NER>
          </token>
          <token id="5">
            <word>:</word>
            <lemma>:</lemma>
            <CharacterOffsetBegin>7510</CharacterOffsetBegin>
            <CharacterOffsetEnd>7511</CharacterOffsetEnd>
            <POS>:</POS>
            <NER>O</NER>
          </token>
          <token id="6">
            <word>`</word>
            <lemma>`</lemma>
            <CharacterOffsetBegin>7512</CharacterOffsetBegin>
            <CharacterOffsetEnd>7513</CharacterOffsetEnd>
            <POS>``</POS>
            <NER>O</NER>
          </token>
          <token id="7">
            <word>We</word>
            <lemma>we</lemma>
            <CharacterOffsetBegin>7513</CharacterOffsetBegin>
            <CharacterOffsetEnd>7515</CharacterOffsetEnd>
            <POS>PRP</POS>
            <NER>O</NER>
          </token>
          <token id="8">
            <word>shall</word>
            <lemma>shall</lemma>
            <CharacterOffsetBegin>7516</CharacterOffsetBegin>
            <CharacterOffsetEnd>7521</CharacterOffsetEnd>
            <POS>MD</POS>
            <NER>O</NER>
          </token>
          <token id="9">
            <word>soon</word>
            <lemma>soon</lemma>
            <CharacterOffsetBegin>7522</CharacterOffsetBegin>
            <CharacterOffsetEnd>7526</CharacterOffsetEnd>
            <POS>RB</POS>
            <NER>O</NER>
          </token>
          <token id="10">
            <word>find</word>
            <lemma>find</lemma>
            <CharacterOffsetBegin>7527</CharacterOffsetBegin>
            <CharacterOffsetEnd>7531</CharacterOffsetEnd>
            <POS>VB</POS>
            <NER>O</NER>
          </token>
          <token id="11">
            <word>the</word>
            <lemma>the</lemma>
            <CharacterOffsetBegin>7532</CharacterOffsetBegin>
            <CharacterOffsetEnd>7535</CharacterOffsetEnd>
            <POS>DT</POS>
            <NER>O</NER>
          </token>
          <token id="12">
            <word>way</word>
            <lemma>way</lemma>
            <CharacterOffsetBegin>7536</CharacterOffsetBegin>
            <CharacterOffsetEnd>7539</CharacterOffsetEnd>
            <POS>NN</POS>
            <NER>O</NER>
          </token>
          <token id="13">
            <word>,</word>
            <lemma>,</lemma>
            <CharacterOffsetBegin>7539</CharacterOffsetBegin>
            <CharacterOffsetEnd>7540</CharacterOffsetEnd>
            <POS>,</POS>
            <NER>O</NER>
          </token>
          <token id="14">
            <word>'</word>
            <lemma>'</lemma>
            <CharacterOffsetBegin>7540</CharacterOffsetBegin>
            <CharacterOffsetEnd>7541</CharacterOffsetEnd>
            <POS>''</POS>
            <NER>O</NER>
          </token>
          <token id="15">
            <word>but</word>
            <lemma>but</lemma>
            <CharacterOffsetBegin>7542</CharacterOffsetBegin>
            <CharacterOffsetEnd>7545</CharacterOffsetEnd>
            <POS>CC</POS>
            <NER>O</NER>
          </token>
          <token id="16">
            <word>they</word>
            <lemma>they</lemma>
            <CharacterOffsetBegin>7546</CharacterOffsetBegin>
            <CharacterOffsetEnd>7550</CharacterOffsetEnd>
            <POS>PRP</POS>
            <NER>O</NER>
          </token>
          <token id="17">
            <word>did</word>
            <lemma>do</lemma>
            <CharacterOffsetBegin>7551</CharacterOffsetBegin>
            <CharacterOffsetEnd>7554</CharacterOffsetEnd>
            <POS>VBD</POS>
            <NER>O</NER>
          </token>
          <token id="18">
            <word>not</word>
            <lemma>not</lemma>
            <CharacterOffsetBegin>7555</CharacterOffsetBegin>
            <CharacterOffsetEnd>7558</CharacterOffsetEnd>
            <POS>RB</POS>
            <NER>O</NER>
          </token>
          <token id="19">
            <word>find</word>
            <lemma>find</lemma>
            <CharacterOffsetBegin>7559</CharacterOffsetBegin>
            <CharacterOffsetEnd>7563</CharacterOffsetEnd>
            <POS>VB</POS>
            <NER>O</NER>
          </token>
          <token id="20">
            <word>it</word>
            <lemma>it</lemma>
            <CharacterOffsetBegin>7564</CharacterOffsetBegin>
            <CharacterOffsetEnd>7566</CharacterOffsetEnd>
            <POS>PRP</POS>
            <NER>O</NER>
          </token>
          <token id="21">
            <word>.</word>
            <lemma>.</lemma>
            <CharacterOffsetBegin>7566</CharacterOffsetBegin>
            <CharacterOffsetEnd>7567</CharacterOffsetEnd>
            <POS>.</POS>
            <NER>O</NER>
          </token>
        </tokens>
      </sentence>
      <sentence id="70">
        <tokens>
          <token id="1">
            <word>They</word>
            <lemma>they</lemma>
            <CharacterOffsetBegin>7568</CharacterOffsetBegin>
            <CharacterOffsetEnd>7572</CharacterOffsetEnd>
            <POS>PRP</POS>
            <NER>O</NER>
          </token>
          <token id="2">
            <word>walked</word>
            <lemma>walk</lemma>
            <CharacterOffsetBegin>7573</CharacterOffsetBegin>
            <CharacterOffsetEnd>7579</CharacterOffsetEnd>
            <POS>VBD</POS>
            <NER>O</NER>
          </token>
          <token id="3">
            <word>the</word>
            <lemma>the</lemma>
            <CharacterOffsetBegin>7580</CharacterOffsetBegin>
            <CharacterOffsetEnd>7583</CharacterOffsetEnd>
            <POS>DT</POS>
            <NER>O</NER>
          </token>
          <token id="4">
            <word>whole</word>
            <lemma>whole</lemma>
            <CharacterOffsetBegin>7584</CharacterOffsetBegin>
            <CharacterOffsetEnd>7589</CharacterOffsetEnd>
            <POS>JJ</POS>
            <NER>O</NER>
          </token>
          <token id="5">
            <word>night</word>
            <lemma>night</lemma>
            <CharacterOffsetBegin>7590</CharacterOffsetBegin>
            <CharacterOffsetEnd>7595</CharacterOffsetEnd>
            <POS>NN</POS>
            <NER>TIME</NER>
            <NormalizedNER>TNI</NormalizedNER>
            <Timex tid="t25" type="TIME">TNI</Timex>
          </token>
          <token id="6">
            <word>and</word>
            <lemma>and</lemma>
            <CharacterOffsetBegin>7596</CharacterOffsetBegin>
            <CharacterOffsetEnd>7599</CharacterOffsetEnd>
            <POS>CC</POS>
            <NER>O</NER>
          </token>
          <token id="7">
            <word>all</word>
            <lemma>all</lemma>
            <CharacterOffsetBegin>7600</CharacterOffsetBegin>
            <CharacterOffsetEnd>7603</CharacterOffsetEnd>
            <POS>PDT</POS>
            <NER>O</NER>
          </token>
          <token id="8">
            <word>the</word>
            <lemma>the</lemma>
            <CharacterOffsetBegin>7604</CharacterOffsetBegin>
            <CharacterOffsetEnd>7607</CharacterOffsetEnd>
            <POS>DT</POS>
            <NER>DATE</NER>
            <NormalizedNER>NEXT_IMMEDIATE P1D</NormalizedNER>
            <Timex tid="t26" type="DATE"/>
          </token>
          <token id="9">
            <word>next</word>
            <lemma>next</lemma>
            <CharacterOffsetBegin>7608</CharacterOffsetBegin>
            <CharacterOffsetEnd>7612</CharacterOffsetEnd>
            <POS>JJ</POS>
            <NER>DATE</NER>
            <NormalizedNER>NEXT_IMMEDIATE P1D</NormalizedNER>
            <Timex tid="t26" type="DATE"/>
          </token>
          <token id="10">
            <word>day</word>
            <lemma>day</lemma>
            <CharacterOffsetBegin>7613</CharacterOffsetBegin>
            <CharacterOffsetEnd>7616</CharacterOffsetEnd>
            <POS>NN</POS>
            <NER>DATE</NER>
            <NormalizedNER>NEXT_IMMEDIATE P1D</NormalizedNER>
            <Timex tid="t26" type="DATE"/>
          </token>
          <token id="11">
            <word>too</word>
            <lemma>too</lemma>
            <CharacterOffsetBegin>7617</CharacterOffsetBegin>
            <CharacterOffsetEnd>7620</CharacterOffsetEnd>
            <POS>RB</POS>
            <NER>O</NER>
          </token>
          <token id="12">
            <word>from</word>
            <lemma>from</lemma>
            <CharacterOffsetBegin>7621</CharacterOffsetBegin>
            <CharacterOffsetEnd>7625</CharacterOffsetEnd>
            <POS>IN</POS>
            <NER>O</NER>
          </token>
          <token id="13">
            <word>morning</word>
            <lemma>morning</lemma>
            <CharacterOffsetBegin>7626</CharacterOffsetBegin>
            <CharacterOffsetEnd>7633</CharacterOffsetEnd>
            <POS>NN</POS>
            <NER>TIME</NER>
            <NormalizedNER>TMO</NormalizedNER>
            <Timex tid="t27" type="TIME">TMO</Timex>
          </token>
          <token id="14">
            <word>till</word>
            <lemma>till</lemma>
            <CharacterOffsetBegin>7634</CharacterOffsetBegin>
            <CharacterOffsetEnd>7638</CharacterOffsetEnd>
            <POS>IN</POS>
            <NER>TIME</NER>
          </token>
          <token id="15">
            <word>evening</word>
            <lemma>evening</lemma>
            <CharacterOffsetBegin>7639</CharacterOffsetBegin>
            <CharacterOffsetEnd>7646</CharacterOffsetEnd>
            <POS>NN</POS>
            <NER>TIME</NER>
            <NormalizedNER>TEV</NormalizedNER>
            <Timex tid="t28" type="TIME">TEV</Timex>
          </token>
          <token id="16">
            <word>,</word>
            <lemma>,</lemma>
            <CharacterOffsetBegin>7646</CharacterOffsetBegin>
            <CharacterOffsetEnd>7647</CharacterOffsetEnd>
            <POS>,</POS>
            <NER>O</NER>
          </token>
          <token id="17">
            <word>but</word>
            <lemma>but</lemma>
            <CharacterOffsetBegin>7648</CharacterOffsetBegin>
            <CharacterOffsetEnd>7651</CharacterOffsetEnd>
            <POS>CC</POS>
            <NER>O</NER>
          </token>
          <token id="18">
            <word>they</word>
            <lemma>they</lemma>
            <CharacterOffsetBegin>7652</CharacterOffsetBegin>
            <CharacterOffsetEnd>7656</CharacterOffsetEnd>
            <POS>PRP</POS>
            <NER>O</NER>
          </token>
          <token id="19">
            <word>did</word>
            <lemma>do</lemma>
            <CharacterOffsetBegin>7657</CharacterOffsetBegin>
            <CharacterOffsetEnd>7660</CharacterOffsetEnd>
            <POS>VBD</POS>
            <NER>O</NER>
          </token>
          <token id="20">
            <word>not</word>
            <lemma>not</lemma>
            <CharacterOffsetBegin>7661</CharacterOffsetBegin>
            <CharacterOffsetEnd>7664</CharacterOffsetEnd>
            <POS>RB</POS>
            <NER>O</NER>
          </token>
          <token id="21">
            <word>get</word>
            <lemma>get</lemma>
            <CharacterOffsetBegin>7665</CharacterOffsetBegin>
            <CharacterOffsetEnd>7668</CharacterOffsetEnd>
            <POS>VB</POS>
            <NER>O</NER>
          </token>
          <token id="22">
            <word>out</word>
            <lemma>out</lemma>
            <CharacterOffsetBegin>7669</CharacterOffsetBegin>
            <CharacterOffsetEnd>7672</CharacterOffsetEnd>
            <POS>IN</POS>
            <NER>O</NER>
          </token>
          <token id="23">
            <word>of</word>
            <lemma>of</lemma>
            <CharacterOffsetBegin>7673</CharacterOffsetBegin>
            <CharacterOffsetEnd>7675</CharacterOffsetEnd>
            <POS>IN</POS>
            <NER>O</NER>
          </token>
          <token id="24">
            <word>the</word>
            <lemma>the</lemma>
            <CharacterOffsetBegin>7676</CharacterOffsetBegin>
            <CharacterOffsetEnd>7679</CharacterOffsetEnd>
            <POS>DT</POS>
            <NER>O</NER>
          </token>
          <token id="25">
            <word>forest</word>
            <lemma>forest</lemma>
            <CharacterOffsetBegin>7680</CharacterOffsetBegin>
            <CharacterOffsetEnd>7686</CharacterOffsetEnd>
            <POS>NN</POS>
            <NER>O</NER>
          </token>
          <token id="26">
            <word>,</word>
            <lemma>,</lemma>
            <CharacterOffsetBegin>7686</CharacterOffsetBegin>
            <CharacterOffsetEnd>7687</CharacterOffsetEnd>
            <POS>,</POS>
            <NER>O</NER>
          </token>
          <token id="27">
            <word>and</word>
            <lemma>and</lemma>
            <CharacterOffsetBegin>7688</CharacterOffsetBegin>
            <CharacterOffsetEnd>7691</CharacterOffsetEnd>
            <POS>CC</POS>
            <NER>O</NER>
          </token>
          <token id="28">
            <word>were</word>
            <lemma>be</lemma>
            <CharacterOffsetBegin>7692</CharacterOffsetBegin>
            <CharacterOffsetEnd>7696</CharacterOffsetEnd>
            <POS>VBD</POS>
            <NER>O</NER>
          </token>
          <token id="29">
            <word>very</word>
            <lemma>very</lemma>
            <CharacterOffsetBegin>7697</CharacterOffsetBegin>
            <CharacterOffsetEnd>7701</CharacterOffsetEnd>
            <POS>RB</POS>
            <NER>O</NER>
          </token>
          <token id="30">
            <word>hungry</word>
            <lemma>hungry</lemma>
            <CharacterOffsetBegin>7702</CharacterOffsetBegin>
            <CharacterOffsetEnd>7708</CharacterOffsetEnd>
            <POS>JJ</POS>
            <NER>O</NER>
          </token>
          <token id="31">
            <word>,</word>
            <lemma>,</lemma>
            <CharacterOffsetBegin>7708</CharacterOffsetBegin>
            <CharacterOffsetEnd>7709</CharacterOffsetEnd>
            <POS>,</POS>
            <NER>O</NER>
          </token>
          <token id="32">
            <word>for</word>
            <lemma>for</lemma>
            <CharacterOffsetBegin>7710</CharacterOffsetBegin>
            <CharacterOffsetEnd>7713</CharacterOffsetEnd>
            <POS>IN</POS>
            <NER>O</NER>
          </token>
          <token id="33">
            <word>they</word>
            <lemma>they</lemma>
            <CharacterOffsetBegin>7714</CharacterOffsetBegin>
            <CharacterOffsetEnd>7718</CharacterOffsetEnd>
            <POS>PRP</POS>
            <NER>O</NER>
          </token>
          <token id="34">
            <word>had</word>
            <lemma>have</lemma>
            <CharacterOffsetBegin>7719</CharacterOffsetBegin>
            <CharacterOffsetEnd>7722</CharacterOffsetEnd>
            <POS>VBD</POS>
            <NER>O</NER>
          </token>
          <token id="35">
            <word>nothing</word>
            <lemma>nothing</lemma>
            <CharacterOffsetBegin>7723</CharacterOffsetBegin>
            <CharacterOffsetEnd>7730</CharacterOffsetEnd>
            <POS>NN</POS>
            <NER>O</NER>
          </token>
          <token id="36">
            <word>to</word>
            <lemma>to</lemma>
            <CharacterOffsetBegin>7731</CharacterOffsetBegin>
            <CharacterOffsetEnd>7733</CharacterOffsetEnd>
            <POS>TO</POS>
            <NER>O</NER>
          </token>
          <token id="37">
            <word>eat</word>
            <lemma>eat</lemma>
            <CharacterOffsetBegin>7734</CharacterOffsetBegin>
            <CharacterOffsetEnd>7737</CharacterOffsetEnd>
            <POS>VB</POS>
            <NER>O</NER>
          </token>
          <token id="38">
            <word>but</word>
            <lemma>but</lemma>
            <CharacterOffsetBegin>7738</CharacterOffsetBegin>
            <CharacterOffsetEnd>7741</CharacterOffsetEnd>
            <POS>CC</POS>
            <NER>O</NER>
          </token>
          <token id="39">
            <word>two</word>
            <lemma>two</lemma>
            <CharacterOffsetBegin>7742</CharacterOffsetBegin>
            <CharacterOffsetEnd>7745</CharacterOffsetEnd>
            <POS>CD</POS>
            <NER>NUMBER</NER>
            <NormalizedNER>2.0</NormalizedNER>
          </token>
          <token id="40">
            <word>or</word>
            <lemma>or</lemma>
            <CharacterOffsetBegin>7746</CharacterOffsetBegin>
            <CharacterOffsetEnd>7748</CharacterOffsetEnd>
            <POS>CC</POS>
            <NER>O</NER>
          </token>
          <token id="41">
            <word>three</word>
            <lemma>three</lemma>
            <CharacterOffsetBegin>7749</CharacterOffsetBegin>
            <CharacterOffsetEnd>7754</CharacterOffsetEnd>
            <POS>CD</POS>
            <NER>NUMBER</NER>
            <NormalizedNER>3.0</NormalizedNER>
          </token>
          <token id="42">
            <word>berries</word>
            <lemma>berry</lemma>
            <CharacterOffsetBegin>7755</CharacterOffsetBegin>
            <CharacterOffsetEnd>7762</CharacterOffsetEnd>
            <POS>NNS</POS>
            <NER>O</NER>
          </token>
          <token id="43">
            <word>,</word>
            <lemma>,</lemma>
            <CharacterOffsetBegin>7762</CharacterOffsetBegin>
            <CharacterOffsetEnd>7763</CharacterOffsetEnd>
            <POS>,</POS>
            <NER>O</NER>
          </token>
          <token id="44">
            <word>which</word>
            <lemma>which</lemma>
            <CharacterOffsetBegin>7764</CharacterOffsetBegin>
            <CharacterOffsetEnd>7769</CharacterOffsetEnd>
            <POS>WDT</POS>
            <NER>O</NER>
          </token>
          <token id="45">
            <word>grew</word>
            <lemma>grow</lemma>
            <CharacterOffsetBegin>7770</CharacterOffsetBegin>
            <CharacterOffsetEnd>7774</CharacterOffsetEnd>
            <POS>VBD</POS>
            <NER>O</NER>
          </token>
          <token id="46">
            <word>on</word>
            <lemma>on</lemma>
            <CharacterOffsetBegin>7775</CharacterOffsetBegin>
            <CharacterOffsetEnd>7777</CharacterOffsetEnd>
            <POS>IN</POS>
            <NER>O</NER>
          </token>
          <token id="47">
            <word>the</word>
            <lemma>the</lemma>
            <CharacterOffsetBegin>7778</CharacterOffsetBegin>
            <CharacterOffsetEnd>7781</CharacterOffsetEnd>
            <POS>DT</POS>
            <NER>O</NER>
          </token>
          <token id="48">
            <word>ground</word>
            <lemma>ground</lemma>
            <CharacterOffsetBegin>7782</CharacterOffsetBegin>
            <CharacterOffsetEnd>7788</CharacterOffsetEnd>
            <POS>NN</POS>
            <NER>O</NER>
          </token>
          <token id="49">
            <word>.</word>
            <lemma>.</lemma>
            <CharacterOffsetBegin>7788</CharacterOffsetBegin>
            <CharacterOffsetEnd>7789</CharacterOffsetEnd>
            <POS>.</POS>
            <NER>O</NER>
          </token>
        </tokens>
      </sentence>
      <sentence id="71">
        <tokens>
          <token id="1">
            <word>And</word>
            <lemma>and</lemma>
            <CharacterOffsetBegin>7790</CharacterOffsetBegin>
            <CharacterOffsetEnd>7793</CharacterOffsetEnd>
            <POS>CC</POS>
            <NER>O</NER>
          </token>
          <token id="2">
            <word>as</word>
            <lemma>as</lemma>
            <CharacterOffsetBegin>7794</CharacterOffsetBegin>
            <CharacterOffsetEnd>7796</CharacterOffsetEnd>
            <POS>IN</POS>
            <NER>O</NER>
          </token>
          <token id="3">
            <word>they</word>
            <lemma>they</lemma>
            <CharacterOffsetBegin>7797</CharacterOffsetBegin>
            <CharacterOffsetEnd>7801</CharacterOffsetEnd>
            <POS>PRP</POS>
            <NER>O</NER>
          </token>
          <token id="4">
            <word>were</word>
            <lemma>be</lemma>
            <CharacterOffsetBegin>7802</CharacterOffsetBegin>
            <CharacterOffsetEnd>7806</CharacterOffsetEnd>
            <POS>VBD</POS>
            <NER>O</NER>
          </token>
          <token id="5">
            <word>so</word>
            <lemma>so</lemma>
            <CharacterOffsetBegin>7807</CharacterOffsetBegin>
            <CharacterOffsetEnd>7809</CharacterOffsetEnd>
            <POS>RB</POS>
            <NER>O</NER>
          </token>
          <token id="6">
            <word>weary</word>
            <lemma>weary</lemma>
            <CharacterOffsetBegin>7810</CharacterOffsetBegin>
            <CharacterOffsetEnd>7815</CharacterOffsetEnd>
            <POS>JJ</POS>
            <NER>O</NER>
          </token>
          <token id="7">
            <word>that</word>
            <lemma>that</lemma>
            <CharacterOffsetBegin>7816</CharacterOffsetBegin>
            <CharacterOffsetEnd>7820</CharacterOffsetEnd>
            <POS>IN</POS>
            <NER>O</NER>
          </token>
          <token id="8">
            <word>their</word>
            <lemma>they</lemma>
            <CharacterOffsetBegin>7821</CharacterOffsetBegin>
            <CharacterOffsetEnd>7826</CharacterOffsetEnd>
            <POS>PRP$</POS>
            <NER>O</NER>
          </token>
          <token id="9">
            <word>legs</word>
            <lemma>leg</lemma>
            <CharacterOffsetBegin>7827</CharacterOffsetBegin>
            <CharacterOffsetEnd>7831</CharacterOffsetEnd>
            <POS>NNS</POS>
            <NER>O</NER>
          </token>
          <token id="10">
            <word>would</word>
            <lemma>would</lemma>
            <CharacterOffsetBegin>7832</CharacterOffsetBegin>
            <CharacterOffsetEnd>7837</CharacterOffsetEnd>
            <POS>MD</POS>
            <NER>O</NER>
          </token>
          <token id="11">
            <word>carry</word>
            <lemma>carry</lemma>
            <CharacterOffsetBegin>7838</CharacterOffsetBegin>
            <CharacterOffsetEnd>7843</CharacterOffsetEnd>
            <POS>VB</POS>
            <NER>O</NER>
          </token>
          <token id="12">
            <word>them</word>
            <lemma>they</lemma>
            <CharacterOffsetBegin>7844</CharacterOffsetBegin>
            <CharacterOffsetEnd>7848</CharacterOffsetEnd>
            <POS>PRP</POS>
            <NER>O</NER>
          </token>
          <token id="13">
            <word>no</word>
            <lemma>no</lemma>
            <CharacterOffsetBegin>7849</CharacterOffsetBegin>
            <CharacterOffsetEnd>7851</CharacterOffsetEnd>
            <POS>RB</POS>
            <NER>O</NER>
          </token>
          <token id="14">
            <word>longer</word>
            <lemma>longer</lemma>
            <CharacterOffsetBegin>7852</CharacterOffsetBegin>
            <CharacterOffsetEnd>7858</CharacterOffsetEnd>
            <POS>RB</POS>
            <NER>O</NER>
          </token>
          <token id="15">
            <word>,</word>
            <lemma>,</lemma>
            <CharacterOffsetBegin>7858</CharacterOffsetBegin>
            <CharacterOffsetEnd>7859</CharacterOffsetEnd>
            <POS>,</POS>
            <NER>O</NER>
          </token>
          <token id="16">
            <word>they</word>
            <lemma>they</lemma>
            <CharacterOffsetBegin>7860</CharacterOffsetBegin>
            <CharacterOffsetEnd>7864</CharacterOffsetEnd>
            <POS>PRP</POS>
            <NER>O</NER>
          </token>
          <token id="17">
            <word>lay</word>
            <lemma>lay</lemma>
            <CharacterOffsetBegin>7865</CharacterOffsetBegin>
            <CharacterOffsetEnd>7868</CharacterOffsetEnd>
            <POS>VBD</POS>
            <NER>O</NER>
          </token>
          <token id="18">
            <word>down</word>
            <lemma>down</lemma>
            <CharacterOffsetBegin>7869</CharacterOffsetBegin>
            <CharacterOffsetEnd>7873</CharacterOffsetEnd>
            <POS>RP</POS>
            <NER>O</NER>
          </token>
          <token id="19">
            <word>beneath</word>
            <lemma>beneath</lemma>
            <CharacterOffsetBegin>7874</CharacterOffsetBegin>
            <CharacterOffsetEnd>7881</CharacterOffsetEnd>
            <POS>IN</POS>
            <NER>O</NER>
          </token>
          <token id="20">
            <word>a</word>
            <lemma>a</lemma>
            <CharacterOffsetBegin>7882</CharacterOffsetBegin>
            <CharacterOffsetEnd>7883</CharacterOffsetEnd>
            <POS>DT</POS>
            <NER>O</NER>
          </token>
          <token id="21">
            <word>tree</word>
            <lemma>tree</lemma>
            <CharacterOffsetBegin>7884</CharacterOffsetBegin>
            <CharacterOffsetEnd>7888</CharacterOffsetEnd>
            <POS>NN</POS>
            <NER>O</NER>
          </token>
          <token id="22">
            <word>and</word>
            <lemma>and</lemma>
            <CharacterOffsetBegin>7889</CharacterOffsetBegin>
            <CharacterOffsetEnd>7892</CharacterOffsetEnd>
            <POS>CC</POS>
            <NER>O</NER>
          </token>
          <token id="23">
            <word>fell</word>
            <lemma>fall</lemma>
            <CharacterOffsetBegin>7893</CharacterOffsetBegin>
            <CharacterOffsetEnd>7897</CharacterOffsetEnd>
            <POS>VBD</POS>
            <NER>O</NER>
          </token>
          <token id="24">
            <word>asleep</word>
            <lemma>asleep</lemma>
            <CharacterOffsetBegin>7898</CharacterOffsetBegin>
            <CharacterOffsetEnd>7904</CharacterOffsetEnd>
            <POS>RB</POS>
            <NER>O</NER>
          </token>
          <token id="25">
            <word>.</word>
            <lemma>.</lemma>
            <CharacterOffsetBegin>7904</CharacterOffsetBegin>
            <CharacterOffsetEnd>7905</CharacterOffsetEnd>
            <POS>.</POS>
            <NER>O</NER>
          </token>
        </tokens>
      </sentence>
      <sentence id="72">
        <tokens>
          <token id="1">
            <word>It</word>
            <lemma>it</lemma>
            <CharacterOffsetBegin>7907</CharacterOffsetBegin>
            <CharacterOffsetEnd>7909</CharacterOffsetEnd>
            <POS>PRP</POS>
            <NER>O</NER>
          </token>
          <token id="2">
            <word>was</word>
            <lemma>be</lemma>
            <CharacterOffsetBegin>7910</CharacterOffsetBegin>
            <CharacterOffsetEnd>7913</CharacterOffsetEnd>
            <POS>VBD</POS>
            <NER>O</NER>
          </token>
          <token id="3">
            <word>now</word>
            <lemma>now</lemma>
            <CharacterOffsetBegin>7914</CharacterOffsetBegin>
            <CharacterOffsetEnd>7917</CharacterOffsetEnd>
            <POS>RB</POS>
            <NER>DATE</NER>
            <NormalizedNER>PRESENT_REF</NormalizedNER>
            <Timex tid="t29" type="DATE">PRESENT_REF</Timex>
          </token>
          <token id="4">
            <word>three</word>
            <lemma>three</lemma>
            <CharacterOffsetBegin>7918</CharacterOffsetBegin>
            <CharacterOffsetEnd>7923</CharacterOffsetEnd>
            <POS>CD</POS>
            <NER>NUMBER</NER>
            <NormalizedNER>3.0</NormalizedNER>
          </token>
          <token id="5">
            <word>mornings</word>
            <lemma>morning</lemma>
            <CharacterOffsetBegin>7924</CharacterOffsetBegin>
            <CharacterOffsetEnd>7932</CharacterOffsetEnd>
            <POS>NNS</POS>
            <NER>TIME</NER>
            <NormalizedNER>TMO</NormalizedNER>
            <Timex tid="t30" type="TIME">TMO</Timex>
          </token>
          <token id="6">
            <word>since</word>
            <lemma>since</lemma>
            <CharacterOffsetBegin>7933</CharacterOffsetBegin>
            <CharacterOffsetEnd>7938</CharacterOffsetEnd>
            <POS>IN</POS>
            <NER>O</NER>
          </token>
          <token id="7">
            <word>they</word>
            <lemma>they</lemma>
            <CharacterOffsetBegin>7939</CharacterOffsetBegin>
            <CharacterOffsetEnd>7943</CharacterOffsetEnd>
            <POS>PRP</POS>
            <NER>O</NER>
          </token>
          <token id="8">
            <word>had</word>
            <lemma>have</lemma>
            <CharacterOffsetBegin>7944</CharacterOffsetBegin>
            <CharacterOffsetEnd>7947</CharacterOffsetEnd>
            <POS>VBD</POS>
            <NER>O</NER>
          </token>
          <token id="9">
            <word>left</word>
            <lemma>leave</lemma>
            <CharacterOffsetBegin>7948</CharacterOffsetBegin>
            <CharacterOffsetEnd>7952</CharacterOffsetEnd>
            <POS>VBN</POS>
            <NER>O</NER>
          </token>
          <token id="10">
            <word>their</word>
            <lemma>they</lemma>
            <CharacterOffsetBegin>7953</CharacterOffsetBegin>
            <CharacterOffsetEnd>7958</CharacterOffsetEnd>
            <POS>PRP$</POS>
            <NER>O</NER>
          </token>
          <token id="11">
            <word>father</word>
            <lemma>father</lemma>
            <CharacterOffsetBegin>7959</CharacterOffsetBegin>
            <CharacterOffsetEnd>7965</CharacterOffsetEnd>
            <POS>NN</POS>
            <NER>O</NER>
          </token>
          <token id="12">
            <word>'s</word>
            <lemma>'s</lemma>
            <CharacterOffsetBegin>7965</CharacterOffsetBegin>
            <CharacterOffsetEnd>7967</CharacterOffsetEnd>
            <POS>POS</POS>
            <NER>O</NER>
          </token>
          <token id="13">
            <word>house</word>
            <lemma>house</lemma>
            <CharacterOffsetBegin>7968</CharacterOffsetBegin>
            <CharacterOffsetEnd>7973</CharacterOffsetEnd>
            <POS>NN</POS>
            <NER>O</NER>
          </token>
          <token id="14">
            <word>.</word>
            <lemma>.</lemma>
            <CharacterOffsetBegin>7973</CharacterOffsetBegin>
            <CharacterOffsetEnd>7974</CharacterOffsetEnd>
            <POS>.</POS>
            <NER>O</NER>
          </token>
        </tokens>
      </sentence>
      <sentence id="73">
        <tokens>
          <token id="1">
            <word>They</word>
            <lemma>they</lemma>
            <CharacterOffsetBegin>7975</CharacterOffsetBegin>
            <CharacterOffsetEnd>7979</CharacterOffsetEnd>
            <POS>PRP</POS>
            <NER>O</NER>
          </token>
          <token id="2">
            <word>began</word>
            <lemma>begin</lemma>
            <CharacterOffsetBegin>7980</CharacterOffsetBegin>
            <CharacterOffsetEnd>7985</CharacterOffsetEnd>
            <POS>VBD</POS>
            <NER>O</NER>
          </token>
          <token id="3">
            <word>to</word>
            <lemma>to</lemma>
            <CharacterOffsetBegin>7986</CharacterOffsetBegin>
            <CharacterOffsetEnd>7988</CharacterOffsetEnd>
            <POS>TO</POS>
            <NER>O</NER>
          </token>
          <token id="4">
            <word>walk</word>
            <lemma>walk</lemma>
            <CharacterOffsetBegin>7989</CharacterOffsetBegin>
            <CharacterOffsetEnd>7993</CharacterOffsetEnd>
            <POS>VB</POS>
            <NER>O</NER>
          </token>
          <token id="5">
            <word>again</word>
            <lemma>again</lemma>
            <CharacterOffsetBegin>7994</CharacterOffsetBegin>
            <CharacterOffsetEnd>7999</CharacterOffsetEnd>
            <POS>RB</POS>
            <NER>O</NER>
          </token>
          <token id="6">
            <word>,</word>
            <lemma>,</lemma>
            <CharacterOffsetBegin>7999</CharacterOffsetBegin>
            <CharacterOffsetEnd>8000</CharacterOffsetEnd>
            <POS>,</POS>
            <NER>O</NER>
          </token>
          <token id="7">
            <word>but</word>
            <lemma>but</lemma>
            <CharacterOffsetBegin>8001</CharacterOffsetBegin>
            <CharacterOffsetEnd>8004</CharacterOffsetEnd>
            <POS>CC</POS>
            <NER>O</NER>
          </token>
          <token id="8">
            <word>they</word>
            <lemma>they</lemma>
            <CharacterOffsetBegin>8005</CharacterOffsetBegin>
            <CharacterOffsetEnd>8009</CharacterOffsetEnd>
            <POS>PRP</POS>
            <NER>O</NER>
          </token>
          <token id="9">
            <word>always</word>
            <lemma>always</lemma>
            <CharacterOffsetBegin>8010</CharacterOffsetBegin>
            <CharacterOffsetEnd>8016</CharacterOffsetEnd>
            <POS>RB</POS>
            <NER>O</NER>
          </token>
          <token id="10">
            <word>came</word>
            <lemma>come</lemma>
            <CharacterOffsetBegin>8017</CharacterOffsetBegin>
            <CharacterOffsetEnd>8021</CharacterOffsetEnd>
            <POS>VBD</POS>
            <NER>O</NER>
          </token>
          <token id="11">
            <word>deeper</word>
            <lemma>deeper</lemma>
            <CharacterOffsetBegin>8022</CharacterOffsetBegin>
            <CharacterOffsetEnd>8028</CharacterOffsetEnd>
            <POS>JJR</POS>
            <NER>O</NER>
          </token>
          <token id="12">
            <word>into</word>
            <lemma>into</lemma>
            <CharacterOffsetBegin>8029</CharacterOffsetBegin>
            <CharacterOffsetEnd>8033</CharacterOffsetEnd>
            <POS>IN</POS>
            <NER>O</NER>
          </token>
          <token id="13">
            <word>the</word>
            <lemma>the</lemma>
            <CharacterOffsetBegin>8034</CharacterOffsetBegin>
            <CharacterOffsetEnd>8037</CharacterOffsetEnd>
            <POS>DT</POS>
            <NER>O</NER>
          </token>
          <token id="14">
            <word>forest</word>
            <lemma>forest</lemma>
            <CharacterOffsetBegin>8038</CharacterOffsetBegin>
            <CharacterOffsetEnd>8044</CharacterOffsetEnd>
            <POS>NN</POS>
            <NER>O</NER>
          </token>
          <token id="15">
            <word>,</word>
            <lemma>,</lemma>
            <CharacterOffsetBegin>8044</CharacterOffsetBegin>
            <CharacterOffsetEnd>8045</CharacterOffsetEnd>
            <POS>,</POS>
            <NER>O</NER>
          </token>
          <token id="16">
            <word>and</word>
            <lemma>and</lemma>
            <CharacterOffsetBegin>8046</CharacterOffsetBegin>
            <CharacterOffsetEnd>8049</CharacterOffsetEnd>
            <POS>CC</POS>
            <NER>O</NER>
          </token>
          <token id="17">
            <word>if</word>
            <lemma>if</lemma>
            <CharacterOffsetBegin>8050</CharacterOffsetBegin>
            <CharacterOffsetEnd>8052</CharacterOffsetEnd>
            <POS>IN</POS>
            <NER>O</NER>
          </token>
          <token id="18">
            <word>help</word>
            <lemma>help</lemma>
            <CharacterOffsetBegin>8053</CharacterOffsetBegin>
            <CharacterOffsetEnd>8057</CharacterOffsetEnd>
            <POS>NN</POS>
            <NER>O</NER>
          </token>
          <token id="19">
            <word>did</word>
            <lemma>do</lemma>
            <CharacterOffsetBegin>8058</CharacterOffsetBegin>
            <CharacterOffsetEnd>8061</CharacterOffsetEnd>
            <POS>VBD</POS>
            <NER>O</NER>
          </token>
          <token id="20">
            <word>not</word>
            <lemma>not</lemma>
            <CharacterOffsetBegin>8062</CharacterOffsetBegin>
            <CharacterOffsetEnd>8065</CharacterOffsetEnd>
            <POS>RB</POS>
            <NER>O</NER>
          </token>
          <token id="21">
            <word>come</word>
            <lemma>come</lemma>
            <CharacterOffsetBegin>8066</CharacterOffsetBegin>
            <CharacterOffsetEnd>8070</CharacterOffsetEnd>
            <POS>VBN</POS>
            <NER>O</NER>
          </token>
          <token id="22">
            <word>soon</word>
            <lemma>soon</lemma>
            <CharacterOffsetBegin>8071</CharacterOffsetBegin>
            <CharacterOffsetEnd>8075</CharacterOffsetEnd>
            <POS>RB</POS>
            <NER>O</NER>
          </token>
          <token id="23">
            <word>,</word>
            <lemma>,</lemma>
            <CharacterOffsetBegin>8075</CharacterOffsetBegin>
            <CharacterOffsetEnd>8076</CharacterOffsetEnd>
            <POS>,</POS>
            <NER>O</NER>
          </token>
          <token id="24">
            <word>they</word>
            <lemma>they</lemma>
            <CharacterOffsetBegin>8077</CharacterOffsetBegin>
            <CharacterOffsetEnd>8081</CharacterOffsetEnd>
            <POS>PRP</POS>
            <NER>O</NER>
          </token>
          <token id="25">
            <word>must</word>
            <lemma>must</lemma>
            <CharacterOffsetBegin>8082</CharacterOffsetBegin>
            <CharacterOffsetEnd>8086</CharacterOffsetEnd>
            <POS>MD</POS>
            <NER>O</NER>
          </token>
          <token id="26">
            <word>die</word>
            <lemma>die</lemma>
            <CharacterOffsetBegin>8087</CharacterOffsetBegin>
            <CharacterOffsetEnd>8090</CharacterOffsetEnd>
            <POS>VB</POS>
            <NER>O</NER>
          </token>
          <token id="27">
            <word>of</word>
            <lemma>of</lemma>
            <CharacterOffsetBegin>8091</CharacterOffsetBegin>
            <CharacterOffsetEnd>8093</CharacterOffsetEnd>
            <POS>IN</POS>
            <NER>O</NER>
          </token>
          <token id="28">
            <word>hunger</word>
            <lemma>hunger</lemma>
            <CharacterOffsetBegin>8094</CharacterOffsetBegin>
            <CharacterOffsetEnd>8100</CharacterOffsetEnd>
            <POS>NN</POS>
            <NER>O</NER>
          </token>
          <token id="29">
            <word>and</word>
            <lemma>and</lemma>
            <CharacterOffsetBegin>8101</CharacterOffsetBegin>
            <CharacterOffsetEnd>8104</CharacterOffsetEnd>
            <POS>CC</POS>
            <NER>O</NER>
          </token>
          <token id="30">
            <word>weariness</word>
            <lemma>weariness</lemma>
            <CharacterOffsetBegin>8105</CharacterOffsetBegin>
            <CharacterOffsetEnd>8114</CharacterOffsetEnd>
            <POS>NN</POS>
            <NER>O</NER>
          </token>
          <token id="31">
            <word>.</word>
            <lemma>.</lemma>
            <CharacterOffsetBegin>8114</CharacterOffsetBegin>
            <CharacterOffsetEnd>8115</CharacterOffsetEnd>
            <POS>.</POS>
            <NER>O</NER>
          </token>
        </tokens>
      </sentence>
      <sentence id="74">
        <tokens>
          <token id="1">
            <word>When</word>
            <lemma>when</lemma>
            <CharacterOffsetBegin>8116</CharacterOffsetBegin>
            <CharacterOffsetEnd>8120</CharacterOffsetEnd>
            <POS>WRB</POS>
            <NER>O</NER>
          </token>
          <token id="2">
            <word>it</word>
            <lemma>it</lemma>
            <CharacterOffsetBegin>8121</CharacterOffsetBegin>
            <CharacterOffsetEnd>8123</CharacterOffsetEnd>
            <POS>PRP</POS>
            <NER>O</NER>
          </token>
          <token id="3">
            <word>was</word>
            <lemma>be</lemma>
            <CharacterOffsetBegin>8124</CharacterOffsetBegin>
            <CharacterOffsetEnd>8127</CharacterOffsetEnd>
            <POS>VBD</POS>
            <NER>O</NER>
          </token>
          <token id="4">
            <word>mid-day</word>
            <lemma>mid-day</lemma>
            <CharacterOffsetBegin>8128</CharacterOffsetBegin>
            <CharacterOffsetEnd>8135</CharacterOffsetEnd>
            <POS>JJ</POS>
            <NER>O</NER>
          </token>
          <token id="5">
            <word>,</word>
            <lemma>,</lemma>
            <CharacterOffsetBegin>8135</CharacterOffsetBegin>
            <CharacterOffsetEnd>8136</CharacterOffsetEnd>
            <POS>,</POS>
            <NER>O</NER>
          </token>
          <token id="6">
            <word>they</word>
            <lemma>they</lemma>
            <CharacterOffsetBegin>8137</CharacterOffsetBegin>
            <CharacterOffsetEnd>8141</CharacterOffsetEnd>
            <POS>PRP</POS>
            <NER>O</NER>
          </token>
          <token id="7">
            <word>saw</word>
            <lemma>see</lemma>
            <CharacterOffsetBegin>8142</CharacterOffsetBegin>
            <CharacterOffsetEnd>8145</CharacterOffsetEnd>
            <POS>VBD</POS>
            <NER>O</NER>
          </token>
          <token id="8">
            <word>a</word>
            <lemma>a</lemma>
            <CharacterOffsetBegin>8146</CharacterOffsetBegin>
            <CharacterOffsetEnd>8147</CharacterOffsetEnd>
            <POS>DT</POS>
            <NER>O</NER>
          </token>
          <token id="9">
            <word>beautiful</word>
            <lemma>beautiful</lemma>
            <CharacterOffsetBegin>8148</CharacterOffsetBegin>
            <CharacterOffsetEnd>8157</CharacterOffsetEnd>
            <POS>JJ</POS>
            <NER>O</NER>
          </token>
          <token id="10">
            <word>snow-white</word>
            <lemma>snow-white</lemma>
            <CharacterOffsetBegin>8158</CharacterOffsetBegin>
            <CharacterOffsetEnd>8168</CharacterOffsetEnd>
            <POS>JJ</POS>
            <NER>O</NER>
          </token>
          <token id="11">
            <word>bird</word>
            <lemma>bird</lemma>
            <CharacterOffsetBegin>8169</CharacterOffsetBegin>
            <CharacterOffsetEnd>8173</CharacterOffsetEnd>
            <POS>NN</POS>
            <NER>O</NER>
          </token>
          <token id="12">
            <word>sitting</word>
            <lemma>sit</lemma>
            <CharacterOffsetBegin>8174</CharacterOffsetBegin>
            <CharacterOffsetEnd>8181</CharacterOffsetEnd>
            <POS>VBG</POS>
            <NER>O</NER>
          </token>
          <token id="13">
            <word>on</word>
            <lemma>on</lemma>
            <CharacterOffsetBegin>8182</CharacterOffsetBegin>
            <CharacterOffsetEnd>8184</CharacterOffsetEnd>
            <POS>IN</POS>
            <NER>O</NER>
          </token>
          <token id="14">
            <word>a</word>
            <lemma>a</lemma>
            <CharacterOffsetBegin>8185</CharacterOffsetBegin>
            <CharacterOffsetEnd>8186</CharacterOffsetEnd>
            <POS>DT</POS>
            <NER>O</NER>
          </token>
          <token id="15">
            <word>bough</word>
            <lemma>bough</lemma>
            <CharacterOffsetBegin>8187</CharacterOffsetBegin>
            <CharacterOffsetEnd>8192</CharacterOffsetEnd>
            <POS>NN</POS>
            <NER>O</NER>
          </token>
          <token id="16">
            <word>,</word>
            <lemma>,</lemma>
            <CharacterOffsetBegin>8192</CharacterOffsetBegin>
            <CharacterOffsetEnd>8193</CharacterOffsetEnd>
            <POS>,</POS>
            <NER>O</NER>
          </token>
          <token id="17">
            <word>which</word>
            <lemma>which</lemma>
            <CharacterOffsetBegin>8194</CharacterOffsetBegin>
            <CharacterOffsetEnd>8199</CharacterOffsetEnd>
            <POS>WDT</POS>
            <NER>O</NER>
          </token>
          <token id="18">
            <word>sang</word>
            <lemma>sing</lemma>
            <CharacterOffsetBegin>8200</CharacterOffsetBegin>
            <CharacterOffsetEnd>8204</CharacterOffsetEnd>
            <POS>VBD</POS>
            <NER>O</NER>
          </token>
          <token id="19">
            <word>so</word>
            <lemma>so</lemma>
            <CharacterOffsetBegin>8205</CharacterOffsetBegin>
            <CharacterOffsetEnd>8207</CharacterOffsetEnd>
            <POS>RB</POS>
            <NER>O</NER>
          </token>
          <token id="20">
            <word>delightfully</word>
            <lemma>delightfully</lemma>
            <CharacterOffsetBegin>8208</CharacterOffsetBegin>
            <CharacterOffsetEnd>8220</CharacterOffsetEnd>
            <POS>RB</POS>
            <NER>O</NER>
          </token>
          <token id="21">
            <word>that</word>
            <lemma>that</lemma>
            <CharacterOffsetBegin>8221</CharacterOffsetBegin>
            <CharacterOffsetEnd>8225</CharacterOffsetEnd>
            <POS>IN</POS>
            <NER>O</NER>
          </token>
          <token id="22">
            <word>they</word>
            <lemma>they</lemma>
            <CharacterOffsetBegin>8226</CharacterOffsetBegin>
            <CharacterOffsetEnd>8230</CharacterOffsetEnd>
            <POS>PRP</POS>
            <NER>O</NER>
          </token>
          <token id="23">
            <word>stood</word>
            <lemma>stand</lemma>
            <CharacterOffsetBegin>8231</CharacterOffsetBegin>
            <CharacterOffsetEnd>8236</CharacterOffsetEnd>
            <POS>VBD</POS>
            <NER>O</NER>
          </token>
          <token id="24">
            <word>still</word>
            <lemma>still</lemma>
            <CharacterOffsetBegin>8237</CharacterOffsetBegin>
            <CharacterOffsetEnd>8242</CharacterOffsetEnd>
            <POS>RB</POS>
            <NER>O</NER>
          </token>
          <token id="25">
            <word>and</word>
            <lemma>and</lemma>
            <CharacterOffsetBegin>8243</CharacterOffsetBegin>
            <CharacterOffsetEnd>8246</CharacterOffsetEnd>
            <POS>CC</POS>
            <NER>O</NER>
          </token>
          <token id="26">
            <word>listened</word>
            <lemma>listen</lemma>
            <CharacterOffsetBegin>8247</CharacterOffsetBegin>
            <CharacterOffsetEnd>8255</CharacterOffsetEnd>
            <POS>VBD</POS>
            <NER>O</NER>
          </token>
          <token id="27">
            <word>to</word>
            <lemma>to</lemma>
            <CharacterOffsetBegin>8256</CharacterOffsetBegin>
            <CharacterOffsetEnd>8258</CharacterOffsetEnd>
            <POS>TO</POS>
            <NER>O</NER>
          </token>
          <token id="28">
            <word>it</word>
            <lemma>it</lemma>
            <CharacterOffsetBegin>8259</CharacterOffsetBegin>
            <CharacterOffsetEnd>8261</CharacterOffsetEnd>
            <POS>PRP</POS>
            <NER>O</NER>
          </token>
          <token id="29">
            <word>.</word>
            <lemma>.</lemma>
            <CharacterOffsetBegin>8261</CharacterOffsetBegin>
            <CharacterOffsetEnd>8262</CharacterOffsetEnd>
            <POS>.</POS>
            <NER>O</NER>
          </token>
        </tokens>
      </sentence>
      <sentence id="75">
        <tokens>
          <token id="1">
            <word>And</word>
            <lemma>and</lemma>
            <CharacterOffsetBegin>8263</CharacterOffsetBegin>
            <CharacterOffsetEnd>8266</CharacterOffsetEnd>
            <POS>CC</POS>
            <NER>O</NER>
          </token>
          <token id="2">
            <word>when</word>
            <lemma>when</lemma>
            <CharacterOffsetBegin>8267</CharacterOffsetBegin>
            <CharacterOffsetEnd>8271</CharacterOffsetEnd>
            <POS>WRB</POS>
            <NER>O</NER>
          </token>
          <token id="3">
            <word>its</word>
            <lemma>its</lemma>
            <CharacterOffsetBegin>8272</CharacterOffsetBegin>
            <CharacterOffsetEnd>8275</CharacterOffsetEnd>
            <POS>PRP$</POS>
            <NER>O</NER>
          </token>
          <token id="4">
            <word>song</word>
            <lemma>song</lemma>
            <CharacterOffsetBegin>8276</CharacterOffsetBegin>
            <CharacterOffsetEnd>8280</CharacterOffsetEnd>
            <POS>NN</POS>
            <NER>O</NER>
          </token>
          <token id="5">
            <word>was</word>
            <lemma>be</lemma>
            <CharacterOffsetBegin>8281</CharacterOffsetBegin>
            <CharacterOffsetEnd>8284</CharacterOffsetEnd>
            <POS>VBD</POS>
            <NER>O</NER>
          </token>
          <token id="6">
            <word>over</word>
            <lemma>over</lemma>
            <CharacterOffsetBegin>8285</CharacterOffsetBegin>
            <CharacterOffsetEnd>8289</CharacterOffsetEnd>
            <POS>RB</POS>
            <NER>O</NER>
          </token>
          <token id="7">
            <word>,</word>
            <lemma>,</lemma>
            <CharacterOffsetBegin>8289</CharacterOffsetBegin>
            <CharacterOffsetEnd>8290</CharacterOffsetEnd>
            <POS>,</POS>
            <NER>O</NER>
          </token>
          <token id="8">
            <word>it</word>
            <lemma>it</lemma>
            <CharacterOffsetBegin>8291</CharacterOffsetBegin>
            <CharacterOffsetEnd>8293</CharacterOffsetEnd>
            <POS>PRP</POS>
            <NER>O</NER>
          </token>
          <token id="9">
            <word>spread</word>
            <lemma>spread</lemma>
            <CharacterOffsetBegin>8294</CharacterOffsetBegin>
            <CharacterOffsetEnd>8300</CharacterOffsetEnd>
            <POS>VBD</POS>
            <NER>O</NER>
          </token>
          <token id="10">
            <word>its</word>
            <lemma>its</lemma>
            <CharacterOffsetBegin>8301</CharacterOffsetBegin>
            <CharacterOffsetEnd>8304</CharacterOffsetEnd>
            <POS>PRP$</POS>
            <NER>O</NER>
          </token>
          <token id="11">
            <word>wings</word>
            <lemma>wing</lemma>
            <CharacterOffsetBegin>8305</CharacterOffsetBegin>
            <CharacterOffsetEnd>8310</CharacterOffsetEnd>
            <POS>NNS</POS>
            <NER>O</NER>
          </token>
          <token id="12">
            <word>and</word>
            <lemma>and</lemma>
            <CharacterOffsetBegin>8311</CharacterOffsetBegin>
            <CharacterOffsetEnd>8314</CharacterOffsetEnd>
            <POS>CC</POS>
            <NER>O</NER>
          </token>
          <token id="13">
            <word>flew</word>
            <lemma>fly</lemma>
            <CharacterOffsetBegin>8315</CharacterOffsetBegin>
            <CharacterOffsetEnd>8319</CharacterOffsetEnd>
            <POS>VBD</POS>
            <NER>O</NER>
          </token>
          <token id="14">
            <word>away</word>
            <lemma>away</lemma>
            <CharacterOffsetBegin>8320</CharacterOffsetBegin>
            <CharacterOffsetEnd>8324</CharacterOffsetEnd>
            <POS>RB</POS>
            <NER>O</NER>
          </token>
          <token id="15">
            <word>before</word>
            <lemma>before</lemma>
            <CharacterOffsetBegin>8325</CharacterOffsetBegin>
            <CharacterOffsetEnd>8331</CharacterOffsetEnd>
            <POS>IN</POS>
            <NER>O</NER>
          </token>
          <token id="16">
            <word>them</word>
            <lemma>they</lemma>
            <CharacterOffsetBegin>8332</CharacterOffsetBegin>
            <CharacterOffsetEnd>8336</CharacterOffsetEnd>
            <POS>PRP</POS>
            <NER>O</NER>
          </token>
          <token id="17">
            <word>,</word>
            <lemma>,</lemma>
            <CharacterOffsetBegin>8336</CharacterOffsetBegin>
            <CharacterOffsetEnd>8337</CharacterOffsetEnd>
            <POS>,</POS>
            <NER>O</NER>
          </token>
          <token id="18">
            <word>and</word>
            <lemma>and</lemma>
            <CharacterOffsetBegin>8338</CharacterOffsetBegin>
            <CharacterOffsetEnd>8341</CharacterOffsetEnd>
            <POS>CC</POS>
            <NER>O</NER>
          </token>
          <token id="19">
            <word>they</word>
            <lemma>they</lemma>
            <CharacterOffsetBegin>8342</CharacterOffsetBegin>
            <CharacterOffsetEnd>8346</CharacterOffsetEnd>
            <POS>PRP</POS>
            <NER>O</NER>
          </token>
          <token id="20">
            <word>followed</word>
            <lemma>follow</lemma>
            <CharacterOffsetBegin>8347</CharacterOffsetBegin>
            <CharacterOffsetEnd>8355</CharacterOffsetEnd>
            <POS>VBD</POS>
            <NER>O</NER>
          </token>
          <token id="21">
            <word>it</word>
            <lemma>it</lemma>
            <CharacterOffsetBegin>8356</CharacterOffsetBegin>
            <CharacterOffsetEnd>8358</CharacterOffsetEnd>
            <POS>PRP</POS>
            <NER>O</NER>
          </token>
          <token id="22">
            <word>until</word>
            <lemma>until</lemma>
            <CharacterOffsetBegin>8359</CharacterOffsetBegin>
            <CharacterOffsetEnd>8364</CharacterOffsetEnd>
            <POS>IN</POS>
            <NER>O</NER>
          </token>
          <token id="23">
            <word>they</word>
            <lemma>they</lemma>
            <CharacterOffsetBegin>8365</CharacterOffsetBegin>
            <CharacterOffsetEnd>8369</CharacterOffsetEnd>
            <POS>PRP</POS>
            <NER>O</NER>
          </token>
          <token id="24">
            <word>reached</word>
            <lemma>reach</lemma>
            <CharacterOffsetBegin>8370</CharacterOffsetBegin>
            <CharacterOffsetEnd>8377</CharacterOffsetEnd>
            <POS>VBD</POS>
            <NER>O</NER>
          </token>
          <token id="25">
            <word>a</word>
            <lemma>a</lemma>
            <CharacterOffsetBegin>8378</CharacterOffsetBegin>
            <CharacterOffsetEnd>8379</CharacterOffsetEnd>
            <POS>DT</POS>
            <NER>O</NER>
          </token>
          <token id="26">
            <word>little</word>
            <lemma>little</lemma>
            <CharacterOffsetBegin>8380</CharacterOffsetBegin>
            <CharacterOffsetEnd>8386</CharacterOffsetEnd>
            <POS>JJ</POS>
            <NER>O</NER>
          </token>
          <token id="27">
            <word>house</word>
            <lemma>house</lemma>
            <CharacterOffsetBegin>8387</CharacterOffsetBegin>
            <CharacterOffsetEnd>8392</CharacterOffsetEnd>
            <POS>NN</POS>
            <NER>O</NER>
          </token>
          <token id="28">
            <word>,</word>
            <lemma>,</lemma>
            <CharacterOffsetBegin>8392</CharacterOffsetBegin>
            <CharacterOffsetEnd>8393</CharacterOffsetEnd>
            <POS>,</POS>
            <NER>O</NER>
          </token>
          <token id="29">
            <word>on</word>
            <lemma>on</lemma>
            <CharacterOffsetBegin>8394</CharacterOffsetBegin>
            <CharacterOffsetEnd>8396</CharacterOffsetEnd>
            <POS>IN</POS>
            <NER>O</NER>
          </token>
          <token id="30">
            <word>the</word>
            <lemma>the</lemma>
            <CharacterOffsetBegin>8397</CharacterOffsetBegin>
            <CharacterOffsetEnd>8400</CharacterOffsetEnd>
            <POS>DT</POS>
            <NER>O</NER>
          </token>
          <token id="31">
            <word>roof</word>
            <lemma>roof</lemma>
            <CharacterOffsetBegin>8401</CharacterOffsetBegin>
            <CharacterOffsetEnd>8405</CharacterOffsetEnd>
            <POS>NN</POS>
            <NER>O</NER>
          </token>
          <token id="32">
            <word>of</word>
            <lemma>of</lemma>
            <CharacterOffsetBegin>8406</CharacterOffsetBegin>
            <CharacterOffsetEnd>8408</CharacterOffsetEnd>
            <POS>IN</POS>
            <NER>O</NER>
          </token>
          <token id="33">
            <word>which</word>
            <lemma>which</lemma>
            <CharacterOffsetBegin>8409</CharacterOffsetBegin>
            <CharacterOffsetEnd>8414</CharacterOffsetEnd>
            <POS>WDT</POS>
            <NER>O</NER>
          </token>
          <token id="34">
            <word>it</word>
            <lemma>it</lemma>
            <CharacterOffsetBegin>8415</CharacterOffsetBegin>
            <CharacterOffsetEnd>8417</CharacterOffsetEnd>
            <POS>PRP</POS>
            <NER>O</NER>
          </token>
          <token id="35">
            <word>alighted</word>
            <lemma>alight</lemma>
            <CharacterOffsetBegin>8418</CharacterOffsetBegin>
            <CharacterOffsetEnd>8426</CharacterOffsetEnd>
            <POS>VBD</POS>
            <NER>O</NER>
          </token>
          <token id="36">
            <word>;</word>
            <lemma>;</lemma>
            <CharacterOffsetBegin>8426</CharacterOffsetBegin>
            <CharacterOffsetEnd>8427</CharacterOffsetEnd>
            <POS>:</POS>
            <NER>O</NER>
          </token>
          <token id="37">
            <word>and</word>
            <lemma>and</lemma>
            <CharacterOffsetBegin>8428</CharacterOffsetBegin>
            <CharacterOffsetEnd>8431</CharacterOffsetEnd>
            <POS>CC</POS>
            <NER>O</NER>
          </token>
          <token id="38">
            <word>when</word>
            <lemma>when</lemma>
            <CharacterOffsetBegin>8432</CharacterOffsetBegin>
            <CharacterOffsetEnd>8436</CharacterOffsetEnd>
            <POS>WRB</POS>
            <NER>O</NER>
          </token>
          <token id="39">
            <word>they</word>
            <lemma>they</lemma>
            <CharacterOffsetBegin>8437</CharacterOffsetBegin>
            <CharacterOffsetEnd>8441</CharacterOffsetEnd>
            <POS>PRP</POS>
            <NER>O</NER>
          </token>
          <token id="40">
            <word>approached</word>
            <lemma>approach</lemma>
            <CharacterOffsetBegin>8442</CharacterOffsetBegin>
            <CharacterOffsetEnd>8452</CharacterOffsetEnd>
            <POS>VBD</POS>
            <NER>O</NER>
          </token>
          <token id="41">
            <word>the</word>
            <lemma>the</lemma>
            <CharacterOffsetBegin>8453</CharacterOffsetBegin>
            <CharacterOffsetEnd>8456</CharacterOffsetEnd>
            <POS>DT</POS>
            <NER>O</NER>
          </token>
          <token id="42">
            <word>little</word>
            <lemma>little</lemma>
            <CharacterOffsetBegin>8457</CharacterOffsetBegin>
            <CharacterOffsetEnd>8463</CharacterOffsetEnd>
            <POS>JJ</POS>
            <NER>O</NER>
          </token>
          <token id="43">
            <word>house</word>
            <lemma>house</lemma>
            <CharacterOffsetBegin>8464</CharacterOffsetBegin>
            <CharacterOffsetEnd>8469</CharacterOffsetEnd>
            <POS>NN</POS>
            <NER>O</NER>
          </token>
          <token id="44">
            <word>they</word>
            <lemma>they</lemma>
            <CharacterOffsetBegin>8470</CharacterOffsetBegin>
            <CharacterOffsetEnd>8474</CharacterOffsetEnd>
            <POS>PRP</POS>
            <NER>O</NER>
          </token>
          <token id="45">
            <word>saw</word>
            <lemma>see</lemma>
            <CharacterOffsetBegin>8475</CharacterOffsetBegin>
            <CharacterOffsetEnd>8478</CharacterOffsetEnd>
            <POS>VBD</POS>
            <NER>O</NER>
          </token>
          <token id="46">
            <word>that</word>
            <lemma>that</lemma>
            <CharacterOffsetBegin>8479</CharacterOffsetBegin>
            <CharacterOffsetEnd>8483</CharacterOffsetEnd>
            <POS>IN</POS>
            <NER>O</NER>
          </token>
          <token id="47">
            <word>it</word>
            <lemma>it</lemma>
            <CharacterOffsetBegin>8484</CharacterOffsetBegin>
            <CharacterOffsetEnd>8486</CharacterOffsetEnd>
            <POS>PRP</POS>
            <NER>O</NER>
          </token>
          <token id="48">
            <word>was</word>
            <lemma>be</lemma>
            <CharacterOffsetBegin>8487</CharacterOffsetBegin>
            <CharacterOffsetEnd>8490</CharacterOffsetEnd>
            <POS>VBD</POS>
            <NER>O</NER>
          </token>
          <token id="49">
            <word>built</word>
            <lemma>build</lemma>
            <CharacterOffsetBegin>8491</CharacterOffsetBegin>
            <CharacterOffsetEnd>8496</CharacterOffsetEnd>
            <POS>VBN</POS>
            <NER>O</NER>
          </token>
          <token id="50">
            <word>of</word>
            <lemma>of</lemma>
            <CharacterOffsetBegin>8497</CharacterOffsetBegin>
            <CharacterOffsetEnd>8499</CharacterOffsetEnd>
            <POS>IN</POS>
            <NER>O</NER>
          </token>
          <token id="51">
            <word>bread</word>
            <lemma>bread</lemma>
            <CharacterOffsetBegin>8500</CharacterOffsetBegin>
            <CharacterOffsetEnd>8505</CharacterOffsetEnd>
            <POS>NN</POS>
            <NER>O</NER>
          </token>
          <token id="52">
            <word>and</word>
            <lemma>and</lemma>
            <CharacterOffsetBegin>8506</CharacterOffsetBegin>
            <CharacterOffsetEnd>8509</CharacterOffsetEnd>
            <POS>CC</POS>
            <NER>O</NER>
          </token>
          <token id="53">
            <word>covered</word>
            <lemma>cover</lemma>
            <CharacterOffsetBegin>8510</CharacterOffsetBegin>
            <CharacterOffsetEnd>8517</CharacterOffsetEnd>
            <POS>VBN</POS>
            <NER>O</NER>
          </token>
          <token id="54">
            <word>with</word>
            <lemma>with</lemma>
            <CharacterOffsetBegin>8518</CharacterOffsetBegin>
            <CharacterOffsetEnd>8522</CharacterOffsetEnd>
            <POS>IN</POS>
            <NER>O</NER>
          </token>
          <token id="55">
            <word>cakes</word>
            <lemma>cake</lemma>
            <CharacterOffsetBegin>8523</CharacterOffsetBegin>
            <CharacterOffsetEnd>8528</CharacterOffsetEnd>
            <POS>NNS</POS>
            <NER>O</NER>
          </token>
          <token id="56">
            <word>,</word>
            <lemma>,</lemma>
            <CharacterOffsetBegin>8528</CharacterOffsetBegin>
            <CharacterOffsetEnd>8529</CharacterOffsetEnd>
            <POS>,</POS>
            <NER>O</NER>
          </token>
          <token id="57">
            <word>but</word>
            <lemma>but</lemma>
            <CharacterOffsetBegin>8530</CharacterOffsetBegin>
            <CharacterOffsetEnd>8533</CharacterOffsetEnd>
            <POS>CC</POS>
            <NER>O</NER>
          </token>
          <token id="58">
            <word>that</word>
            <lemma>that</lemma>
            <CharacterOffsetBegin>8534</CharacterOffsetBegin>
            <CharacterOffsetEnd>8538</CharacterOffsetEnd>
            <POS>IN</POS>
            <NER>O</NER>
          </token>
          <token id="59">
            <word>the</word>
            <lemma>the</lemma>
            <CharacterOffsetBegin>8539</CharacterOffsetBegin>
            <CharacterOffsetEnd>8542</CharacterOffsetEnd>
            <POS>DT</POS>
            <NER>O</NER>
          </token>
          <token id="60">
            <word>windows</word>
            <lemma>window</lemma>
            <CharacterOffsetBegin>8543</CharacterOffsetBegin>
            <CharacterOffsetEnd>8550</CharacterOffsetEnd>
            <POS>NNS</POS>
            <NER>O</NER>
          </token>
          <token id="61">
            <word>were</word>
            <lemma>be</lemma>
            <CharacterOffsetBegin>8551</CharacterOffsetBegin>
            <CharacterOffsetEnd>8555</CharacterOffsetEnd>
            <POS>VBD</POS>
            <NER>O</NER>
          </token>
          <token id="62">
            <word>of</word>
            <lemma>of</lemma>
            <CharacterOffsetBegin>8556</CharacterOffsetBegin>
            <CharacterOffsetEnd>8558</CharacterOffsetEnd>
            <POS>IN</POS>
            <NER>O</NER>
          </token>
          <token id="63">
            <word>clear</word>
            <lemma>clear</lemma>
            <CharacterOffsetBegin>8559</CharacterOffsetBegin>
            <CharacterOffsetEnd>8564</CharacterOffsetEnd>
            <POS>JJ</POS>
            <NER>O</NER>
          </token>
          <token id="64">
            <word>sugar</word>
            <lemma>sugar</lemma>
            <CharacterOffsetBegin>8565</CharacterOffsetBegin>
            <CharacterOffsetEnd>8570</CharacterOffsetEnd>
            <POS>NN</POS>
            <NER>O</NER>
          </token>
          <token id="65">
            <word>.</word>
            <lemma>.</lemma>
            <CharacterOffsetBegin>8570</CharacterOffsetBegin>
            <CharacterOffsetEnd>8571</CharacterOffsetEnd>
            <POS>.</POS>
            <NER>O</NER>
          </token>
        </tokens>
      </sentence>
      <sentence id="76">
        <tokens>
          <token id="1">
            <word>`</word>
            <lemma>`</lemma>
            <CharacterOffsetBegin>8572</CharacterOffsetBegin>
            <CharacterOffsetEnd>8573</CharacterOffsetEnd>
            <POS>``</POS>
            <NER>O</NER>
          </token>
          <token id="2">
            <word>We</word>
            <lemma>we</lemma>
            <CharacterOffsetBegin>8573</CharacterOffsetBegin>
            <CharacterOffsetEnd>8575</CharacterOffsetEnd>
            <POS>PRP</POS>
            <NER>O</NER>
          </token>
          <token id="3">
            <word>will</word>
            <lemma>will</lemma>
            <CharacterOffsetBegin>8576</CharacterOffsetBegin>
            <CharacterOffsetEnd>8580</CharacterOffsetEnd>
            <POS>MD</POS>
            <NER>O</NER>
          </token>
          <token id="4">
            <word>set</word>
            <lemma>set</lemma>
            <CharacterOffsetBegin>8581</CharacterOffsetBegin>
            <CharacterOffsetEnd>8584</CharacterOffsetEnd>
            <POS>VB</POS>
            <NER>O</NER>
          </token>
          <token id="5">
            <word>to</word>
            <lemma>to</lemma>
            <CharacterOffsetBegin>8585</CharacterOffsetBegin>
            <CharacterOffsetEnd>8587</CharacterOffsetEnd>
            <POS>TO</POS>
            <NER>O</NER>
          </token>
          <token id="6">
            <word>work</word>
            <lemma>work</lemma>
            <CharacterOffsetBegin>8588</CharacterOffsetBegin>
            <CharacterOffsetEnd>8592</CharacterOffsetEnd>
            <POS>VB</POS>
            <NER>O</NER>
          </token>
          <token id="7">
            <word>on</word>
            <lemma>on</lemma>
            <CharacterOffsetBegin>8593</CharacterOffsetBegin>
            <CharacterOffsetEnd>8595</CharacterOffsetEnd>
            <POS>IN</POS>
            <NER>O</NER>
          </token>
          <token id="8">
            <word>that</word>
            <lemma>that</lemma>
            <CharacterOffsetBegin>8596</CharacterOffsetBegin>
            <CharacterOffsetEnd>8600</CharacterOffsetEnd>
            <POS>DT</POS>
            <NER>O</NER>
          </token>
          <token id="9">
            <word>,</word>
            <lemma>,</lemma>
            <CharacterOffsetBegin>8600</CharacterOffsetBegin>
            <CharacterOffsetEnd>8601</CharacterOffsetEnd>
            <POS>,</POS>
            <NER>O</NER>
          </token>
          <token id="10">
            <word>'</word>
            <lemma>'</lemma>
            <CharacterOffsetBegin>8601</CharacterOffsetBegin>
            <CharacterOffsetEnd>8602</CharacterOffsetEnd>
            <POS>''</POS>
            <NER>O</NER>
          </token>
          <token id="11">
            <word>said</word>
            <lemma>say</lemma>
            <CharacterOffsetBegin>8603</CharacterOffsetBegin>
            <CharacterOffsetEnd>8607</CharacterOffsetEnd>
            <POS>VBD</POS>
            <NER>O</NER>
          </token>
          <token id="12">
            <word>Hansel</word>
            <lemma>Hansel</lemma>
            <CharacterOffsetBegin>8608</CharacterOffsetBegin>
            <CharacterOffsetEnd>8614</CharacterOffsetEnd>
            <POS>NNP</POS>
            <NER>PERSON</NER>
          </token>
          <token id="13">
            <word>,</word>
            <lemma>,</lemma>
            <CharacterOffsetBegin>8614</CharacterOffsetBegin>
            <CharacterOffsetEnd>8615</CharacterOffsetEnd>
            <POS>,</POS>
            <NER>O</NER>
          </token>
          <token id="14">
            <word>`</word>
            <lemma>`</lemma>
            <CharacterOffsetBegin>8616</CharacterOffsetBegin>
            <CharacterOffsetEnd>8617</CharacterOffsetEnd>
            <POS>``</POS>
            <NER>O</NER>
          </token>
          <token id="15">
            <word>and</word>
            <lemma>and</lemma>
            <CharacterOffsetBegin>8617</CharacterOffsetBegin>
            <CharacterOffsetEnd>8620</CharacterOffsetEnd>
            <POS>CC</POS>
            <NER>O</NER>
          </token>
          <token id="16">
            <word>have</word>
            <lemma>have</lemma>
            <CharacterOffsetBegin>8621</CharacterOffsetBegin>
            <CharacterOffsetEnd>8625</CharacterOffsetEnd>
            <POS>VBP</POS>
            <NER>O</NER>
          </token>
          <token id="17">
            <word>a</word>
            <lemma>a</lemma>
            <CharacterOffsetBegin>8626</CharacterOffsetBegin>
            <CharacterOffsetEnd>8627</CharacterOffsetEnd>
            <POS>DT</POS>
            <NER>O</NER>
          </token>
          <token id="18">
            <word>good</word>
            <lemma>good</lemma>
            <CharacterOffsetBegin>8628</CharacterOffsetBegin>
            <CharacterOffsetEnd>8632</CharacterOffsetEnd>
            <POS>JJ</POS>
            <NER>O</NER>
          </token>
          <token id="19">
            <word>meal</word>
            <lemma>meal</lemma>
            <CharacterOffsetBegin>8633</CharacterOffsetBegin>
            <CharacterOffsetEnd>8637</CharacterOffsetEnd>
            <POS>NN</POS>
            <NER>O</NER>
          </token>
          <token id="20">
            <word>.</word>
            <lemma>.</lemma>
            <CharacterOffsetBegin>8637</CharacterOffsetBegin>
            <CharacterOffsetEnd>8638</CharacterOffsetEnd>
            <POS>.</POS>
            <NER>O</NER>
          </token>
        </tokens>
      </sentence>
      <sentence id="77">
        <tokens>
          <token id="1">
            <word>I</word>
            <lemma>I</lemma>
            <CharacterOffsetBegin>8639</CharacterOffsetBegin>
            <CharacterOffsetEnd>8640</CharacterOffsetEnd>
            <POS>PRP</POS>
            <NER>O</NER>
          </token>
          <token id="2">
            <word>will</word>
            <lemma>will</lemma>
            <CharacterOffsetBegin>8641</CharacterOffsetBegin>
            <CharacterOffsetEnd>8645</CharacterOffsetEnd>
            <POS>MD</POS>
            <NER>O</NER>
          </token>
          <token id="3">
            <word>eat</word>
            <lemma>eat</lemma>
            <CharacterOffsetBegin>8646</CharacterOffsetBegin>
            <CharacterOffsetEnd>8649</CharacterOffsetEnd>
            <POS>VB</POS>
            <NER>O</NER>
          </token>
          <token id="4">
            <word>a</word>
            <lemma>a</lemma>
            <CharacterOffsetBegin>8650</CharacterOffsetBegin>
            <CharacterOffsetEnd>8651</CharacterOffsetEnd>
            <POS>DT</POS>
            <NER>O</NER>
          </token>
          <token id="5">
            <word>bit</word>
            <lemma>bit</lemma>
            <CharacterOffsetBegin>8652</CharacterOffsetBegin>
            <CharacterOffsetEnd>8655</CharacterOffsetEnd>
            <POS>NN</POS>
            <NER>O</NER>
          </token>
          <token id="6">
            <word>of</word>
            <lemma>of</lemma>
            <CharacterOffsetBegin>8656</CharacterOffsetBegin>
            <CharacterOffsetEnd>8658</CharacterOffsetEnd>
            <POS>IN</POS>
            <NER>O</NER>
          </token>
          <token id="7">
            <word>the</word>
            <lemma>the</lemma>
            <CharacterOffsetBegin>8659</CharacterOffsetBegin>
            <CharacterOffsetEnd>8662</CharacterOffsetEnd>
            <POS>DT</POS>
            <NER>O</NER>
          </token>
          <token id="8">
            <word>roof</word>
            <lemma>roof</lemma>
            <CharacterOffsetBegin>8663</CharacterOffsetBegin>
            <CharacterOffsetEnd>8667</CharacterOffsetEnd>
            <POS>NN</POS>
            <NER>O</NER>
          </token>
          <token id="9">
            <word>,</word>
            <lemma>,</lemma>
            <CharacterOffsetBegin>8667</CharacterOffsetBegin>
            <CharacterOffsetEnd>8668</CharacterOffsetEnd>
            <POS>,</POS>
            <NER>O</NER>
          </token>
          <token id="10">
            <word>and</word>
            <lemma>and</lemma>
            <CharacterOffsetBegin>8669</CharacterOffsetBegin>
            <CharacterOffsetEnd>8672</CharacterOffsetEnd>
            <POS>CC</POS>
            <NER>O</NER>
          </token>
          <token id="11">
            <word>you</word>
            <lemma>you</lemma>
            <CharacterOffsetBegin>8673</CharacterOffsetBegin>
            <CharacterOffsetEnd>8676</CharacterOffsetEnd>
            <POS>PRP</POS>
            <NER>O</NER>
          </token>
          <token id="12">
            <word>Gretel</word>
            <lemma>Gretel</lemma>
            <CharacterOffsetBegin>8677</CharacterOffsetBegin>
            <CharacterOffsetEnd>8683</CharacterOffsetEnd>
            <POS>NNP</POS>
            <NER>PERSON</NER>
          </token>
          <token id="13">
            <word>,</word>
            <lemma>,</lemma>
            <CharacterOffsetBegin>8683</CharacterOffsetBegin>
            <CharacterOffsetEnd>8684</CharacterOffsetEnd>
            <POS>,</POS>
            <NER>O</NER>
          </token>
          <token id="14">
            <word>can</word>
            <lemma>can</lemma>
            <CharacterOffsetBegin>8685</CharacterOffsetBegin>
            <CharacterOffsetEnd>8688</CharacterOffsetEnd>
            <POS>MD</POS>
            <NER>O</NER>
          </token>
          <token id="15">
            <word>eat</word>
            <lemma>eat</lemma>
            <CharacterOffsetBegin>8689</CharacterOffsetBegin>
            <CharacterOffsetEnd>8692</CharacterOffsetEnd>
            <POS>VB</POS>
            <NER>O</NER>
          </token>
          <token id="16">
            <word>some</word>
            <lemma>some</lemma>
            <CharacterOffsetBegin>8693</CharacterOffsetBegin>
            <CharacterOffsetEnd>8697</CharacterOffsetEnd>
            <POS>DT</POS>
            <NER>O</NER>
          </token>
          <token id="17">
            <word>of</word>
            <lemma>of</lemma>
            <CharacterOffsetBegin>8698</CharacterOffsetBegin>
            <CharacterOffsetEnd>8700</CharacterOffsetEnd>
            <POS>IN</POS>
            <NER>O</NER>
          </token>
          <token id="18">
            <word>the</word>
            <lemma>the</lemma>
            <CharacterOffsetBegin>8701</CharacterOffsetBegin>
            <CharacterOffsetEnd>8704</CharacterOffsetEnd>
            <POS>DT</POS>
            <NER>O</NER>
          </token>
          <token id="19">
            <word>window</word>
            <lemma>window</lemma>
            <CharacterOffsetBegin>8705</CharacterOffsetBegin>
            <CharacterOffsetEnd>8711</CharacterOffsetEnd>
            <POS>NN</POS>
            <NER>O</NER>
          </token>
          <token id="20">
            <word>,</word>
            <lemma>,</lemma>
            <CharacterOffsetBegin>8711</CharacterOffsetBegin>
            <CharacterOffsetEnd>8712</CharacterOffsetEnd>
            <POS>,</POS>
            <NER>O</NER>
          </token>
          <token id="21">
            <word>it</word>
            <lemma>it</lemma>
            <CharacterOffsetBegin>8713</CharacterOffsetBegin>
            <CharacterOffsetEnd>8715</CharacterOffsetEnd>
            <POS>PRP</POS>
            <NER>O</NER>
          </token>
          <token id="22">
            <word>will</word>
            <lemma>will</lemma>
            <CharacterOffsetBegin>8716</CharacterOffsetBegin>
            <CharacterOffsetEnd>8720</CharacterOffsetEnd>
            <POS>MD</POS>
            <NER>O</NER>
          </token>
          <token id="23">
            <word>taste</word>
            <lemma>taste</lemma>
            <CharacterOffsetBegin>8721</CharacterOffsetBegin>
            <CharacterOffsetEnd>8726</CharacterOffsetEnd>
            <POS>VB</POS>
            <NER>O</NER>
          </token>
          <token id="24">
            <word>sweet</word>
            <lemma>sweet</lemma>
            <CharacterOffsetBegin>8727</CharacterOffsetBegin>
            <CharacterOffsetEnd>8732</CharacterOffsetEnd>
            <POS>JJ</POS>
            <NER>O</NER>
          </token>
          <token id="25">
            <word>.</word>
            <lemma>.</lemma>
            <CharacterOffsetBegin>8732</CharacterOffsetBegin>
            <CharacterOffsetEnd>8733</CharacterOffsetEnd>
            <POS>.</POS>
            <NER>O</NER>
          </token>
          <token id="26">
            <word>'</word>
            <lemma>'</lemma>
            <CharacterOffsetBegin>8733</CharacterOffsetBegin>
            <CharacterOffsetEnd>8734</CharacterOffsetEnd>
            <POS>''</POS>
            <NER>O</NER>
          </token>
        </tokens>
      </sentence>
      <sentence id="78">
        <tokens>
          <token id="1">
            <word>Hansel</word>
            <lemma>Hansel</lemma>
            <CharacterOffsetBegin>8735</CharacterOffsetBegin>
            <CharacterOffsetEnd>8741</CharacterOffsetEnd>
            <POS>NNP</POS>
            <NER>O</NER>
          </token>
          <token id="2">
            <word>reached</word>
            <lemma>reach</lemma>
            <CharacterOffsetBegin>8742</CharacterOffsetBegin>
            <CharacterOffsetEnd>8749</CharacterOffsetEnd>
            <POS>VBD</POS>
            <NER>O</NER>
          </token>
          <token id="3">
            <word>up</word>
            <lemma>up</lemma>
            <CharacterOffsetBegin>8750</CharacterOffsetBegin>
            <CharacterOffsetEnd>8752</CharacterOffsetEnd>
            <POS>RP</POS>
            <NER>O</NER>
          </token>
          <token id="4">
            <word>above</word>
            <lemma>above</lemma>
            <CharacterOffsetBegin>8753</CharacterOffsetBegin>
            <CharacterOffsetEnd>8758</CharacterOffsetEnd>
            <POS>IN</POS>
            <NER>O</NER>
          </token>
          <token id="5">
            <word>,</word>
            <lemma>,</lemma>
            <CharacterOffsetBegin>8758</CharacterOffsetBegin>
            <CharacterOffsetEnd>8759</CharacterOffsetEnd>
            <POS>,</POS>
            <NER>O</NER>
          </token>
          <token id="6">
            <word>and</word>
            <lemma>and</lemma>
            <CharacterOffsetBegin>8760</CharacterOffsetBegin>
            <CharacterOffsetEnd>8763</CharacterOffsetEnd>
            <POS>CC</POS>
            <NER>O</NER>
          </token>
          <token id="7">
            <word>broke</word>
            <lemma>break</lemma>
            <CharacterOffsetBegin>8764</CharacterOffsetBegin>
            <CharacterOffsetEnd>8769</CharacterOffsetEnd>
            <POS>VBD</POS>
            <NER>O</NER>
          </token>
          <token id="8">
            <word>off</word>
            <lemma>off</lemma>
            <CharacterOffsetBegin>8770</CharacterOffsetBegin>
            <CharacterOffsetEnd>8773</CharacterOffsetEnd>
            <POS>RP</POS>
            <NER>O</NER>
          </token>
          <token id="9">
            <word>a</word>
            <lemma>a</lemma>
            <CharacterOffsetBegin>8774</CharacterOffsetBegin>
            <CharacterOffsetEnd>8775</CharacterOffsetEnd>
            <POS>DT</POS>
            <NER>O</NER>
          </token>
          <token id="10">
            <word>little</word>
            <lemma>little</lemma>
            <CharacterOffsetBegin>8776</CharacterOffsetBegin>
            <CharacterOffsetEnd>8782</CharacterOffsetEnd>
            <POS>JJ</POS>
            <NER>O</NER>
          </token>
          <token id="11">
            <word>of</word>
            <lemma>of</lemma>
            <CharacterOffsetBegin>8783</CharacterOffsetBegin>
            <CharacterOffsetEnd>8785</CharacterOffsetEnd>
            <POS>IN</POS>
            <NER>O</NER>
          </token>
          <token id="12">
            <word>the</word>
            <lemma>the</lemma>
            <CharacterOffsetBegin>8786</CharacterOffsetBegin>
            <CharacterOffsetEnd>8789</CharacterOffsetEnd>
            <POS>DT</POS>
            <NER>O</NER>
          </token>
          <token id="13">
            <word>roof</word>
            <lemma>roof</lemma>
            <CharacterOffsetBegin>8790</CharacterOffsetBegin>
            <CharacterOffsetEnd>8794</CharacterOffsetEnd>
            <POS>NN</POS>
            <NER>O</NER>
          </token>
          <token id="14">
            <word>to</word>
            <lemma>to</lemma>
            <CharacterOffsetBegin>8795</CharacterOffsetBegin>
            <CharacterOffsetEnd>8797</CharacterOffsetEnd>
            <POS>TO</POS>
            <NER>O</NER>
          </token>
          <token id="15">
            <word>try</word>
            <lemma>try</lemma>
            <CharacterOffsetBegin>8798</CharacterOffsetBegin>
            <CharacterOffsetEnd>8801</CharacterOffsetEnd>
            <POS>VB</POS>
            <NER>O</NER>
          </token>
          <token id="16">
            <word>how</word>
            <lemma>how</lemma>
            <CharacterOffsetBegin>8802</CharacterOffsetBegin>
            <CharacterOffsetEnd>8805</CharacterOffsetEnd>
            <POS>WRB</POS>
            <NER>O</NER>
          </token>
          <token id="17">
            <word>it</word>
            <lemma>it</lemma>
            <CharacterOffsetBegin>8806</CharacterOffsetBegin>
            <CharacterOffsetEnd>8808</CharacterOffsetEnd>
            <POS>PRP</POS>
            <NER>O</NER>
          </token>
          <token id="18">
            <word>tasted</word>
            <lemma>taste</lemma>
            <CharacterOffsetBegin>8809</CharacterOffsetBegin>
            <CharacterOffsetEnd>8815</CharacterOffsetEnd>
            <POS>VBD</POS>
            <NER>O</NER>
          </token>
          <token id="19">
            <word>,</word>
            <lemma>,</lemma>
            <CharacterOffsetBegin>8815</CharacterOffsetBegin>
            <CharacterOffsetEnd>8816</CharacterOffsetEnd>
            <POS>,</POS>
            <NER>O</NER>
          </token>
          <token id="20">
            <word>and</word>
            <lemma>and</lemma>
            <CharacterOffsetBegin>8817</CharacterOffsetBegin>
            <CharacterOffsetEnd>8820</CharacterOffsetEnd>
            <POS>CC</POS>
            <NER>O</NER>
          </token>
          <token id="21">
            <word>Gretel</word>
            <lemma>Gretel</lemma>
            <CharacterOffsetBegin>8821</CharacterOffsetBegin>
            <CharacterOffsetEnd>8827</CharacterOffsetEnd>
            <POS>NNP</POS>
            <NER>PERSON</NER>
          </token>
          <token id="22">
            <word>leant</word>
            <lemma>lean</lemma>
            <CharacterOffsetBegin>8828</CharacterOffsetBegin>
            <CharacterOffsetEnd>8833</CharacterOffsetEnd>
            <POS>VBD</POS>
            <NER>O</NER>
          </token>
          <token id="23">
            <word>against</word>
            <lemma>against</lemma>
            <CharacterOffsetBegin>8834</CharacterOffsetBegin>
            <CharacterOffsetEnd>8841</CharacterOffsetEnd>
            <POS>IN</POS>
            <NER>O</NER>
          </token>
          <token id="24">
            <word>the</word>
            <lemma>the</lemma>
            <CharacterOffsetBegin>8842</CharacterOffsetBegin>
            <CharacterOffsetEnd>8845</CharacterOffsetEnd>
            <POS>DT</POS>
            <NER>O</NER>
          </token>
          <token id="25">
            <word>window</word>
            <lemma>window</lemma>
            <CharacterOffsetBegin>8846</CharacterOffsetBegin>
            <CharacterOffsetEnd>8852</CharacterOffsetEnd>
            <POS>NN</POS>
            <NER>O</NER>
          </token>
          <token id="26">
            <word>and</word>
            <lemma>and</lemma>
            <CharacterOffsetBegin>8853</CharacterOffsetBegin>
            <CharacterOffsetEnd>8856</CharacterOffsetEnd>
            <POS>CC</POS>
            <NER>O</NER>
          </token>
          <token id="27">
            <word>nibbled</word>
            <lemma>nibble</lemma>
            <CharacterOffsetBegin>8857</CharacterOffsetBegin>
            <CharacterOffsetEnd>8864</CharacterOffsetEnd>
            <POS>VBD</POS>
            <NER>O</NER>
          </token>
          <token id="28">
            <word>at</word>
            <lemma>at</lemma>
            <CharacterOffsetBegin>8865</CharacterOffsetBegin>
            <CharacterOffsetEnd>8867</CharacterOffsetEnd>
            <POS>IN</POS>
            <NER>O</NER>
          </token>
          <token id="29">
            <word>the</word>
            <lemma>the</lemma>
            <CharacterOffsetBegin>8868</CharacterOffsetBegin>
            <CharacterOffsetEnd>8871</CharacterOffsetEnd>
            <POS>DT</POS>
            <NER>O</NER>
          </token>
          <token id="30">
            <word>panes</word>
            <lemma>pane</lemma>
            <CharacterOffsetBegin>8872</CharacterOffsetBegin>
            <CharacterOffsetEnd>8877</CharacterOffsetEnd>
            <POS>NNS</POS>
            <NER>O</NER>
          </token>
          <token id="31">
            <word>.</word>
            <lemma>.</lemma>
            <CharacterOffsetBegin>8877</CharacterOffsetBegin>
            <CharacterOffsetEnd>8878</CharacterOffsetEnd>
            <POS>.</POS>
            <NER>O</NER>
          </token>
        </tokens>
      </sentence>
      <sentence id="79">
        <tokens>
          <token id="1">
            <word>Then</word>
            <lemma>then</lemma>
            <CharacterOffsetBegin>8879</CharacterOffsetBegin>
            <CharacterOffsetEnd>8883</CharacterOffsetEnd>
            <POS>RB</POS>
            <NER>O</NER>
          </token>
          <token id="2">
            <word>a</word>
            <lemma>a</lemma>
            <CharacterOffsetBegin>8884</CharacterOffsetBegin>
            <CharacterOffsetEnd>8885</CharacterOffsetEnd>
            <POS>DT</POS>
            <NER>O</NER>
          </token>
          <token id="3">
            <word>soft</word>
            <lemma>soft</lemma>
            <CharacterOffsetBegin>8886</CharacterOffsetBegin>
            <CharacterOffsetEnd>8890</CharacterOffsetEnd>
            <POS>JJ</POS>
            <NER>O</NER>
          </token>
          <token id="4">
            <word>voice</word>
            <lemma>voice</lemma>
            <CharacterOffsetBegin>8891</CharacterOffsetBegin>
            <CharacterOffsetEnd>8896</CharacterOffsetEnd>
            <POS>NN</POS>
            <NER>O</NER>
          </token>
          <token id="5">
            <word>cried</word>
            <lemma>cry</lemma>
            <CharacterOffsetBegin>8897</CharacterOffsetBegin>
            <CharacterOffsetEnd>8902</CharacterOffsetEnd>
            <POS>VBD</POS>
            <NER>O</NER>
          </token>
          <token id="6">
            <word>from</word>
            <lemma>from</lemma>
            <CharacterOffsetBegin>8903</CharacterOffsetBegin>
            <CharacterOffsetEnd>8907</CharacterOffsetEnd>
            <POS>IN</POS>
            <NER>O</NER>
          </token>
          <token id="7">
            <word>the</word>
            <lemma>the</lemma>
            <CharacterOffsetBegin>8908</CharacterOffsetBegin>
            <CharacterOffsetEnd>8911</CharacterOffsetEnd>
            <POS>DT</POS>
            <NER>O</NER>
          </token>
          <token id="8">
            <word>parlour</word>
            <lemma>parlour</lemma>
            <CharacterOffsetBegin>8912</CharacterOffsetBegin>
            <CharacterOffsetEnd>8919</CharacterOffsetEnd>
            <POS>NN</POS>
            <NER>O</NER>
          </token>
          <token id="9">
            <word>:</word>
            <lemma>:</lemma>
            <CharacterOffsetBegin>8919</CharacterOffsetBegin>
            <CharacterOffsetEnd>8920</CharacterOffsetEnd>
            <POS>:</POS>
            <NER>O</NER>
          </token>
          <token id="10">
            <word>`</word>
            <lemma>`</lemma>
            <CharacterOffsetBegin>8923</CharacterOffsetBegin>
            <CharacterOffsetEnd>8924</CharacterOffsetEnd>
            <POS>``</POS>
            <NER>O</NER>
          </token>
          <token id="11">
            <word>Nibble</word>
            <lemma>nibble</lemma>
            <CharacterOffsetBegin>8924</CharacterOffsetBegin>
            <CharacterOffsetEnd>8930</CharacterOffsetEnd>
            <POS>VB</POS>
            <NER>MISC</NER>
          </token>
          <token id="12">
            <word>,</word>
            <lemma>,</lemma>
            <CharacterOffsetBegin>8930</CharacterOffsetBegin>
            <CharacterOffsetEnd>8931</CharacterOffsetEnd>
            <POS>,</POS>
            <NER>O</NER>
          </token>
          <token id="13">
            <word>nibble</word>
            <lemma>nibble</lemma>
            <CharacterOffsetBegin>8932</CharacterOffsetBegin>
            <CharacterOffsetEnd>8938</CharacterOffsetEnd>
            <POS>VB</POS>
            <NER>O</NER>
          </token>
          <token id="14">
            <word>,</word>
            <lemma>,</lemma>
            <CharacterOffsetBegin>8938</CharacterOffsetBegin>
            <CharacterOffsetEnd>8939</CharacterOffsetEnd>
            <POS>,</POS>
            <NER>O</NER>
          </token>
          <token id="15">
            <word>gnaw</word>
            <lemma>gnaw</lemma>
            <CharacterOffsetBegin>8940</CharacterOffsetBegin>
            <CharacterOffsetEnd>8944</CharacterOffsetEnd>
            <POS>VB</POS>
            <NER>O</NER>
          </token>
          <token id="16">
            <word>,</word>
            <lemma>,</lemma>
            <CharacterOffsetBegin>8944</CharacterOffsetBegin>
            <CharacterOffsetEnd>8945</CharacterOffsetEnd>
            <POS>,</POS>
            <NER>O</NER>
          </token>
          <token id="17">
            <word>Who</word>
            <lemma>who</lemma>
            <CharacterOffsetBegin>8948</CharacterOffsetBegin>
            <CharacterOffsetEnd>8951</CharacterOffsetEnd>
            <POS>WP</POS>
            <NER>O</NER>
          </token>
          <token id="18">
            <word>is</word>
            <lemma>be</lemma>
            <CharacterOffsetBegin>8952</CharacterOffsetBegin>
            <CharacterOffsetEnd>8954</CharacterOffsetEnd>
            <POS>VBZ</POS>
            <NER>O</NER>
          </token>
          <token id="19">
            <word>nibbling</word>
            <lemma>nibble</lemma>
            <CharacterOffsetBegin>8955</CharacterOffsetBegin>
            <CharacterOffsetEnd>8963</CharacterOffsetEnd>
            <POS>VBG</POS>
            <NER>O</NER>
          </token>
          <token id="20">
            <word>at</word>
            <lemma>at</lemma>
            <CharacterOffsetBegin>8964</CharacterOffsetBegin>
            <CharacterOffsetEnd>8966</CharacterOffsetEnd>
            <POS>IN</POS>
            <NER>O</NER>
          </token>
          <token id="21">
            <word>my</word>
            <lemma>my</lemma>
            <CharacterOffsetBegin>8967</CharacterOffsetBegin>
            <CharacterOffsetEnd>8969</CharacterOffsetEnd>
            <POS>PRP$</POS>
            <NER>O</NER>
          </token>
          <token id="22">
            <word>little</word>
            <lemma>little</lemma>
            <CharacterOffsetBegin>8970</CharacterOffsetBegin>
            <CharacterOffsetEnd>8976</CharacterOffsetEnd>
            <POS>JJ</POS>
            <NER>O</NER>
          </token>
          <token id="23">
            <word>house</word>
            <lemma>house</lemma>
            <CharacterOffsetBegin>8977</CharacterOffsetBegin>
            <CharacterOffsetEnd>8982</CharacterOffsetEnd>
            <POS>NN</POS>
            <NER>O</NER>
          </token>
          <token id="24">
            <word>?</word>
            <lemma>?</lemma>
            <CharacterOffsetBegin>8982</CharacterOffsetBegin>
            <CharacterOffsetEnd>8983</CharacterOffsetEnd>
            <POS>.</POS>
            <NER>O</NER>
          </token>
          <token id="25">
            <word>'</word>
            <lemma>'</lemma>
            <CharacterOffsetBegin>8983</CharacterOffsetBegin>
            <CharacterOffsetEnd>8984</CharacterOffsetEnd>
            <POS>''</POS>
            <NER>O</NER>
          </token>
        </tokens>
      </sentence>
      <sentence id="80">
        <tokens>
          <token id="1">
            <word>The</word>
            <lemma>the</lemma>
            <CharacterOffsetBegin>8986</CharacterOffsetBegin>
            <CharacterOffsetEnd>8989</CharacterOffsetEnd>
            <POS>DT</POS>
            <NER>O</NER>
          </token>
          <token id="2">
            <word>children</word>
            <lemma>child</lemma>
            <CharacterOffsetBegin>8990</CharacterOffsetBegin>
            <CharacterOffsetEnd>8998</CharacterOffsetEnd>
            <POS>NNS</POS>
            <NER>O</NER>
          </token>
          <token id="3">
            <word>answered</word>
            <lemma>answer</lemma>
            <CharacterOffsetBegin>8999</CharacterOffsetBegin>
            <CharacterOffsetEnd>9007</CharacterOffsetEnd>
            <POS>VBN</POS>
            <NER>O</NER>
          </token>
          <token id="4">
            <word>:</word>
            <lemma>:</lemma>
            <CharacterOffsetBegin>9007</CharacterOffsetBegin>
            <CharacterOffsetEnd>9008</CharacterOffsetEnd>
            <POS>:</POS>
            <NER>O</NER>
          </token>
          <token id="5">
            <word>`</word>
            <lemma>`</lemma>
            <CharacterOffsetBegin>9011</CharacterOffsetBegin>
            <CharacterOffsetEnd>9012</CharacterOffsetEnd>
            <POS>``</POS>
            <NER>O</NER>
          </token>
          <token id="6">
            <word>The</word>
            <lemma>the</lemma>
            <CharacterOffsetBegin>9012</CharacterOffsetBegin>
            <CharacterOffsetEnd>9015</CharacterOffsetEnd>
            <POS>DT</POS>
            <NER>O</NER>
          </token>
          <token id="7">
            <word>wind</word>
            <lemma>wind</lemma>
            <CharacterOffsetBegin>9016</CharacterOffsetBegin>
            <CharacterOffsetEnd>9020</CharacterOffsetEnd>
            <POS>NN</POS>
            <NER>O</NER>
          </token>
          <token id="8">
            <word>,</word>
            <lemma>,</lemma>
            <CharacterOffsetBegin>9020</CharacterOffsetBegin>
            <CharacterOffsetEnd>9021</CharacterOffsetEnd>
            <POS>,</POS>
            <NER>O</NER>
          </token>
          <token id="9">
            <word>the</word>
            <lemma>the</lemma>
            <CharacterOffsetBegin>9022</CharacterOffsetBegin>
            <CharacterOffsetEnd>9025</CharacterOffsetEnd>
            <POS>DT</POS>
            <NER>O</NER>
          </token>
          <token id="10">
            <word>wind</word>
            <lemma>wind</lemma>
            <CharacterOffsetBegin>9026</CharacterOffsetBegin>
            <CharacterOffsetEnd>9030</CharacterOffsetEnd>
            <POS>NN</POS>
            <NER>O</NER>
          </token>
          <token id="11">
            <word>,</word>
            <lemma>,</lemma>
            <CharacterOffsetBegin>9030</CharacterOffsetBegin>
            <CharacterOffsetEnd>9031</CharacterOffsetEnd>
            <POS>,</POS>
            <NER>O</NER>
          </token>
          <token id="12">
            <word>The</word>
            <lemma>the</lemma>
            <CharacterOffsetBegin>9034</CharacterOffsetBegin>
            <CharacterOffsetEnd>9037</CharacterOffsetEnd>
            <POS>DT</POS>
            <NER>O</NER>
          </token>
          <token id="13">
            <word>heaven-born</word>
            <lemma>heaven-born</lemma>
            <CharacterOffsetBegin>9038</CharacterOffsetBegin>
            <CharacterOffsetEnd>9049</CharacterOffsetEnd>
            <POS>JJ</POS>
            <NER>O</NER>
          </token>
          <token id="14">
            <word>wind</word>
            <lemma>wind</lemma>
            <CharacterOffsetBegin>9050</CharacterOffsetBegin>
            <CharacterOffsetEnd>9054</CharacterOffsetEnd>
            <POS>NN</POS>
            <NER>O</NER>
          </token>
          <token id="15">
            <word>,</word>
            <lemma>,</lemma>
            <CharacterOffsetBegin>9054</CharacterOffsetBegin>
            <CharacterOffsetEnd>9055</CharacterOffsetEnd>
            <POS>,</POS>
            <NER>O</NER>
          </token>
          <token id="16">
            <word>'</word>
            <lemma>'</lemma>
            <CharacterOffsetBegin>9055</CharacterOffsetBegin>
            <CharacterOffsetEnd>9056</CharacterOffsetEnd>
            <POS>''</POS>
            <NER>O</NER>
          </token>
          <token id="17">
            <word>and</word>
            <lemma>and</lemma>
            <CharacterOffsetBegin>9058</CharacterOffsetBegin>
            <CharacterOffsetEnd>9061</CharacterOffsetEnd>
            <POS>CC</POS>
            <NER>O</NER>
          </token>
          <token id="18">
            <word>went</word>
            <lemma>go</lemma>
            <CharacterOffsetBegin>9062</CharacterOffsetBegin>
            <CharacterOffsetEnd>9066</CharacterOffsetEnd>
            <POS>VBD</POS>
            <NER>O</NER>
          </token>
          <token id="19">
            <word>on</word>
            <lemma>on</lemma>
            <CharacterOffsetBegin>9067</CharacterOffsetBegin>
            <CharacterOffsetEnd>9069</CharacterOffsetEnd>
            <POS>IN</POS>
            <NER>O</NER>
          </token>
          <token id="20">
            <word>eating</word>
            <lemma>eating</lemma>
            <CharacterOffsetBegin>9070</CharacterOffsetBegin>
            <CharacterOffsetEnd>9076</CharacterOffsetEnd>
            <POS>NN</POS>
            <NER>O</NER>
          </token>
          <token id="21">
            <word>without</word>
            <lemma>without</lemma>
            <CharacterOffsetBegin>9077</CharacterOffsetBegin>
            <CharacterOffsetEnd>9084</CharacterOffsetEnd>
            <POS>IN</POS>
            <NER>O</NER>
          </token>
          <token id="22">
            <word>disturbing</word>
            <lemma>disturbing</lemma>
            <CharacterOffsetBegin>9085</CharacterOffsetBegin>
            <CharacterOffsetEnd>9095</CharacterOffsetEnd>
            <POS>JJ</POS>
            <NER>O</NER>
          </token>
          <token id="23">
            <word>themselves</word>
            <lemma>themselves</lemma>
            <CharacterOffsetBegin>9096</CharacterOffsetBegin>
            <CharacterOffsetEnd>9106</CharacterOffsetEnd>
            <POS>PRP</POS>
            <NER>O</NER>
          </token>
          <token id="24">
            <word>.</word>
            <lemma>.</lemma>
            <CharacterOffsetBegin>9106</CharacterOffsetBegin>
            <CharacterOffsetEnd>9107</CharacterOffsetEnd>
            <POS>.</POS>
            <NER>O</NER>
          </token>
        </tokens>
      </sentence>
      <sentence id="81">
        <tokens>
          <token id="1">
            <word>Hansel</word>
            <lemma>Hansel</lemma>
            <CharacterOffsetBegin>9108</CharacterOffsetBegin>
            <CharacterOffsetEnd>9114</CharacterOffsetEnd>
            <POS>NNP</POS>
            <NER>PERSON</NER>
          </token>
          <token id="2">
            <word>,</word>
            <lemma>,</lemma>
            <CharacterOffsetBegin>9114</CharacterOffsetBegin>
            <CharacterOffsetEnd>9115</CharacterOffsetEnd>
            <POS>,</POS>
            <NER>O</NER>
          </token>
          <token id="3">
            <word>who</word>
            <lemma>who</lemma>
            <CharacterOffsetBegin>9116</CharacterOffsetBegin>
            <CharacterOffsetEnd>9119</CharacterOffsetEnd>
            <POS>WP</POS>
            <NER>O</NER>
          </token>
          <token id="4">
            <word>liked</word>
            <lemma>like</lemma>
            <CharacterOffsetBegin>9120</CharacterOffsetBegin>
            <CharacterOffsetEnd>9125</CharacterOffsetEnd>
            <POS>VBD</POS>
            <NER>O</NER>
          </token>
          <token id="5">
            <word>the</word>
            <lemma>the</lemma>
            <CharacterOffsetBegin>9126</CharacterOffsetBegin>
            <CharacterOffsetEnd>9129</CharacterOffsetEnd>
            <POS>DT</POS>
            <NER>O</NER>
          </token>
          <token id="6">
            <word>taste</word>
            <lemma>taste</lemma>
            <CharacterOffsetBegin>9130</CharacterOffsetBegin>
            <CharacterOffsetEnd>9135</CharacterOffsetEnd>
            <POS>NN</POS>
            <NER>O</NER>
          </token>
          <token id="7">
            <word>of</word>
            <lemma>of</lemma>
            <CharacterOffsetBegin>9136</CharacterOffsetBegin>
            <CharacterOffsetEnd>9138</CharacterOffsetEnd>
            <POS>IN</POS>
            <NER>O</NER>
          </token>
          <token id="8">
            <word>the</word>
            <lemma>the</lemma>
            <CharacterOffsetBegin>9139</CharacterOffsetBegin>
            <CharacterOffsetEnd>9142</CharacterOffsetEnd>
            <POS>DT</POS>
            <NER>O</NER>
          </token>
          <token id="9">
            <word>roof</word>
            <lemma>roof</lemma>
            <CharacterOffsetBegin>9143</CharacterOffsetBegin>
            <CharacterOffsetEnd>9147</CharacterOffsetEnd>
            <POS>NN</POS>
            <NER>O</NER>
          </token>
          <token id="10">
            <word>,</word>
            <lemma>,</lemma>
            <CharacterOffsetBegin>9147</CharacterOffsetBegin>
            <CharacterOffsetEnd>9148</CharacterOffsetEnd>
            <POS>,</POS>
            <NER>O</NER>
          </token>
          <token id="11">
            <word>tore</word>
            <lemma>tear</lemma>
            <CharacterOffsetBegin>9149</CharacterOffsetBegin>
            <CharacterOffsetEnd>9153</CharacterOffsetEnd>
            <POS>VBD</POS>
            <NER>O</NER>
          </token>
          <token id="12">
            <word>down</word>
            <lemma>down</lemma>
            <CharacterOffsetBegin>9154</CharacterOffsetBegin>
            <CharacterOffsetEnd>9158</CharacterOffsetEnd>
            <POS>RP</POS>
            <NER>O</NER>
          </token>
          <token id="13">
            <word>a</word>
            <lemma>a</lemma>
            <CharacterOffsetBegin>9159</CharacterOffsetBegin>
            <CharacterOffsetEnd>9160</CharacterOffsetEnd>
            <POS>DT</POS>
            <NER>O</NER>
          </token>
          <token id="14">
            <word>great</word>
            <lemma>great</lemma>
            <CharacterOffsetBegin>9161</CharacterOffsetBegin>
            <CharacterOffsetEnd>9166</CharacterOffsetEnd>
            <POS>JJ</POS>
            <NER>O</NER>
          </token>
          <token id="15">
            <word>piece</word>
            <lemma>piece</lemma>
            <CharacterOffsetBegin>9167</CharacterOffsetBegin>
            <CharacterOffsetEnd>9172</CharacterOffsetEnd>
            <POS>NN</POS>
            <NER>O</NER>
          </token>
          <token id="16">
            <word>of</word>
            <lemma>of</lemma>
            <CharacterOffsetBegin>9173</CharacterOffsetBegin>
            <CharacterOffsetEnd>9175</CharacterOffsetEnd>
            <POS>IN</POS>
            <NER>O</NER>
          </token>
          <token id="17">
            <word>it</word>
            <lemma>it</lemma>
            <CharacterOffsetBegin>9176</CharacterOffsetBegin>
            <CharacterOffsetEnd>9178</CharacterOffsetEnd>
            <POS>PRP</POS>
            <NER>O</NER>
          </token>
          <token id="18">
            <word>,</word>
            <lemma>,</lemma>
            <CharacterOffsetBegin>9178</CharacterOffsetBegin>
            <CharacterOffsetEnd>9179</CharacterOffsetEnd>
            <POS>,</POS>
            <NER>O</NER>
          </token>
          <token id="19">
            <word>and</word>
            <lemma>and</lemma>
            <CharacterOffsetBegin>9180</CharacterOffsetBegin>
            <CharacterOffsetEnd>9183</CharacterOffsetEnd>
            <POS>CC</POS>
            <NER>O</NER>
          </token>
          <token id="20">
            <word>Gretel</word>
            <lemma>Gretel</lemma>
            <CharacterOffsetBegin>9184</CharacterOffsetBegin>
            <CharacterOffsetEnd>9190</CharacterOffsetEnd>
            <POS>NNP</POS>
            <NER>PERSON</NER>
          </token>
          <token id="21">
            <word>pushed</word>
            <lemma>push</lemma>
            <CharacterOffsetBegin>9191</CharacterOffsetBegin>
            <CharacterOffsetEnd>9197</CharacterOffsetEnd>
            <POS>VBD</POS>
            <NER>O</NER>
          </token>
          <token id="22">
            <word>out</word>
            <lemma>out</lemma>
            <CharacterOffsetBegin>9198</CharacterOffsetBegin>
            <CharacterOffsetEnd>9201</CharacterOffsetEnd>
            <POS>RP</POS>
            <NER>O</NER>
          </token>
          <token id="23">
            <word>the</word>
            <lemma>the</lemma>
            <CharacterOffsetBegin>9202</CharacterOffsetBegin>
            <CharacterOffsetEnd>9205</CharacterOffsetEnd>
            <POS>DT</POS>
            <NER>O</NER>
          </token>
          <token id="24">
            <word>whole</word>
            <lemma>whole</lemma>
            <CharacterOffsetBegin>9206</CharacterOffsetBegin>
            <CharacterOffsetEnd>9211</CharacterOffsetEnd>
            <POS>NN</POS>
            <NER>O</NER>
          </token>
          <token id="25">
            <word>of</word>
            <lemma>of</lemma>
            <CharacterOffsetBegin>9212</CharacterOffsetBegin>
            <CharacterOffsetEnd>9214</CharacterOffsetEnd>
            <POS>IN</POS>
            <NER>O</NER>
          </token>
          <token id="26">
            <word>one</word>
            <lemma>one</lemma>
            <CharacterOffsetBegin>9215</CharacterOffsetBegin>
            <CharacterOffsetEnd>9218</CharacterOffsetEnd>
            <POS>CD</POS>
            <NER>NUMBER</NER>
            <NormalizedNER>1.0</NormalizedNER>
          </token>
          <token id="27">
            <word>round</word>
            <lemma>round</lemma>
            <CharacterOffsetBegin>9219</CharacterOffsetBegin>
            <CharacterOffsetEnd>9224</CharacterOffsetEnd>
            <POS>NN</POS>
            <NER>O</NER>
          </token>
          <token id="28">
            <word>window-pane</word>
            <lemma>window-pane</lemma>
            <CharacterOffsetBegin>9225</CharacterOffsetBegin>
            <CharacterOffsetEnd>9236</CharacterOffsetEnd>
            <POS>NN</POS>
            <NER>O</NER>
          </token>
          <token id="29">
            <word>,</word>
            <lemma>,</lemma>
            <CharacterOffsetBegin>9236</CharacterOffsetBegin>
            <CharacterOffsetEnd>9237</CharacterOffsetEnd>
            <POS>,</POS>
            <NER>O</NER>
          </token>
          <token id="30">
            <word>sat</word>
            <lemma>sit</lemma>
            <CharacterOffsetBegin>9238</CharacterOffsetBegin>
            <CharacterOffsetEnd>9241</CharacterOffsetEnd>
            <POS>VBD</POS>
            <NER>O</NER>
          </token>
          <token id="31">
            <word>down</word>
            <lemma>down</lemma>
            <CharacterOffsetBegin>9242</CharacterOffsetBegin>
            <CharacterOffsetEnd>9246</CharacterOffsetEnd>
            <POS>RP</POS>
            <NER>O</NER>
          </token>
          <token id="32">
            <word>,</word>
            <lemma>,</lemma>
            <CharacterOffsetBegin>9246</CharacterOffsetBegin>
            <CharacterOffsetEnd>9247</CharacterOffsetEnd>
            <POS>,</POS>
            <NER>O</NER>
          </token>
          <token id="33">
            <word>and</word>
            <lemma>and</lemma>
            <CharacterOffsetBegin>9248</CharacterOffsetBegin>
            <CharacterOffsetEnd>9251</CharacterOffsetEnd>
            <POS>CC</POS>
            <NER>O</NER>
          </token>
          <token id="34">
            <word>enjoyed</word>
            <lemma>enjoy</lemma>
            <CharacterOffsetBegin>9252</CharacterOffsetBegin>
            <CharacterOffsetEnd>9259</CharacterOffsetEnd>
            <POS>VBD</POS>
            <NER>O</NER>
          </token>
          <token id="35">
            <word>herself</word>
            <lemma>herself</lemma>
            <CharacterOffsetBegin>9260</CharacterOffsetBegin>
            <CharacterOffsetEnd>9267</CharacterOffsetEnd>
            <POS>PRP</POS>
            <NER>O</NER>
          </token>
          <token id="36">
            <word>with</word>
            <lemma>with</lemma>
            <CharacterOffsetBegin>9268</CharacterOffsetBegin>
            <CharacterOffsetEnd>9272</CharacterOffsetEnd>
            <POS>IN</POS>
            <NER>O</NER>
          </token>
          <token id="37">
            <word>it</word>
            <lemma>it</lemma>
            <CharacterOffsetBegin>9273</CharacterOffsetBegin>
            <CharacterOffsetEnd>9275</CharacterOffsetEnd>
            <POS>PRP</POS>
            <NER>O</NER>
          </token>
          <token id="38">
            <word>.</word>
            <lemma>.</lemma>
            <CharacterOffsetBegin>9275</CharacterOffsetBegin>
            <CharacterOffsetEnd>9276</CharacterOffsetEnd>
            <POS>.</POS>
            <NER>O</NER>
          </token>
        </tokens>
      </sentence>
      <sentence id="82">
        <tokens>
          <token id="1">
            <word>Suddenly</word>
            <lemma>suddenly</lemma>
            <CharacterOffsetBegin>9277</CharacterOffsetBegin>
            <CharacterOffsetEnd>9285</CharacterOffsetEnd>
            <POS>RB</POS>
            <NER>O</NER>
          </token>
          <token id="2">
            <word>the</word>
            <lemma>the</lemma>
            <CharacterOffsetBegin>9286</CharacterOffsetBegin>
            <CharacterOffsetEnd>9289</CharacterOffsetEnd>
            <POS>DT</POS>
            <NER>O</NER>
          </token>
          <token id="3">
            <word>door</word>
            <lemma>door</lemma>
            <CharacterOffsetBegin>9290</CharacterOffsetBegin>
            <CharacterOffsetEnd>9294</CharacterOffsetEnd>
            <POS>NN</POS>
            <NER>O</NER>
          </token>
          <token id="4">
            <word>opened</word>
            <lemma>open</lemma>
            <CharacterOffsetBegin>9295</CharacterOffsetBegin>
            <CharacterOffsetEnd>9301</CharacterOffsetEnd>
            <POS>VBD</POS>
            <NER>O</NER>
          </token>
          <token id="5">
            <word>,</word>
            <lemma>,</lemma>
            <CharacterOffsetBegin>9301</CharacterOffsetBegin>
            <CharacterOffsetEnd>9302</CharacterOffsetEnd>
            <POS>,</POS>
            <NER>O</NER>
          </token>
          <token id="6">
            <word>and</word>
            <lemma>and</lemma>
            <CharacterOffsetBegin>9303</CharacterOffsetBegin>
            <CharacterOffsetEnd>9306</CharacterOffsetEnd>
            <POS>CC</POS>
            <NER>O</NER>
          </token>
          <token id="7">
            <word>a</word>
            <lemma>a</lemma>
            <CharacterOffsetBegin>9307</CharacterOffsetBegin>
            <CharacterOffsetEnd>9308</CharacterOffsetEnd>
            <POS>DT</POS>
            <NER>O</NER>
          </token>
          <token id="8">
            <word>woman</word>
            <lemma>woman</lemma>
            <CharacterOffsetBegin>9309</CharacterOffsetBegin>
            <CharacterOffsetEnd>9314</CharacterOffsetEnd>
            <POS>NN</POS>
            <NER>O</NER>
          </token>
          <token id="9">
            <word>as</word>
            <lemma>as</lemma>
            <CharacterOffsetBegin>9315</CharacterOffsetBegin>
            <CharacterOffsetEnd>9317</CharacterOffsetEnd>
            <POS>IN</POS>
            <NER>O</NER>
          </token>
          <token id="10">
            <word>old</word>
            <lemma>old</lemma>
            <CharacterOffsetBegin>9318</CharacterOffsetBegin>
            <CharacterOffsetEnd>9321</CharacterOffsetEnd>
            <POS>JJ</POS>
            <NER>O</NER>
          </token>
          <token id="11">
            <word>as</word>
            <lemma>as</lemma>
            <CharacterOffsetBegin>9322</CharacterOffsetBegin>
            <CharacterOffsetEnd>9324</CharacterOffsetEnd>
            <POS>IN</POS>
            <NER>O</NER>
          </token>
          <token id="12">
            <word>the</word>
            <lemma>the</lemma>
            <CharacterOffsetBegin>9325</CharacterOffsetBegin>
            <CharacterOffsetEnd>9328</CharacterOffsetEnd>
            <POS>DT</POS>
            <NER>O</NER>
          </token>
          <token id="13">
            <word>hills</word>
            <lemma>hill</lemma>
            <CharacterOffsetBegin>9329</CharacterOffsetBegin>
            <CharacterOffsetEnd>9334</CharacterOffsetEnd>
            <POS>NNS</POS>
            <NER>O</NER>
          </token>
          <token id="14">
            <word>,</word>
            <lemma>,</lemma>
            <CharacterOffsetBegin>9334</CharacterOffsetBegin>
            <CharacterOffsetEnd>9335</CharacterOffsetEnd>
            <POS>,</POS>
            <NER>O</NER>
          </token>
          <token id="15">
            <word>who</word>
            <lemma>who</lemma>
            <CharacterOffsetBegin>9336</CharacterOffsetBegin>
            <CharacterOffsetEnd>9339</CharacterOffsetEnd>
            <POS>WP</POS>
            <NER>O</NER>
          </token>
          <token id="16">
            <word>supported</word>
            <lemma>support</lemma>
            <CharacterOffsetBegin>9340</CharacterOffsetBegin>
            <CharacterOffsetEnd>9349</CharacterOffsetEnd>
            <POS>VBD</POS>
            <NER>O</NER>
          </token>
          <token id="17">
            <word>herself</word>
            <lemma>herself</lemma>
            <CharacterOffsetBegin>9350</CharacterOffsetBegin>
            <CharacterOffsetEnd>9357</CharacterOffsetEnd>
            <POS>PRP</POS>
            <NER>O</NER>
          </token>
          <token id="18">
            <word>on</word>
            <lemma>on</lemma>
            <CharacterOffsetBegin>9358</CharacterOffsetBegin>
            <CharacterOffsetEnd>9360</CharacterOffsetEnd>
            <POS>IN</POS>
            <NER>O</NER>
          </token>
          <token id="19">
            <word>crutches</word>
            <lemma>crutch</lemma>
            <CharacterOffsetBegin>9361</CharacterOffsetBegin>
            <CharacterOffsetEnd>9369</CharacterOffsetEnd>
            <POS>NNS</POS>
            <NER>O</NER>
          </token>
          <token id="20">
            <word>,</word>
            <lemma>,</lemma>
            <CharacterOffsetBegin>9369</CharacterOffsetBegin>
            <CharacterOffsetEnd>9370</CharacterOffsetEnd>
            <POS>,</POS>
            <NER>O</NER>
          </token>
          <token id="21">
            <word>came</word>
            <lemma>come</lemma>
            <CharacterOffsetBegin>9371</CharacterOffsetBegin>
            <CharacterOffsetEnd>9375</CharacterOffsetEnd>
            <POS>VBD</POS>
            <NER>O</NER>
          </token>
          <token id="22">
            <word>creeping</word>
            <lemma>creep</lemma>
            <CharacterOffsetBegin>9376</CharacterOffsetBegin>
            <CharacterOffsetEnd>9384</CharacterOffsetEnd>
            <POS>VBG</POS>
            <NER>O</NER>
          </token>
          <token id="23">
            <word>out</word>
            <lemma>out</lemma>
            <CharacterOffsetBegin>9385</CharacterOffsetBegin>
            <CharacterOffsetEnd>9388</CharacterOffsetEnd>
            <POS>RP</POS>
            <NER>O</NER>
          </token>
          <token id="24">
            <word>.</word>
            <lemma>.</lemma>
            <CharacterOffsetBegin>9388</CharacterOffsetBegin>
            <CharacterOffsetEnd>9389</CharacterOffsetEnd>
            <POS>.</POS>
            <NER>O</NER>
          </token>
        </tokens>
      </sentence>
      <sentence id="83">
        <tokens>
          <token id="1">
            <word>Hansel</word>
            <lemma>Hansel</lemma>
            <CharacterOffsetBegin>9390</CharacterOffsetBegin>
            <CharacterOffsetEnd>9396</CharacterOffsetEnd>
            <POS>NNP</POS>
            <NER>O</NER>
          </token>
          <token id="2">
            <word>and</word>
            <lemma>and</lemma>
            <CharacterOffsetBegin>9397</CharacterOffsetBegin>
            <CharacterOffsetEnd>9400</CharacterOffsetEnd>
            <POS>CC</POS>
            <NER>O</NER>
          </token>
          <token id="3">
            <word>Gretel</word>
            <lemma>Gretel</lemma>
            <CharacterOffsetBegin>9401</CharacterOffsetBegin>
            <CharacterOffsetEnd>9407</CharacterOffsetEnd>
            <POS>NNP</POS>
            <NER>PERSON</NER>
          </token>
          <token id="4">
            <word>were</word>
            <lemma>be</lemma>
            <CharacterOffsetBegin>9408</CharacterOffsetBegin>
            <CharacterOffsetEnd>9412</CharacterOffsetEnd>
            <POS>VBD</POS>
            <NER>O</NER>
          </token>
          <token id="5">
            <word>so</word>
            <lemma>so</lemma>
            <CharacterOffsetBegin>9413</CharacterOffsetBegin>
            <CharacterOffsetEnd>9415</CharacterOffsetEnd>
            <POS>RB</POS>
            <NER>O</NER>
          </token>
          <token id="6">
            <word>terribly</word>
            <lemma>terribly</lemma>
            <CharacterOffsetBegin>9416</CharacterOffsetBegin>
            <CharacterOffsetEnd>9424</CharacterOffsetEnd>
            <POS>RB</POS>
            <NER>O</NER>
          </token>
          <token id="7">
            <word>frightened</word>
            <lemma>frighten</lemma>
            <CharacterOffsetBegin>9425</CharacterOffsetBegin>
            <CharacterOffsetEnd>9435</CharacterOffsetEnd>
            <POS>VBD</POS>
            <NER>O</NER>
          </token>
          <token id="8">
            <word>that</word>
            <lemma>that</lemma>
            <CharacterOffsetBegin>9436</CharacterOffsetBegin>
            <CharacterOffsetEnd>9440</CharacterOffsetEnd>
            <POS>IN</POS>
            <NER>O</NER>
          </token>
          <token id="9">
            <word>they</word>
            <lemma>they</lemma>
            <CharacterOffsetBegin>9441</CharacterOffsetBegin>
            <CharacterOffsetEnd>9445</CharacterOffsetEnd>
            <POS>PRP</POS>
            <NER>O</NER>
          </token>
          <token id="10">
            <word>let</word>
            <lemma>let</lemma>
            <CharacterOffsetBegin>9446</CharacterOffsetBegin>
            <CharacterOffsetEnd>9449</CharacterOffsetEnd>
            <POS>VBP</POS>
            <NER>O</NER>
          </token>
          <token id="11">
            <word>fall</word>
            <lemma>fall</lemma>
            <CharacterOffsetBegin>9450</CharacterOffsetBegin>
            <CharacterOffsetEnd>9454</CharacterOffsetEnd>
            <POS>VB</POS>
            <NER>O</NER>
          </token>
          <token id="12">
            <word>what</word>
            <lemma>what</lemma>
            <CharacterOffsetBegin>9455</CharacterOffsetBegin>
            <CharacterOffsetEnd>9459</CharacterOffsetEnd>
            <POS>WP</POS>
            <NER>O</NER>
          </token>
          <token id="13">
            <word>they</word>
            <lemma>they</lemma>
            <CharacterOffsetBegin>9460</CharacterOffsetBegin>
            <CharacterOffsetEnd>9464</CharacterOffsetEnd>
            <POS>PRP</POS>
            <NER>O</NER>
          </token>
          <token id="14">
            <word>had</word>
            <lemma>have</lemma>
            <CharacterOffsetBegin>9465</CharacterOffsetBegin>
            <CharacterOffsetEnd>9468</CharacterOffsetEnd>
            <POS>VBD</POS>
            <NER>O</NER>
          </token>
          <token id="15">
            <word>in</word>
            <lemma>in</lemma>
            <CharacterOffsetBegin>9469</CharacterOffsetBegin>
            <CharacterOffsetEnd>9471</CharacterOffsetEnd>
            <POS>IN</POS>
            <NER>O</NER>
          </token>
          <token id="16">
            <word>their</word>
            <lemma>they</lemma>
            <CharacterOffsetBegin>9472</CharacterOffsetBegin>
            <CharacterOffsetEnd>9477</CharacterOffsetEnd>
            <POS>PRP$</POS>
            <NER>O</NER>
          </token>
          <token id="17">
            <word>hands</word>
            <lemma>hand</lemma>
            <CharacterOffsetBegin>9478</CharacterOffsetBegin>
            <CharacterOffsetEnd>9483</CharacterOffsetEnd>
            <POS>NNS</POS>
            <NER>O</NER>
          </token>
          <token id="18">
            <word>.</word>
            <lemma>.</lemma>
            <CharacterOffsetBegin>9483</CharacterOffsetBegin>
            <CharacterOffsetEnd>9484</CharacterOffsetEnd>
            <POS>.</POS>
            <NER>O</NER>
          </token>
        </tokens>
      </sentence>
      <sentence id="84">
        <tokens>
          <token id="1">
            <word>The</word>
            <lemma>the</lemma>
            <CharacterOffsetBegin>9485</CharacterOffsetBegin>
            <CharacterOffsetEnd>9488</CharacterOffsetEnd>
            <POS>DT</POS>
            <NER>O</NER>
          </token>
          <token id="2">
            <word>old</word>
            <lemma>old</lemma>
            <CharacterOffsetBegin>9489</CharacterOffsetBegin>
            <CharacterOffsetEnd>9492</CharacterOffsetEnd>
            <POS>JJ</POS>
            <NER>O</NER>
          </token>
          <token id="3">
            <word>woman</word>
            <lemma>woman</lemma>
            <CharacterOffsetBegin>9493</CharacterOffsetBegin>
            <CharacterOffsetEnd>9498</CharacterOffsetEnd>
            <POS>NN</POS>
            <NER>O</NER>
          </token>
          <token id="4">
            <word>,</word>
            <lemma>,</lemma>
            <CharacterOffsetBegin>9498</CharacterOffsetBegin>
            <CharacterOffsetEnd>9499</CharacterOffsetEnd>
            <POS>,</POS>
            <NER>O</NER>
          </token>
          <token id="5">
            <word>however</word>
            <lemma>however</lemma>
            <CharacterOffsetBegin>9500</CharacterOffsetBegin>
            <CharacterOffsetEnd>9507</CharacterOffsetEnd>
            <POS>RB</POS>
            <NER>O</NER>
          </token>
          <token id="6">
            <word>,</word>
            <lemma>,</lemma>
            <CharacterOffsetBegin>9507</CharacterOffsetBegin>
            <CharacterOffsetEnd>9508</CharacterOffsetEnd>
            <POS>,</POS>
            <NER>O</NER>
          </token>
          <token id="7">
            <word>nodded</word>
            <lemma>nod</lemma>
            <CharacterOffsetBegin>9509</CharacterOffsetBegin>
            <CharacterOffsetEnd>9515</CharacterOffsetEnd>
            <POS>VBD</POS>
            <NER>O</NER>
          </token>
          <token id="8">
            <word>her</word>
            <lemma>she</lemma>
            <CharacterOffsetBegin>9516</CharacterOffsetBegin>
            <CharacterOffsetEnd>9519</CharacterOffsetEnd>
            <POS>PRP$</POS>
            <NER>O</NER>
          </token>
          <token id="9">
            <word>head</word>
            <lemma>head</lemma>
            <CharacterOffsetBegin>9520</CharacterOffsetBegin>
            <CharacterOffsetEnd>9524</CharacterOffsetEnd>
            <POS>NN</POS>
            <NER>O</NER>
          </token>
          <token id="10">
            <word>,</word>
            <lemma>,</lemma>
            <CharacterOffsetBegin>9524</CharacterOffsetBegin>
            <CharacterOffsetEnd>9525</CharacterOffsetEnd>
            <POS>,</POS>
            <NER>O</NER>
          </token>
          <token id="11">
            <word>and</word>
            <lemma>and</lemma>
            <CharacterOffsetBegin>9526</CharacterOffsetBegin>
            <CharacterOffsetEnd>9529</CharacterOffsetEnd>
            <POS>CC</POS>
            <NER>O</NER>
          </token>
          <token id="12">
            <word>said</word>
            <lemma>say</lemma>
            <CharacterOffsetBegin>9530</CharacterOffsetBegin>
            <CharacterOffsetEnd>9534</CharacterOffsetEnd>
            <POS>VBD</POS>
            <NER>O</NER>
          </token>
          <token id="13">
            <word>:</word>
            <lemma>:</lemma>
            <CharacterOffsetBegin>9534</CharacterOffsetBegin>
            <CharacterOffsetEnd>9535</CharacterOffsetEnd>
            <POS>:</POS>
            <NER>O</NER>
          </token>
          <token id="14">
            <word>`</word>
            <lemma>`</lemma>
            <CharacterOffsetBegin>9536</CharacterOffsetBegin>
            <CharacterOffsetEnd>9537</CharacterOffsetEnd>
            <POS>``</POS>
            <NER>O</NER>
          </token>
          <token id="15">
            <word>Oh</word>
            <lemma>oh</lemma>
            <CharacterOffsetBegin>9537</CharacterOffsetBegin>
            <CharacterOffsetEnd>9539</CharacterOffsetEnd>
            <POS>UH</POS>
            <NER>O</NER>
          </token>
          <token id="16">
            <word>,</word>
            <lemma>,</lemma>
            <CharacterOffsetBegin>9539</CharacterOffsetBegin>
            <CharacterOffsetEnd>9540</CharacterOffsetEnd>
            <POS>,</POS>
            <NER>O</NER>
          </token>
          <token id="17">
            <word>you</word>
            <lemma>you</lemma>
            <CharacterOffsetBegin>9541</CharacterOffsetBegin>
            <CharacterOffsetEnd>9544</CharacterOffsetEnd>
            <POS>PRP</POS>
            <NER>O</NER>
          </token>
          <token id="18">
            <word>dear</word>
            <lemma>dear</lemma>
            <CharacterOffsetBegin>9545</CharacterOffsetBegin>
            <CharacterOffsetEnd>9549</CharacterOffsetEnd>
            <POS>RB</POS>
            <NER>O</NER>
          </token>
          <token id="19">
            <word>children</word>
            <lemma>child</lemma>
            <CharacterOffsetBegin>9550</CharacterOffsetBegin>
            <CharacterOffsetEnd>9558</CharacterOffsetEnd>
            <POS>NNS</POS>
            <NER>O</NER>
          </token>
          <token id="20">
            <word>,</word>
            <lemma>,</lemma>
            <CharacterOffsetBegin>9558</CharacterOffsetBegin>
            <CharacterOffsetEnd>9559</CharacterOffsetEnd>
            <POS>,</POS>
            <NER>O</NER>
          </token>
          <token id="21">
            <word>who</word>
            <lemma>who</lemma>
            <CharacterOffsetBegin>9560</CharacterOffsetBegin>
            <CharacterOffsetEnd>9563</CharacterOffsetEnd>
            <POS>WP</POS>
            <NER>O</NER>
          </token>
          <token id="22">
            <word>has</word>
            <lemma>have</lemma>
            <CharacterOffsetBegin>9564</CharacterOffsetBegin>
            <CharacterOffsetEnd>9567</CharacterOffsetEnd>
            <POS>VBZ</POS>
            <NER>O</NER>
          </token>
          <token id="23">
            <word>brought</word>
            <lemma>bring</lemma>
            <CharacterOffsetBegin>9568</CharacterOffsetBegin>
            <CharacterOffsetEnd>9575</CharacterOffsetEnd>
            <POS>VBN</POS>
            <NER>O</NER>
          </token>
          <token id="24">
            <word>you</word>
            <lemma>you</lemma>
            <CharacterOffsetBegin>9576</CharacterOffsetBegin>
            <CharacterOffsetEnd>9579</CharacterOffsetEnd>
            <POS>PRP</POS>
            <NER>O</NER>
          </token>
          <token id="25">
            <word>here</word>
            <lemma>here</lemma>
            <CharacterOffsetBegin>9580</CharacterOffsetBegin>
            <CharacterOffsetEnd>9584</CharacterOffsetEnd>
            <POS>RB</POS>
            <NER>O</NER>
          </token>
          <token id="26">
            <word>?</word>
            <lemma>?</lemma>
            <CharacterOffsetBegin>9584</CharacterOffsetBegin>
            <CharacterOffsetEnd>9585</CharacterOffsetEnd>
            <POS>.</POS>
            <NER>O</NER>
          </token>
        </tokens>
      </sentence>
      <sentence id="85">
        <tokens>
          <token id="1">
            <word>do</word>
            <lemma>do</lemma>
            <CharacterOffsetBegin>9586</CharacterOffsetBegin>
            <CharacterOffsetEnd>9588</CharacterOffsetEnd>
            <POS>VB</POS>
            <NER>O</NER>
          </token>
          <token id="2">
            <word>come</word>
            <lemma>come</lemma>
            <CharacterOffsetBegin>9589</CharacterOffsetBegin>
            <CharacterOffsetEnd>9593</CharacterOffsetEnd>
            <POS>VB</POS>
            <NER>O</NER>
          </token>
          <token id="3">
            <word>in</word>
            <lemma>in</lemma>
            <CharacterOffsetBegin>9594</CharacterOffsetBegin>
            <CharacterOffsetEnd>9596</CharacterOffsetEnd>
            <POS>RP</POS>
            <NER>O</NER>
          </token>
          <token id="4">
            <word>,</word>
            <lemma>,</lemma>
            <CharacterOffsetBegin>9596</CharacterOffsetBegin>
            <CharacterOffsetEnd>9597</CharacterOffsetEnd>
            <POS>,</POS>
            <NER>O</NER>
          </token>
          <token id="5">
            <word>and</word>
            <lemma>and</lemma>
            <CharacterOffsetBegin>9598</CharacterOffsetBegin>
            <CharacterOffsetEnd>9601</CharacterOffsetEnd>
            <POS>CC</POS>
            <NER>O</NER>
          </token>
          <token id="6">
            <word>stay</word>
            <lemma>stay</lemma>
            <CharacterOffsetBegin>9602</CharacterOffsetBegin>
            <CharacterOffsetEnd>9606</CharacterOffsetEnd>
            <POS>VB</POS>
            <NER>O</NER>
          </token>
          <token id="7">
            <word>with</word>
            <lemma>with</lemma>
            <CharacterOffsetBegin>9607</CharacterOffsetBegin>
            <CharacterOffsetEnd>9611</CharacterOffsetEnd>
            <POS>IN</POS>
            <NER>O</NER>
          </token>
          <token id="8">
            <word>me</word>
            <lemma>I</lemma>
            <CharacterOffsetBegin>9612</CharacterOffsetBegin>
            <CharacterOffsetEnd>9614</CharacterOffsetEnd>
            <POS>PRP</POS>
            <NER>O</NER>
          </token>
          <token id="9">
            <word>.</word>
            <lemma>.</lemma>
            <CharacterOffsetBegin>9614</CharacterOffsetBegin>
            <CharacterOffsetEnd>9615</CharacterOffsetEnd>
            <POS>.</POS>
            <NER>O</NER>
          </token>
        </tokens>
      </sentence>
      <sentence id="86">
        <tokens>
          <token id="1">
            <word>No</word>
            <lemma>no</lemma>
            <CharacterOffsetBegin>9616</CharacterOffsetBegin>
            <CharacterOffsetEnd>9618</CharacterOffsetEnd>
            <POS>DT</POS>
            <NER>O</NER>
          </token>
          <token id="2">
            <word>harm</word>
            <lemma>harm</lemma>
            <CharacterOffsetBegin>9619</CharacterOffsetBegin>
            <CharacterOffsetEnd>9623</CharacterOffsetEnd>
            <POS>NN</POS>
            <NER>O</NER>
          </token>
          <token id="3">
            <word>shall</word>
            <lemma>shall</lemma>
            <CharacterOffsetBegin>9624</CharacterOffsetBegin>
            <CharacterOffsetEnd>9629</CharacterOffsetEnd>
            <POS>MD</POS>
            <NER>O</NER>
          </token>
          <token id="4">
            <word>happen</word>
            <lemma>happen</lemma>
            <CharacterOffsetBegin>9630</CharacterOffsetBegin>
            <CharacterOffsetEnd>9636</CharacterOffsetEnd>
            <POS>VB</POS>
            <NER>O</NER>
          </token>
          <token id="5">
            <word>to</word>
            <lemma>to</lemma>
            <CharacterOffsetBegin>9637</CharacterOffsetBegin>
            <CharacterOffsetEnd>9639</CharacterOffsetEnd>
            <POS>TO</POS>
            <NER>O</NER>
          </token>
          <token id="6">
            <word>you</word>
            <lemma>you</lemma>
            <CharacterOffsetBegin>9640</CharacterOffsetBegin>
            <CharacterOffsetEnd>9643</CharacterOffsetEnd>
            <POS>PRP</POS>
            <NER>O</NER>
          </token>
          <token id="7">
            <word>.</word>
            <lemma>.</lemma>
            <CharacterOffsetBegin>9643</CharacterOffsetBegin>
            <CharacterOffsetEnd>9644</CharacterOffsetEnd>
            <POS>.</POS>
            <NER>O</NER>
          </token>
          <token id="8">
            <word>'</word>
            <lemma>'</lemma>
            <CharacterOffsetBegin>9644</CharacterOffsetBegin>
            <CharacterOffsetEnd>9645</CharacterOffsetEnd>
            <POS>''</POS>
            <NER>O</NER>
          </token>
        </tokens>
      </sentence>
      <sentence id="87">
        <tokens>
          <token id="1">
            <word>She</word>
            <lemma>she</lemma>
            <CharacterOffsetBegin>9646</CharacterOffsetBegin>
            <CharacterOffsetEnd>9649</CharacterOffsetEnd>
            <POS>PRP</POS>
            <NER>O</NER>
          </token>
          <token id="2">
            <word>took</word>
            <lemma>take</lemma>
            <CharacterOffsetBegin>9650</CharacterOffsetBegin>
            <CharacterOffsetEnd>9654</CharacterOffsetEnd>
            <POS>VBD</POS>
            <NER>O</NER>
          </token>
          <token id="3">
            <word>them</word>
            <lemma>they</lemma>
            <CharacterOffsetBegin>9655</CharacterOffsetBegin>
            <CharacterOffsetEnd>9659</CharacterOffsetEnd>
            <POS>PRP</POS>
            <NER>O</NER>
          </token>
          <token id="4">
            <word>both</word>
            <lemma>both</lemma>
            <CharacterOffsetBegin>9660</CharacterOffsetBegin>
            <CharacterOffsetEnd>9664</CharacterOffsetEnd>
            <POS>CC</POS>
            <NER>O</NER>
          </token>
          <token id="5">
            <word>by</word>
            <lemma>by</lemma>
            <CharacterOffsetBegin>9665</CharacterOffsetBegin>
            <CharacterOffsetEnd>9667</CharacterOffsetEnd>
            <POS>IN</POS>
            <NER>O</NER>
          </token>
          <token id="6">
            <word>the</word>
            <lemma>the</lemma>
            <CharacterOffsetBegin>9668</CharacterOffsetBegin>
            <CharacterOffsetEnd>9671</CharacterOffsetEnd>
            <POS>DT</POS>
            <NER>O</NER>
          </token>
          <token id="7">
            <word>hand</word>
            <lemma>hand</lemma>
            <CharacterOffsetBegin>9672</CharacterOffsetBegin>
            <CharacterOffsetEnd>9676</CharacterOffsetEnd>
            <POS>NN</POS>
            <NER>O</NER>
          </token>
          <token id="8">
            <word>,</word>
            <lemma>,</lemma>
            <CharacterOffsetBegin>9676</CharacterOffsetBegin>
            <CharacterOffsetEnd>9677</CharacterOffsetEnd>
            <POS>,</POS>
            <NER>O</NER>
          </token>
          <token id="9">
            <word>and</word>
            <lemma>and</lemma>
            <CharacterOffsetBegin>9678</CharacterOffsetBegin>
            <CharacterOffsetEnd>9681</CharacterOffsetEnd>
            <POS>CC</POS>
            <NER>O</NER>
          </token>
          <token id="10">
            <word>led</word>
            <lemma>lead</lemma>
            <CharacterOffsetBegin>9682</CharacterOffsetBegin>
            <CharacterOffsetEnd>9685</CharacterOffsetEnd>
            <POS>VBD</POS>
            <NER>O</NER>
          </token>
          <token id="11">
            <word>them</word>
            <lemma>they</lemma>
            <CharacterOffsetBegin>9686</CharacterOffsetBegin>
            <CharacterOffsetEnd>9690</CharacterOffsetEnd>
            <POS>PRP</POS>
            <NER>O</NER>
          </token>
          <token id="12">
            <word>into</word>
            <lemma>into</lemma>
            <CharacterOffsetBegin>9691</CharacterOffsetBegin>
            <CharacterOffsetEnd>9695</CharacterOffsetEnd>
            <POS>IN</POS>
            <NER>O</NER>
          </token>
          <token id="13">
            <word>her</word>
            <lemma>she</lemma>
            <CharacterOffsetBegin>9696</CharacterOffsetBegin>
            <CharacterOffsetEnd>9699</CharacterOffsetEnd>
            <POS>PRP$</POS>
            <NER>O</NER>
          </token>
          <token id="14">
            <word>little</word>
            <lemma>little</lemma>
            <CharacterOffsetBegin>9700</CharacterOffsetBegin>
            <CharacterOffsetEnd>9706</CharacterOffsetEnd>
            <POS>JJ</POS>
            <NER>O</NER>
          </token>
          <token id="15">
            <word>house</word>
            <lemma>house</lemma>
            <CharacterOffsetBegin>9707</CharacterOffsetBegin>
            <CharacterOffsetEnd>9712</CharacterOffsetEnd>
            <POS>NN</POS>
            <NER>O</NER>
          </token>
          <token id="16">
            <word>.</word>
            <lemma>.</lemma>
            <CharacterOffsetBegin>9712</CharacterOffsetBegin>
            <CharacterOffsetEnd>9713</CharacterOffsetEnd>
            <POS>.</POS>
            <NER>O</NER>
          </token>
        </tokens>
      </sentence>
      <sentence id="88">
        <tokens>
          <token id="1">
            <word>Then</word>
            <lemma>then</lemma>
            <CharacterOffsetBegin>9714</CharacterOffsetBegin>
            <CharacterOffsetEnd>9718</CharacterOffsetEnd>
            <POS>RB</POS>
            <NER>O</NER>
          </token>
          <token id="2">
            <word>good</word>
            <lemma>good</lemma>
            <CharacterOffsetBegin>9719</CharacterOffsetBegin>
            <CharacterOffsetEnd>9723</CharacterOffsetEnd>
            <POS>JJ</POS>
            <NER>O</NER>
          </token>
          <token id="3">
            <word>food</word>
            <lemma>food</lemma>
            <CharacterOffsetBegin>9724</CharacterOffsetBegin>
            <CharacterOffsetEnd>9728</CharacterOffsetEnd>
            <POS>NN</POS>
            <NER>O</NER>
          </token>
          <token id="4">
            <word>was</word>
            <lemma>be</lemma>
            <CharacterOffsetBegin>9729</CharacterOffsetBegin>
            <CharacterOffsetEnd>9732</CharacterOffsetEnd>
            <POS>VBD</POS>
            <NER>O</NER>
          </token>
          <token id="5">
            <word>set</word>
            <lemma>set</lemma>
            <CharacterOffsetBegin>9733</CharacterOffsetBegin>
            <CharacterOffsetEnd>9736</CharacterOffsetEnd>
            <POS>VBN</POS>
            <NER>O</NER>
          </token>
          <token id="6">
            <word>before</word>
            <lemma>before</lemma>
            <CharacterOffsetBegin>9737</CharacterOffsetBegin>
            <CharacterOffsetEnd>9743</CharacterOffsetEnd>
            <POS>IN</POS>
            <NER>O</NER>
          </token>
          <token id="7">
            <word>them</word>
            <lemma>they</lemma>
            <CharacterOffsetBegin>9744</CharacterOffsetBegin>
            <CharacterOffsetEnd>9748</CharacterOffsetEnd>
            <POS>PRP</POS>
            <NER>O</NER>
          </token>
          <token id="8">
            <word>,</word>
            <lemma>,</lemma>
            <CharacterOffsetBegin>9748</CharacterOffsetBegin>
            <CharacterOffsetEnd>9749</CharacterOffsetEnd>
            <POS>,</POS>
            <NER>O</NER>
          </token>
          <token id="9">
            <word>milk</word>
            <lemma>milk</lemma>
            <CharacterOffsetBegin>9750</CharacterOffsetBegin>
            <CharacterOffsetEnd>9754</CharacterOffsetEnd>
            <POS>NN</POS>
            <NER>O</NER>
          </token>
          <token id="10">
            <word>and</word>
            <lemma>and</lemma>
            <CharacterOffsetBegin>9755</CharacterOffsetBegin>
            <CharacterOffsetEnd>9758</CharacterOffsetEnd>
            <POS>CC</POS>
            <NER>O</NER>
          </token>
          <token id="11">
            <word>pancakes</word>
            <lemma>pancake</lemma>
            <CharacterOffsetBegin>9759</CharacterOffsetBegin>
            <CharacterOffsetEnd>9767</CharacterOffsetEnd>
            <POS>NNS</POS>
            <NER>O</NER>
          </token>
          <token id="12">
            <word>,</word>
            <lemma>,</lemma>
            <CharacterOffsetBegin>9767</CharacterOffsetBegin>
            <CharacterOffsetEnd>9768</CharacterOffsetEnd>
            <POS>,</POS>
            <NER>O</NER>
          </token>
          <token id="13">
            <word>with</word>
            <lemma>with</lemma>
            <CharacterOffsetBegin>9769</CharacterOffsetBegin>
            <CharacterOffsetEnd>9773</CharacterOffsetEnd>
            <POS>IN</POS>
            <NER>O</NER>
          </token>
          <token id="14">
            <word>sugar</word>
            <lemma>sugar</lemma>
            <CharacterOffsetBegin>9774</CharacterOffsetBegin>
            <CharacterOffsetEnd>9779</CharacterOffsetEnd>
            <POS>NN</POS>
            <NER>O</NER>
          </token>
          <token id="15">
            <word>,</word>
            <lemma>,</lemma>
            <CharacterOffsetBegin>9779</CharacterOffsetBegin>
            <CharacterOffsetEnd>9780</CharacterOffsetEnd>
            <POS>,</POS>
            <NER>O</NER>
          </token>
          <token id="16">
            <word>apples</word>
            <lemma>apple</lemma>
            <CharacterOffsetBegin>9781</CharacterOffsetBegin>
            <CharacterOffsetEnd>9787</CharacterOffsetEnd>
            <POS>NNS</POS>
            <NER>O</NER>
          </token>
          <token id="17">
            <word>,</word>
            <lemma>,</lemma>
            <CharacterOffsetBegin>9787</CharacterOffsetBegin>
            <CharacterOffsetEnd>9788</CharacterOffsetEnd>
            <POS>,</POS>
            <NER>O</NER>
          </token>
          <token id="18">
            <word>and</word>
            <lemma>and</lemma>
            <CharacterOffsetBegin>9789</CharacterOffsetBegin>
            <CharacterOffsetEnd>9792</CharacterOffsetEnd>
            <POS>CC</POS>
            <NER>O</NER>
          </token>
          <token id="19">
            <word>nuts</word>
            <lemma>nut</lemma>
            <CharacterOffsetBegin>9793</CharacterOffsetBegin>
            <CharacterOffsetEnd>9797</CharacterOffsetEnd>
            <POS>NNS</POS>
            <NER>O</NER>
          </token>
          <token id="20">
            <word>.</word>
            <lemma>.</lemma>
            <CharacterOffsetBegin>9797</CharacterOffsetBegin>
            <CharacterOffsetEnd>9798</CharacterOffsetEnd>
            <POS>.</POS>
            <NER>O</NER>
          </token>
        </tokens>
      </sentence>
      <sentence id="89">
        <tokens>
          <token id="1">
            <word>Afterwards</word>
            <lemma>afterwards</lemma>
            <CharacterOffsetBegin>9799</CharacterOffsetBegin>
            <CharacterOffsetEnd>9809</CharacterOffsetEnd>
            <POS>RB</POS>
            <NER>O</NER>
          </token>
          <token id="2">
            <word>two</word>
            <lemma>two</lemma>
            <CharacterOffsetBegin>9810</CharacterOffsetBegin>
            <CharacterOffsetEnd>9813</CharacterOffsetEnd>
            <POS>CD</POS>
            <NER>NUMBER</NER>
            <NormalizedNER>2.0</NormalizedNER>
          </token>
          <token id="3">
            <word>pretty</word>
            <lemma>pretty</lemma>
            <CharacterOffsetBegin>9814</CharacterOffsetBegin>
            <CharacterOffsetEnd>9820</CharacterOffsetEnd>
            <POS>RB</POS>
            <NER>O</NER>
          </token>
          <token id="4">
            <word>little</word>
            <lemma>little</lemma>
            <CharacterOffsetBegin>9821</CharacterOffsetBegin>
            <CharacterOffsetEnd>9827</CharacterOffsetEnd>
            <POS>JJ</POS>
            <NER>O</NER>
          </token>
          <token id="5">
            <word>beds</word>
            <lemma>bed</lemma>
            <CharacterOffsetBegin>9828</CharacterOffsetBegin>
            <CharacterOffsetEnd>9832</CharacterOffsetEnd>
            <POS>NNS</POS>
            <NER>O</NER>
          </token>
          <token id="6">
            <word>were</word>
            <lemma>be</lemma>
            <CharacterOffsetBegin>9833</CharacterOffsetBegin>
            <CharacterOffsetEnd>9837</CharacterOffsetEnd>
            <POS>VBD</POS>
            <NER>O</NER>
          </token>
          <token id="7">
            <word>covered</word>
            <lemma>cover</lemma>
            <CharacterOffsetBegin>9838</CharacterOffsetBegin>
            <CharacterOffsetEnd>9845</CharacterOffsetEnd>
            <POS>VBN</POS>
            <NER>O</NER>
          </token>
          <token id="8">
            <word>with</word>
            <lemma>with</lemma>
            <CharacterOffsetBegin>9846</CharacterOffsetBegin>
            <CharacterOffsetEnd>9850</CharacterOffsetEnd>
            <POS>IN</POS>
            <NER>O</NER>
          </token>
          <token id="9">
            <word>clean</word>
            <lemma>clean</lemma>
            <CharacterOffsetBegin>9851</CharacterOffsetBegin>
            <CharacterOffsetEnd>9856</CharacterOffsetEnd>
            <POS>JJ</POS>
            <NER>O</NER>
          </token>
          <token id="10">
            <word>white</word>
            <lemma>white</lemma>
            <CharacterOffsetBegin>9857</CharacterOffsetBegin>
            <CharacterOffsetEnd>9862</CharacterOffsetEnd>
            <POS>JJ</POS>
            <NER>O</NER>
          </token>
          <token id="11">
            <word>linen</word>
            <lemma>linen</lemma>
            <CharacterOffsetBegin>9863</CharacterOffsetBegin>
            <CharacterOffsetEnd>9868</CharacterOffsetEnd>
            <POS>NN</POS>
            <NER>O</NER>
          </token>
          <token id="12">
            <word>,</word>
            <lemma>,</lemma>
            <CharacterOffsetBegin>9868</CharacterOffsetBegin>
            <CharacterOffsetEnd>9869</CharacterOffsetEnd>
            <POS>,</POS>
            <NER>O</NER>
          </token>
          <token id="13">
            <word>and</word>
            <lemma>and</lemma>
            <CharacterOffsetBegin>9870</CharacterOffsetBegin>
            <CharacterOffsetEnd>9873</CharacterOffsetEnd>
            <POS>CC</POS>
            <NER>O</NER>
          </token>
          <token id="14">
            <word>Hansel</word>
            <lemma>Hansel</lemma>
            <CharacterOffsetBegin>9874</CharacterOffsetBegin>
            <CharacterOffsetEnd>9880</CharacterOffsetEnd>
            <POS>NNP</POS>
            <NER>O</NER>
          </token>
          <token id="15">
            <word>and</word>
            <lemma>and</lemma>
            <CharacterOffsetBegin>9881</CharacterOffsetBegin>
            <CharacterOffsetEnd>9884</CharacterOffsetEnd>
            <POS>CC</POS>
            <NER>O</NER>
          </token>
          <token id="16">
            <word>Gretel</word>
            <lemma>Gretel</lemma>
            <CharacterOffsetBegin>9885</CharacterOffsetBegin>
            <CharacterOffsetEnd>9891</CharacterOffsetEnd>
            <POS>NNP</POS>
            <NER>PERSON</NER>
          </token>
          <token id="17">
            <word>lay</word>
            <lemma>lay</lemma>
            <CharacterOffsetBegin>9892</CharacterOffsetBegin>
            <CharacterOffsetEnd>9895</CharacterOffsetEnd>
            <POS>VBD</POS>
            <NER>O</NER>
          </token>
          <token id="18">
            <word>down</word>
            <lemma>down</lemma>
            <CharacterOffsetBegin>9896</CharacterOffsetBegin>
            <CharacterOffsetEnd>9900</CharacterOffsetEnd>
            <POS>RP</POS>
            <NER>O</NER>
          </token>
          <token id="19">
            <word>in</word>
            <lemma>in</lemma>
            <CharacterOffsetBegin>9901</CharacterOffsetBegin>
            <CharacterOffsetEnd>9903</CharacterOffsetEnd>
            <POS>IN</POS>
            <NER>O</NER>
          </token>
          <token id="20">
            <word>them</word>
            <lemma>they</lemma>
            <CharacterOffsetBegin>9904</CharacterOffsetBegin>
            <CharacterOffsetEnd>9908</CharacterOffsetEnd>
            <POS>PRP</POS>
            <NER>O</NER>
          </token>
          <token id="21">
            <word>,</word>
            <lemma>,</lemma>
            <CharacterOffsetBegin>9908</CharacterOffsetBegin>
            <CharacterOffsetEnd>9909</CharacterOffsetEnd>
            <POS>,</POS>
            <NER>O</NER>
          </token>
          <token id="22">
            <word>and</word>
            <lemma>and</lemma>
            <CharacterOffsetBegin>9910</CharacterOffsetBegin>
            <CharacterOffsetEnd>9913</CharacterOffsetEnd>
            <POS>CC</POS>
            <NER>O</NER>
          </token>
          <token id="23">
            <word>thought</word>
            <lemma>think</lemma>
            <CharacterOffsetBegin>9914</CharacterOffsetBegin>
            <CharacterOffsetEnd>9921</CharacterOffsetEnd>
            <POS>VBD</POS>
            <NER>O</NER>
          </token>
          <token id="24">
            <word>they</word>
            <lemma>they</lemma>
            <CharacterOffsetBegin>9922</CharacterOffsetBegin>
            <CharacterOffsetEnd>9926</CharacterOffsetEnd>
            <POS>PRP</POS>
            <NER>O</NER>
          </token>
          <token id="25">
            <word>were</word>
            <lemma>be</lemma>
            <CharacterOffsetBegin>9927</CharacterOffsetBegin>
            <CharacterOffsetEnd>9931</CharacterOffsetEnd>
            <POS>VBD</POS>
            <NER>O</NER>
          </token>
          <token id="26">
            <word>in</word>
            <lemma>in</lemma>
            <CharacterOffsetBegin>9932</CharacterOffsetBegin>
            <CharacterOffsetEnd>9934</CharacterOffsetEnd>
            <POS>IN</POS>
            <NER>O</NER>
          </token>
          <token id="27">
            <word>heaven</word>
            <lemma>heaven</lemma>
            <CharacterOffsetBegin>9935</CharacterOffsetBegin>
            <CharacterOffsetEnd>9941</CharacterOffsetEnd>
            <POS>NN</POS>
            <NER>O</NER>
          </token>
          <token id="28">
            <word>.</word>
            <lemma>.</lemma>
            <CharacterOffsetBegin>9941</CharacterOffsetBegin>
            <CharacterOffsetEnd>9942</CharacterOffsetEnd>
            <POS>.</POS>
            <NER>O</NER>
          </token>
        </tokens>
      </sentence>
      <sentence id="90">
        <tokens>
          <token id="1">
            <word>The</word>
            <lemma>the</lemma>
            <CharacterOffsetBegin>9944</CharacterOffsetBegin>
            <CharacterOffsetEnd>9947</CharacterOffsetEnd>
            <POS>DT</POS>
            <NER>O</NER>
          </token>
          <token id="2">
            <word>old</word>
            <lemma>old</lemma>
            <CharacterOffsetBegin>9948</CharacterOffsetBegin>
            <CharacterOffsetEnd>9951</CharacterOffsetEnd>
            <POS>JJ</POS>
            <NER>O</NER>
          </token>
          <token id="3">
            <word>woman</word>
            <lemma>woman</lemma>
            <CharacterOffsetBegin>9952</CharacterOffsetBegin>
            <CharacterOffsetEnd>9957</CharacterOffsetEnd>
            <POS>NN</POS>
            <NER>O</NER>
          </token>
          <token id="4">
            <word>had</word>
            <lemma>have</lemma>
            <CharacterOffsetBegin>9958</CharacterOffsetBegin>
            <CharacterOffsetEnd>9961</CharacterOffsetEnd>
            <POS>VBD</POS>
            <NER>O</NER>
          </token>
          <token id="5">
            <word>only</word>
            <lemma>only</lemma>
            <CharacterOffsetBegin>9962</CharacterOffsetBegin>
            <CharacterOffsetEnd>9966</CharacterOffsetEnd>
            <POS>RB</POS>
            <NER>O</NER>
          </token>
          <token id="6">
            <word>pretended</word>
            <lemma>pretended</lemma>
            <CharacterOffsetBegin>9967</CharacterOffsetBegin>
            <CharacterOffsetEnd>9976</CharacterOffsetEnd>
            <POS>JJ</POS>
            <NER>O</NER>
          </token>
          <token id="7">
            <word>to</word>
            <lemma>to</lemma>
            <CharacterOffsetBegin>9977</CharacterOffsetBegin>
            <CharacterOffsetEnd>9979</CharacterOffsetEnd>
            <POS>TO</POS>
            <NER>O</NER>
          </token>
          <token id="8">
            <word>be</word>
            <lemma>be</lemma>
            <CharacterOffsetBegin>9980</CharacterOffsetBegin>
            <CharacterOffsetEnd>9982</CharacterOffsetEnd>
            <POS>VB</POS>
            <NER>O</NER>
          </token>
          <token id="9">
            <word>so</word>
            <lemma>so</lemma>
            <CharacterOffsetBegin>9983</CharacterOffsetBegin>
            <CharacterOffsetEnd>9985</CharacterOffsetEnd>
            <POS>RB</POS>
            <NER>O</NER>
          </token>
          <token id="10">
            <word>kind</word>
            <lemma>kind</lemma>
            <CharacterOffsetBegin>9986</CharacterOffsetBegin>
            <CharacterOffsetEnd>9990</CharacterOffsetEnd>
            <POS>RB</POS>
            <NER>O</NER>
          </token>
          <token id="11">
            <word>;</word>
            <lemma>;</lemma>
            <CharacterOffsetBegin>9990</CharacterOffsetBegin>
            <CharacterOffsetEnd>9991</CharacterOffsetEnd>
            <POS>:</POS>
            <NER>O</NER>
          </token>
          <token id="12">
            <word>she</word>
            <lemma>she</lemma>
            <CharacterOffsetBegin>9992</CharacterOffsetBegin>
            <CharacterOffsetEnd>9995</CharacterOffsetEnd>
            <POS>PRP</POS>
            <NER>O</NER>
          </token>
          <token id="13">
            <word>was</word>
            <lemma>be</lemma>
            <CharacterOffsetBegin>9996</CharacterOffsetBegin>
            <CharacterOffsetEnd>9999</CharacterOffsetEnd>
            <POS>VBD</POS>
            <NER>O</NER>
          </token>
          <token id="14">
            <word>in</word>
            <lemma>in</lemma>
            <CharacterOffsetBegin>10000</CharacterOffsetBegin>
            <CharacterOffsetEnd>10002</CharacterOffsetEnd>
            <POS>IN</POS>
            <NER>O</NER>
          </token>
          <token id="15">
            <word>reality</word>
            <lemma>reality</lemma>
            <CharacterOffsetBegin>10003</CharacterOffsetBegin>
            <CharacterOffsetEnd>10010</CharacterOffsetEnd>
            <POS>NN</POS>
            <NER>O</NER>
          </token>
          <token id="16">
            <word>a</word>
            <lemma>a</lemma>
            <CharacterOffsetBegin>10011</CharacterOffsetBegin>
            <CharacterOffsetEnd>10012</CharacterOffsetEnd>
            <POS>DT</POS>
            <NER>O</NER>
          </token>
          <token id="17">
            <word>wicked</word>
            <lemma>wicked</lemma>
            <CharacterOffsetBegin>10013</CharacterOffsetBegin>
            <CharacterOffsetEnd>10019</CharacterOffsetEnd>
            <POS>JJ</POS>
            <NER>O</NER>
          </token>
          <token id="18">
            <word>witch</word>
            <lemma>witch</lemma>
            <CharacterOffsetBegin>10020</CharacterOffsetBegin>
            <CharacterOffsetEnd>10025</CharacterOffsetEnd>
            <POS>NN</POS>
            <NER>O</NER>
          </token>
          <token id="19">
            <word>,</word>
            <lemma>,</lemma>
            <CharacterOffsetBegin>10025</CharacterOffsetBegin>
            <CharacterOffsetEnd>10026</CharacterOffsetEnd>
            <POS>,</POS>
            <NER>O</NER>
          </token>
          <token id="20">
            <word>who</word>
            <lemma>who</lemma>
            <CharacterOffsetBegin>10027</CharacterOffsetBegin>
            <CharacterOffsetEnd>10030</CharacterOffsetEnd>
            <POS>WP</POS>
            <NER>O</NER>
          </token>
          <token id="21">
            <word>lay</word>
            <lemma>lay</lemma>
            <CharacterOffsetBegin>10031</CharacterOffsetBegin>
            <CharacterOffsetEnd>10034</CharacterOffsetEnd>
            <POS>VBD</POS>
            <NER>O</NER>
          </token>
          <token id="22">
            <word>in</word>
            <lemma>in</lemma>
            <CharacterOffsetBegin>10035</CharacterOffsetBegin>
            <CharacterOffsetEnd>10037</CharacterOffsetEnd>
            <POS>IN</POS>
            <NER>O</NER>
          </token>
          <token id="23">
            <word>wait</word>
            <lemma>wait</lemma>
            <CharacterOffsetBegin>10038</CharacterOffsetBegin>
            <CharacterOffsetEnd>10042</CharacterOffsetEnd>
            <POS>NN</POS>
            <NER>O</NER>
          </token>
          <token id="24">
            <word>for</word>
            <lemma>for</lemma>
            <CharacterOffsetBegin>10043</CharacterOffsetBegin>
            <CharacterOffsetEnd>10046</CharacterOffsetEnd>
            <POS>IN</POS>
            <NER>O</NER>
          </token>
          <token id="25">
            <word>children</word>
            <lemma>child</lemma>
            <CharacterOffsetBegin>10047</CharacterOffsetBegin>
            <CharacterOffsetEnd>10055</CharacterOffsetEnd>
            <POS>NNS</POS>
            <NER>O</NER>
          </token>
          <token id="26">
            <word>,</word>
            <lemma>,</lemma>
            <CharacterOffsetBegin>10055</CharacterOffsetBegin>
            <CharacterOffsetEnd>10056</CharacterOffsetEnd>
            <POS>,</POS>
            <NER>O</NER>
          </token>
          <token id="27">
            <word>and</word>
            <lemma>and</lemma>
            <CharacterOffsetBegin>10057</CharacterOffsetBegin>
            <CharacterOffsetEnd>10060</CharacterOffsetEnd>
            <POS>CC</POS>
            <NER>O</NER>
          </token>
          <token id="28">
            <word>had</word>
            <lemma>have</lemma>
            <CharacterOffsetBegin>10061</CharacterOffsetBegin>
            <CharacterOffsetEnd>10064</CharacterOffsetEnd>
            <POS>VBD</POS>
            <NER>O</NER>
          </token>
          <token id="29">
            <word>only</word>
            <lemma>only</lemma>
            <CharacterOffsetBegin>10065</CharacterOffsetBegin>
            <CharacterOffsetEnd>10069</CharacterOffsetEnd>
            <POS>RB</POS>
            <NER>O</NER>
          </token>
          <token id="30">
            <word>built</word>
            <lemma>build</lemma>
            <CharacterOffsetBegin>10070</CharacterOffsetBegin>
            <CharacterOffsetEnd>10075</CharacterOffsetEnd>
            <POS>VBN</POS>
            <NER>O</NER>
          </token>
          <token id="31">
            <word>the</word>
            <lemma>the</lemma>
            <CharacterOffsetBegin>10076</CharacterOffsetBegin>
            <CharacterOffsetEnd>10079</CharacterOffsetEnd>
            <POS>DT</POS>
            <NER>O</NER>
          </token>
          <token id="32">
            <word>little</word>
            <lemma>little</lemma>
            <CharacterOffsetBegin>10080</CharacterOffsetBegin>
            <CharacterOffsetEnd>10086</CharacterOffsetEnd>
            <POS>JJ</POS>
            <NER>O</NER>
          </token>
          <token id="33">
            <word>house</word>
            <lemma>house</lemma>
            <CharacterOffsetBegin>10087</CharacterOffsetBegin>
            <CharacterOffsetEnd>10092</CharacterOffsetEnd>
            <POS>NN</POS>
            <NER>O</NER>
          </token>
          <token id="34">
            <word>of</word>
            <lemma>of</lemma>
            <CharacterOffsetBegin>10093</CharacterOffsetBegin>
            <CharacterOffsetEnd>10095</CharacterOffsetEnd>
            <POS>IN</POS>
            <NER>O</NER>
          </token>
          <token id="35">
            <word>bread</word>
            <lemma>bread</lemma>
            <CharacterOffsetBegin>10096</CharacterOffsetBegin>
            <CharacterOffsetEnd>10101</CharacterOffsetEnd>
            <POS>NN</POS>
            <NER>O</NER>
          </token>
          <token id="36">
            <word>in</word>
            <lemma>in</lemma>
            <CharacterOffsetBegin>10102</CharacterOffsetBegin>
            <CharacterOffsetEnd>10104</CharacterOffsetEnd>
            <POS>IN</POS>
            <NER>O</NER>
          </token>
          <token id="37">
            <word>order</word>
            <lemma>order</lemma>
            <CharacterOffsetBegin>10105</CharacterOffsetBegin>
            <CharacterOffsetEnd>10110</CharacterOffsetEnd>
            <POS>NN</POS>
            <NER>O</NER>
          </token>
          <token id="38">
            <word>to</word>
            <lemma>to</lemma>
            <CharacterOffsetBegin>10111</CharacterOffsetBegin>
            <CharacterOffsetEnd>10113</CharacterOffsetEnd>
            <POS>TO</POS>
            <NER>O</NER>
          </token>
          <token id="39">
            <word>entice</word>
            <lemma>entice</lemma>
            <CharacterOffsetBegin>10114</CharacterOffsetBegin>
            <CharacterOffsetEnd>10120</CharacterOffsetEnd>
            <POS>VB</POS>
            <NER>O</NER>
          </token>
          <token id="40">
            <word>them</word>
            <lemma>they</lemma>
            <CharacterOffsetBegin>10121</CharacterOffsetBegin>
            <CharacterOffsetEnd>10125</CharacterOffsetEnd>
            <POS>PRP</POS>
            <NER>O</NER>
          </token>
          <token id="41">
            <word>there</word>
            <lemma>there</lemma>
            <CharacterOffsetBegin>10126</CharacterOffsetBegin>
            <CharacterOffsetEnd>10131</CharacterOffsetEnd>
            <POS>EX</POS>
            <NER>O</NER>
          </token>
          <token id="42">
            <word>.</word>
            <lemma>.</lemma>
            <CharacterOffsetBegin>10131</CharacterOffsetBegin>
            <CharacterOffsetEnd>10132</CharacterOffsetEnd>
            <POS>.</POS>
            <NER>O</NER>
          </token>
        </tokens>
      </sentence>
      <sentence id="91">
        <tokens>
          <token id="1">
            <word>When</word>
            <lemma>when</lemma>
            <CharacterOffsetBegin>10133</CharacterOffsetBegin>
            <CharacterOffsetEnd>10137</CharacterOffsetEnd>
            <POS>WRB</POS>
            <NER>O</NER>
          </token>
          <token id="2">
            <word>a</word>
            <lemma>a</lemma>
            <CharacterOffsetBegin>10138</CharacterOffsetBegin>
            <CharacterOffsetEnd>10139</CharacterOffsetEnd>
            <POS>DT</POS>
            <NER>O</NER>
          </token>
          <token id="3">
            <word>child</word>
            <lemma>child</lemma>
            <CharacterOffsetBegin>10140</CharacterOffsetBegin>
            <CharacterOffsetEnd>10145</CharacterOffsetEnd>
            <POS>NN</POS>
            <NER>O</NER>
          </token>
          <token id="4">
            <word>fell</word>
            <lemma>fall</lemma>
            <CharacterOffsetBegin>10146</CharacterOffsetBegin>
            <CharacterOffsetEnd>10150</CharacterOffsetEnd>
            <POS>VBD</POS>
            <NER>O</NER>
          </token>
          <token id="5">
            <word>into</word>
            <lemma>into</lemma>
            <CharacterOffsetBegin>10151</CharacterOffsetBegin>
            <CharacterOffsetEnd>10155</CharacterOffsetEnd>
            <POS>IN</POS>
            <NER>O</NER>
          </token>
          <token id="6">
            <word>her</word>
            <lemma>she</lemma>
            <CharacterOffsetBegin>10156</CharacterOffsetBegin>
            <CharacterOffsetEnd>10159</CharacterOffsetEnd>
            <POS>PRP$</POS>
            <NER>O</NER>
          </token>
          <token id="7">
            <word>power</word>
            <lemma>power</lemma>
            <CharacterOffsetBegin>10160</CharacterOffsetBegin>
            <CharacterOffsetEnd>10165</CharacterOffsetEnd>
            <POS>NN</POS>
            <NER>O</NER>
          </token>
          <token id="8">
            <word>,</word>
            <lemma>,</lemma>
            <CharacterOffsetBegin>10165</CharacterOffsetBegin>
            <CharacterOffsetEnd>10166</CharacterOffsetEnd>
            <POS>,</POS>
            <NER>O</NER>
          </token>
          <token id="9">
            <word>she</word>
            <lemma>she</lemma>
            <CharacterOffsetBegin>10167</CharacterOffsetBegin>
            <CharacterOffsetEnd>10170</CharacterOffsetEnd>
            <POS>PRP</POS>
            <NER>O</NER>
          </token>
          <token id="10">
            <word>killed</word>
            <lemma>kill</lemma>
            <CharacterOffsetBegin>10171</CharacterOffsetBegin>
            <CharacterOffsetEnd>10177</CharacterOffsetEnd>
            <POS>VBD</POS>
            <NER>O</NER>
          </token>
          <token id="11">
            <word>it</word>
            <lemma>it</lemma>
            <CharacterOffsetBegin>10178</CharacterOffsetBegin>
            <CharacterOffsetEnd>10180</CharacterOffsetEnd>
            <POS>PRP</POS>
            <NER>O</NER>
          </token>
          <token id="12">
            <word>,</word>
            <lemma>,</lemma>
            <CharacterOffsetBegin>10180</CharacterOffsetBegin>
            <CharacterOffsetEnd>10181</CharacterOffsetEnd>
            <POS>,</POS>
            <NER>O</NER>
          </token>
          <token id="13">
            <word>cooked</word>
            <lemma>cook</lemma>
            <CharacterOffsetBegin>10182</CharacterOffsetBegin>
            <CharacterOffsetEnd>10188</CharacterOffsetEnd>
            <POS>VBN</POS>
            <NER>O</NER>
          </token>
          <token id="14">
            <word>and</word>
            <lemma>and</lemma>
            <CharacterOffsetBegin>10189</CharacterOffsetBegin>
            <CharacterOffsetEnd>10192</CharacterOffsetEnd>
            <POS>CC</POS>
            <NER>O</NER>
          </token>
          <token id="15">
            <word>ate</word>
            <lemma>eat</lemma>
            <CharacterOffsetBegin>10193</CharacterOffsetBegin>
            <CharacterOffsetEnd>10196</CharacterOffsetEnd>
            <POS>VBD</POS>
            <NER>O</NER>
          </token>
          <token id="16">
            <word>it</word>
            <lemma>it</lemma>
            <CharacterOffsetBegin>10197</CharacterOffsetBegin>
            <CharacterOffsetEnd>10199</CharacterOffsetEnd>
            <POS>PRP</POS>
            <NER>O</NER>
          </token>
          <token id="17">
            <word>,</word>
            <lemma>,</lemma>
            <CharacterOffsetBegin>10199</CharacterOffsetBegin>
            <CharacterOffsetEnd>10200</CharacterOffsetEnd>
            <POS>,</POS>
            <NER>O</NER>
          </token>
          <token id="18">
            <word>and</word>
            <lemma>and</lemma>
            <CharacterOffsetBegin>10201</CharacterOffsetBegin>
            <CharacterOffsetEnd>10204</CharacterOffsetEnd>
            <POS>CC</POS>
            <NER>O</NER>
          </token>
          <token id="19">
            <word>that</word>
            <lemma>that</lemma>
            <CharacterOffsetBegin>10205</CharacterOffsetBegin>
            <CharacterOffsetEnd>10209</CharacterOffsetEnd>
            <POS>DT</POS>
            <NER>O</NER>
          </token>
          <token id="20">
            <word>was</word>
            <lemma>be</lemma>
            <CharacterOffsetBegin>10210</CharacterOffsetBegin>
            <CharacterOffsetEnd>10213</CharacterOffsetEnd>
            <POS>VBD</POS>
            <NER>O</NER>
          </token>
          <token id="21">
            <word>a</word>
            <lemma>a</lemma>
            <CharacterOffsetBegin>10214</CharacterOffsetBegin>
            <CharacterOffsetEnd>10215</CharacterOffsetEnd>
            <POS>DT</POS>
            <NER>O</NER>
          </token>
          <token id="22">
            <word>feast</word>
            <lemma>feast</lemma>
            <CharacterOffsetBegin>10216</CharacterOffsetBegin>
            <CharacterOffsetEnd>10221</CharacterOffsetEnd>
            <POS>JJ</POS>
            <NER>O</NER>
          </token>
          <token id="23">
            <word>day</word>
            <lemma>day</lemma>
            <CharacterOffsetBegin>10222</CharacterOffsetBegin>
            <CharacterOffsetEnd>10225</CharacterOffsetEnd>
            <POS>NN</POS>
            <NER>DURATION</NER>
            <NormalizedNER>P1D</NormalizedNER>
            <Timex tid="t8" type="DURATION">P1D</Timex>
          </token>
          <token id="24">
            <word>with</word>
            <lemma>with</lemma>
            <CharacterOffsetBegin>10226</CharacterOffsetBegin>
            <CharacterOffsetEnd>10230</CharacterOffsetEnd>
            <POS>IN</POS>
            <NER>O</NER>
          </token>
          <token id="25">
            <word>her</word>
            <lemma>she</lemma>
            <CharacterOffsetBegin>10231</CharacterOffsetBegin>
            <CharacterOffsetEnd>10234</CharacterOffsetEnd>
            <POS>PRP</POS>
            <NER>O</NER>
          </token>
          <token id="26">
            <word>.</word>
            <lemma>.</lemma>
            <CharacterOffsetBegin>10234</CharacterOffsetBegin>
            <CharacterOffsetEnd>10235</CharacterOffsetEnd>
            <POS>.</POS>
            <NER>O</NER>
          </token>
        </tokens>
      </sentence>
      <sentence id="92">
        <tokens>
          <token id="1">
            <word>Witches</word>
            <lemma>witch</lemma>
            <CharacterOffsetBegin>10236</CharacterOffsetBegin>
            <CharacterOffsetEnd>10243</CharacterOffsetEnd>
            <POS>NNS</POS>
            <NER>O</NER>
          </token>
          <token id="2">
            <word>have</word>
            <lemma>have</lemma>
            <CharacterOffsetBegin>10244</CharacterOffsetBegin>
            <CharacterOffsetEnd>10248</CharacterOffsetEnd>
            <POS>VBP</POS>
            <NER>O</NER>
          </token>
          <token id="3">
            <word>red</word>
            <lemma>red</lemma>
            <CharacterOffsetBegin>10249</CharacterOffsetBegin>
            <CharacterOffsetEnd>10252</CharacterOffsetEnd>
            <POS>JJ</POS>
            <NER>O</NER>
          </token>
          <token id="4">
            <word>eyes</word>
            <lemma>eye</lemma>
            <CharacterOffsetBegin>10253</CharacterOffsetBegin>
            <CharacterOffsetEnd>10257</CharacterOffsetEnd>
            <POS>NNS</POS>
            <NER>O</NER>
          </token>
          <token id="5">
            <word>,</word>
            <lemma>,</lemma>
            <CharacterOffsetBegin>10257</CharacterOffsetBegin>
            <CharacterOffsetEnd>10258</CharacterOffsetEnd>
            <POS>,</POS>
            <NER>O</NER>
          </token>
          <token id="6">
            <word>and</word>
            <lemma>and</lemma>
            <CharacterOffsetBegin>10259</CharacterOffsetBegin>
            <CharacterOffsetEnd>10262</CharacterOffsetEnd>
            <POS>CC</POS>
            <NER>O</NER>
          </token>
          <token id="7">
            <word>can</word>
            <lemma>can</lemma>
            <CharacterOffsetBegin>10263</CharacterOffsetBegin>
            <CharacterOffsetEnd>10266</CharacterOffsetEnd>
            <POS>MD</POS>
            <NER>O</NER>
          </token>
          <token id="8">
            <word>not</word>
            <lemma>not</lemma>
            <CharacterOffsetBegin>10266</CharacterOffsetBegin>
            <CharacterOffsetEnd>10269</CharacterOffsetEnd>
            <POS>RB</POS>
            <NER>O</NER>
          </token>
          <token id="9">
            <word>see</word>
            <lemma>see</lemma>
            <CharacterOffsetBegin>10270</CharacterOffsetBegin>
            <CharacterOffsetEnd>10273</CharacterOffsetEnd>
            <POS>VB</POS>
            <NER>O</NER>
          </token>
          <token id="10">
            <word>far</word>
            <lemma>far</lemma>
            <CharacterOffsetBegin>10274</CharacterOffsetBegin>
            <CharacterOffsetEnd>10277</CharacterOffsetEnd>
            <POS>RB</POS>
            <NER>O</NER>
          </token>
          <token id="11">
            <word>,</word>
            <lemma>,</lemma>
            <CharacterOffsetBegin>10277</CharacterOffsetBegin>
            <CharacterOffsetEnd>10278</CharacterOffsetEnd>
            <POS>,</POS>
            <NER>O</NER>
          </token>
          <token id="12">
            <word>but</word>
            <lemma>but</lemma>
            <CharacterOffsetBegin>10279</CharacterOffsetBegin>
            <CharacterOffsetEnd>10282</CharacterOffsetEnd>
            <POS>CC</POS>
            <NER>O</NER>
          </token>
          <token id="13">
            <word>they</word>
            <lemma>they</lemma>
            <CharacterOffsetBegin>10283</CharacterOffsetBegin>
            <CharacterOffsetEnd>10287</CharacterOffsetEnd>
            <POS>PRP</POS>
            <NER>O</NER>
          </token>
          <token id="14">
            <word>have</word>
            <lemma>have</lemma>
            <CharacterOffsetBegin>10288</CharacterOffsetBegin>
            <CharacterOffsetEnd>10292</CharacterOffsetEnd>
            <POS>VBP</POS>
            <NER>O</NER>
          </token>
          <token id="15">
            <word>a</word>
            <lemma>a</lemma>
            <CharacterOffsetBegin>10293</CharacterOffsetBegin>
            <CharacterOffsetEnd>10294</CharacterOffsetEnd>
            <POS>DT</POS>
            <NER>O</NER>
          </token>
          <token id="16">
            <word>keen</word>
            <lemma>keen</lemma>
            <CharacterOffsetBegin>10295</CharacterOffsetBegin>
            <CharacterOffsetEnd>10299</CharacterOffsetEnd>
            <POS>JJ</POS>
            <NER>O</NER>
          </token>
          <token id="17">
            <word>scent</word>
            <lemma>scent</lemma>
            <CharacterOffsetBegin>10300</CharacterOffsetBegin>
            <CharacterOffsetEnd>10305</CharacterOffsetEnd>
            <POS>NN</POS>
            <NER>O</NER>
          </token>
          <token id="18">
            <word>like</word>
            <lemma>like</lemma>
            <CharacterOffsetBegin>10306</CharacterOffsetBegin>
            <CharacterOffsetEnd>10310</CharacterOffsetEnd>
            <POS>IN</POS>
            <NER>O</NER>
          </token>
          <token id="19">
            <word>the</word>
            <lemma>the</lemma>
            <CharacterOffsetBegin>10311</CharacterOffsetBegin>
            <CharacterOffsetEnd>10314</CharacterOffsetEnd>
            <POS>DT</POS>
            <NER>O</NER>
          </token>
          <token id="20">
            <word>beasts</word>
            <lemma>beast</lemma>
            <CharacterOffsetBegin>10315</CharacterOffsetBegin>
            <CharacterOffsetEnd>10321</CharacterOffsetEnd>
            <POS>NNS</POS>
            <NER>O</NER>
          </token>
          <token id="21">
            <word>,</word>
            <lemma>,</lemma>
            <CharacterOffsetBegin>10321</CharacterOffsetBegin>
            <CharacterOffsetEnd>10322</CharacterOffsetEnd>
            <POS>,</POS>
            <NER>O</NER>
          </token>
          <token id="22">
            <word>and</word>
            <lemma>and</lemma>
            <CharacterOffsetBegin>10323</CharacterOffsetBegin>
            <CharacterOffsetEnd>10326</CharacterOffsetEnd>
            <POS>CC</POS>
            <NER>O</NER>
          </token>
          <token id="23">
            <word>are</word>
            <lemma>be</lemma>
            <CharacterOffsetBegin>10327</CharacterOffsetBegin>
            <CharacterOffsetEnd>10330</CharacterOffsetEnd>
            <POS>VBP</POS>
            <NER>O</NER>
          </token>
          <token id="24">
            <word>aware</word>
            <lemma>aware</lemma>
            <CharacterOffsetBegin>10331</CharacterOffsetBegin>
            <CharacterOffsetEnd>10336</CharacterOffsetEnd>
            <POS>JJ</POS>
            <NER>O</NER>
          </token>
          <token id="25">
            <word>when</word>
            <lemma>when</lemma>
            <CharacterOffsetBegin>10337</CharacterOffsetBegin>
            <CharacterOffsetEnd>10341</CharacterOffsetEnd>
            <POS>WRB</POS>
            <NER>O</NER>
          </token>
          <token id="26">
            <word>human</word>
            <lemma>human</lemma>
            <CharacterOffsetBegin>10342</CharacterOffsetBegin>
            <CharacterOffsetEnd>10347</CharacterOffsetEnd>
            <POS>JJ</POS>
            <NER>O</NER>
          </token>
          <token id="27">
            <word>beings</word>
            <lemma>being</lemma>
            <CharacterOffsetBegin>10348</CharacterOffsetBegin>
            <CharacterOffsetEnd>10354</CharacterOffsetEnd>
            <POS>NNS</POS>
            <NER>O</NER>
          </token>
          <token id="28">
            <word>draw</word>
            <lemma>draw</lemma>
            <CharacterOffsetBegin>10355</CharacterOffsetBegin>
            <CharacterOffsetEnd>10359</CharacterOffsetEnd>
            <POS>VB</POS>
            <NER>O</NER>
          </token>
          <token id="29">
            <word>near</word>
            <lemma>near</lemma>
            <CharacterOffsetBegin>10360</CharacterOffsetBegin>
            <CharacterOffsetEnd>10364</CharacterOffsetEnd>
            <POS>RB</POS>
            <NER>O</NER>
          </token>
          <token id="30">
            <word>.</word>
            <lemma>.</lemma>
            <CharacterOffsetBegin>10364</CharacterOffsetBegin>
            <CharacterOffsetEnd>10365</CharacterOffsetEnd>
            <POS>.</POS>
            <NER>O</NER>
          </token>
        </tokens>
      </sentence>
      <sentence id="93">
        <tokens>
          <token id="1">
            <word>When</word>
            <lemma>when</lemma>
            <CharacterOffsetBegin>10366</CharacterOffsetBegin>
            <CharacterOffsetEnd>10370</CharacterOffsetEnd>
            <POS>WRB</POS>
            <NER>O</NER>
          </token>
          <token id="2">
            <word>Hansel</word>
            <lemma>Hansel</lemma>
            <CharacterOffsetBegin>10371</CharacterOffsetBegin>
            <CharacterOffsetEnd>10377</CharacterOffsetEnd>
            <POS>NNP</POS>
            <NER>PERSON</NER>
          </token>
          <token id="3">
            <word>and</word>
            <lemma>and</lemma>
            <CharacterOffsetBegin>10378</CharacterOffsetBegin>
            <CharacterOffsetEnd>10381</CharacterOffsetEnd>
            <POS>CC</POS>
            <NER>O</NER>
          </token>
          <token id="4">
            <word>Gretel</word>
            <lemma>Gretel</lemma>
            <CharacterOffsetBegin>10382</CharacterOffsetBegin>
            <CharacterOffsetEnd>10388</CharacterOffsetEnd>
            <POS>NNP</POS>
            <NER>PERSON</NER>
          </token>
          <token id="5">
            <word>came</word>
            <lemma>come</lemma>
            <CharacterOffsetBegin>10389</CharacterOffsetBegin>
            <CharacterOffsetEnd>10393</CharacterOffsetEnd>
            <POS>VBD</POS>
            <NER>O</NER>
          </token>
          <token id="6">
            <word>into</word>
            <lemma>into</lemma>
            <CharacterOffsetBegin>10394</CharacterOffsetBegin>
            <CharacterOffsetEnd>10398</CharacterOffsetEnd>
            <POS>IN</POS>
            <NER>O</NER>
          </token>
          <token id="7">
            <word>her</word>
            <lemma>she</lemma>
            <CharacterOffsetBegin>10399</CharacterOffsetBegin>
            <CharacterOffsetEnd>10402</CharacterOffsetEnd>
            <POS>PRP$</POS>
            <NER>O</NER>
          </token>
          <token id="8">
            <word>neighbourhood</word>
            <lemma>neighbourhood</lemma>
            <CharacterOffsetBegin>10403</CharacterOffsetBegin>
            <CharacterOffsetEnd>10416</CharacterOffsetEnd>
            <POS>NN</POS>
            <NER>O</NER>
          </token>
          <token id="9">
            <word>,</word>
            <lemma>,</lemma>
            <CharacterOffsetBegin>10416</CharacterOffsetBegin>
            <CharacterOffsetEnd>10417</CharacterOffsetEnd>
            <POS>,</POS>
            <NER>O</NER>
          </token>
          <token id="10">
            <word>she</word>
            <lemma>she</lemma>
            <CharacterOffsetBegin>10418</CharacterOffsetBegin>
            <CharacterOffsetEnd>10421</CharacterOffsetEnd>
            <POS>PRP</POS>
            <NER>O</NER>
          </token>
          <token id="11">
            <word>laughed</word>
            <lemma>laugh</lemma>
            <CharacterOffsetBegin>10422</CharacterOffsetBegin>
            <CharacterOffsetEnd>10429</CharacterOffsetEnd>
            <POS>VBD</POS>
            <NER>O</NER>
          </token>
          <token id="12">
            <word>with</word>
            <lemma>with</lemma>
            <CharacterOffsetBegin>10430</CharacterOffsetBegin>
            <CharacterOffsetEnd>10434</CharacterOffsetEnd>
            <POS>IN</POS>
            <NER>O</NER>
          </token>
          <token id="13">
            <word>malice</word>
            <lemma>malice</lemma>
            <CharacterOffsetBegin>10435</CharacterOffsetBegin>
            <CharacterOffsetEnd>10441</CharacterOffsetEnd>
            <POS>NN</POS>
            <NER>O</NER>
          </token>
          <token id="14">
            <word>,</word>
            <lemma>,</lemma>
            <CharacterOffsetBegin>10441</CharacterOffsetBegin>
            <CharacterOffsetEnd>10442</CharacterOffsetEnd>
            <POS>,</POS>
            <NER>O</NER>
          </token>
          <token id="15">
            <word>and</word>
            <lemma>and</lemma>
            <CharacterOffsetBegin>10443</CharacterOffsetBegin>
            <CharacterOffsetEnd>10446</CharacterOffsetEnd>
            <POS>CC</POS>
            <NER>O</NER>
          </token>
          <token id="16">
            <word>said</word>
            <lemma>say</lemma>
            <CharacterOffsetBegin>10447</CharacterOffsetBegin>
            <CharacterOffsetEnd>10451</CharacterOffsetEnd>
            <POS>VBD</POS>
            <NER>O</NER>
          </token>
          <token id="17">
            <word>mockingly</word>
            <lemma>mockingly</lemma>
            <CharacterOffsetBegin>10452</CharacterOffsetBegin>
            <CharacterOffsetEnd>10461</CharacterOffsetEnd>
            <POS>RB</POS>
            <NER>O</NER>
          </token>
          <token id="18">
            <word>:</word>
            <lemma>:</lemma>
            <CharacterOffsetBegin>10461</CharacterOffsetBegin>
            <CharacterOffsetEnd>10462</CharacterOffsetEnd>
            <POS>:</POS>
            <NER>O</NER>
          </token>
          <token id="19">
            <word>`</word>
            <lemma>`</lemma>
            <CharacterOffsetBegin>10463</CharacterOffsetBegin>
            <CharacterOffsetEnd>10464</CharacterOffsetEnd>
            <POS>``</POS>
            <NER>O</NER>
          </token>
          <token id="20">
            <word>I</word>
            <lemma>I</lemma>
            <CharacterOffsetBegin>10464</CharacterOffsetBegin>
            <CharacterOffsetEnd>10465</CharacterOffsetEnd>
            <POS>PRP</POS>
            <NER>O</NER>
          </token>
          <token id="21">
            <word>have</word>
            <lemma>have</lemma>
            <CharacterOffsetBegin>10466</CharacterOffsetBegin>
            <CharacterOffsetEnd>10470</CharacterOffsetEnd>
            <POS>VBP</POS>
            <NER>O</NER>
          </token>
          <token id="22">
            <word>them</word>
            <lemma>they</lemma>
            <CharacterOffsetBegin>10471</CharacterOffsetBegin>
            <CharacterOffsetEnd>10475</CharacterOffsetEnd>
            <POS>PRP</POS>
            <NER>O</NER>
          </token>
          <token id="23">
            <word>,</word>
            <lemma>,</lemma>
            <CharacterOffsetBegin>10475</CharacterOffsetBegin>
            <CharacterOffsetEnd>10476</CharacterOffsetEnd>
            <POS>,</POS>
            <NER>O</NER>
          </token>
          <token id="24">
            <word>they</word>
            <lemma>they</lemma>
            <CharacterOffsetBegin>10477</CharacterOffsetBegin>
            <CharacterOffsetEnd>10481</CharacterOffsetEnd>
            <POS>PRP</POS>
            <NER>O</NER>
          </token>
          <token id="25">
            <word>shall</word>
            <lemma>shall</lemma>
            <CharacterOffsetBegin>10482</CharacterOffsetBegin>
            <CharacterOffsetEnd>10487</CharacterOffsetEnd>
            <POS>MD</POS>
            <NER>O</NER>
          </token>
          <token id="26">
            <word>not</word>
            <lemma>not</lemma>
            <CharacterOffsetBegin>10488</CharacterOffsetBegin>
            <CharacterOffsetEnd>10491</CharacterOffsetEnd>
            <POS>RB</POS>
            <NER>O</NER>
          </token>
          <token id="27">
            <word>escape</word>
            <lemma>escape</lemma>
            <CharacterOffsetBegin>10492</CharacterOffsetBegin>
            <CharacterOffsetEnd>10498</CharacterOffsetEnd>
            <POS>VB</POS>
            <NER>O</NER>
          </token>
          <token id="28">
            <word>me</word>
            <lemma>I</lemma>
            <CharacterOffsetBegin>10499</CharacterOffsetBegin>
            <CharacterOffsetEnd>10501</CharacterOffsetEnd>
            <POS>PRP</POS>
            <NER>O</NER>
          </token>
          <token id="29">
            <word>again</word>
            <lemma>again</lemma>
            <CharacterOffsetBegin>10502</CharacterOffsetBegin>
            <CharacterOffsetEnd>10507</CharacterOffsetEnd>
            <POS>RB</POS>
            <NER>O</NER>
          </token>
          <token id="30">
            <word>!</word>
            <lemma>!</lemma>
            <CharacterOffsetBegin>10507</CharacterOffsetBegin>
            <CharacterOffsetEnd>10508</CharacterOffsetEnd>
            <POS>.</POS>
            <NER>O</NER>
          </token>
          <token id="31">
            <word>'</word>
            <lemma>'</lemma>
            <CharacterOffsetBegin>10508</CharacterOffsetBegin>
            <CharacterOffsetEnd>10509</CharacterOffsetEnd>
            <POS>''</POS>
            <NER>O</NER>
          </token>
        </tokens>
      </sentence>
      <sentence id="94">
        <tokens>
          <token id="1">
            <word>Early</word>
            <lemma>early</lemma>
            <CharacterOffsetBegin>10510</CharacterOffsetBegin>
            <CharacterOffsetEnd>10515</CharacterOffsetEnd>
            <POS>RB</POS>
            <NER>O</NER>
          </token>
          <token id="2">
            <word>in</word>
            <lemma>in</lemma>
            <CharacterOffsetBegin>10516</CharacterOffsetBegin>
            <CharacterOffsetEnd>10518</CharacterOffsetEnd>
            <POS>IN</POS>
            <NER>O</NER>
          </token>
          <token id="3">
            <word>the</word>
            <lemma>the</lemma>
            <CharacterOffsetBegin>10519</CharacterOffsetBegin>
            <CharacterOffsetEnd>10522</CharacterOffsetEnd>
            <POS>DT</POS>
            <NER>O</NER>
          </token>
          <token id="4">
            <word>morning</word>
            <lemma>morning</lemma>
            <CharacterOffsetBegin>10523</CharacterOffsetBegin>
            <CharacterOffsetEnd>10530</CharacterOffsetEnd>
            <POS>NN</POS>
            <NER>TIME</NER>
            <NormalizedNER>TMO</NormalizedNER>
            <Timex tid="t31" type="TIME">TMO</Timex>
          </token>
          <token id="5">
            <word>before</word>
            <lemma>before</lemma>
            <CharacterOffsetBegin>10531</CharacterOffsetBegin>
            <CharacterOffsetEnd>10537</CharacterOffsetEnd>
            <POS>IN</POS>
            <NER>TIME</NER>
            <NormalizedNER>TMO</NormalizedNER>
            <Timex tid="t31" type="TIME">TMO</Timex>
          </token>
          <token id="6">
            <word>the</word>
            <lemma>the</lemma>
            <CharacterOffsetBegin>10538</CharacterOffsetBegin>
            <CharacterOffsetEnd>10541</CharacterOffsetEnd>
            <POS>DT</POS>
            <NER>O</NER>
          </token>
          <token id="7">
            <word>children</word>
            <lemma>child</lemma>
            <CharacterOffsetBegin>10542</CharacterOffsetBegin>
            <CharacterOffsetEnd>10550</CharacterOffsetEnd>
            <POS>NNS</POS>
            <NER>O</NER>
          </token>
          <token id="8">
            <word>were</word>
            <lemma>be</lemma>
            <CharacterOffsetBegin>10551</CharacterOffsetBegin>
            <CharacterOffsetEnd>10555</CharacterOffsetEnd>
            <POS>VBD</POS>
            <NER>O</NER>
          </token>
          <token id="9">
            <word>awake</word>
            <lemma>awake</lemma>
            <CharacterOffsetBegin>10556</CharacterOffsetBegin>
            <CharacterOffsetEnd>10561</CharacterOffsetEnd>
            <POS>RB</POS>
            <NER>O</NER>
          </token>
          <token id="10">
            <word>,</word>
            <lemma>,</lemma>
            <CharacterOffsetBegin>10561</CharacterOffsetBegin>
            <CharacterOffsetEnd>10562</CharacterOffsetEnd>
            <POS>,</POS>
            <NER>O</NER>
          </token>
          <token id="11">
            <word>she</word>
            <lemma>she</lemma>
            <CharacterOffsetBegin>10563</CharacterOffsetBegin>
            <CharacterOffsetEnd>10566</CharacterOffsetEnd>
            <POS>PRP</POS>
            <NER>O</NER>
          </token>
          <token id="12">
            <word>was</word>
            <lemma>be</lemma>
            <CharacterOffsetBegin>10567</CharacterOffsetBegin>
            <CharacterOffsetEnd>10570</CharacterOffsetEnd>
            <POS>VBD</POS>
            <NER>O</NER>
          </token>
          <token id="13">
            <word>already</word>
            <lemma>already</lemma>
            <CharacterOffsetBegin>10571</CharacterOffsetBegin>
            <CharacterOffsetEnd>10578</CharacterOffsetEnd>
            <POS>RB</POS>
            <NER>O</NER>
          </token>
          <token id="14">
            <word>up</word>
            <lemma>up</lemma>
            <CharacterOffsetBegin>10579</CharacterOffsetBegin>
            <CharacterOffsetEnd>10581</CharacterOffsetEnd>
            <POS>RB</POS>
            <NER>O</NER>
          </token>
          <token id="15">
            <word>,</word>
            <lemma>,</lemma>
            <CharacterOffsetBegin>10581</CharacterOffsetBegin>
            <CharacterOffsetEnd>10582</CharacterOffsetEnd>
            <POS>,</POS>
            <NER>O</NER>
          </token>
          <token id="16">
            <word>and</word>
            <lemma>and</lemma>
            <CharacterOffsetBegin>10583</CharacterOffsetBegin>
            <CharacterOffsetEnd>10586</CharacterOffsetEnd>
            <POS>CC</POS>
            <NER>O</NER>
          </token>
          <token id="17">
            <word>when</word>
            <lemma>when</lemma>
            <CharacterOffsetBegin>10587</CharacterOffsetBegin>
            <CharacterOffsetEnd>10591</CharacterOffsetEnd>
            <POS>WRB</POS>
            <NER>O</NER>
          </token>
          <token id="18">
            <word>she</word>
            <lemma>she</lemma>
            <CharacterOffsetBegin>10592</CharacterOffsetBegin>
            <CharacterOffsetEnd>10595</CharacterOffsetEnd>
            <POS>PRP</POS>
            <NER>O</NER>
          </token>
          <token id="19">
            <word>saw</word>
            <lemma>see</lemma>
            <CharacterOffsetBegin>10596</CharacterOffsetBegin>
            <CharacterOffsetEnd>10599</CharacterOffsetEnd>
            <POS>VBD</POS>
            <NER>O</NER>
          </token>
          <token id="20">
            <word>both</word>
            <lemma>both</lemma>
            <CharacterOffsetBegin>10600</CharacterOffsetBegin>
            <CharacterOffsetEnd>10604</CharacterOffsetEnd>
            <POS>DT</POS>
            <NER>O</NER>
          </token>
          <token id="21">
            <word>of</word>
            <lemma>of</lemma>
            <CharacterOffsetBegin>10605</CharacterOffsetBegin>
            <CharacterOffsetEnd>10607</CharacterOffsetEnd>
            <POS>IN</POS>
            <NER>O</NER>
          </token>
          <token id="22">
            <word>them</word>
            <lemma>they</lemma>
            <CharacterOffsetBegin>10608</CharacterOffsetBegin>
            <CharacterOffsetEnd>10612</CharacterOffsetEnd>
            <POS>PRP</POS>
            <NER>O</NER>
          </token>
          <token id="23">
            <word>sleeping</word>
            <lemma>sleep</lemma>
            <CharacterOffsetBegin>10613</CharacterOffsetBegin>
            <CharacterOffsetEnd>10621</CharacterOffsetEnd>
            <POS>VBG</POS>
            <NER>O</NER>
          </token>
          <token id="24">
            <word>and</word>
            <lemma>and</lemma>
            <CharacterOffsetBegin>10622</CharacterOffsetBegin>
            <CharacterOffsetEnd>10625</CharacterOffsetEnd>
            <POS>CC</POS>
            <NER>O</NER>
          </token>
          <token id="25">
            <word>looking</word>
            <lemma>look</lemma>
            <CharacterOffsetBegin>10626</CharacterOffsetBegin>
            <CharacterOffsetEnd>10633</CharacterOffsetEnd>
            <POS>VBG</POS>
            <NER>O</NER>
          </token>
          <token id="26">
            <word>so</word>
            <lemma>so</lemma>
            <CharacterOffsetBegin>10634</CharacterOffsetBegin>
            <CharacterOffsetEnd>10636</CharacterOffsetEnd>
            <POS>RB</POS>
            <NER>O</NER>
          </token>
          <token id="27">
            <word>pretty</word>
            <lemma>pretty</lemma>
            <CharacterOffsetBegin>10637</CharacterOffsetBegin>
            <CharacterOffsetEnd>10643</CharacterOffsetEnd>
            <POS>RB</POS>
            <NER>O</NER>
          </token>
          <token id="28">
            <word>,</word>
            <lemma>,</lemma>
            <CharacterOffsetBegin>10643</CharacterOffsetBegin>
            <CharacterOffsetEnd>10644</CharacterOffsetEnd>
            <POS>,</POS>
            <NER>O</NER>
          </token>
          <token id="29">
            <word>with</word>
            <lemma>with</lemma>
            <CharacterOffsetBegin>10645</CharacterOffsetBegin>
            <CharacterOffsetEnd>10649</CharacterOffsetEnd>
            <POS>IN</POS>
            <NER>O</NER>
          </token>
          <token id="30">
            <word>their</word>
            <lemma>they</lemma>
            <CharacterOffsetBegin>10650</CharacterOffsetBegin>
            <CharacterOffsetEnd>10655</CharacterOffsetEnd>
            <POS>PRP$</POS>
            <NER>O</NER>
          </token>
          <token id="31">
            <word>plump</word>
            <lemma>plump</lemma>
            <CharacterOffsetBegin>10656</CharacterOffsetBegin>
            <CharacterOffsetEnd>10661</CharacterOffsetEnd>
            <POS>JJ</POS>
            <NER>O</NER>
          </token>
          <token id="32">
            <word>and</word>
            <lemma>and</lemma>
            <CharacterOffsetBegin>10662</CharacterOffsetBegin>
            <CharacterOffsetEnd>10665</CharacterOffsetEnd>
            <POS>CC</POS>
            <NER>O</NER>
          </token>
          <token id="33">
            <word>rosy</word>
            <lemma>rosy</lemma>
            <CharacterOffsetBegin>10666</CharacterOffsetBegin>
            <CharacterOffsetEnd>10670</CharacterOffsetEnd>
            <POS>JJ</POS>
            <NER>O</NER>
          </token>
          <token id="34">
            <word>cheeks</word>
            <lemma>cheek</lemma>
            <CharacterOffsetBegin>10671</CharacterOffsetBegin>
            <CharacterOffsetEnd>10677</CharacterOffsetEnd>
            <POS>NNS</POS>
            <NER>O</NER>
          </token>
          <token id="35">
            <word>she</word>
            <lemma>she</lemma>
            <CharacterOffsetBegin>10678</CharacterOffsetBegin>
            <CharacterOffsetEnd>10681</CharacterOffsetEnd>
            <POS>PRP</POS>
            <NER>O</NER>
          </token>
          <token id="36">
            <word>muttered</word>
            <lemma>mutter</lemma>
            <CharacterOffsetBegin>10682</CharacterOffsetBegin>
            <CharacterOffsetEnd>10690</CharacterOffsetEnd>
            <POS>VBD</POS>
            <NER>O</NER>
          </token>
          <token id="37">
            <word>to</word>
            <lemma>to</lemma>
            <CharacterOffsetBegin>10691</CharacterOffsetBegin>
            <CharacterOffsetEnd>10693</CharacterOffsetEnd>
            <POS>TO</POS>
            <NER>O</NER>
          </token>
          <token id="38">
            <word>herself</word>
            <lemma>herself</lemma>
            <CharacterOffsetBegin>10694</CharacterOffsetBegin>
            <CharacterOffsetEnd>10701</CharacterOffsetEnd>
            <POS>PRP</POS>
            <NER>O</NER>
          </token>
          <token id="39">
            <word>:</word>
            <lemma>:</lemma>
            <CharacterOffsetBegin>10701</CharacterOffsetBegin>
            <CharacterOffsetEnd>10702</CharacterOffsetEnd>
            <POS>:</POS>
            <NER>O</NER>
          </token>
          <token id="40">
            <word>`</word>
            <lemma>`</lemma>
            <CharacterOffsetBegin>10703</CharacterOffsetBegin>
            <CharacterOffsetEnd>10704</CharacterOffsetEnd>
            <POS>``</POS>
            <NER>O</NER>
          </token>
          <token id="41">
            <word>That</word>
            <lemma>that</lemma>
            <CharacterOffsetBegin>10704</CharacterOffsetBegin>
            <CharacterOffsetEnd>10708</CharacterOffsetEnd>
            <POS>DT</POS>
            <NER>O</NER>
          </token>
          <token id="42">
            <word>will</word>
            <lemma>will</lemma>
            <CharacterOffsetBegin>10709</CharacterOffsetBegin>
            <CharacterOffsetEnd>10713</CharacterOffsetEnd>
            <POS>MD</POS>
            <NER>O</NER>
          </token>
          <token id="43">
            <word>be</word>
            <lemma>be</lemma>
            <CharacterOffsetBegin>10714</CharacterOffsetBegin>
            <CharacterOffsetEnd>10716</CharacterOffsetEnd>
            <POS>VB</POS>
            <NER>O</NER>
          </token>
          <token id="44">
            <word>a</word>
            <lemma>a</lemma>
            <CharacterOffsetBegin>10717</CharacterOffsetBegin>
            <CharacterOffsetEnd>10718</CharacterOffsetEnd>
            <POS>DT</POS>
            <NER>O</NER>
          </token>
          <token id="45">
            <word>dainty</word>
            <lemma>dainty</lemma>
            <CharacterOffsetBegin>10719</CharacterOffsetBegin>
            <CharacterOffsetEnd>10725</CharacterOffsetEnd>
            <POS>JJ</POS>
            <NER>O</NER>
          </token>
          <token id="46">
            <word>mouthful</word>
            <lemma>mouthful</lemma>
            <CharacterOffsetBegin>10726</CharacterOffsetBegin>
            <CharacterOffsetEnd>10734</CharacterOffsetEnd>
            <POS>NN</POS>
            <NER>O</NER>
          </token>
          <token id="47">
            <word>!</word>
            <lemma>!</lemma>
            <CharacterOffsetBegin>10734</CharacterOffsetBegin>
            <CharacterOffsetEnd>10735</CharacterOffsetEnd>
            <POS>.</POS>
            <NER>O</NER>
          </token>
          <token id="48">
            <word>'</word>
            <lemma>'</lemma>
            <CharacterOffsetBegin>10735</CharacterOffsetBegin>
            <CharacterOffsetEnd>10736</CharacterOffsetEnd>
            <POS>''</POS>
            <NER>O</NER>
          </token>
        </tokens>
      </sentence>
      <sentence id="95">
        <tokens>
          <token id="1">
            <word>Then</word>
            <lemma>then</lemma>
            <CharacterOffsetBegin>10737</CharacterOffsetBegin>
            <CharacterOffsetEnd>10741</CharacterOffsetEnd>
            <POS>RB</POS>
            <NER>O</NER>
          </token>
          <token id="2">
            <word>she</word>
            <lemma>she</lemma>
            <CharacterOffsetBegin>10742</CharacterOffsetBegin>
            <CharacterOffsetEnd>10745</CharacterOffsetEnd>
            <POS>PRP</POS>
            <NER>O</NER>
          </token>
          <token id="3">
            <word>seized</word>
            <lemma>seize</lemma>
            <CharacterOffsetBegin>10746</CharacterOffsetBegin>
            <CharacterOffsetEnd>10752</CharacterOffsetEnd>
            <POS>VBD</POS>
            <NER>O</NER>
          </token>
          <token id="4">
            <word>Hansel</word>
            <lemma>Hansel</lemma>
            <CharacterOffsetBegin>10753</CharacterOffsetBegin>
            <CharacterOffsetEnd>10759</CharacterOffsetEnd>
            <POS>NNP</POS>
            <NER>PERSON</NER>
          </token>
          <token id="5">
            <word>with</word>
            <lemma>with</lemma>
            <CharacterOffsetBegin>10760</CharacterOffsetBegin>
            <CharacterOffsetEnd>10764</CharacterOffsetEnd>
            <POS>IN</POS>
            <NER>O</NER>
          </token>
          <token id="6">
            <word>her</word>
            <lemma>she</lemma>
            <CharacterOffsetBegin>10765</CharacterOffsetBegin>
            <CharacterOffsetEnd>10768</CharacterOffsetEnd>
            <POS>PRP$</POS>
            <NER>O</NER>
          </token>
          <token id="7">
            <word>shrivelled</word>
            <lemma>shrivelled</lemma>
            <CharacterOffsetBegin>10769</CharacterOffsetBegin>
            <CharacterOffsetEnd>10779</CharacterOffsetEnd>
            <POS>JJ</POS>
            <NER>O</NER>
          </token>
          <token id="8">
            <word>hand</word>
            <lemma>hand</lemma>
            <CharacterOffsetBegin>10780</CharacterOffsetBegin>
            <CharacterOffsetEnd>10784</CharacterOffsetEnd>
            <POS>NN</POS>
            <NER>O</NER>
          </token>
          <token id="9">
            <word>,</word>
            <lemma>,</lemma>
            <CharacterOffsetBegin>10784</CharacterOffsetBegin>
            <CharacterOffsetEnd>10785</CharacterOffsetEnd>
            <POS>,</POS>
            <NER>O</NER>
          </token>
          <token id="10">
            <word>carried</word>
            <lemma>carry</lemma>
            <CharacterOffsetBegin>10786</CharacterOffsetBegin>
            <CharacterOffsetEnd>10793</CharacterOffsetEnd>
            <POS>VBD</POS>
            <NER>O</NER>
          </token>
          <token id="11">
            <word>him</word>
            <lemma>he</lemma>
            <CharacterOffsetBegin>10794</CharacterOffsetBegin>
            <CharacterOffsetEnd>10797</CharacterOffsetEnd>
            <POS>PRP</POS>
            <NER>O</NER>
          </token>
          <token id="12">
            <word>into</word>
            <lemma>into</lemma>
            <CharacterOffsetBegin>10798</CharacterOffsetBegin>
            <CharacterOffsetEnd>10802</CharacterOffsetEnd>
            <POS>IN</POS>
            <NER>O</NER>
          </token>
          <token id="13">
            <word>a</word>
            <lemma>a</lemma>
            <CharacterOffsetBegin>10803</CharacterOffsetBegin>
            <CharacterOffsetEnd>10804</CharacterOffsetEnd>
            <POS>DT</POS>
            <NER>O</NER>
          </token>
          <token id="14">
            <word>little</word>
            <lemma>little</lemma>
            <CharacterOffsetBegin>10805</CharacterOffsetBegin>
            <CharacterOffsetEnd>10811</CharacterOffsetEnd>
            <POS>JJ</POS>
            <NER>O</NER>
          </token>
          <token id="15">
            <word>stable</word>
            <lemma>stable</lemma>
            <CharacterOffsetBegin>10812</CharacterOffsetBegin>
            <CharacterOffsetEnd>10818</CharacterOffsetEnd>
            <POS>JJ</POS>
            <NER>O</NER>
          </token>
          <token id="16">
            <word>,</word>
            <lemma>,</lemma>
            <CharacterOffsetBegin>10818</CharacterOffsetBegin>
            <CharacterOffsetEnd>10819</CharacterOffsetEnd>
            <POS>,</POS>
            <NER>O</NER>
          </token>
          <token id="17">
            <word>and</word>
            <lemma>and</lemma>
            <CharacterOffsetBegin>10820</CharacterOffsetBegin>
            <CharacterOffsetEnd>10823</CharacterOffsetEnd>
            <POS>CC</POS>
            <NER>O</NER>
          </token>
          <token id="18">
            <word>locked</word>
            <lemma>lock</lemma>
            <CharacterOffsetBegin>10824</CharacterOffsetBegin>
            <CharacterOffsetEnd>10830</CharacterOffsetEnd>
            <POS>VBD</POS>
            <NER>O</NER>
          </token>
          <token id="19">
            <word>him</word>
            <lemma>he</lemma>
            <CharacterOffsetBegin>10831</CharacterOffsetBegin>
            <CharacterOffsetEnd>10834</CharacterOffsetEnd>
            <POS>PRP</POS>
            <NER>O</NER>
          </token>
          <token id="20">
            <word>in</word>
            <lemma>in</lemma>
            <CharacterOffsetBegin>10835</CharacterOffsetBegin>
            <CharacterOffsetEnd>10837</CharacterOffsetEnd>
            <POS>IN</POS>
            <NER>O</NER>
          </token>
          <token id="21">
            <word>behind</word>
            <lemma>behind</lemma>
            <CharacterOffsetBegin>10838</CharacterOffsetBegin>
            <CharacterOffsetEnd>10844</CharacterOffsetEnd>
            <POS>IN</POS>
            <NER>O</NER>
          </token>
          <token id="22">
            <word>a</word>
            <lemma>a</lemma>
            <CharacterOffsetBegin>10845</CharacterOffsetBegin>
            <CharacterOffsetEnd>10846</CharacterOffsetEnd>
            <POS>DT</POS>
            <NER>O</NER>
          </token>
          <token id="23">
            <word>grated</word>
            <lemma>grated</lemma>
            <CharacterOffsetBegin>10847</CharacterOffsetBegin>
            <CharacterOffsetEnd>10853</CharacterOffsetEnd>
            <POS>JJ</POS>
            <NER>O</NER>
          </token>
          <token id="24">
            <word>door</word>
            <lemma>door</lemma>
            <CharacterOffsetBegin>10854</CharacterOffsetBegin>
            <CharacterOffsetEnd>10858</CharacterOffsetEnd>
            <POS>NN</POS>
            <NER>O</NER>
          </token>
          <token id="25">
            <word>.</word>
            <lemma>.</lemma>
            <CharacterOffsetBegin>10858</CharacterOffsetBegin>
            <CharacterOffsetEnd>10859</CharacterOffsetEnd>
            <POS>.</POS>
            <NER>O</NER>
          </token>
        </tokens>
      </sentence>
      <sentence id="96">
        <tokens>
          <token id="1">
            <word>Scream</word>
            <lemma>scream</lemma>
            <CharacterOffsetBegin>10860</CharacterOffsetBegin>
            <CharacterOffsetEnd>10866</CharacterOffsetEnd>
            <POS>VB</POS>
            <NER>O</NER>
          </token>
          <token id="2">
            <word>as</word>
            <lemma>as</lemma>
            <CharacterOffsetBegin>10867</CharacterOffsetBegin>
            <CharacterOffsetEnd>10869</CharacterOffsetEnd>
            <POS>IN</POS>
            <NER>O</NER>
          </token>
          <token id="3">
            <word>he</word>
            <lemma>he</lemma>
            <CharacterOffsetBegin>10870</CharacterOffsetBegin>
            <CharacterOffsetEnd>10872</CharacterOffsetEnd>
            <POS>PRP</POS>
            <NER>O</NER>
          </token>
          <token id="4">
            <word>might</word>
            <lemma>might</lemma>
            <CharacterOffsetBegin>10873</CharacterOffsetBegin>
            <CharacterOffsetEnd>10878</CharacterOffsetEnd>
            <POS>MD</POS>
            <NER>O</NER>
          </token>
          <token id="5">
            <word>,</word>
            <lemma>,</lemma>
            <CharacterOffsetBegin>10878</CharacterOffsetBegin>
            <CharacterOffsetEnd>10879</CharacterOffsetEnd>
            <POS>,</POS>
            <NER>O</NER>
          </token>
          <token id="6">
            <word>it</word>
            <lemma>it</lemma>
            <CharacterOffsetBegin>10880</CharacterOffsetBegin>
            <CharacterOffsetEnd>10882</CharacterOffsetEnd>
            <POS>PRP</POS>
            <NER>O</NER>
          </token>
          <token id="7">
            <word>would</word>
            <lemma>would</lemma>
            <CharacterOffsetBegin>10883</CharacterOffsetBegin>
            <CharacterOffsetEnd>10888</CharacterOffsetEnd>
            <POS>MD</POS>
            <NER>O</NER>
          </token>
          <token id="8">
            <word>not</word>
            <lemma>not</lemma>
            <CharacterOffsetBegin>10889</CharacterOffsetBegin>
            <CharacterOffsetEnd>10892</CharacterOffsetEnd>
            <POS>RB</POS>
            <NER>O</NER>
          </token>
          <token id="9">
            <word>help</word>
            <lemma>help</lemma>
            <CharacterOffsetBegin>10893</CharacterOffsetBegin>
            <CharacterOffsetEnd>10897</CharacterOffsetEnd>
            <POS>VB</POS>
            <NER>O</NER>
          </token>
          <token id="10">
            <word>him</word>
            <lemma>he</lemma>
            <CharacterOffsetBegin>10898</CharacterOffsetBegin>
            <CharacterOffsetEnd>10901</CharacterOffsetEnd>
            <POS>PRP</POS>
            <NER>O</NER>
          </token>
          <token id="11">
            <word>.</word>
            <lemma>.</lemma>
            <CharacterOffsetBegin>10901</CharacterOffsetBegin>
            <CharacterOffsetEnd>10902</CharacterOffsetEnd>
            <POS>.</POS>
            <NER>O</NER>
          </token>
        </tokens>
      </sentence>
      <sentence id="97">
        <tokens>
          <token id="1">
            <word>Then</word>
            <lemma>then</lemma>
            <CharacterOffsetBegin>10903</CharacterOffsetBegin>
            <CharacterOffsetEnd>10907</CharacterOffsetEnd>
            <POS>RB</POS>
            <NER>O</NER>
          </token>
          <token id="2">
            <word>she</word>
            <lemma>she</lemma>
            <CharacterOffsetBegin>10908</CharacterOffsetBegin>
            <CharacterOffsetEnd>10911</CharacterOffsetEnd>
            <POS>PRP</POS>
            <NER>O</NER>
          </token>
          <token id="3">
            <word>went</word>
            <lemma>go</lemma>
            <CharacterOffsetBegin>10912</CharacterOffsetBegin>
            <CharacterOffsetEnd>10916</CharacterOffsetEnd>
            <POS>VBD</POS>
            <NER>O</NER>
          </token>
          <token id="4">
            <word>to</word>
            <lemma>to</lemma>
            <CharacterOffsetBegin>10917</CharacterOffsetBegin>
            <CharacterOffsetEnd>10919</CharacterOffsetEnd>
            <POS>TO</POS>
            <NER>O</NER>
          </token>
          <token id="5">
            <word>Gretel</word>
            <lemma>Gretel</lemma>
            <CharacterOffsetBegin>10920</CharacterOffsetBegin>
            <CharacterOffsetEnd>10926</CharacterOffsetEnd>
            <POS>NNP</POS>
            <NER>PERSON</NER>
          </token>
          <token id="6">
            <word>,</word>
            <lemma>,</lemma>
            <CharacterOffsetBegin>10926</CharacterOffsetBegin>
            <CharacterOffsetEnd>10927</CharacterOffsetEnd>
            <POS>,</POS>
            <NER>O</NER>
          </token>
          <token id="7">
            <word>shook</word>
            <lemma>shake</lemma>
            <CharacterOffsetBegin>10928</CharacterOffsetBegin>
            <CharacterOffsetEnd>10933</CharacterOffsetEnd>
            <POS>VBD</POS>
            <NER>O</NER>
          </token>
          <token id="8">
            <word>her</word>
            <lemma>she</lemma>
            <CharacterOffsetBegin>10934</CharacterOffsetBegin>
            <CharacterOffsetEnd>10937</CharacterOffsetEnd>
            <POS>PRP$</POS>
            <NER>O</NER>
          </token>
          <token id="9">
            <word>till</word>
            <lemma>till</lemma>
            <CharacterOffsetBegin>10938</CharacterOffsetBegin>
            <CharacterOffsetEnd>10942</CharacterOffsetEnd>
            <POS>IN</POS>
            <NER>O</NER>
          </token>
          <token id="10">
            <word>she</word>
            <lemma>she</lemma>
            <CharacterOffsetBegin>10943</CharacterOffsetBegin>
            <CharacterOffsetEnd>10946</CharacterOffsetEnd>
            <POS>PRP</POS>
            <NER>O</NER>
          </token>
          <token id="11">
            <word>awoke</word>
            <lemma>awake</lemma>
            <CharacterOffsetBegin>10947</CharacterOffsetBegin>
            <CharacterOffsetEnd>10952</CharacterOffsetEnd>
            <POS>VBD</POS>
            <NER>O</NER>
          </token>
          <token id="12">
            <word>,</word>
            <lemma>,</lemma>
            <CharacterOffsetBegin>10952</CharacterOffsetBegin>
            <CharacterOffsetEnd>10953</CharacterOffsetEnd>
            <POS>,</POS>
            <NER>O</NER>
          </token>
          <token id="13">
            <word>and</word>
            <lemma>and</lemma>
            <CharacterOffsetBegin>10954</CharacterOffsetBegin>
            <CharacterOffsetEnd>10957</CharacterOffsetEnd>
            <POS>CC</POS>
            <NER>O</NER>
          </token>
          <token id="14">
            <word>cried</word>
            <lemma>cry</lemma>
            <CharacterOffsetBegin>10958</CharacterOffsetBegin>
            <CharacterOffsetEnd>10963</CharacterOffsetEnd>
            <POS>VBD</POS>
            <NER>O</NER>
          </token>
          <token id="15">
            <word>:</word>
            <lemma>:</lemma>
            <CharacterOffsetBegin>10963</CharacterOffsetBegin>
            <CharacterOffsetEnd>10964</CharacterOffsetEnd>
            <POS>:</POS>
            <NER>O</NER>
          </token>
          <token id="16">
            <word>`</word>
            <lemma>`</lemma>
            <CharacterOffsetBegin>10965</CharacterOffsetBegin>
            <CharacterOffsetEnd>10966</CharacterOffsetEnd>
            <POS>``</POS>
            <NER>O</NER>
          </token>
          <token id="17">
            <word>Get</word>
            <lemma>get</lemma>
            <CharacterOffsetBegin>10966</CharacterOffsetBegin>
            <CharacterOffsetEnd>10969</CharacterOffsetEnd>
            <POS>VB</POS>
            <NER>O</NER>
          </token>
          <token id="18">
            <word>up</word>
            <lemma>up</lemma>
            <CharacterOffsetBegin>10970</CharacterOffsetBegin>
            <CharacterOffsetEnd>10972</CharacterOffsetEnd>
            <POS>RP</POS>
            <NER>O</NER>
          </token>
          <token id="19">
            <word>,</word>
            <lemma>,</lemma>
            <CharacterOffsetBegin>10972</CharacterOffsetBegin>
            <CharacterOffsetEnd>10973</CharacterOffsetEnd>
            <POS>,</POS>
            <NER>O</NER>
          </token>
          <token id="20">
            <word>lazy</word>
            <lemma>lazy</lemma>
            <CharacterOffsetBegin>10974</CharacterOffsetBegin>
            <CharacterOffsetEnd>10978</CharacterOffsetEnd>
            <POS>JJ</POS>
            <NER>O</NER>
          </token>
          <token id="21">
            <word>thing</word>
            <lemma>thing</lemma>
            <CharacterOffsetBegin>10979</CharacterOffsetBegin>
            <CharacterOffsetEnd>10984</CharacterOffsetEnd>
            <POS>NN</POS>
            <NER>O</NER>
          </token>
          <token id="22">
            <word>,</word>
            <lemma>,</lemma>
            <CharacterOffsetBegin>10984</CharacterOffsetBegin>
            <CharacterOffsetEnd>10985</CharacterOffsetEnd>
            <POS>,</POS>
            <NER>O</NER>
          </token>
          <token id="23">
            <word>fetch</word>
            <lemma>fetch</lemma>
            <CharacterOffsetBegin>10986</CharacterOffsetBegin>
            <CharacterOffsetEnd>10991</CharacterOffsetEnd>
            <POS>VB</POS>
            <NER>O</NER>
          </token>
          <token id="24">
            <word>some</word>
            <lemma>some</lemma>
            <CharacterOffsetBegin>10992</CharacterOffsetBegin>
            <CharacterOffsetEnd>10996</CharacterOffsetEnd>
            <POS>DT</POS>
            <NER>O</NER>
          </token>
          <token id="25">
            <word>water</word>
            <lemma>water</lemma>
            <CharacterOffsetBegin>10997</CharacterOffsetBegin>
            <CharacterOffsetEnd>11002</CharacterOffsetEnd>
            <POS>NN</POS>
            <NER>O</NER>
          </token>
          <token id="26">
            <word>,</word>
            <lemma>,</lemma>
            <CharacterOffsetBegin>11002</CharacterOffsetBegin>
            <CharacterOffsetEnd>11003</CharacterOffsetEnd>
            <POS>,</POS>
            <NER>O</NER>
          </token>
          <token id="27">
            <word>and</word>
            <lemma>and</lemma>
            <CharacterOffsetBegin>11004</CharacterOffsetBegin>
            <CharacterOffsetEnd>11007</CharacterOffsetEnd>
            <POS>CC</POS>
            <NER>O</NER>
          </token>
          <token id="28">
            <word>cook</word>
            <lemma>cook</lemma>
            <CharacterOffsetBegin>11008</CharacterOffsetBegin>
            <CharacterOffsetEnd>11012</CharacterOffsetEnd>
            <POS>NN</POS>
            <NER>O</NER>
          </token>
          <token id="29">
            <word>something</word>
            <lemma>something</lemma>
            <CharacterOffsetBegin>11013</CharacterOffsetBegin>
            <CharacterOffsetEnd>11022</CharacterOffsetEnd>
            <POS>NN</POS>
            <NER>O</NER>
          </token>
          <token id="30">
            <word>good</word>
            <lemma>good</lemma>
            <CharacterOffsetBegin>11023</CharacterOffsetBegin>
            <CharacterOffsetEnd>11027</CharacterOffsetEnd>
            <POS>JJ</POS>
            <NER>O</NER>
          </token>
          <token id="31">
            <word>for</word>
            <lemma>for</lemma>
            <CharacterOffsetBegin>11028</CharacterOffsetBegin>
            <CharacterOffsetEnd>11031</CharacterOffsetEnd>
            <POS>IN</POS>
            <NER>O</NER>
          </token>
          <token id="32">
            <word>your</word>
            <lemma>you</lemma>
            <CharacterOffsetBegin>11032</CharacterOffsetBegin>
            <CharacterOffsetEnd>11036</CharacterOffsetEnd>
            <POS>PRP$</POS>
            <NER>O</NER>
          </token>
          <token id="33">
            <word>brother</word>
            <lemma>brother</lemma>
            <CharacterOffsetBegin>11037</CharacterOffsetBegin>
            <CharacterOffsetEnd>11044</CharacterOffsetEnd>
            <POS>NN</POS>
            <NER>O</NER>
          </token>
          <token id="34">
            <word>,</word>
            <lemma>,</lemma>
            <CharacterOffsetBegin>11044</CharacterOffsetBegin>
            <CharacterOffsetEnd>11045</CharacterOffsetEnd>
            <POS>,</POS>
            <NER>O</NER>
          </token>
          <token id="35">
            <word>he</word>
            <lemma>he</lemma>
            <CharacterOffsetBegin>11046</CharacterOffsetBegin>
            <CharacterOffsetEnd>11048</CharacterOffsetEnd>
            <POS>PRP</POS>
            <NER>O</NER>
          </token>
          <token id="36">
            <word>is</word>
            <lemma>be</lemma>
            <CharacterOffsetBegin>11049</CharacterOffsetBegin>
            <CharacterOffsetEnd>11051</CharacterOffsetEnd>
            <POS>VBZ</POS>
            <NER>O</NER>
          </token>
          <token id="37">
            <word>in</word>
            <lemma>in</lemma>
            <CharacterOffsetBegin>11052</CharacterOffsetBegin>
            <CharacterOffsetEnd>11054</CharacterOffsetEnd>
            <POS>IN</POS>
            <NER>O</NER>
          </token>
          <token id="38">
            <word>the</word>
            <lemma>the</lemma>
            <CharacterOffsetBegin>11055</CharacterOffsetBegin>
            <CharacterOffsetEnd>11058</CharacterOffsetEnd>
            <POS>DT</POS>
            <NER>O</NER>
          </token>
          <token id="39">
            <word>stable</word>
            <lemma>stable</lemma>
            <CharacterOffsetBegin>11059</CharacterOffsetBegin>
            <CharacterOffsetEnd>11065</CharacterOffsetEnd>
            <POS>JJ</POS>
            <NER>O</NER>
          </token>
          <token id="40">
            <word>outside</word>
            <lemma>outside</lemma>
            <CharacterOffsetBegin>11066</CharacterOffsetBegin>
            <CharacterOffsetEnd>11073</CharacterOffsetEnd>
            <POS>NN</POS>
            <NER>O</NER>
          </token>
          <token id="41">
            <word>,</word>
            <lemma>,</lemma>
            <CharacterOffsetBegin>11073</CharacterOffsetBegin>
            <CharacterOffsetEnd>11074</CharacterOffsetEnd>
            <POS>,</POS>
            <NER>O</NER>
          </token>
          <token id="42">
            <word>and</word>
            <lemma>and</lemma>
            <CharacterOffsetBegin>11075</CharacterOffsetBegin>
            <CharacterOffsetEnd>11078</CharacterOffsetEnd>
            <POS>CC</POS>
            <NER>O</NER>
          </token>
          <token id="43">
            <word>is</word>
            <lemma>be</lemma>
            <CharacterOffsetBegin>11079</CharacterOffsetBegin>
            <CharacterOffsetEnd>11081</CharacterOffsetEnd>
            <POS>VBZ</POS>
            <NER>O</NER>
          </token>
          <token id="44">
            <word>to</word>
            <lemma>to</lemma>
            <CharacterOffsetBegin>11082</CharacterOffsetBegin>
            <CharacterOffsetEnd>11084</CharacterOffsetEnd>
            <POS>TO</POS>
            <NER>O</NER>
          </token>
          <token id="45">
            <word>be</word>
            <lemma>be</lemma>
            <CharacterOffsetBegin>11085</CharacterOffsetBegin>
            <CharacterOffsetEnd>11087</CharacterOffsetEnd>
            <POS>VB</POS>
            <NER>O</NER>
          </token>
          <token id="46">
            <word>made</word>
            <lemma>make</lemma>
            <CharacterOffsetBegin>11088</CharacterOffsetBegin>
            <CharacterOffsetEnd>11092</CharacterOffsetEnd>
            <POS>VBN</POS>
            <NER>O</NER>
          </token>
          <token id="47">
            <word>fat</word>
            <lemma>fat</lemma>
            <CharacterOffsetBegin>11093</CharacterOffsetBegin>
            <CharacterOffsetEnd>11096</CharacterOffsetEnd>
            <POS>JJ</POS>
            <NER>O</NER>
          </token>
          <token id="48">
            <word>.</word>
            <lemma>.</lemma>
            <CharacterOffsetBegin>11096</CharacterOffsetBegin>
            <CharacterOffsetEnd>11097</CharacterOffsetEnd>
            <POS>.</POS>
            <NER>O</NER>
          </token>
        </tokens>
      </sentence>
      <sentence id="98">
        <tokens>
          <token id="1">
            <word>When</word>
            <lemma>when</lemma>
            <CharacterOffsetBegin>11098</CharacterOffsetBegin>
            <CharacterOffsetEnd>11102</CharacterOffsetEnd>
            <POS>WRB</POS>
            <NER>O</NER>
          </token>
          <token id="2">
            <word>he</word>
            <lemma>he</lemma>
            <CharacterOffsetBegin>11103</CharacterOffsetBegin>
            <CharacterOffsetEnd>11105</CharacterOffsetEnd>
            <POS>PRP</POS>
            <NER>O</NER>
          </token>
          <token id="3">
            <word>is</word>
            <lemma>be</lemma>
            <CharacterOffsetBegin>11106</CharacterOffsetBegin>
            <CharacterOffsetEnd>11108</CharacterOffsetEnd>
            <POS>VBZ</POS>
            <NER>O</NER>
          </token>
          <token id="4">
            <word>fat</word>
            <lemma>fat</lemma>
            <CharacterOffsetBegin>11109</CharacterOffsetBegin>
            <CharacterOffsetEnd>11112</CharacterOffsetEnd>
            <POS>JJ</POS>
            <NER>O</NER>
          </token>
          <token id="5">
            <word>,</word>
            <lemma>,</lemma>
            <CharacterOffsetBegin>11112</CharacterOffsetBegin>
            <CharacterOffsetEnd>11113</CharacterOffsetEnd>
            <POS>,</POS>
            <NER>O</NER>
          </token>
          <token id="6">
            <word>I</word>
            <lemma>I</lemma>
            <CharacterOffsetBegin>11114</CharacterOffsetBegin>
            <CharacterOffsetEnd>11115</CharacterOffsetEnd>
            <POS>PRP</POS>
            <NER>O</NER>
          </token>
          <token id="7">
            <word>will</word>
            <lemma>will</lemma>
            <CharacterOffsetBegin>11116</CharacterOffsetBegin>
            <CharacterOffsetEnd>11120</CharacterOffsetEnd>
            <POS>MD</POS>
            <NER>O</NER>
          </token>
          <token id="8">
            <word>eat</word>
            <lemma>eat</lemma>
            <CharacterOffsetBegin>11121</CharacterOffsetBegin>
            <CharacterOffsetEnd>11124</CharacterOffsetEnd>
            <POS>VB</POS>
            <NER>O</NER>
          </token>
          <token id="9">
            <word>him</word>
            <lemma>he</lemma>
            <CharacterOffsetBegin>11125</CharacterOffsetBegin>
            <CharacterOffsetEnd>11128</CharacterOffsetEnd>
            <POS>PRP</POS>
            <NER>O</NER>
          </token>
          <token id="10">
            <word>.</word>
            <lemma>.</lemma>
            <CharacterOffsetBegin>11128</CharacterOffsetBegin>
            <CharacterOffsetEnd>11129</CharacterOffsetEnd>
            <POS>.</POS>
            <NER>O</NER>
          </token>
          <token id="11">
            <word>'</word>
            <lemma>'</lemma>
            <CharacterOffsetBegin>11129</CharacterOffsetBegin>
            <CharacterOffsetEnd>11130</CharacterOffsetEnd>
            <POS>''</POS>
            <NER>O</NER>
          </token>
        </tokens>
      </sentence>
      <sentence id="99">
        <tokens>
          <token id="1">
            <word>Gretel</word>
            <lemma>Gretel</lemma>
            <CharacterOffsetBegin>11131</CharacterOffsetBegin>
            <CharacterOffsetEnd>11137</CharacterOffsetEnd>
            <POS>NNP</POS>
            <NER>PERSON</NER>
          </token>
          <token id="2">
            <word>began</word>
            <lemma>begin</lemma>
            <CharacterOffsetBegin>11138</CharacterOffsetBegin>
            <CharacterOffsetEnd>11143</CharacterOffsetEnd>
            <POS>VBD</POS>
            <NER>O</NER>
          </token>
          <token id="3">
            <word>to</word>
            <lemma>to</lemma>
            <CharacterOffsetBegin>11144</CharacterOffsetBegin>
            <CharacterOffsetEnd>11146</CharacterOffsetEnd>
            <POS>TO</POS>
            <NER>O</NER>
          </token>
          <token id="4">
            <word>weep</word>
            <lemma>weep</lemma>
            <CharacterOffsetBegin>11147</CharacterOffsetBegin>
            <CharacterOffsetEnd>11151</CharacterOffsetEnd>
            <POS>NN</POS>
            <NER>O</NER>
          </token>
          <token id="5">
            <word>bitterly</word>
            <lemma>bitterly</lemma>
            <CharacterOffsetBegin>11152</CharacterOffsetBegin>
            <CharacterOffsetEnd>11160</CharacterOffsetEnd>
            <POS>RB</POS>
            <NER>O</NER>
          </token>
          <token id="6">
            <word>,</word>
            <lemma>,</lemma>
            <CharacterOffsetBegin>11160</CharacterOffsetBegin>
            <CharacterOffsetEnd>11161</CharacterOffsetEnd>
            <POS>,</POS>
            <NER>O</NER>
          </token>
          <token id="7">
            <word>but</word>
            <lemma>but</lemma>
            <CharacterOffsetBegin>11162</CharacterOffsetBegin>
            <CharacterOffsetEnd>11165</CharacterOffsetEnd>
            <POS>CC</POS>
            <NER>O</NER>
          </token>
          <token id="8">
            <word>it</word>
            <lemma>it</lemma>
            <CharacterOffsetBegin>11166</CharacterOffsetBegin>
            <CharacterOffsetEnd>11168</CharacterOffsetEnd>
            <POS>PRP</POS>
            <NER>O</NER>
          </token>
          <token id="9">
            <word>was</word>
            <lemma>be</lemma>
            <CharacterOffsetBegin>11169</CharacterOffsetBegin>
            <CharacterOffsetEnd>11172</CharacterOffsetEnd>
            <POS>VBD</POS>
            <NER>O</NER>
          </token>
          <token id="10">
            <word>all</word>
            <lemma>all</lemma>
            <CharacterOffsetBegin>11173</CharacterOffsetBegin>
            <CharacterOffsetEnd>11176</CharacterOffsetEnd>
            <POS>DT</POS>
            <NER>O</NER>
          </token>
          <token id="11">
            <word>in</word>
            <lemma>in</lemma>
            <CharacterOffsetBegin>11177</CharacterOffsetBegin>
            <CharacterOffsetEnd>11179</CharacterOffsetEnd>
            <POS>IN</POS>
            <NER>O</NER>
          </token>
          <token id="12">
            <word>vain</word>
            <lemma>vain</lemma>
            <CharacterOffsetBegin>11180</CharacterOffsetBegin>
            <CharacterOffsetEnd>11184</CharacterOffsetEnd>
            <POS>JJ</POS>
            <NER>O</NER>
          </token>
          <token id="13">
            <word>,</word>
            <lemma>,</lemma>
            <CharacterOffsetBegin>11184</CharacterOffsetBegin>
            <CharacterOffsetEnd>11185</CharacterOffsetEnd>
            <POS>,</POS>
            <NER>O</NER>
          </token>
          <token id="14">
            <word>for</word>
            <lemma>for</lemma>
            <CharacterOffsetBegin>11186</CharacterOffsetBegin>
            <CharacterOffsetEnd>11189</CharacterOffsetEnd>
            <POS>IN</POS>
            <NER>O</NER>
          </token>
          <token id="15">
            <word>she</word>
            <lemma>she</lemma>
            <CharacterOffsetBegin>11190</CharacterOffsetBegin>
            <CharacterOffsetEnd>11193</CharacterOffsetEnd>
            <POS>PRP</POS>
            <NER>O</NER>
          </token>
          <token id="16">
            <word>was</word>
            <lemma>be</lemma>
            <CharacterOffsetBegin>11194</CharacterOffsetBegin>
            <CharacterOffsetEnd>11197</CharacterOffsetEnd>
            <POS>VBD</POS>
            <NER>O</NER>
          </token>
          <token id="17">
            <word>forced</word>
            <lemma>force</lemma>
            <CharacterOffsetBegin>11198</CharacterOffsetBegin>
            <CharacterOffsetEnd>11204</CharacterOffsetEnd>
            <POS>VBN</POS>
            <NER>O</NER>
          </token>
          <token id="18">
            <word>to</word>
            <lemma>to</lemma>
            <CharacterOffsetBegin>11205</CharacterOffsetBegin>
            <CharacterOffsetEnd>11207</CharacterOffsetEnd>
            <POS>TO</POS>
            <NER>O</NER>
          </token>
          <token id="19">
            <word>do</word>
            <lemma>do</lemma>
            <CharacterOffsetBegin>11208</CharacterOffsetBegin>
            <CharacterOffsetEnd>11210</CharacterOffsetEnd>
            <POS>VB</POS>
            <NER>O</NER>
          </token>
          <token id="20">
            <word>what</word>
            <lemma>what</lemma>
            <CharacterOffsetBegin>11211</CharacterOffsetBegin>
            <CharacterOffsetEnd>11215</CharacterOffsetEnd>
            <POS>WP</POS>
            <NER>O</NER>
          </token>
          <token id="21">
            <word>the</word>
            <lemma>the</lemma>
            <CharacterOffsetBegin>11216</CharacterOffsetBegin>
            <CharacterOffsetEnd>11219</CharacterOffsetEnd>
            <POS>DT</POS>
            <NER>O</NER>
          </token>
          <token id="22">
            <word>wicked</word>
            <lemma>wicked</lemma>
            <CharacterOffsetBegin>11220</CharacterOffsetBegin>
            <CharacterOffsetEnd>11226</CharacterOffsetEnd>
            <POS>JJ</POS>
            <NER>O</NER>
          </token>
          <token id="23">
            <word>witch</word>
            <lemma>witch</lemma>
            <CharacterOffsetBegin>11227</CharacterOffsetBegin>
            <CharacterOffsetEnd>11232</CharacterOffsetEnd>
            <POS>NN</POS>
            <NER>O</NER>
          </token>
          <token id="24">
            <word>commanded</word>
            <lemma>command</lemma>
            <CharacterOffsetBegin>11233</CharacterOffsetBegin>
            <CharacterOffsetEnd>11242</CharacterOffsetEnd>
            <POS>VBD</POS>
            <NER>O</NER>
          </token>
          <token id="25">
            <word>.</word>
            <lemma>.</lemma>
            <CharacterOffsetBegin>11242</CharacterOffsetBegin>
            <CharacterOffsetEnd>11243</CharacterOffsetEnd>
            <POS>.</POS>
            <NER>O</NER>
          </token>
        </tokens>
      </sentence>
      <sentence id="100">
        <tokens>
          <token id="1">
            <word>And</word>
            <lemma>and</lemma>
            <CharacterOffsetBegin>11245</CharacterOffsetBegin>
            <CharacterOffsetEnd>11248</CharacterOffsetEnd>
            <POS>CC</POS>
            <NER>O</NER>
          </token>
          <token id="2">
            <word>now</word>
            <lemma>now</lemma>
            <CharacterOffsetBegin>11249</CharacterOffsetBegin>
            <CharacterOffsetEnd>11252</CharacterOffsetEnd>
            <POS>RB</POS>
            <NER>DATE</NER>
            <NormalizedNER>PRESENT_REF</NormalizedNER>
            <Timex tid="t32" type="DATE">PRESENT_REF</Timex>
          </token>
          <token id="3">
            <word>the</word>
            <lemma>the</lemma>
            <CharacterOffsetBegin>11253</CharacterOffsetBegin>
            <CharacterOffsetEnd>11256</CharacterOffsetEnd>
            <POS>DT</POS>
            <NER>O</NER>
          </token>
          <token id="4">
            <word>best</word>
            <lemma>best</lemma>
            <CharacterOffsetBegin>11257</CharacterOffsetBegin>
            <CharacterOffsetEnd>11261</CharacterOffsetEnd>
            <POS>JJS</POS>
            <NER>O</NER>
          </token>
          <token id="5">
            <word>food</word>
            <lemma>food</lemma>
            <CharacterOffsetBegin>11262</CharacterOffsetBegin>
            <CharacterOffsetEnd>11266</CharacterOffsetEnd>
            <POS>NN</POS>
            <NER>O</NER>
          </token>
          <token id="6">
            <word>was</word>
            <lemma>be</lemma>
            <CharacterOffsetBegin>11267</CharacterOffsetBegin>
            <CharacterOffsetEnd>11270</CharacterOffsetEnd>
            <POS>VBD</POS>
            <NER>O</NER>
          </token>
          <token id="7">
            <word>cooked</word>
            <lemma>cook</lemma>
            <CharacterOffsetBegin>11271</CharacterOffsetBegin>
            <CharacterOffsetEnd>11277</CharacterOffsetEnd>
            <POS>VBN</POS>
            <NER>O</NER>
          </token>
          <token id="8">
            <word>for</word>
            <lemma>for</lemma>
            <CharacterOffsetBegin>11278</CharacterOffsetBegin>
            <CharacterOffsetEnd>11281</CharacterOffsetEnd>
            <POS>IN</POS>
            <NER>O</NER>
          </token>
          <token id="9">
            <word>poor</word>
            <lemma>poor</lemma>
            <CharacterOffsetBegin>11282</CharacterOffsetBegin>
            <CharacterOffsetEnd>11286</CharacterOffsetEnd>
            <POS>JJ</POS>
            <NER>O</NER>
          </token>
          <token id="10">
            <word>Hansel</word>
            <lemma>Hansel</lemma>
            <CharacterOffsetBegin>11287</CharacterOffsetBegin>
            <CharacterOffsetEnd>11293</CharacterOffsetEnd>
            <POS>NNP</POS>
            <NER>O</NER>
          </token>
          <token id="11">
            <word>,</word>
            <lemma>,</lemma>
            <CharacterOffsetBegin>11293</CharacterOffsetBegin>
            <CharacterOffsetEnd>11294</CharacterOffsetEnd>
            <POS>,</POS>
            <NER>O</NER>
          </token>
          <token id="12">
            <word>but</word>
            <lemma>but</lemma>
            <CharacterOffsetBegin>11295</CharacterOffsetBegin>
            <CharacterOffsetEnd>11298</CharacterOffsetEnd>
            <POS>CC</POS>
            <NER>O</NER>
          </token>
          <token id="13">
            <word>Gretel</word>
            <lemma>Gretel</lemma>
            <CharacterOffsetBegin>11299</CharacterOffsetBegin>
            <CharacterOffsetEnd>11305</CharacterOffsetEnd>
            <POS>NNP</POS>
            <NER>PERSON</NER>
          </token>
          <token id="14">
            <word>got</word>
            <lemma>get</lemma>
            <CharacterOffsetBegin>11306</CharacterOffsetBegin>
            <CharacterOffsetEnd>11309</CharacterOffsetEnd>
            <POS>VBD</POS>
            <NER>O</NER>
          </token>
          <token id="15">
            <word>nothing</word>
            <lemma>nothing</lemma>
            <CharacterOffsetBegin>11310</CharacterOffsetBegin>
            <CharacterOffsetEnd>11317</CharacterOffsetEnd>
            <POS>NN</POS>
            <NER>O</NER>
          </token>
          <token id="16">
            <word>but</word>
            <lemma>but</lemma>
            <CharacterOffsetBegin>11318</CharacterOffsetBegin>
            <CharacterOffsetEnd>11321</CharacterOffsetEnd>
            <POS>CC</POS>
            <NER>O</NER>
          </token>
          <token id="17">
            <word>crab-shells</word>
            <lemma>crab-shell</lemma>
            <CharacterOffsetBegin>11322</CharacterOffsetBegin>
            <CharacterOffsetEnd>11333</CharacterOffsetEnd>
            <POS>NNS</POS>
            <NER>O</NER>
          </token>
          <token id="18">
            <word>.</word>
            <lemma>.</lemma>
            <CharacterOffsetBegin>11333</CharacterOffsetBegin>
            <CharacterOffsetEnd>11334</CharacterOffsetEnd>
            <POS>.</POS>
            <NER>O</NER>
          </token>
        </tokens>
      </sentence>
      <sentence id="101">
        <tokens>
          <token id="1">
            <word>Every</word>
            <lemma>every</lemma>
            <CharacterOffsetBegin>11335</CharacterOffsetBegin>
            <CharacterOffsetEnd>11340</CharacterOffsetEnd>
            <POS>DT</POS>
            <NER>SET</NER>
            <Timex tid="t33" type="SET">TMO</Timex>
          </token>
          <token id="2">
            <word>morning</word>
            <lemma>morning</lemma>
            <CharacterOffsetBegin>11341</CharacterOffsetBegin>
            <CharacterOffsetEnd>11348</CharacterOffsetEnd>
            <POS>NN</POS>
            <NER>SET</NER>
            <Timex tid="t33" type="SET">TMO</Timex>
          </token>
          <token id="3">
            <word>the</word>
            <lemma>the</lemma>
            <CharacterOffsetBegin>11349</CharacterOffsetBegin>
            <CharacterOffsetEnd>11352</CharacterOffsetEnd>
            <POS>DT</POS>
            <NER>O</NER>
          </token>
          <token id="4">
            <word>woman</word>
            <lemma>woman</lemma>
            <CharacterOffsetBegin>11353</CharacterOffsetBegin>
            <CharacterOffsetEnd>11358</CharacterOffsetEnd>
            <POS>NN</POS>
            <NER>O</NER>
          </token>
          <token id="5">
            <word>crept</word>
            <lemma>creep</lemma>
            <CharacterOffsetBegin>11359</CharacterOffsetBegin>
            <CharacterOffsetEnd>11364</CharacterOffsetEnd>
            <POS>VBD</POS>
            <NER>O</NER>
          </token>
          <token id="6">
            <word>to</word>
            <lemma>to</lemma>
            <CharacterOffsetBegin>11365</CharacterOffsetBegin>
            <CharacterOffsetEnd>11367</CharacterOffsetEnd>
            <POS>TO</POS>
            <NER>O</NER>
          </token>
          <token id="7">
            <word>the</word>
            <lemma>the</lemma>
            <CharacterOffsetBegin>11368</CharacterOffsetBegin>
            <CharacterOffsetEnd>11371</CharacterOffsetEnd>
            <POS>DT</POS>
            <NER>O</NER>
          </token>
          <token id="8">
            <word>little</word>
            <lemma>little</lemma>
            <CharacterOffsetBegin>11372</CharacterOffsetBegin>
            <CharacterOffsetEnd>11378</CharacterOffsetEnd>
            <POS>JJ</POS>
            <NER>O</NER>
          </token>
          <token id="9">
            <word>stable</word>
            <lemma>stable</lemma>
            <CharacterOffsetBegin>11379</CharacterOffsetBegin>
            <CharacterOffsetEnd>11385</CharacterOffsetEnd>
            <POS>JJ</POS>
            <NER>O</NER>
          </token>
          <token id="10">
            <word>,</word>
            <lemma>,</lemma>
            <CharacterOffsetBegin>11385</CharacterOffsetBegin>
            <CharacterOffsetEnd>11386</CharacterOffsetEnd>
            <POS>,</POS>
            <NER>O</NER>
          </token>
          <token id="11">
            <word>and</word>
            <lemma>and</lemma>
            <CharacterOffsetBegin>11387</CharacterOffsetBegin>
            <CharacterOffsetEnd>11390</CharacterOffsetEnd>
            <POS>CC</POS>
            <NER>O</NER>
          </token>
          <token id="12">
            <word>cried</word>
            <lemma>cry</lemma>
            <CharacterOffsetBegin>11391</CharacterOffsetBegin>
            <CharacterOffsetEnd>11396</CharacterOffsetEnd>
            <POS>VBD</POS>
            <NER>O</NER>
          </token>
          <token id="13">
            <word>:</word>
            <lemma>:</lemma>
            <CharacterOffsetBegin>11396</CharacterOffsetBegin>
            <CharacterOffsetEnd>11397</CharacterOffsetEnd>
            <POS>:</POS>
            <NER>O</NER>
          </token>
          <token id="14">
            <word>`</word>
            <lemma>`</lemma>
            <CharacterOffsetBegin>11398</CharacterOffsetBegin>
            <CharacterOffsetEnd>11399</CharacterOffsetEnd>
            <POS>``</POS>
            <NER>O</NER>
          </token>
          <token id="15">
            <word>Hansel</word>
            <lemma>Hansel</lemma>
            <CharacterOffsetBegin>11399</CharacterOffsetBegin>
            <CharacterOffsetEnd>11405</CharacterOffsetEnd>
            <POS>NNP</POS>
            <NER>O</NER>
          </token>
          <token id="16">
            <word>,</word>
            <lemma>,</lemma>
            <CharacterOffsetBegin>11405</CharacterOffsetBegin>
            <CharacterOffsetEnd>11406</CharacterOffsetEnd>
            <POS>,</POS>
            <NER>O</NER>
          </token>
          <token id="17">
            <word>stretch</word>
            <lemma>stretch</lemma>
            <CharacterOffsetBegin>11407</CharacterOffsetBegin>
            <CharacterOffsetEnd>11414</CharacterOffsetEnd>
            <POS>NN</POS>
            <NER>O</NER>
          </token>
          <token id="18">
            <word>out</word>
            <lemma>out</lemma>
            <CharacterOffsetBegin>11415</CharacterOffsetBegin>
            <CharacterOffsetEnd>11418</CharacterOffsetEnd>
            <POS>IN</POS>
            <NER>O</NER>
          </token>
          <token id="19">
            <word>your</word>
            <lemma>you</lemma>
            <CharacterOffsetBegin>11419</CharacterOffsetBegin>
            <CharacterOffsetEnd>11423</CharacterOffsetEnd>
            <POS>PRP$</POS>
            <NER>O</NER>
          </token>
          <token id="20">
            <word>finger</word>
            <lemma>finger</lemma>
            <CharacterOffsetBegin>11424</CharacterOffsetBegin>
            <CharacterOffsetEnd>11430</CharacterOffsetEnd>
            <POS>NN</POS>
            <NER>O</NER>
          </token>
          <token id="21">
            <word>that</word>
            <lemma>that</lemma>
            <CharacterOffsetBegin>11431</CharacterOffsetBegin>
            <CharacterOffsetEnd>11435</CharacterOffsetEnd>
            <POS>IN</POS>
            <NER>O</NER>
          </token>
          <token id="22">
            <word>I</word>
            <lemma>I</lemma>
            <CharacterOffsetBegin>11436</CharacterOffsetBegin>
            <CharacterOffsetEnd>11437</CharacterOffsetEnd>
            <POS>PRP</POS>
            <NER>O</NER>
          </token>
          <token id="23">
            <word>may</word>
            <lemma>may</lemma>
            <CharacterOffsetBegin>11438</CharacterOffsetBegin>
            <CharacterOffsetEnd>11441</CharacterOffsetEnd>
            <POS>MD</POS>
            <NER>O</NER>
          </token>
          <token id="24">
            <word>feel</word>
            <lemma>feel</lemma>
            <CharacterOffsetBegin>11442</CharacterOffsetBegin>
            <CharacterOffsetEnd>11446</CharacterOffsetEnd>
            <POS>VB</POS>
            <NER>O</NER>
          </token>
          <token id="25">
            <word>if</word>
            <lemma>if</lemma>
            <CharacterOffsetBegin>11447</CharacterOffsetBegin>
            <CharacterOffsetEnd>11449</CharacterOffsetEnd>
            <POS>IN</POS>
            <NER>O</NER>
          </token>
          <token id="26">
            <word>you</word>
            <lemma>you</lemma>
            <CharacterOffsetBegin>11450</CharacterOffsetBegin>
            <CharacterOffsetEnd>11453</CharacterOffsetEnd>
            <POS>PRP</POS>
            <NER>O</NER>
          </token>
          <token id="27">
            <word>will</word>
            <lemma>will</lemma>
            <CharacterOffsetBegin>11454</CharacterOffsetBegin>
            <CharacterOffsetEnd>11458</CharacterOffsetEnd>
            <POS>MD</POS>
            <NER>O</NER>
          </token>
          <token id="28">
            <word>soon</word>
            <lemma>soon</lemma>
            <CharacterOffsetBegin>11459</CharacterOffsetBegin>
            <CharacterOffsetEnd>11463</CharacterOffsetEnd>
            <POS>RB</POS>
            <NER>O</NER>
          </token>
          <token id="29">
            <word>be</word>
            <lemma>be</lemma>
            <CharacterOffsetBegin>11464</CharacterOffsetBegin>
            <CharacterOffsetEnd>11466</CharacterOffsetEnd>
            <POS>VB</POS>
            <NER>O</NER>
          </token>
          <token id="30">
            <word>fat</word>
            <lemma>fat</lemma>
            <CharacterOffsetBegin>11467</CharacterOffsetBegin>
            <CharacterOffsetEnd>11470</CharacterOffsetEnd>
            <POS>JJ</POS>
            <NER>O</NER>
          </token>
          <token id="31">
            <word>.</word>
            <lemma>.</lemma>
            <CharacterOffsetBegin>11470</CharacterOffsetBegin>
            <CharacterOffsetEnd>11471</CharacterOffsetEnd>
            <POS>.</POS>
            <NER>O</NER>
          </token>
          <token id="32">
            <word>'</word>
            <lemma>'</lemma>
            <CharacterOffsetBegin>11471</CharacterOffsetBegin>
            <CharacterOffsetEnd>11472</CharacterOffsetEnd>
            <POS>''</POS>
            <NER>O</NER>
          </token>
        </tokens>
      </sentence>
      <sentence id="102">
        <tokens>
          <token id="1">
            <word>Hansel</word>
            <lemma>Hansel</lemma>
            <CharacterOffsetBegin>11473</CharacterOffsetBegin>
            <CharacterOffsetEnd>11479</CharacterOffsetEnd>
            <POS>NNP</POS>
            <NER>O</NER>
          </token>
          <token id="2">
            <word>,</word>
            <lemma>,</lemma>
            <CharacterOffsetBegin>11479</CharacterOffsetBegin>
            <CharacterOffsetEnd>11480</CharacterOffsetEnd>
            <POS>,</POS>
            <NER>O</NER>
          </token>
          <token id="3">
            <word>however</word>
            <lemma>however</lemma>
            <CharacterOffsetBegin>11481</CharacterOffsetBegin>
            <CharacterOffsetEnd>11488</CharacterOffsetEnd>
            <POS>RB</POS>
            <NER>O</NER>
          </token>
          <token id="4">
            <word>,</word>
            <lemma>,</lemma>
            <CharacterOffsetBegin>11488</CharacterOffsetBegin>
            <CharacterOffsetEnd>11489</CharacterOffsetEnd>
            <POS>,</POS>
            <NER>O</NER>
          </token>
          <token id="5">
            <word>stretched</word>
            <lemma>stretch</lemma>
            <CharacterOffsetBegin>11490</CharacterOffsetBegin>
            <CharacterOffsetEnd>11499</CharacterOffsetEnd>
            <POS>VBN</POS>
            <NER>O</NER>
          </token>
          <token id="6">
            <word>out</word>
            <lemma>out</lemma>
            <CharacterOffsetBegin>11500</CharacterOffsetBegin>
            <CharacterOffsetEnd>11503</CharacterOffsetEnd>
            <POS>RP</POS>
            <NER>O</NER>
          </token>
          <token id="7">
            <word>a</word>
            <lemma>a</lemma>
            <CharacterOffsetBegin>11504</CharacterOffsetBegin>
            <CharacterOffsetEnd>11505</CharacterOffsetEnd>
            <POS>DT</POS>
            <NER>O</NER>
          </token>
          <token id="8">
            <word>little</word>
            <lemma>little</lemma>
            <CharacterOffsetBegin>11506</CharacterOffsetBegin>
            <CharacterOffsetEnd>11512</CharacterOffsetEnd>
            <POS>JJ</POS>
            <NER>O</NER>
          </token>
          <token id="9">
            <word>bone</word>
            <lemma>bone</lemma>
            <CharacterOffsetBegin>11513</CharacterOffsetBegin>
            <CharacterOffsetEnd>11517</CharacterOffsetEnd>
            <POS>NN</POS>
            <NER>O</NER>
          </token>
          <token id="10">
            <word>to</word>
            <lemma>to</lemma>
            <CharacterOffsetBegin>11518</CharacterOffsetBegin>
            <CharacterOffsetEnd>11520</CharacterOffsetEnd>
            <POS>TO</POS>
            <NER>O</NER>
          </token>
          <token id="11">
            <word>her</word>
            <lemma>she</lemma>
            <CharacterOffsetBegin>11521</CharacterOffsetBegin>
            <CharacterOffsetEnd>11524</CharacterOffsetEnd>
            <POS>PRP</POS>
            <NER>O</NER>
          </token>
          <token id="12">
            <word>,</word>
            <lemma>,</lemma>
            <CharacterOffsetBegin>11524</CharacterOffsetBegin>
            <CharacterOffsetEnd>11525</CharacterOffsetEnd>
            <POS>,</POS>
            <NER>O</NER>
          </token>
          <token id="13">
            <word>and</word>
            <lemma>and</lemma>
            <CharacterOffsetBegin>11526</CharacterOffsetBegin>
            <CharacterOffsetEnd>11529</CharacterOffsetEnd>
            <POS>CC</POS>
            <NER>O</NER>
          </token>
          <token id="14">
            <word>the</word>
            <lemma>the</lemma>
            <CharacterOffsetBegin>11530</CharacterOffsetBegin>
            <CharacterOffsetEnd>11533</CharacterOffsetEnd>
            <POS>DT</POS>
            <NER>O</NER>
          </token>
          <token id="15">
            <word>old</word>
            <lemma>old</lemma>
            <CharacterOffsetBegin>11534</CharacterOffsetBegin>
            <CharacterOffsetEnd>11537</CharacterOffsetEnd>
            <POS>JJ</POS>
            <NER>O</NER>
          </token>
          <token id="16">
            <word>woman</word>
            <lemma>woman</lemma>
            <CharacterOffsetBegin>11538</CharacterOffsetBegin>
            <CharacterOffsetEnd>11543</CharacterOffsetEnd>
            <POS>NN</POS>
            <NER>O</NER>
          </token>
          <token id="17">
            <word>,</word>
            <lemma>,</lemma>
            <CharacterOffsetBegin>11543</CharacterOffsetBegin>
            <CharacterOffsetEnd>11544</CharacterOffsetEnd>
            <POS>,</POS>
            <NER>O</NER>
          </token>
          <token id="18">
            <word>who</word>
            <lemma>who</lemma>
            <CharacterOffsetBegin>11545</CharacterOffsetBegin>
            <CharacterOffsetEnd>11548</CharacterOffsetEnd>
            <POS>WP</POS>
            <NER>O</NER>
          </token>
          <token id="19">
            <word>had</word>
            <lemma>have</lemma>
            <CharacterOffsetBegin>11549</CharacterOffsetBegin>
            <CharacterOffsetEnd>11552</CharacterOffsetEnd>
            <POS>VBD</POS>
            <NER>O</NER>
          </token>
          <token id="20">
            <word>dim</word>
            <lemma>dim</lemma>
            <CharacterOffsetBegin>11553</CharacterOffsetBegin>
            <CharacterOffsetEnd>11556</CharacterOffsetEnd>
            <POS>JJ</POS>
            <NER>O</NER>
          </token>
          <token id="21">
            <word>eyes</word>
            <lemma>eye</lemma>
            <CharacterOffsetBegin>11557</CharacterOffsetBegin>
            <CharacterOffsetEnd>11561</CharacterOffsetEnd>
            <POS>NNS</POS>
            <NER>O</NER>
          </token>
          <token id="22">
            <word>,</word>
            <lemma>,</lemma>
            <CharacterOffsetBegin>11561</CharacterOffsetBegin>
            <CharacterOffsetEnd>11562</CharacterOffsetEnd>
            <POS>,</POS>
            <NER>O</NER>
          </token>
          <token id="23">
            <word>could</word>
            <lemma>could</lemma>
            <CharacterOffsetBegin>11563</CharacterOffsetBegin>
            <CharacterOffsetEnd>11568</CharacterOffsetEnd>
            <POS>MD</POS>
            <NER>O</NER>
          </token>
          <token id="24">
            <word>not</word>
            <lemma>not</lemma>
            <CharacterOffsetBegin>11569</CharacterOffsetBegin>
            <CharacterOffsetEnd>11572</CharacterOffsetEnd>
            <POS>RB</POS>
            <NER>O</NER>
          </token>
          <token id="25">
            <word>see</word>
            <lemma>see</lemma>
            <CharacterOffsetBegin>11573</CharacterOffsetBegin>
            <CharacterOffsetEnd>11576</CharacterOffsetEnd>
            <POS>VB</POS>
            <NER>O</NER>
          </token>
          <token id="26">
            <word>it</word>
            <lemma>it</lemma>
            <CharacterOffsetBegin>11577</CharacterOffsetBegin>
            <CharacterOffsetEnd>11579</CharacterOffsetEnd>
            <POS>PRP</POS>
            <NER>O</NER>
          </token>
          <token id="27">
            <word>,</word>
            <lemma>,</lemma>
            <CharacterOffsetBegin>11579</CharacterOffsetBegin>
            <CharacterOffsetEnd>11580</CharacterOffsetEnd>
            <POS>,</POS>
            <NER>O</NER>
          </token>
          <token id="28">
            <word>and</word>
            <lemma>and</lemma>
            <CharacterOffsetBegin>11581</CharacterOffsetBegin>
            <CharacterOffsetEnd>11584</CharacterOffsetEnd>
            <POS>CC</POS>
            <NER>O</NER>
          </token>
          <token id="29">
            <word>thought</word>
            <lemma>think</lemma>
            <CharacterOffsetBegin>11585</CharacterOffsetBegin>
            <CharacterOffsetEnd>11592</CharacterOffsetEnd>
            <POS>VBD</POS>
            <NER>O</NER>
          </token>
          <token id="30">
            <word>it</word>
            <lemma>it</lemma>
            <CharacterOffsetBegin>11593</CharacterOffsetBegin>
            <CharacterOffsetEnd>11595</CharacterOffsetEnd>
            <POS>PRP</POS>
            <NER>O</NER>
          </token>
          <token id="31">
            <word>was</word>
            <lemma>be</lemma>
            <CharacterOffsetBegin>11596</CharacterOffsetBegin>
            <CharacterOffsetEnd>11599</CharacterOffsetEnd>
            <POS>VBD</POS>
            <NER>O</NER>
          </token>
          <token id="32">
            <word>Hansel</word>
            <lemma>Hansel</lemma>
            <CharacterOffsetBegin>11600</CharacterOffsetBegin>
            <CharacterOffsetEnd>11606</CharacterOffsetEnd>
            <POS>NNP</POS>
            <NER>O</NER>
          </token>
          <token id="33">
            <word>'s</word>
            <lemma>'s</lemma>
            <CharacterOffsetBegin>11606</CharacterOffsetBegin>
            <CharacterOffsetEnd>11608</CharacterOffsetEnd>
            <POS>POS</POS>
            <NER>O</NER>
          </token>
          <token id="34">
            <word>finger</word>
            <lemma>finger</lemma>
            <CharacterOffsetBegin>11609</CharacterOffsetBegin>
            <CharacterOffsetEnd>11615</CharacterOffsetEnd>
            <POS>NN</POS>
            <NER>O</NER>
          </token>
          <token id="35">
            <word>,</word>
            <lemma>,</lemma>
            <CharacterOffsetBegin>11615</CharacterOffsetBegin>
            <CharacterOffsetEnd>11616</CharacterOffsetEnd>
            <POS>,</POS>
            <NER>O</NER>
          </token>
          <token id="36">
            <word>and</word>
            <lemma>and</lemma>
            <CharacterOffsetBegin>11617</CharacterOffsetBegin>
            <CharacterOffsetEnd>11620</CharacterOffsetEnd>
            <POS>CC</POS>
            <NER>O</NER>
          </token>
          <token id="37">
            <word>was</word>
            <lemma>be</lemma>
            <CharacterOffsetBegin>11621</CharacterOffsetBegin>
            <CharacterOffsetEnd>11624</CharacterOffsetEnd>
            <POS>VBD</POS>
            <NER>O</NER>
          </token>
          <token id="38">
            <word>astonished</word>
            <lemma>astonish</lemma>
            <CharacterOffsetBegin>11625</CharacterOffsetBegin>
            <CharacterOffsetEnd>11635</CharacterOffsetEnd>
            <POS>VBN</POS>
            <NER>O</NER>
          </token>
          <token id="39">
            <word>that</word>
            <lemma>that</lemma>
            <CharacterOffsetBegin>11636</CharacterOffsetBegin>
            <CharacterOffsetEnd>11640</CharacterOffsetEnd>
            <POS>IN</POS>
            <NER>O</NER>
          </token>
          <token id="40">
            <word>there</word>
            <lemma>there</lemma>
            <CharacterOffsetBegin>11641</CharacterOffsetBegin>
            <CharacterOffsetEnd>11646</CharacterOffsetEnd>
            <POS>EX</POS>
            <NER>O</NER>
          </token>
          <token id="41">
            <word>was</word>
            <lemma>be</lemma>
            <CharacterOffsetBegin>11647</CharacterOffsetBegin>
            <CharacterOffsetEnd>11650</CharacterOffsetEnd>
            <POS>VBD</POS>
            <NER>O</NER>
          </token>
          <token id="42">
            <word>no</word>
            <lemma>no</lemma>
            <CharacterOffsetBegin>11651</CharacterOffsetBegin>
            <CharacterOffsetEnd>11653</CharacterOffsetEnd>
            <POS>DT</POS>
            <NER>O</NER>
          </token>
          <token id="43">
            <word>way</word>
            <lemma>way</lemma>
            <CharacterOffsetBegin>11654</CharacterOffsetBegin>
            <CharacterOffsetEnd>11657</CharacterOffsetEnd>
            <POS>NN</POS>
            <NER>O</NER>
          </token>
          <token id="44">
            <word>of</word>
            <lemma>of</lemma>
            <CharacterOffsetBegin>11658</CharacterOffsetBegin>
            <CharacterOffsetEnd>11660</CharacterOffsetEnd>
            <POS>IN</POS>
            <NER>O</NER>
          </token>
          <token id="45">
            <word>fattening</word>
            <lemma>fattening</lemma>
            <CharacterOffsetBegin>11661</CharacterOffsetBegin>
            <CharacterOffsetEnd>11670</CharacterOffsetEnd>
            <POS>NN</POS>
            <NER>O</NER>
          </token>
          <token id="46">
            <word>him</word>
            <lemma>he</lemma>
            <CharacterOffsetBegin>11671</CharacterOffsetBegin>
            <CharacterOffsetEnd>11674</CharacterOffsetEnd>
            <POS>PRP</POS>
            <NER>O</NER>
          </token>
          <token id="47">
            <word>.</word>
            <lemma>.</lemma>
            <CharacterOffsetBegin>11674</CharacterOffsetBegin>
            <CharacterOffsetEnd>11675</CharacterOffsetEnd>
            <POS>.</POS>
            <NER>O</NER>
          </token>
        </tokens>
      </sentence>
      <sentence id="103">
        <tokens>
          <token id="1">
            <word>When</word>
            <lemma>when</lemma>
            <CharacterOffsetBegin>11676</CharacterOffsetBegin>
            <CharacterOffsetEnd>11680</CharacterOffsetEnd>
            <POS>WRB</POS>
            <NER>O</NER>
          </token>
          <token id="2">
            <word>four</word>
            <lemma>four</lemma>
            <CharacterOffsetBegin>11681</CharacterOffsetBegin>
            <CharacterOffsetEnd>11685</CharacterOffsetEnd>
            <POS>CD</POS>
            <NER>DURATION</NER>
            <NormalizedNER>P4W</NormalizedNER>
            <Timex tid="t34" type="DURATION">P4W</Timex>
          </token>
          <token id="3">
            <word>weeks</word>
            <lemma>week</lemma>
            <CharacterOffsetBegin>11686</CharacterOffsetBegin>
            <CharacterOffsetEnd>11691</CharacterOffsetEnd>
            <POS>NNS</POS>
            <NER>DURATION</NER>
            <NormalizedNER>P4W</NormalizedNER>
            <Timex tid="t34" type="DURATION">P4W</Timex>
          </token>
          <token id="4">
            <word>had</word>
            <lemma>have</lemma>
            <CharacterOffsetBegin>11692</CharacterOffsetBegin>
            <CharacterOffsetEnd>11695</CharacterOffsetEnd>
            <POS>VBD</POS>
            <NER>O</NER>
          </token>
          <token id="5">
            <word>gone</word>
            <lemma>go</lemma>
            <CharacterOffsetBegin>11696</CharacterOffsetBegin>
            <CharacterOffsetEnd>11700</CharacterOffsetEnd>
            <POS>VBN</POS>
            <NER>O</NER>
          </token>
          <token id="6">
            <word>by</word>
            <lemma>by</lemma>
            <CharacterOffsetBegin>11701</CharacterOffsetBegin>
            <CharacterOffsetEnd>11703</CharacterOffsetEnd>
            <POS>IN</POS>
            <NER>O</NER>
          </token>
          <token id="7">
            <word>,</word>
            <lemma>,</lemma>
            <CharacterOffsetBegin>11703</CharacterOffsetBegin>
            <CharacterOffsetEnd>11704</CharacterOffsetEnd>
            <POS>,</POS>
            <NER>O</NER>
          </token>
          <token id="8">
            <word>and</word>
            <lemma>and</lemma>
            <CharacterOffsetBegin>11705</CharacterOffsetBegin>
            <CharacterOffsetEnd>11708</CharacterOffsetEnd>
            <POS>CC</POS>
            <NER>O</NER>
          </token>
          <token id="9">
            <word>Hansel</word>
            <lemma>Hansel</lemma>
            <CharacterOffsetBegin>11709</CharacterOffsetBegin>
            <CharacterOffsetEnd>11715</CharacterOffsetEnd>
            <POS>NNP</POS>
            <NER>PERSON</NER>
          </token>
          <token id="10">
            <word>still</word>
            <lemma>still</lemma>
            <CharacterOffsetBegin>11716</CharacterOffsetBegin>
            <CharacterOffsetEnd>11721</CharacterOffsetEnd>
            <POS>RB</POS>
            <NER>O</NER>
          </token>
          <token id="11">
            <word>remained</word>
            <lemma>remain</lemma>
            <CharacterOffsetBegin>11722</CharacterOffsetBegin>
            <CharacterOffsetEnd>11730</CharacterOffsetEnd>
            <POS>VBD</POS>
            <NER>O</NER>
          </token>
          <token id="12">
            <word>thin</word>
            <lemma>thin</lemma>
            <CharacterOffsetBegin>11731</CharacterOffsetBegin>
            <CharacterOffsetEnd>11735</CharacterOffsetEnd>
            <POS>JJ</POS>
            <NER>O</NER>
          </token>
          <token id="13">
            <word>,</word>
            <lemma>,</lemma>
            <CharacterOffsetBegin>11735</CharacterOffsetBegin>
            <CharacterOffsetEnd>11736</CharacterOffsetEnd>
            <POS>,</POS>
            <NER>O</NER>
          </token>
          <token id="14">
            <word>she</word>
            <lemma>she</lemma>
            <CharacterOffsetBegin>11737</CharacterOffsetBegin>
            <CharacterOffsetEnd>11740</CharacterOffsetEnd>
            <POS>PRP</POS>
            <NER>O</NER>
          </token>
          <token id="15">
            <word>was</word>
            <lemma>be</lemma>
            <CharacterOffsetBegin>11741</CharacterOffsetBegin>
            <CharacterOffsetEnd>11744</CharacterOffsetEnd>
            <POS>VBD</POS>
            <NER>O</NER>
          </token>
          <token id="16">
            <word>seized</word>
            <lemma>seize</lemma>
            <CharacterOffsetBegin>11745</CharacterOffsetBegin>
            <CharacterOffsetEnd>11751</CharacterOffsetEnd>
            <POS>VBN</POS>
            <NER>O</NER>
          </token>
          <token id="17">
            <word>with</word>
            <lemma>with</lemma>
            <CharacterOffsetBegin>11752</CharacterOffsetBegin>
            <CharacterOffsetEnd>11756</CharacterOffsetEnd>
            <POS>IN</POS>
            <NER>O</NER>
          </token>
          <token id="18">
            <word>impatience</word>
            <lemma>impatience</lemma>
            <CharacterOffsetBegin>11757</CharacterOffsetBegin>
            <CharacterOffsetEnd>11767</CharacterOffsetEnd>
            <POS>NN</POS>
            <NER>O</NER>
          </token>
          <token id="19">
            <word>and</word>
            <lemma>and</lemma>
            <CharacterOffsetBegin>11768</CharacterOffsetBegin>
            <CharacterOffsetEnd>11771</CharacterOffsetEnd>
            <POS>CC</POS>
            <NER>O</NER>
          </token>
          <token id="20">
            <word>would</word>
            <lemma>would</lemma>
            <CharacterOffsetBegin>11772</CharacterOffsetBegin>
            <CharacterOffsetEnd>11777</CharacterOffsetEnd>
            <POS>MD</POS>
            <NER>O</NER>
          </token>
          <token id="21">
            <word>not</word>
            <lemma>not</lemma>
            <CharacterOffsetBegin>11778</CharacterOffsetBegin>
            <CharacterOffsetEnd>11781</CharacterOffsetEnd>
            <POS>RB</POS>
            <NER>O</NER>
          </token>
          <token id="22">
            <word>wait</word>
            <lemma>wait</lemma>
            <CharacterOffsetBegin>11782</CharacterOffsetBegin>
            <CharacterOffsetEnd>11786</CharacterOffsetEnd>
            <POS>VB</POS>
            <NER>O</NER>
          </token>
          <token id="23">
            <word>any</word>
            <lemma>any</lemma>
            <CharacterOffsetBegin>11787</CharacterOffsetBegin>
            <CharacterOffsetEnd>11790</CharacterOffsetEnd>
            <POS>DT</POS>
            <NER>O</NER>
          </token>
          <token id="24">
            <word>longer</word>
            <lemma>longer</lemma>
            <CharacterOffsetBegin>11791</CharacterOffsetBegin>
            <CharacterOffsetEnd>11797</CharacterOffsetEnd>
            <POS>JJR</POS>
            <NER>O</NER>
          </token>
          <token id="25">
            <word>.</word>
            <lemma>.</lemma>
            <CharacterOffsetBegin>11797</CharacterOffsetBegin>
            <CharacterOffsetEnd>11798</CharacterOffsetEnd>
            <POS>.</POS>
            <NER>O</NER>
          </token>
        </tokens>
      </sentence>
      <sentence id="104">
        <tokens>
          <token id="1">
            <word>`</word>
            <lemma>`</lemma>
            <CharacterOffsetBegin>11799</CharacterOffsetBegin>
            <CharacterOffsetEnd>11800</CharacterOffsetEnd>
            <POS>``</POS>
            <NER>O</NER>
          </token>
          <token id="2">
            <word>Now</word>
            <lemma>now</lemma>
            <CharacterOffsetBegin>11800</CharacterOffsetBegin>
            <CharacterOffsetEnd>11803</CharacterOffsetEnd>
            <POS>RB</POS>
            <NER>DATE</NER>
            <NormalizedNER>PRESENT_REF</NormalizedNER>
            <Timex tid="t35" type="DATE">PRESENT_REF</Timex>
          </token>
          <token id="3">
            <word>,</word>
            <lemma>,</lemma>
            <CharacterOffsetBegin>11803</CharacterOffsetBegin>
            <CharacterOffsetEnd>11804</CharacterOffsetEnd>
            <POS>,</POS>
            <NER>O</NER>
          </token>
          <token id="4">
            <word>then</word>
            <lemma>then</lemma>
            <CharacterOffsetBegin>11805</CharacterOffsetBegin>
            <CharacterOffsetEnd>11809</CharacterOffsetEnd>
            <POS>RB</POS>
            <NER>O</NER>
          </token>
          <token id="5">
            <word>,</word>
            <lemma>,</lemma>
            <CharacterOffsetBegin>11809</CharacterOffsetBegin>
            <CharacterOffsetEnd>11810</CharacterOffsetEnd>
            <POS>,</POS>
            <NER>O</NER>
          </token>
          <token id="6">
            <word>Gretel</word>
            <lemma>Gretel</lemma>
            <CharacterOffsetBegin>11811</CharacterOffsetBegin>
            <CharacterOffsetEnd>11817</CharacterOffsetEnd>
            <POS>NNP</POS>
            <NER>PERSON</NER>
          </token>
          <token id="7">
            <word>,</word>
            <lemma>,</lemma>
            <CharacterOffsetBegin>11817</CharacterOffsetBegin>
            <CharacterOffsetEnd>11818</CharacterOffsetEnd>
            <POS>,</POS>
            <NER>O</NER>
          </token>
          <token id="8">
            <word>'</word>
            <lemma>'</lemma>
            <CharacterOffsetBegin>11818</CharacterOffsetBegin>
            <CharacterOffsetEnd>11819</CharacterOffsetEnd>
            <POS>''</POS>
            <NER>O</NER>
          </token>
          <token id="9">
            <word>she</word>
            <lemma>she</lemma>
            <CharacterOffsetBegin>11820</CharacterOffsetBegin>
            <CharacterOffsetEnd>11823</CharacterOffsetEnd>
            <POS>PRP</POS>
            <NER>O</NER>
          </token>
          <token id="10">
            <word>cried</word>
            <lemma>cry</lemma>
            <CharacterOffsetBegin>11824</CharacterOffsetBegin>
            <CharacterOffsetEnd>11829</CharacterOffsetEnd>
            <POS>VBD</POS>
            <NER>O</NER>
          </token>
          <token id="11">
            <word>to</word>
            <lemma>to</lemma>
            <CharacterOffsetBegin>11830</CharacterOffsetBegin>
            <CharacterOffsetEnd>11832</CharacterOffsetEnd>
            <POS>TO</POS>
            <NER>O</NER>
          </token>
          <token id="12">
            <word>the</word>
            <lemma>the</lemma>
            <CharacterOffsetBegin>11833</CharacterOffsetBegin>
            <CharacterOffsetEnd>11836</CharacterOffsetEnd>
            <POS>DT</POS>
            <NER>O</NER>
          </token>
          <token id="13">
            <word>girl</word>
            <lemma>girl</lemma>
            <CharacterOffsetBegin>11837</CharacterOffsetBegin>
            <CharacterOffsetEnd>11841</CharacterOffsetEnd>
            <POS>NN</POS>
            <NER>O</NER>
          </token>
          <token id="14">
            <word>,</word>
            <lemma>,</lemma>
            <CharacterOffsetBegin>11841</CharacterOffsetBegin>
            <CharacterOffsetEnd>11842</CharacterOffsetEnd>
            <POS>,</POS>
            <NER>O</NER>
          </token>
          <token id="15">
            <word>`</word>
            <lemma>`</lemma>
            <CharacterOffsetBegin>11843</CharacterOffsetBegin>
            <CharacterOffsetEnd>11844</CharacterOffsetEnd>
            <POS>``</POS>
            <NER>O</NER>
          </token>
          <token id="16">
            <word>stir</word>
            <lemma>stir</lemma>
            <CharacterOffsetBegin>11844</CharacterOffsetBegin>
            <CharacterOffsetEnd>11848</CharacterOffsetEnd>
            <POS>VB</POS>
            <NER>O</NER>
          </token>
          <token id="17">
            <word>yourself</word>
            <lemma>yourself</lemma>
            <CharacterOffsetBegin>11849</CharacterOffsetBegin>
            <CharacterOffsetEnd>11857</CharacterOffsetEnd>
            <POS>PRP</POS>
            <NER>O</NER>
          </token>
          <token id="18">
            <word>,</word>
            <lemma>,</lemma>
            <CharacterOffsetBegin>11857</CharacterOffsetBegin>
            <CharacterOffsetEnd>11858</CharacterOffsetEnd>
            <POS>,</POS>
            <NER>O</NER>
          </token>
          <token id="19">
            <word>and</word>
            <lemma>and</lemma>
            <CharacterOffsetBegin>11859</CharacterOffsetBegin>
            <CharacterOffsetEnd>11862</CharacterOffsetEnd>
            <POS>CC</POS>
            <NER>O</NER>
          </token>
          <token id="20">
            <word>bring</word>
            <lemma>bring</lemma>
            <CharacterOffsetBegin>11863</CharacterOffsetBegin>
            <CharacterOffsetEnd>11868</CharacterOffsetEnd>
            <POS>VB</POS>
            <NER>O</NER>
          </token>
          <token id="21">
            <word>some</word>
            <lemma>some</lemma>
            <CharacterOffsetBegin>11869</CharacterOffsetBegin>
            <CharacterOffsetEnd>11873</CharacterOffsetEnd>
            <POS>DT</POS>
            <NER>O</NER>
          </token>
          <token id="22">
            <word>water</word>
            <lemma>water</lemma>
            <CharacterOffsetBegin>11874</CharacterOffsetBegin>
            <CharacterOffsetEnd>11879</CharacterOffsetEnd>
            <POS>NN</POS>
            <NER>O</NER>
          </token>
          <token id="23">
            <word>.</word>
            <lemma>.</lemma>
            <CharacterOffsetBegin>11879</CharacterOffsetBegin>
            <CharacterOffsetEnd>11880</CharacterOffsetEnd>
            <POS>.</POS>
            <NER>O</NER>
          </token>
        </tokens>
      </sentence>
      <sentence id="105">
        <tokens>
          <token id="1">
            <word>Let</word>
            <lemma>let</lemma>
            <CharacterOffsetBegin>11881</CharacterOffsetBegin>
            <CharacterOffsetEnd>11884</CharacterOffsetEnd>
            <POS>VB</POS>
            <NER>O</NER>
          </token>
          <token id="2">
            <word>Hansel</word>
            <lemma>Hansel</lemma>
            <CharacterOffsetBegin>11885</CharacterOffsetBegin>
            <CharacterOffsetEnd>11891</CharacterOffsetEnd>
            <POS>NNP</POS>
            <NER>O</NER>
          </token>
          <token id="3">
            <word>be</word>
            <lemma>be</lemma>
            <CharacterOffsetBegin>11892</CharacterOffsetBegin>
            <CharacterOffsetEnd>11894</CharacterOffsetEnd>
            <POS>VB</POS>
            <NER>O</NER>
          </token>
          <token id="4">
            <word>fat</word>
            <lemma>fat</lemma>
            <CharacterOffsetBegin>11895</CharacterOffsetBegin>
            <CharacterOffsetEnd>11898</CharacterOffsetEnd>
            <POS>JJ</POS>
            <NER>O</NER>
          </token>
          <token id="5">
            <word>or</word>
            <lemma>or</lemma>
            <CharacterOffsetBegin>11899</CharacterOffsetBegin>
            <CharacterOffsetEnd>11901</CharacterOffsetEnd>
            <POS>CC</POS>
            <NER>O</NER>
          </token>
          <token id="6">
            <word>lean</word>
            <lemma>lean</lemma>
            <CharacterOffsetBegin>11902</CharacterOffsetBegin>
            <CharacterOffsetEnd>11906</CharacterOffsetEnd>
            <POS>JJ</POS>
            <NER>O</NER>
          </token>
          <token id="7">
            <word>,</word>
            <lemma>,</lemma>
            <CharacterOffsetBegin>11906</CharacterOffsetBegin>
            <CharacterOffsetEnd>11907</CharacterOffsetEnd>
            <POS>,</POS>
            <NER>O</NER>
          </token>
          <token id="8">
            <word>tomorrow</word>
            <lemma>tomorrow</lemma>
            <CharacterOffsetBegin>11908</CharacterOffsetBegin>
            <CharacterOffsetEnd>11916</CharacterOffsetEnd>
            <POS>NN</POS>
            <NER>DATE</NER>
            <NormalizedNER>OFFSET P1D</NormalizedNER>
            <Timex tid="t6" type="DATE"/>
          </token>
          <token id="9">
            <word>I</word>
            <lemma>I</lemma>
            <CharacterOffsetBegin>11917</CharacterOffsetBegin>
            <CharacterOffsetEnd>11918</CharacterOffsetEnd>
            <POS>PRP</POS>
            <NER>O</NER>
          </token>
          <token id="10">
            <word>will</word>
            <lemma>will</lemma>
            <CharacterOffsetBegin>11919</CharacterOffsetBegin>
            <CharacterOffsetEnd>11923</CharacterOffsetEnd>
            <POS>MD</POS>
            <NER>O</NER>
          </token>
          <token id="11">
            <word>kill</word>
            <lemma>kill</lemma>
            <CharacterOffsetBegin>11924</CharacterOffsetBegin>
            <CharacterOffsetEnd>11928</CharacterOffsetEnd>
            <POS>VB</POS>
            <NER>O</NER>
          </token>
          <token id="12">
            <word>him</word>
            <lemma>he</lemma>
            <CharacterOffsetBegin>11929</CharacterOffsetBegin>
            <CharacterOffsetEnd>11932</CharacterOffsetEnd>
            <POS>PRP</POS>
            <NER>O</NER>
          </token>
          <token id="13">
            <word>,</word>
            <lemma>,</lemma>
            <CharacterOffsetBegin>11932</CharacterOffsetBegin>
            <CharacterOffsetEnd>11933</CharacterOffsetEnd>
            <POS>,</POS>
            <NER>O</NER>
          </token>
          <token id="14">
            <word>and</word>
            <lemma>and</lemma>
            <CharacterOffsetBegin>11934</CharacterOffsetBegin>
            <CharacterOffsetEnd>11937</CharacterOffsetEnd>
            <POS>CC</POS>
            <NER>O</NER>
          </token>
          <token id="15">
            <word>cook</word>
            <lemma>cook</lemma>
            <CharacterOffsetBegin>11938</CharacterOffsetBegin>
            <CharacterOffsetEnd>11942</CharacterOffsetEnd>
            <POS>VB</POS>
            <NER>O</NER>
          </token>
          <token id="16">
            <word>him</word>
            <lemma>he</lemma>
            <CharacterOffsetBegin>11943</CharacterOffsetBegin>
            <CharacterOffsetEnd>11946</CharacterOffsetEnd>
            <POS>PRP</POS>
            <NER>O</NER>
          </token>
          <token id="17">
            <word>.</word>
            <lemma>.</lemma>
            <CharacterOffsetBegin>11946</CharacterOffsetBegin>
            <CharacterOffsetEnd>11947</CharacterOffsetEnd>
            <POS>.</POS>
            <NER>O</NER>
          </token>
          <token id="18">
            <word>'</word>
            <lemma>'</lemma>
            <CharacterOffsetBegin>11947</CharacterOffsetBegin>
            <CharacterOffsetEnd>11948</CharacterOffsetEnd>
            <POS>''</POS>
            <NER>O</NER>
          </token>
        </tokens>
      </sentence>
      <sentence id="106">
        <tokens>
          <token id="1">
            <word>Ah</word>
            <lemma>ah</lemma>
            <CharacterOffsetBegin>11949</CharacterOffsetBegin>
            <CharacterOffsetEnd>11951</CharacterOffsetEnd>
            <POS>NN</POS>
            <NER>O</NER>
          </token>
          <token id="2">
            <word>,</word>
            <lemma>,</lemma>
            <CharacterOffsetBegin>11951</CharacterOffsetBegin>
            <CharacterOffsetEnd>11952</CharacterOffsetEnd>
            <POS>,</POS>
            <NER>O</NER>
          </token>
          <token id="3">
            <word>how</word>
            <lemma>how</lemma>
            <CharacterOffsetBegin>11953</CharacterOffsetBegin>
            <CharacterOffsetEnd>11956</CharacterOffsetEnd>
            <POS>WRB</POS>
            <NER>O</NER>
          </token>
          <token id="4">
            <word>the</word>
            <lemma>the</lemma>
            <CharacterOffsetBegin>11957</CharacterOffsetBegin>
            <CharacterOffsetEnd>11960</CharacterOffsetEnd>
            <POS>DT</POS>
            <NER>O</NER>
          </token>
          <token id="5">
            <word>poor</word>
            <lemma>poor</lemma>
            <CharacterOffsetBegin>11961</CharacterOffsetBegin>
            <CharacterOffsetEnd>11965</CharacterOffsetEnd>
            <POS>JJ</POS>
            <NER>O</NER>
          </token>
          <token id="6">
            <word>little</word>
            <lemma>little</lemma>
            <CharacterOffsetBegin>11966</CharacterOffsetBegin>
            <CharacterOffsetEnd>11972</CharacterOffsetEnd>
            <POS>JJ</POS>
            <NER>O</NER>
          </token>
          <token id="7">
            <word>sister</word>
            <lemma>sister</lemma>
            <CharacterOffsetBegin>11973</CharacterOffsetBegin>
            <CharacterOffsetEnd>11979</CharacterOffsetEnd>
            <POS>NN</POS>
            <NER>O</NER>
          </token>
          <token id="8">
            <word>did</word>
            <lemma>do</lemma>
            <CharacterOffsetBegin>11980</CharacterOffsetBegin>
            <CharacterOffsetEnd>11983</CharacterOffsetEnd>
            <POS>VBD</POS>
            <NER>O</NER>
          </token>
          <token id="9">
            <word>lament</word>
            <lemma>lament</lemma>
            <CharacterOffsetBegin>11984</CharacterOffsetBegin>
            <CharacterOffsetEnd>11990</CharacterOffsetEnd>
            <POS>NN</POS>
            <NER>O</NER>
          </token>
          <token id="10">
            <word>when</word>
            <lemma>when</lemma>
            <CharacterOffsetBegin>11991</CharacterOffsetBegin>
            <CharacterOffsetEnd>11995</CharacterOffsetEnd>
            <POS>WRB</POS>
            <NER>O</NER>
          </token>
          <token id="11">
            <word>she</word>
            <lemma>she</lemma>
            <CharacterOffsetBegin>11996</CharacterOffsetBegin>
            <CharacterOffsetEnd>11999</CharacterOffsetEnd>
            <POS>PRP</POS>
            <NER>O</NER>
          </token>
          <token id="12">
            <word>had</word>
            <lemma>have</lemma>
            <CharacterOffsetBegin>12000</CharacterOffsetBegin>
            <CharacterOffsetEnd>12003</CharacterOffsetEnd>
            <POS>VBD</POS>
            <NER>O</NER>
          </token>
          <token id="13">
            <word>to</word>
            <lemma>to</lemma>
            <CharacterOffsetBegin>12004</CharacterOffsetBegin>
            <CharacterOffsetEnd>12006</CharacterOffsetEnd>
            <POS>TO</POS>
            <NER>O</NER>
          </token>
          <token id="14">
            <word>fetch</word>
            <lemma>fetch</lemma>
            <CharacterOffsetBegin>12007</CharacterOffsetBegin>
            <CharacterOffsetEnd>12012</CharacterOffsetEnd>
            <POS>VB</POS>
            <NER>O</NER>
          </token>
          <token id="15">
            <word>the</word>
            <lemma>the</lemma>
            <CharacterOffsetBegin>12013</CharacterOffsetBegin>
            <CharacterOffsetEnd>12016</CharacterOffsetEnd>
            <POS>DT</POS>
            <NER>O</NER>
          </token>
          <token id="16">
            <word>water</word>
            <lemma>water</lemma>
            <CharacterOffsetBegin>12017</CharacterOffsetBegin>
            <CharacterOffsetEnd>12022</CharacterOffsetEnd>
            <POS>NN</POS>
            <NER>O</NER>
          </token>
          <token id="17">
            <word>,</word>
            <lemma>,</lemma>
            <CharacterOffsetBegin>12022</CharacterOffsetBegin>
            <CharacterOffsetEnd>12023</CharacterOffsetEnd>
            <POS>,</POS>
            <NER>O</NER>
          </token>
          <token id="18">
            <word>and</word>
            <lemma>and</lemma>
            <CharacterOffsetBegin>12024</CharacterOffsetBegin>
            <CharacterOffsetEnd>12027</CharacterOffsetEnd>
            <POS>CC</POS>
            <NER>O</NER>
          </token>
          <token id="19">
            <word>how</word>
            <lemma>how</lemma>
            <CharacterOffsetBegin>12028</CharacterOffsetBegin>
            <CharacterOffsetEnd>12031</CharacterOffsetEnd>
            <POS>WRB</POS>
            <NER>O</NER>
          </token>
          <token id="20">
            <word>her</word>
            <lemma>she</lemma>
            <CharacterOffsetBegin>12032</CharacterOffsetBegin>
            <CharacterOffsetEnd>12035</CharacterOffsetEnd>
            <POS>PRP$</POS>
            <NER>O</NER>
          </token>
          <token id="21">
            <word>tears</word>
            <lemma>tear</lemma>
            <CharacterOffsetBegin>12036</CharacterOffsetBegin>
            <CharacterOffsetEnd>12041</CharacterOffsetEnd>
            <POS>NNS</POS>
            <NER>O</NER>
          </token>
          <token id="22">
            <word>did</word>
            <lemma>do</lemma>
            <CharacterOffsetBegin>12042</CharacterOffsetBegin>
            <CharacterOffsetEnd>12045</CharacterOffsetEnd>
            <POS>VBD</POS>
            <NER>O</NER>
          </token>
          <token id="23">
            <word>flow</word>
            <lemma>flow</lemma>
            <CharacterOffsetBegin>12046</CharacterOffsetBegin>
            <CharacterOffsetEnd>12050</CharacterOffsetEnd>
            <POS>VB</POS>
            <NER>O</NER>
          </token>
          <token id="24">
            <word>down</word>
            <lemma>down</lemma>
            <CharacterOffsetBegin>12051</CharacterOffsetBegin>
            <CharacterOffsetEnd>12055</CharacterOffsetEnd>
            <POS>RP</POS>
            <NER>O</NER>
          </token>
          <token id="25">
            <word>her</word>
            <lemma>she</lemma>
            <CharacterOffsetBegin>12056</CharacterOffsetBegin>
            <CharacterOffsetEnd>12059</CharacterOffsetEnd>
            <POS>PRP$</POS>
            <NER>O</NER>
          </token>
          <token id="26">
            <word>cheeks</word>
            <lemma>cheek</lemma>
            <CharacterOffsetBegin>12060</CharacterOffsetBegin>
            <CharacterOffsetEnd>12066</CharacterOffsetEnd>
            <POS>NNS</POS>
            <NER>O</NER>
          </token>
          <token id="27">
            <word>!</word>
            <lemma>!</lemma>
            <CharacterOffsetBegin>12066</CharacterOffsetBegin>
            <CharacterOffsetEnd>12067</CharacterOffsetEnd>
            <POS>.</POS>
            <NER>O</NER>
          </token>
        </tokens>
      </sentence>
      <sentence id="107">
        <tokens>
          <token id="1">
            <word>`</word>
            <lemma>`</lemma>
            <CharacterOffsetBegin>12068</CharacterOffsetBegin>
            <CharacterOffsetEnd>12069</CharacterOffsetEnd>
            <POS>``</POS>
            <NER>O</NER>
          </token>
          <token id="2">
            <word>Dear</word>
            <lemma>Dear</lemma>
            <CharacterOffsetBegin>12069</CharacterOffsetBegin>
            <CharacterOffsetEnd>12073</CharacterOffsetEnd>
            <POS>NNP</POS>
            <NER>O</NER>
          </token>
          <token id="3">
            <word>God</word>
            <lemma>God</lemma>
            <CharacterOffsetBegin>12074</CharacterOffsetBegin>
            <CharacterOffsetEnd>12077</CharacterOffsetEnd>
            <POS>NNP</POS>
            <NER>O</NER>
          </token>
          <token id="4">
            <word>,</word>
            <lemma>,</lemma>
            <CharacterOffsetBegin>12077</CharacterOffsetBegin>
            <CharacterOffsetEnd>12078</CharacterOffsetEnd>
            <POS>,</POS>
            <NER>O</NER>
          </token>
          <token id="5">
            <word>do</word>
            <lemma>do</lemma>
            <CharacterOffsetBegin>12079</CharacterOffsetBegin>
            <CharacterOffsetEnd>12081</CharacterOffsetEnd>
            <POS>VBP</POS>
            <NER>O</NER>
          </token>
          <token id="6">
            <word>help</word>
            <lemma>help</lemma>
            <CharacterOffsetBegin>12082</CharacterOffsetBegin>
            <CharacterOffsetEnd>12086</CharacterOffsetEnd>
            <POS>VB</POS>
            <NER>O</NER>
          </token>
          <token id="7">
            <word>us</word>
            <lemma>we</lemma>
            <CharacterOffsetBegin>12087</CharacterOffsetBegin>
            <CharacterOffsetEnd>12089</CharacterOffsetEnd>
            <POS>PRP</POS>
            <NER>O</NER>
          </token>
          <token id="8">
            <word>,</word>
            <lemma>,</lemma>
            <CharacterOffsetBegin>12089</CharacterOffsetBegin>
            <CharacterOffsetEnd>12090</CharacterOffsetEnd>
            <POS>,</POS>
            <NER>O</NER>
          </token>
          <token id="9">
            <word>'</word>
            <lemma>'</lemma>
            <CharacterOffsetBegin>12090</CharacterOffsetBegin>
            <CharacterOffsetEnd>12091</CharacterOffsetEnd>
            <POS>''</POS>
            <NER>O</NER>
          </token>
          <token id="10">
            <word>she</word>
            <lemma>she</lemma>
            <CharacterOffsetBegin>12092</CharacterOffsetBegin>
            <CharacterOffsetEnd>12095</CharacterOffsetEnd>
            <POS>PRP</POS>
            <NER>O</NER>
          </token>
          <token id="11">
            <word>cried</word>
            <lemma>cry</lemma>
            <CharacterOffsetBegin>12096</CharacterOffsetBegin>
            <CharacterOffsetEnd>12101</CharacterOffsetEnd>
            <POS>VBD</POS>
            <NER>O</NER>
          </token>
          <token id="12">
            <word>.</word>
            <lemma>.</lemma>
            <CharacterOffsetBegin>12101</CharacterOffsetBegin>
            <CharacterOffsetEnd>12102</CharacterOffsetEnd>
            <POS>.</POS>
            <NER>O</NER>
          </token>
        </tokens>
      </sentence>
      <sentence id="108">
        <tokens>
          <token id="1">
            <word>`</word>
            <lemma>`</lemma>
            <CharacterOffsetBegin>12103</CharacterOffsetBegin>
            <CharacterOffsetEnd>12104</CharacterOffsetEnd>
            <POS>``</POS>
            <NER>O</NER>
          </token>
          <token id="2">
            <word>If</word>
            <lemma>if</lemma>
            <CharacterOffsetBegin>12104</CharacterOffsetBegin>
            <CharacterOffsetEnd>12106</CharacterOffsetEnd>
            <POS>IN</POS>
            <NER>O</NER>
          </token>
          <token id="3">
            <word>the</word>
            <lemma>the</lemma>
            <CharacterOffsetBegin>12107</CharacterOffsetBegin>
            <CharacterOffsetEnd>12110</CharacterOffsetEnd>
            <POS>DT</POS>
            <NER>O</NER>
          </token>
          <token id="4">
            <word>wild</word>
            <lemma>wild</lemma>
            <CharacterOffsetBegin>12111</CharacterOffsetBegin>
            <CharacterOffsetEnd>12115</CharacterOffsetEnd>
            <POS>JJ</POS>
            <NER>O</NER>
          </token>
          <token id="5">
            <word>beasts</word>
            <lemma>beast</lemma>
            <CharacterOffsetBegin>12116</CharacterOffsetBegin>
            <CharacterOffsetEnd>12122</CharacterOffsetEnd>
            <POS>NNS</POS>
            <NER>O</NER>
          </token>
          <token id="6">
            <word>in</word>
            <lemma>in</lemma>
            <CharacterOffsetBegin>12123</CharacterOffsetBegin>
            <CharacterOffsetEnd>12125</CharacterOffsetEnd>
            <POS>IN</POS>
            <NER>O</NER>
          </token>
          <token id="7">
            <word>the</word>
            <lemma>the</lemma>
            <CharacterOffsetBegin>12126</CharacterOffsetBegin>
            <CharacterOffsetEnd>12129</CharacterOffsetEnd>
            <POS>DT</POS>
            <NER>O</NER>
          </token>
          <token id="8">
            <word>forest</word>
            <lemma>forest</lemma>
            <CharacterOffsetBegin>12130</CharacterOffsetBegin>
            <CharacterOffsetEnd>12136</CharacterOffsetEnd>
            <POS>NN</POS>
            <NER>O</NER>
          </token>
          <token id="9">
            <word>had</word>
            <lemma>have</lemma>
            <CharacterOffsetBegin>12137</CharacterOffsetBegin>
            <CharacterOffsetEnd>12140</CharacterOffsetEnd>
            <POS>VBD</POS>
            <NER>O</NER>
          </token>
          <token id="10">
            <word>but</word>
            <lemma>but</lemma>
            <CharacterOffsetBegin>12141</CharacterOffsetBegin>
            <CharacterOffsetEnd>12144</CharacterOffsetEnd>
            <POS>CC</POS>
            <NER>O</NER>
          </token>
          <token id="11">
            <word>devoured</word>
            <lemma>devour</lemma>
            <CharacterOffsetBegin>12145</CharacterOffsetBegin>
            <CharacterOffsetEnd>12153</CharacterOffsetEnd>
            <POS>VBD</POS>
            <NER>O</NER>
          </token>
          <token id="12">
            <word>us</word>
            <lemma>we</lemma>
            <CharacterOffsetBegin>12154</CharacterOffsetBegin>
            <CharacterOffsetEnd>12156</CharacterOffsetEnd>
            <POS>PRP</POS>
            <NER>O</NER>
          </token>
          <token id="13">
            <word>,</word>
            <lemma>,</lemma>
            <CharacterOffsetBegin>12156</CharacterOffsetBegin>
            <CharacterOffsetEnd>12157</CharacterOffsetEnd>
            <POS>,</POS>
            <NER>O</NER>
          </token>
          <token id="14">
            <word>we</word>
            <lemma>we</lemma>
            <CharacterOffsetBegin>12158</CharacterOffsetBegin>
            <CharacterOffsetEnd>12160</CharacterOffsetEnd>
            <POS>PRP</POS>
            <NER>O</NER>
          </token>
          <token id="15">
            <word>should</word>
            <lemma>should</lemma>
            <CharacterOffsetBegin>12161</CharacterOffsetBegin>
            <CharacterOffsetEnd>12167</CharacterOffsetEnd>
            <POS>MD</POS>
            <NER>O</NER>
          </token>
          <token id="16">
            <word>at</word>
            <lemma>at</lemma>
            <CharacterOffsetBegin>12168</CharacterOffsetBegin>
            <CharacterOffsetEnd>12170</CharacterOffsetEnd>
            <POS>IN</POS>
            <NER>O</NER>
          </token>
          <token id="17">
            <word>any</word>
            <lemma>any</lemma>
            <CharacterOffsetBegin>12171</CharacterOffsetBegin>
            <CharacterOffsetEnd>12174</CharacterOffsetEnd>
            <POS>DT</POS>
            <NER>O</NER>
          </token>
          <token id="18">
            <word>rate</word>
            <lemma>rate</lemma>
            <CharacterOffsetBegin>12175</CharacterOffsetBegin>
            <CharacterOffsetEnd>12179</CharacterOffsetEnd>
            <POS>NN</POS>
            <NER>O</NER>
          </token>
          <token id="19">
            <word>have</word>
            <lemma>have</lemma>
            <CharacterOffsetBegin>12180</CharacterOffsetBegin>
            <CharacterOffsetEnd>12184</CharacterOffsetEnd>
            <POS>VBP</POS>
            <NER>O</NER>
          </token>
          <token id="20">
            <word>died</word>
            <lemma>die</lemma>
            <CharacterOffsetBegin>12185</CharacterOffsetBegin>
            <CharacterOffsetEnd>12189</CharacterOffsetEnd>
            <POS>VBN</POS>
            <NER>O</NER>
          </token>
          <token id="21">
            <word>together</word>
            <lemma>together</lemma>
            <CharacterOffsetBegin>12190</CharacterOffsetBegin>
            <CharacterOffsetEnd>12198</CharacterOffsetEnd>
            <POS>RB</POS>
            <NER>O</NER>
          </token>
          <token id="22">
            <word>.</word>
            <lemma>.</lemma>
            <CharacterOffsetBegin>12198</CharacterOffsetBegin>
            <CharacterOffsetEnd>12199</CharacterOffsetEnd>
            <POS>.</POS>
            <NER>O</NER>
          </token>
          <token id="23">
            <word>'</word>
            <lemma>'</lemma>
            <CharacterOffsetBegin>12199</CharacterOffsetBegin>
            <CharacterOffsetEnd>12200</CharacterOffsetEnd>
            <POS>''</POS>
            <NER>O</NER>
          </token>
        </tokens>
      </sentence>
      <sentence id="109">
        <tokens>
          <token id="1">
            <word>`</word>
            <lemma>`</lemma>
            <CharacterOffsetBegin>12201</CharacterOffsetBegin>
            <CharacterOffsetEnd>12202</CharacterOffsetEnd>
            <POS>``</POS>
            <NER>O</NER>
          </token>
          <token id="2">
            <word>Just</word>
            <lemma>just</lemma>
            <CharacterOffsetBegin>12202</CharacterOffsetBegin>
            <CharacterOffsetEnd>12206</CharacterOffsetEnd>
            <POS>RB</POS>
            <NER>O</NER>
          </token>
          <token id="3">
            <word>keep</word>
            <lemma>keep</lemma>
            <CharacterOffsetBegin>12207</CharacterOffsetBegin>
            <CharacterOffsetEnd>12211</CharacterOffsetEnd>
            <POS>VB</POS>
            <NER>O</NER>
          </token>
          <token id="4">
            <word>your</word>
            <lemma>you</lemma>
            <CharacterOffsetBegin>12212</CharacterOffsetBegin>
            <CharacterOffsetEnd>12216</CharacterOffsetEnd>
            <POS>PRP$</POS>
            <NER>O</NER>
          </token>
          <token id="5">
            <word>noise</word>
            <lemma>noise</lemma>
            <CharacterOffsetBegin>12217</CharacterOffsetBegin>
            <CharacterOffsetEnd>12222</CharacterOffsetEnd>
            <POS>NN</POS>
            <NER>O</NER>
          </token>
          <token id="6">
            <word>to</word>
            <lemma>to</lemma>
            <CharacterOffsetBegin>12223</CharacterOffsetBegin>
            <CharacterOffsetEnd>12225</CharacterOffsetEnd>
            <POS>TO</POS>
            <NER>O</NER>
          </token>
          <token id="7">
            <word>yourself</word>
            <lemma>yourself</lemma>
            <CharacterOffsetBegin>12226</CharacterOffsetBegin>
            <CharacterOffsetEnd>12234</CharacterOffsetEnd>
            <POS>PRP</POS>
            <NER>O</NER>
          </token>
          <token id="8">
            <word>,</word>
            <lemma>,</lemma>
            <CharacterOffsetBegin>12234</CharacterOffsetBegin>
            <CharacterOffsetEnd>12235</CharacterOffsetEnd>
            <POS>,</POS>
            <NER>O</NER>
          </token>
          <token id="9">
            <word>'</word>
            <lemma>'</lemma>
            <CharacterOffsetBegin>12235</CharacterOffsetBegin>
            <CharacterOffsetEnd>12236</CharacterOffsetEnd>
            <POS>''</POS>
            <NER>O</NER>
          </token>
          <token id="10">
            <word>said</word>
            <lemma>say</lemma>
            <CharacterOffsetBegin>12237</CharacterOffsetBegin>
            <CharacterOffsetEnd>12241</CharacterOffsetEnd>
            <POS>VBD</POS>
            <NER>O</NER>
          </token>
          <token id="11">
            <word>the</word>
            <lemma>the</lemma>
            <CharacterOffsetBegin>12242</CharacterOffsetBegin>
            <CharacterOffsetEnd>12245</CharacterOffsetEnd>
            <POS>DT</POS>
            <NER>O</NER>
          </token>
          <token id="12">
            <word>old</word>
            <lemma>old</lemma>
            <CharacterOffsetBegin>12246</CharacterOffsetBegin>
            <CharacterOffsetEnd>12249</CharacterOffsetEnd>
            <POS>JJ</POS>
            <NER>O</NER>
          </token>
          <token id="13">
            <word>woman</word>
            <lemma>woman</lemma>
            <CharacterOffsetBegin>12250</CharacterOffsetBegin>
            <CharacterOffsetEnd>12255</CharacterOffsetEnd>
            <POS>NN</POS>
            <NER>O</NER>
          </token>
          <token id="14">
            <word>,</word>
            <lemma>,</lemma>
            <CharacterOffsetBegin>12255</CharacterOffsetBegin>
            <CharacterOffsetEnd>12256</CharacterOffsetEnd>
            <POS>,</POS>
            <NER>O</NER>
          </token>
          <token id="15">
            <word>`</word>
            <lemma>`</lemma>
            <CharacterOffsetBegin>12257</CharacterOffsetBegin>
            <CharacterOffsetEnd>12258</CharacterOffsetEnd>
            <POS>``</POS>
            <NER>O</NER>
          </token>
          <token id="16">
            <word>it</word>
            <lemma>it</lemma>
            <CharacterOffsetBegin>12258</CharacterOffsetBegin>
            <CharacterOffsetEnd>12260</CharacterOffsetEnd>
            <POS>PRP</POS>
            <NER>O</NER>
          </token>
          <token id="17">
            <word>wo</word>
            <lemma>will</lemma>
            <CharacterOffsetBegin>12261</CharacterOffsetBegin>
            <CharacterOffsetEnd>12263</CharacterOffsetEnd>
            <POS>MD</POS>
            <NER>O</NER>
          </token>
          <token id="18">
            <word>n't</word>
            <lemma>not</lemma>
            <CharacterOffsetBegin>12263</CharacterOffsetBegin>
            <CharacterOffsetEnd>12266</CharacterOffsetEnd>
            <POS>RB</POS>
            <NER>O</NER>
          </token>
          <token id="19">
            <word>help</word>
            <lemma>help</lemma>
            <CharacterOffsetBegin>12267</CharacterOffsetBegin>
            <CharacterOffsetEnd>12271</CharacterOffsetEnd>
            <POS>VB</POS>
            <NER>O</NER>
          </token>
          <token id="20">
            <word>you</word>
            <lemma>you</lemma>
            <CharacterOffsetBegin>12272</CharacterOffsetBegin>
            <CharacterOffsetEnd>12275</CharacterOffsetEnd>
            <POS>PRP</POS>
            <NER>O</NER>
          </token>
          <token id="21">
            <word>at</word>
            <lemma>at</lemma>
            <CharacterOffsetBegin>12276</CharacterOffsetBegin>
            <CharacterOffsetEnd>12278</CharacterOffsetEnd>
            <POS>IN</POS>
            <NER>O</NER>
          </token>
          <token id="22">
            <word>all</word>
            <lemma>all</lemma>
            <CharacterOffsetBegin>12279</CharacterOffsetBegin>
            <CharacterOffsetEnd>12282</CharacterOffsetEnd>
            <POS>DT</POS>
            <NER>O</NER>
          </token>
          <token id="23">
            <word>.</word>
            <lemma>.</lemma>
            <CharacterOffsetBegin>12282</CharacterOffsetBegin>
            <CharacterOffsetEnd>12283</CharacterOffsetEnd>
            <POS>.</POS>
            <NER>O</NER>
          </token>
          <token id="24">
            <word>'</word>
            <lemma>'</lemma>
            <CharacterOffsetBegin>12283</CharacterOffsetBegin>
            <CharacterOffsetEnd>12284</CharacterOffsetEnd>
            <POS>''</POS>
            <NER>O</NER>
          </token>
        </tokens>
      </sentence>
      <sentence id="110">
        <tokens>
          <token id="1">
            <word>Early</word>
            <lemma>early</lemma>
            <CharacterOffsetBegin>12286</CharacterOffsetBegin>
            <CharacterOffsetEnd>12291</CharacterOffsetEnd>
            <POS>RB</POS>
            <NER>O</NER>
          </token>
          <token id="2">
            <word>in</word>
            <lemma>in</lemma>
            <CharacterOffsetBegin>12292</CharacterOffsetBegin>
            <CharacterOffsetEnd>12294</CharacterOffsetEnd>
            <POS>IN</POS>
            <NER>O</NER>
          </token>
          <token id="3">
            <word>the</word>
            <lemma>the</lemma>
            <CharacterOffsetBegin>12295</CharacterOffsetBegin>
            <CharacterOffsetEnd>12298</CharacterOffsetEnd>
            <POS>DT</POS>
            <NER>O</NER>
          </token>
          <token id="4">
            <word>morning</word>
            <lemma>morning</lemma>
            <CharacterOffsetBegin>12299</CharacterOffsetBegin>
            <CharacterOffsetEnd>12306</CharacterOffsetEnd>
            <POS>NN</POS>
            <NER>TIME</NER>
            <NormalizedNER>TMO</NormalizedNER>
            <Timex tid="t36" type="TIME">TMO</Timex>
          </token>
          <token id="5">
            <word>,</word>
            <lemma>,</lemma>
            <CharacterOffsetBegin>12306</CharacterOffsetBegin>
            <CharacterOffsetEnd>12307</CharacterOffsetEnd>
            <POS>,</POS>
            <NER>O</NER>
          </token>
          <token id="6">
            <word>Gretel</word>
            <lemma>Gretel</lemma>
            <CharacterOffsetBegin>12308</CharacterOffsetBegin>
            <CharacterOffsetEnd>12314</CharacterOffsetEnd>
            <POS>NNP</POS>
            <NER>PERSON</NER>
          </token>
          <token id="7">
            <word>had</word>
            <lemma>have</lemma>
            <CharacterOffsetBegin>12315</CharacterOffsetBegin>
            <CharacterOffsetEnd>12318</CharacterOffsetEnd>
            <POS>VBD</POS>
            <NER>O</NER>
          </token>
          <token id="8">
            <word>to</word>
            <lemma>to</lemma>
            <CharacterOffsetBegin>12319</CharacterOffsetBegin>
            <CharacterOffsetEnd>12321</CharacterOffsetEnd>
            <POS>TO</POS>
            <NER>O</NER>
          </token>
          <token id="9">
            <word>go</word>
            <lemma>go</lemma>
            <CharacterOffsetBegin>12322</CharacterOffsetBegin>
            <CharacterOffsetEnd>12324</CharacterOffsetEnd>
            <POS>VB</POS>
            <NER>O</NER>
          </token>
          <token id="10">
            <word>out</word>
            <lemma>out</lemma>
            <CharacterOffsetBegin>12325</CharacterOffsetBegin>
            <CharacterOffsetEnd>12328</CharacterOffsetEnd>
            <POS>RP</POS>
            <NER>O</NER>
          </token>
          <token id="11">
            <word>and</word>
            <lemma>and</lemma>
            <CharacterOffsetBegin>12329</CharacterOffsetBegin>
            <CharacterOffsetEnd>12332</CharacterOffsetEnd>
            <POS>CC</POS>
            <NER>O</NER>
          </token>
          <token id="12">
            <word>hang</word>
            <lemma>hang</lemma>
            <CharacterOffsetBegin>12333</CharacterOffsetBegin>
            <CharacterOffsetEnd>12337</CharacterOffsetEnd>
            <POS>VB</POS>
            <NER>O</NER>
          </token>
          <token id="13">
            <word>up</word>
            <lemma>up</lemma>
            <CharacterOffsetBegin>12338</CharacterOffsetBegin>
            <CharacterOffsetEnd>12340</CharacterOffsetEnd>
            <POS>RP</POS>
            <NER>O</NER>
          </token>
          <token id="14">
            <word>the</word>
            <lemma>the</lemma>
            <CharacterOffsetBegin>12341</CharacterOffsetBegin>
            <CharacterOffsetEnd>12344</CharacterOffsetEnd>
            <POS>DT</POS>
            <NER>O</NER>
          </token>
          <token id="15">
            <word>cauldron</word>
            <lemma>cauldron</lemma>
            <CharacterOffsetBegin>12345</CharacterOffsetBegin>
            <CharacterOffsetEnd>12353</CharacterOffsetEnd>
            <POS>NN</POS>
            <NER>O</NER>
          </token>
          <token id="16">
            <word>with</word>
            <lemma>with</lemma>
            <CharacterOffsetBegin>12354</CharacterOffsetBegin>
            <CharacterOffsetEnd>12358</CharacterOffsetEnd>
            <POS>IN</POS>
            <NER>O</NER>
          </token>
          <token id="17">
            <word>the</word>
            <lemma>the</lemma>
            <CharacterOffsetBegin>12359</CharacterOffsetBegin>
            <CharacterOffsetEnd>12362</CharacterOffsetEnd>
            <POS>DT</POS>
            <NER>O</NER>
          </token>
          <token id="18">
            <word>water</word>
            <lemma>water</lemma>
            <CharacterOffsetBegin>12363</CharacterOffsetBegin>
            <CharacterOffsetEnd>12368</CharacterOffsetEnd>
            <POS>NN</POS>
            <NER>O</NER>
          </token>
          <token id="19">
            <word>,</word>
            <lemma>,</lemma>
            <CharacterOffsetBegin>12368</CharacterOffsetBegin>
            <CharacterOffsetEnd>12369</CharacterOffsetEnd>
            <POS>,</POS>
            <NER>O</NER>
          </token>
          <token id="20">
            <word>and</word>
            <lemma>and</lemma>
            <CharacterOffsetBegin>12370</CharacterOffsetBegin>
            <CharacterOffsetEnd>12373</CharacterOffsetEnd>
            <POS>CC</POS>
            <NER>O</NER>
          </token>
          <token id="21">
            <word>light</word>
            <lemma>light</lemma>
            <CharacterOffsetBegin>12374</CharacterOffsetBegin>
            <CharacterOffsetEnd>12379</CharacterOffsetEnd>
            <POS>NN</POS>
            <NER>O</NER>
          </token>
          <token id="22">
            <word>the</word>
            <lemma>the</lemma>
            <CharacterOffsetBegin>12380</CharacterOffsetBegin>
            <CharacterOffsetEnd>12383</CharacterOffsetEnd>
            <POS>DT</POS>
            <NER>O</NER>
          </token>
          <token id="23">
            <word>fire</word>
            <lemma>fire</lemma>
            <CharacterOffsetBegin>12384</CharacterOffsetBegin>
            <CharacterOffsetEnd>12388</CharacterOffsetEnd>
            <POS>NN</POS>
            <NER>O</NER>
          </token>
          <token id="24">
            <word>.</word>
            <lemma>.</lemma>
            <CharacterOffsetBegin>12388</CharacterOffsetBegin>
            <CharacterOffsetEnd>12389</CharacterOffsetEnd>
            <POS>.</POS>
            <NER>O</NER>
          </token>
        </tokens>
      </sentence>
      <sentence id="111">
        <tokens>
          <token id="1">
            <word>`</word>
            <lemma>`</lemma>
            <CharacterOffsetBegin>12390</CharacterOffsetBegin>
            <CharacterOffsetEnd>12391</CharacterOffsetEnd>
            <POS>``</POS>
            <NER>O</NER>
          </token>
          <token id="2">
            <word>We</word>
            <lemma>we</lemma>
            <CharacterOffsetBegin>12391</CharacterOffsetBegin>
            <CharacterOffsetEnd>12393</CharacterOffsetEnd>
            <POS>PRP</POS>
            <NER>O</NER>
          </token>
          <token id="3">
            <word>will</word>
            <lemma>will</lemma>
            <CharacterOffsetBegin>12394</CharacterOffsetBegin>
            <CharacterOffsetEnd>12398</CharacterOffsetEnd>
            <POS>MD</POS>
            <NER>O</NER>
          </token>
          <token id="4">
            <word>bake</word>
            <lemma>bake</lemma>
            <CharacterOffsetBegin>12399</CharacterOffsetBegin>
            <CharacterOffsetEnd>12403</CharacterOffsetEnd>
            <POS>VB</POS>
            <NER>O</NER>
          </token>
          <token id="5">
            <word>first</word>
            <lemma>first</lemma>
            <CharacterOffsetBegin>12404</CharacterOffsetBegin>
            <CharacterOffsetEnd>12409</CharacterOffsetEnd>
            <POS>RB</POS>
            <NER>ORDINAL</NER>
            <NormalizedNER>1.0</NormalizedNER>
          </token>
          <token id="6">
            <word>,</word>
            <lemma>,</lemma>
            <CharacterOffsetBegin>12409</CharacterOffsetBegin>
            <CharacterOffsetEnd>12410</CharacterOffsetEnd>
            <POS>,</POS>
            <NER>O</NER>
          </token>
          <token id="7">
            <word>'</word>
            <lemma>'</lemma>
            <CharacterOffsetBegin>12410</CharacterOffsetBegin>
            <CharacterOffsetEnd>12411</CharacterOffsetEnd>
            <POS>''</POS>
            <NER>O</NER>
          </token>
          <token id="8">
            <word>said</word>
            <lemma>say</lemma>
            <CharacterOffsetBegin>12412</CharacterOffsetBegin>
            <CharacterOffsetEnd>12416</CharacterOffsetEnd>
            <POS>VBD</POS>
            <NER>O</NER>
          </token>
          <token id="9">
            <word>the</word>
            <lemma>the</lemma>
            <CharacterOffsetBegin>12417</CharacterOffsetBegin>
            <CharacterOffsetEnd>12420</CharacterOffsetEnd>
            <POS>DT</POS>
            <NER>O</NER>
          </token>
          <token id="10">
            <word>old</word>
            <lemma>old</lemma>
            <CharacterOffsetBegin>12421</CharacterOffsetBegin>
            <CharacterOffsetEnd>12424</CharacterOffsetEnd>
            <POS>JJ</POS>
            <NER>O</NER>
          </token>
          <token id="11">
            <word>woman</word>
            <lemma>woman</lemma>
            <CharacterOffsetBegin>12425</CharacterOffsetBegin>
            <CharacterOffsetEnd>12430</CharacterOffsetEnd>
            <POS>NN</POS>
            <NER>O</NER>
          </token>
          <token id="12">
            <word>,</word>
            <lemma>,</lemma>
            <CharacterOffsetBegin>12430</CharacterOffsetBegin>
            <CharacterOffsetEnd>12431</CharacterOffsetEnd>
            <POS>,</POS>
            <NER>O</NER>
          </token>
          <token id="13">
            <word>`</word>
            <lemma>`</lemma>
            <CharacterOffsetBegin>12432</CharacterOffsetBegin>
            <CharacterOffsetEnd>12433</CharacterOffsetEnd>
            <POS>``</POS>
            <NER>O</NER>
          </token>
          <token id="14">
            <word>I</word>
            <lemma>I</lemma>
            <CharacterOffsetBegin>12433</CharacterOffsetBegin>
            <CharacterOffsetEnd>12434</CharacterOffsetEnd>
            <POS>PRP</POS>
            <NER>O</NER>
          </token>
          <token id="15">
            <word>have</word>
            <lemma>have</lemma>
            <CharacterOffsetBegin>12435</CharacterOffsetBegin>
            <CharacterOffsetEnd>12439</CharacterOffsetEnd>
            <POS>VBP</POS>
            <NER>O</NER>
          </token>
          <token id="16">
            <word>already</word>
            <lemma>already</lemma>
            <CharacterOffsetBegin>12440</CharacterOffsetBegin>
            <CharacterOffsetEnd>12447</CharacterOffsetEnd>
            <POS>RB</POS>
            <NER>O</NER>
          </token>
          <token id="17">
            <word>heated</word>
            <lemma>heat</lemma>
            <CharacterOffsetBegin>12448</CharacterOffsetBegin>
            <CharacterOffsetEnd>12454</CharacterOffsetEnd>
            <POS>VBN</POS>
            <NER>O</NER>
          </token>
          <token id="18">
            <word>the</word>
            <lemma>the</lemma>
            <CharacterOffsetBegin>12455</CharacterOffsetBegin>
            <CharacterOffsetEnd>12458</CharacterOffsetEnd>
            <POS>DT</POS>
            <NER>O</NER>
          </token>
          <token id="19">
            <word>oven</word>
            <lemma>oven</lemma>
            <CharacterOffsetBegin>12459</CharacterOffsetBegin>
            <CharacterOffsetEnd>12463</CharacterOffsetEnd>
            <POS>NN</POS>
            <NER>O</NER>
          </token>
          <token id="20">
            <word>,</word>
            <lemma>,</lemma>
            <CharacterOffsetBegin>12463</CharacterOffsetBegin>
            <CharacterOffsetEnd>12464</CharacterOffsetEnd>
            <POS>,</POS>
            <NER>O</NER>
          </token>
          <token id="21">
            <word>and</word>
            <lemma>and</lemma>
            <CharacterOffsetBegin>12465</CharacterOffsetBegin>
            <CharacterOffsetEnd>12468</CharacterOffsetEnd>
            <POS>CC</POS>
            <NER>O</NER>
          </token>
          <token id="22">
            <word>kneaded</word>
            <lemma>knead</lemma>
            <CharacterOffsetBegin>12469</CharacterOffsetBegin>
            <CharacterOffsetEnd>12476</CharacterOffsetEnd>
            <POS>VBD</POS>
            <NER>O</NER>
          </token>
          <token id="23">
            <word>the</word>
            <lemma>the</lemma>
            <CharacterOffsetBegin>12477</CharacterOffsetBegin>
            <CharacterOffsetEnd>12480</CharacterOffsetEnd>
            <POS>DT</POS>
            <NER>O</NER>
          </token>
          <token id="24">
            <word>dough</word>
            <lemma>dough</lemma>
            <CharacterOffsetBegin>12481</CharacterOffsetBegin>
            <CharacterOffsetEnd>12486</CharacterOffsetEnd>
            <POS>NN</POS>
            <NER>O</NER>
          </token>
          <token id="25">
            <word>.</word>
            <lemma>.</lemma>
            <CharacterOffsetBegin>12486</CharacterOffsetBegin>
            <CharacterOffsetEnd>12487</CharacterOffsetEnd>
            <POS>.</POS>
            <NER>O</NER>
          </token>
          <token id="26">
            <word>'</word>
            <lemma>'</lemma>
            <CharacterOffsetBegin>12487</CharacterOffsetBegin>
            <CharacterOffsetEnd>12488</CharacterOffsetEnd>
            <POS>''</POS>
            <NER>O</NER>
          </token>
        </tokens>
      </sentence>
      <sentence id="112">
        <tokens>
          <token id="1">
            <word>She</word>
            <lemma>she</lemma>
            <CharacterOffsetBegin>12489</CharacterOffsetBegin>
            <CharacterOffsetEnd>12492</CharacterOffsetEnd>
            <POS>PRP</POS>
            <NER>O</NER>
          </token>
          <token id="2">
            <word>pushed</word>
            <lemma>push</lemma>
            <CharacterOffsetBegin>12493</CharacterOffsetBegin>
            <CharacterOffsetEnd>12499</CharacterOffsetEnd>
            <POS>VBD</POS>
            <NER>O</NER>
          </token>
          <token id="3">
            <word>poor</word>
            <lemma>poor</lemma>
            <CharacterOffsetBegin>12500</CharacterOffsetBegin>
            <CharacterOffsetEnd>12504</CharacterOffsetEnd>
            <POS>JJ</POS>
            <NER>O</NER>
          </token>
          <token id="4">
            <word>Gretel</word>
            <lemma>Gretel</lemma>
            <CharacterOffsetBegin>12505</CharacterOffsetBegin>
            <CharacterOffsetEnd>12511</CharacterOffsetEnd>
            <POS>NNP</POS>
            <NER>PERSON</NER>
          </token>
          <token id="5">
            <word>out</word>
            <lemma>out</lemma>
            <CharacterOffsetBegin>12512</CharacterOffsetBegin>
            <CharacterOffsetEnd>12515</CharacterOffsetEnd>
            <POS>IN</POS>
            <NER>O</NER>
          </token>
          <token id="6">
            <word>to</word>
            <lemma>to</lemma>
            <CharacterOffsetBegin>12516</CharacterOffsetBegin>
            <CharacterOffsetEnd>12518</CharacterOffsetEnd>
            <POS>TO</POS>
            <NER>O</NER>
          </token>
          <token id="7">
            <word>the</word>
            <lemma>the</lemma>
            <CharacterOffsetBegin>12519</CharacterOffsetBegin>
            <CharacterOffsetEnd>12522</CharacterOffsetEnd>
            <POS>DT</POS>
            <NER>O</NER>
          </token>
          <token id="8">
            <word>oven</word>
            <lemma>oven</lemma>
            <CharacterOffsetBegin>12523</CharacterOffsetBegin>
            <CharacterOffsetEnd>12527</CharacterOffsetEnd>
            <POS>NN</POS>
            <NER>O</NER>
          </token>
          <token id="9">
            <word>,</word>
            <lemma>,</lemma>
            <CharacterOffsetBegin>12527</CharacterOffsetBegin>
            <CharacterOffsetEnd>12528</CharacterOffsetEnd>
            <POS>,</POS>
            <NER>O</NER>
          </token>
          <token id="10">
            <word>from</word>
            <lemma>from</lemma>
            <CharacterOffsetBegin>12529</CharacterOffsetBegin>
            <CharacterOffsetEnd>12533</CharacterOffsetEnd>
            <POS>IN</POS>
            <NER>O</NER>
          </token>
          <token id="11">
            <word>which</word>
            <lemma>which</lemma>
            <CharacterOffsetBegin>12534</CharacterOffsetBegin>
            <CharacterOffsetEnd>12539</CharacterOffsetEnd>
            <POS>WDT</POS>
            <NER>O</NER>
          </token>
          <token id="12">
            <word>flames</word>
            <lemma>flame</lemma>
            <CharacterOffsetBegin>12540</CharacterOffsetBegin>
            <CharacterOffsetEnd>12546</CharacterOffsetEnd>
            <POS>NNS</POS>
            <NER>O</NER>
          </token>
          <token id="13">
            <word>of</word>
            <lemma>of</lemma>
            <CharacterOffsetBegin>12547</CharacterOffsetBegin>
            <CharacterOffsetEnd>12549</CharacterOffsetEnd>
            <POS>IN</POS>
            <NER>O</NER>
          </token>
          <token id="14">
            <word>fire</word>
            <lemma>fire</lemma>
            <CharacterOffsetBegin>12550</CharacterOffsetBegin>
            <CharacterOffsetEnd>12554</CharacterOffsetEnd>
            <POS>NN</POS>
            <NER>O</NER>
          </token>
          <token id="15">
            <word>were</word>
            <lemma>be</lemma>
            <CharacterOffsetBegin>12555</CharacterOffsetBegin>
            <CharacterOffsetEnd>12559</CharacterOffsetEnd>
            <POS>VBD</POS>
            <NER>O</NER>
          </token>
          <token id="16">
            <word>already</word>
            <lemma>already</lemma>
            <CharacterOffsetBegin>12560</CharacterOffsetBegin>
            <CharacterOffsetEnd>12567</CharacterOffsetEnd>
            <POS>RB</POS>
            <NER>O</NER>
          </token>
          <token id="17">
            <word>darting</word>
            <lemma>dart</lemma>
            <CharacterOffsetBegin>12568</CharacterOffsetBegin>
            <CharacterOffsetEnd>12575</CharacterOffsetEnd>
            <POS>VBG</POS>
            <NER>O</NER>
          </token>
          <token id="18">
            <word>.</word>
            <lemma>.</lemma>
            <CharacterOffsetBegin>12575</CharacterOffsetBegin>
            <CharacterOffsetEnd>12576</CharacterOffsetEnd>
            <POS>.</POS>
            <NER>O</NER>
          </token>
        </tokens>
      </sentence>
      <sentence id="113">
        <tokens>
          <token id="1">
            <word>`</word>
            <lemma>`</lemma>
            <CharacterOffsetBegin>12577</CharacterOffsetBegin>
            <CharacterOffsetEnd>12578</CharacterOffsetEnd>
            <POS>``</POS>
            <NER>O</NER>
          </token>
          <token id="2">
            <word>Creep</word>
            <lemma>Creep</lemma>
            <CharacterOffsetBegin>12578</CharacterOffsetBegin>
            <CharacterOffsetEnd>12583</CharacterOffsetEnd>
            <POS>NNP</POS>
            <NER>O</NER>
          </token>
          <token id="3">
            <word>in</word>
            <lemma>in</lemma>
            <CharacterOffsetBegin>12584</CharacterOffsetBegin>
            <CharacterOffsetEnd>12586</CharacterOffsetEnd>
            <POS>IN</POS>
            <NER>O</NER>
          </token>
          <token id="4">
            <word>,</word>
            <lemma>,</lemma>
            <CharacterOffsetBegin>12586</CharacterOffsetBegin>
            <CharacterOffsetEnd>12587</CharacterOffsetEnd>
            <POS>,</POS>
            <NER>O</NER>
          </token>
          <token id="5">
            <word>'</word>
            <lemma>'</lemma>
            <CharacterOffsetBegin>12587</CharacterOffsetBegin>
            <CharacterOffsetEnd>12588</CharacterOffsetEnd>
            <POS>''</POS>
            <NER>O</NER>
          </token>
          <token id="6">
            <word>said</word>
            <lemma>say</lemma>
            <CharacterOffsetBegin>12589</CharacterOffsetBegin>
            <CharacterOffsetEnd>12593</CharacterOffsetEnd>
            <POS>VBD</POS>
            <NER>O</NER>
          </token>
          <token id="7">
            <word>the</word>
            <lemma>the</lemma>
            <CharacterOffsetBegin>12594</CharacterOffsetBegin>
            <CharacterOffsetEnd>12597</CharacterOffsetEnd>
            <POS>DT</POS>
            <NER>O</NER>
          </token>
          <token id="8">
            <word>witch</word>
            <lemma>witch</lemma>
            <CharacterOffsetBegin>12598</CharacterOffsetBegin>
            <CharacterOffsetEnd>12603</CharacterOffsetEnd>
            <POS>NN</POS>
            <NER>O</NER>
          </token>
          <token id="9">
            <word>,</word>
            <lemma>,</lemma>
            <CharacterOffsetBegin>12603</CharacterOffsetBegin>
            <CharacterOffsetEnd>12604</CharacterOffsetEnd>
            <POS>,</POS>
            <NER>O</NER>
          </token>
          <token id="10">
            <word>`</word>
            <lemma>`</lemma>
            <CharacterOffsetBegin>12605</CharacterOffsetBegin>
            <CharacterOffsetEnd>12606</CharacterOffsetEnd>
            <POS>``</POS>
            <NER>O</NER>
          </token>
          <token id="11">
            <word>and</word>
            <lemma>and</lemma>
            <CharacterOffsetBegin>12606</CharacterOffsetBegin>
            <CharacterOffsetEnd>12609</CharacterOffsetEnd>
            <POS>CC</POS>
            <NER>O</NER>
          </token>
          <token id="12">
            <word>see</word>
            <lemma>see</lemma>
            <CharacterOffsetBegin>12610</CharacterOffsetBegin>
            <CharacterOffsetEnd>12613</CharacterOffsetEnd>
            <POS>VB</POS>
            <NER>O</NER>
          </token>
          <token id="13">
            <word>if</word>
            <lemma>if</lemma>
            <CharacterOffsetBegin>12614</CharacterOffsetBegin>
            <CharacterOffsetEnd>12616</CharacterOffsetEnd>
            <POS>IN</POS>
            <NER>O</NER>
          </token>
          <token id="14">
            <word>it</word>
            <lemma>it</lemma>
            <CharacterOffsetBegin>12617</CharacterOffsetBegin>
            <CharacterOffsetEnd>12619</CharacterOffsetEnd>
            <POS>PRP</POS>
            <NER>O</NER>
          </token>
          <token id="15">
            <word>is</word>
            <lemma>be</lemma>
            <CharacterOffsetBegin>12620</CharacterOffsetBegin>
            <CharacterOffsetEnd>12622</CharacterOffsetEnd>
            <POS>VBZ</POS>
            <NER>O</NER>
          </token>
          <token id="16">
            <word>properly</word>
            <lemma>properly</lemma>
            <CharacterOffsetBegin>12623</CharacterOffsetBegin>
            <CharacterOffsetEnd>12631</CharacterOffsetEnd>
            <POS>RB</POS>
            <NER>O</NER>
          </token>
          <token id="17">
            <word>heated</word>
            <lemma>heat</lemma>
            <CharacterOffsetBegin>12632</CharacterOffsetBegin>
            <CharacterOffsetEnd>12638</CharacterOffsetEnd>
            <POS>VBN</POS>
            <NER>O</NER>
          </token>
          <token id="18">
            <word>,</word>
            <lemma>,</lemma>
            <CharacterOffsetBegin>12638</CharacterOffsetBegin>
            <CharacterOffsetEnd>12639</CharacterOffsetEnd>
            <POS>,</POS>
            <NER>O</NER>
          </token>
          <token id="19">
            <word>so</word>
            <lemma>so</lemma>
            <CharacterOffsetBegin>12640</CharacterOffsetBegin>
            <CharacterOffsetEnd>12642</CharacterOffsetEnd>
            <POS>IN</POS>
            <NER>O</NER>
          </token>
          <token id="20">
            <word>that</word>
            <lemma>that</lemma>
            <CharacterOffsetBegin>12643</CharacterOffsetBegin>
            <CharacterOffsetEnd>12647</CharacterOffsetEnd>
            <POS>IN</POS>
            <NER>O</NER>
          </token>
          <token id="21">
            <word>we</word>
            <lemma>we</lemma>
            <CharacterOffsetBegin>12648</CharacterOffsetBegin>
            <CharacterOffsetEnd>12650</CharacterOffsetEnd>
            <POS>PRP</POS>
            <NER>O</NER>
          </token>
          <token id="22">
            <word>can</word>
            <lemma>can</lemma>
            <CharacterOffsetBegin>12651</CharacterOffsetBegin>
            <CharacterOffsetEnd>12654</CharacterOffsetEnd>
            <POS>MD</POS>
            <NER>O</NER>
          </token>
          <token id="23">
            <word>put</word>
            <lemma>put</lemma>
            <CharacterOffsetBegin>12655</CharacterOffsetBegin>
            <CharacterOffsetEnd>12658</CharacterOffsetEnd>
            <POS>VB</POS>
            <NER>O</NER>
          </token>
          <token id="24">
            <word>the</word>
            <lemma>the</lemma>
            <CharacterOffsetBegin>12659</CharacterOffsetBegin>
            <CharacterOffsetEnd>12662</CharacterOffsetEnd>
            <POS>DT</POS>
            <NER>O</NER>
          </token>
          <token id="25">
            <word>bread</word>
            <lemma>bread</lemma>
            <CharacterOffsetBegin>12663</CharacterOffsetBegin>
            <CharacterOffsetEnd>12668</CharacterOffsetEnd>
            <POS>NN</POS>
            <NER>O</NER>
          </token>
          <token id="26">
            <word>in</word>
            <lemma>in</lemma>
            <CharacterOffsetBegin>12669</CharacterOffsetBegin>
            <CharacterOffsetEnd>12671</CharacterOffsetEnd>
            <POS>IN</POS>
            <NER>O</NER>
          </token>
          <token id="27">
            <word>.</word>
            <lemma>.</lemma>
            <CharacterOffsetBegin>12671</CharacterOffsetBegin>
            <CharacterOffsetEnd>12672</CharacterOffsetEnd>
            <POS>.</POS>
            <NER>O</NER>
          </token>
          <token id="28">
            <word>'</word>
            <lemma>'</lemma>
            <CharacterOffsetBegin>12672</CharacterOffsetBegin>
            <CharacterOffsetEnd>12673</CharacterOffsetEnd>
            <POS>''</POS>
            <NER>O</NER>
          </token>
        </tokens>
      </sentence>
      <sentence id="114">
        <tokens>
          <token id="1">
            <word>And</word>
            <lemma>and</lemma>
            <CharacterOffsetBegin>12674</CharacterOffsetBegin>
            <CharacterOffsetEnd>12677</CharacterOffsetEnd>
            <POS>CC</POS>
            <NER>O</NER>
          </token>
          <token id="2">
            <word>once</word>
            <lemma>once</lemma>
            <CharacterOffsetBegin>12678</CharacterOffsetBegin>
            <CharacterOffsetEnd>12682</CharacterOffsetEnd>
            <POS>RB</POS>
            <NER>DATE</NER>
            <NormalizedNER>PAST_REF</NormalizedNER>
            <Timex tid="t37" type="DATE">PAST_REF</Timex>
          </token>
          <token id="3">
            <word>Gretel</word>
            <lemma>Gretel</lemma>
            <CharacterOffsetBegin>12683</CharacterOffsetBegin>
            <CharacterOffsetEnd>12689</CharacterOffsetEnd>
            <POS>NNP</POS>
            <NER>PERSON</NER>
          </token>
          <token id="4">
            <word>was</word>
            <lemma>be</lemma>
            <CharacterOffsetBegin>12690</CharacterOffsetBegin>
            <CharacterOffsetEnd>12693</CharacterOffsetEnd>
            <POS>VBD</POS>
            <NER>O</NER>
          </token>
          <token id="5">
            <word>inside</word>
            <lemma>inside</lemma>
            <CharacterOffsetBegin>12694</CharacterOffsetBegin>
            <CharacterOffsetEnd>12700</CharacterOffsetEnd>
            <POS>RB</POS>
            <NER>O</NER>
          </token>
          <token id="6">
            <word>,</word>
            <lemma>,</lemma>
            <CharacterOffsetBegin>12700</CharacterOffsetBegin>
            <CharacterOffsetEnd>12701</CharacterOffsetEnd>
            <POS>,</POS>
            <NER>O</NER>
          </token>
          <token id="7">
            <word>she</word>
            <lemma>she</lemma>
            <CharacterOffsetBegin>12702</CharacterOffsetBegin>
            <CharacterOffsetEnd>12705</CharacterOffsetEnd>
            <POS>PRP</POS>
            <NER>O</NER>
          </token>
          <token id="8">
            <word>intended</word>
            <lemma>intend</lemma>
            <CharacterOffsetBegin>12706</CharacterOffsetBegin>
            <CharacterOffsetEnd>12714</CharacterOffsetEnd>
            <POS>VBD</POS>
            <NER>O</NER>
          </token>
          <token id="9">
            <word>to</word>
            <lemma>to</lemma>
            <CharacterOffsetBegin>12715</CharacterOffsetBegin>
            <CharacterOffsetEnd>12717</CharacterOffsetEnd>
            <POS>TO</POS>
            <NER>O</NER>
          </token>
          <token id="10">
            <word>shut</word>
            <lemma>shut</lemma>
            <CharacterOffsetBegin>12718</CharacterOffsetBegin>
            <CharacterOffsetEnd>12722</CharacterOffsetEnd>
            <POS>VB</POS>
            <NER>O</NER>
          </token>
          <token id="11">
            <word>the</word>
            <lemma>the</lemma>
            <CharacterOffsetBegin>12723</CharacterOffsetBegin>
            <CharacterOffsetEnd>12726</CharacterOffsetEnd>
            <POS>DT</POS>
            <NER>O</NER>
          </token>
          <token id="12">
            <word>oven</word>
            <lemma>oven</lemma>
            <CharacterOffsetBegin>12727</CharacterOffsetBegin>
            <CharacterOffsetEnd>12731</CharacterOffsetEnd>
            <POS>NN</POS>
            <NER>O</NER>
          </token>
          <token id="13">
            <word>and</word>
            <lemma>and</lemma>
            <CharacterOffsetBegin>12732</CharacterOffsetBegin>
            <CharacterOffsetEnd>12735</CharacterOffsetEnd>
            <POS>CC</POS>
            <NER>O</NER>
          </token>
          <token id="14">
            <word>let</word>
            <lemma>let</lemma>
            <CharacterOffsetBegin>12736</CharacterOffsetBegin>
            <CharacterOffsetEnd>12739</CharacterOffsetEnd>
            <POS>VB</POS>
            <NER>O</NER>
          </token>
          <token id="15">
            <word>her</word>
            <lemma>she</lemma>
            <CharacterOffsetBegin>12740</CharacterOffsetBegin>
            <CharacterOffsetEnd>12743</CharacterOffsetEnd>
            <POS>PRP</POS>
            <NER>O</NER>
          </token>
          <token id="16">
            <word>bake</word>
            <lemma>bake</lemma>
            <CharacterOffsetBegin>12744</CharacterOffsetBegin>
            <CharacterOffsetEnd>12748</CharacterOffsetEnd>
            <POS>VB</POS>
            <NER>O</NER>
          </token>
          <token id="17">
            <word>in</word>
            <lemma>in</lemma>
            <CharacterOffsetBegin>12749</CharacterOffsetBegin>
            <CharacterOffsetEnd>12751</CharacterOffsetEnd>
            <POS>IN</POS>
            <NER>O</NER>
          </token>
          <token id="18">
            <word>it</word>
            <lemma>it</lemma>
            <CharacterOffsetBegin>12752</CharacterOffsetBegin>
            <CharacterOffsetEnd>12754</CharacterOffsetEnd>
            <POS>PRP</POS>
            <NER>O</NER>
          </token>
          <token id="19">
            <word>,</word>
            <lemma>,</lemma>
            <CharacterOffsetBegin>12754</CharacterOffsetBegin>
            <CharacterOffsetEnd>12755</CharacterOffsetEnd>
            <POS>,</POS>
            <NER>O</NER>
          </token>
          <token id="20">
            <word>and</word>
            <lemma>and</lemma>
            <CharacterOffsetBegin>12756</CharacterOffsetBegin>
            <CharacterOffsetEnd>12759</CharacterOffsetEnd>
            <POS>CC</POS>
            <NER>O</NER>
          </token>
          <token id="21">
            <word>then</word>
            <lemma>then</lemma>
            <CharacterOffsetBegin>12760</CharacterOffsetBegin>
            <CharacterOffsetEnd>12764</CharacterOffsetEnd>
            <POS>RB</POS>
            <NER>O</NER>
          </token>
          <token id="22">
            <word>she</word>
            <lemma>she</lemma>
            <CharacterOffsetBegin>12765</CharacterOffsetBegin>
            <CharacterOffsetEnd>12768</CharacterOffsetEnd>
            <POS>PRP</POS>
            <NER>O</NER>
          </token>
          <token id="23">
            <word>would</word>
            <lemma>would</lemma>
            <CharacterOffsetBegin>12769</CharacterOffsetBegin>
            <CharacterOffsetEnd>12774</CharacterOffsetEnd>
            <POS>MD</POS>
            <NER>O</NER>
          </token>
          <token id="24">
            <word>eat</word>
            <lemma>eat</lemma>
            <CharacterOffsetBegin>12775</CharacterOffsetBegin>
            <CharacterOffsetEnd>12778</CharacterOffsetEnd>
            <POS>VB</POS>
            <NER>O</NER>
          </token>
          <token id="25">
            <word>her</word>
            <lemma>she</lemma>
            <CharacterOffsetBegin>12779</CharacterOffsetBegin>
            <CharacterOffsetEnd>12782</CharacterOffsetEnd>
            <POS>PRP</POS>
            <NER>O</NER>
          </token>
          <token id="26">
            <word>,</word>
            <lemma>,</lemma>
            <CharacterOffsetBegin>12782</CharacterOffsetBegin>
            <CharacterOffsetEnd>12783</CharacterOffsetEnd>
            <POS>,</POS>
            <NER>O</NER>
          </token>
          <token id="27">
            <word>too</word>
            <lemma>too</lemma>
            <CharacterOffsetBegin>12784</CharacterOffsetBegin>
            <CharacterOffsetEnd>12787</CharacterOffsetEnd>
            <POS>RB</POS>
            <NER>O</NER>
          </token>
          <token id="28">
            <word>.</word>
            <lemma>.</lemma>
            <CharacterOffsetBegin>12787</CharacterOffsetBegin>
            <CharacterOffsetEnd>12788</CharacterOffsetEnd>
            <POS>.</POS>
            <NER>O</NER>
          </token>
        </tokens>
      </sentence>
      <sentence id="115">
        <tokens>
          <token id="1">
            <word>But</word>
            <lemma>but</lemma>
            <CharacterOffsetBegin>12789</CharacterOffsetBegin>
            <CharacterOffsetEnd>12792</CharacterOffsetEnd>
            <POS>CC</POS>
            <NER>O</NER>
          </token>
          <token id="2">
            <word>Gretel</word>
            <lemma>Gretel</lemma>
            <CharacterOffsetBegin>12793</CharacterOffsetBegin>
            <CharacterOffsetEnd>12799</CharacterOffsetEnd>
            <POS>NNP</POS>
            <NER>PERSON</NER>
          </token>
          <token id="3">
            <word>saw</word>
            <lemma>see</lemma>
            <CharacterOffsetBegin>12800</CharacterOffsetBegin>
            <CharacterOffsetEnd>12803</CharacterOffsetEnd>
            <POS>VBD</POS>
            <NER>O</NER>
          </token>
          <token id="4">
            <word>what</word>
            <lemma>what</lemma>
            <CharacterOffsetBegin>12804</CharacterOffsetBegin>
            <CharacterOffsetEnd>12808</CharacterOffsetEnd>
            <POS>WP</POS>
            <NER>O</NER>
          </token>
          <token id="5">
            <word>she</word>
            <lemma>she</lemma>
            <CharacterOffsetBegin>12809</CharacterOffsetBegin>
            <CharacterOffsetEnd>12812</CharacterOffsetEnd>
            <POS>PRP</POS>
            <NER>O</NER>
          </token>
          <token id="6">
            <word>had</word>
            <lemma>have</lemma>
            <CharacterOffsetBegin>12813</CharacterOffsetBegin>
            <CharacterOffsetEnd>12816</CharacterOffsetEnd>
            <POS>VBD</POS>
            <NER>O</NER>
          </token>
          <token id="7">
            <word>in</word>
            <lemma>in</lemma>
            <CharacterOffsetBegin>12817</CharacterOffsetBegin>
            <CharacterOffsetEnd>12819</CharacterOffsetEnd>
            <POS>IN</POS>
            <NER>O</NER>
          </token>
          <token id="8">
            <word>mind</word>
            <lemma>mind</lemma>
            <CharacterOffsetBegin>12820</CharacterOffsetBegin>
            <CharacterOffsetEnd>12824</CharacterOffsetEnd>
            <POS>NN</POS>
            <NER>O</NER>
          </token>
          <token id="9">
            <word>,</word>
            <lemma>,</lemma>
            <CharacterOffsetBegin>12824</CharacterOffsetBegin>
            <CharacterOffsetEnd>12825</CharacterOffsetEnd>
            <POS>,</POS>
            <NER>O</NER>
          </token>
          <token id="10">
            <word>and</word>
            <lemma>and</lemma>
            <CharacterOffsetBegin>12826</CharacterOffsetBegin>
            <CharacterOffsetEnd>12829</CharacterOffsetEnd>
            <POS>CC</POS>
            <NER>O</NER>
          </token>
          <token id="11">
            <word>said</word>
            <lemma>say</lemma>
            <CharacterOffsetBegin>12830</CharacterOffsetBegin>
            <CharacterOffsetEnd>12834</CharacterOffsetEnd>
            <POS>VBD</POS>
            <NER>O</NER>
          </token>
          <token id="12">
            <word>:</word>
            <lemma>:</lemma>
            <CharacterOffsetBegin>12834</CharacterOffsetBegin>
            <CharacterOffsetEnd>12835</CharacterOffsetEnd>
            <POS>:</POS>
            <NER>O</NER>
          </token>
          <token id="13">
            <word>`</word>
            <lemma>`</lemma>
            <CharacterOffsetBegin>12836</CharacterOffsetBegin>
            <CharacterOffsetEnd>12837</CharacterOffsetEnd>
            <POS>``</POS>
            <NER>O</NER>
          </token>
          <token id="14">
            <word>I</word>
            <lemma>I</lemma>
            <CharacterOffsetBegin>12837</CharacterOffsetBegin>
            <CharacterOffsetEnd>12838</CharacterOffsetEnd>
            <POS>PRP</POS>
            <NER>O</NER>
          </token>
          <token id="15">
            <word>do</word>
            <lemma>do</lemma>
            <CharacterOffsetBegin>12839</CharacterOffsetBegin>
            <CharacterOffsetEnd>12841</CharacterOffsetEnd>
            <POS>VBP</POS>
            <NER>O</NER>
          </token>
          <token id="16">
            <word>not</word>
            <lemma>not</lemma>
            <CharacterOffsetBegin>12842</CharacterOffsetBegin>
            <CharacterOffsetEnd>12845</CharacterOffsetEnd>
            <POS>RB</POS>
            <NER>O</NER>
          </token>
          <token id="17">
            <word>know</word>
            <lemma>know</lemma>
            <CharacterOffsetBegin>12846</CharacterOffsetBegin>
            <CharacterOffsetEnd>12850</CharacterOffsetEnd>
            <POS>VB</POS>
            <NER>O</NER>
          </token>
          <token id="18">
            <word>how</word>
            <lemma>how</lemma>
            <CharacterOffsetBegin>12851</CharacterOffsetBegin>
            <CharacterOffsetEnd>12854</CharacterOffsetEnd>
            <POS>WRB</POS>
            <NER>O</NER>
          </token>
          <token id="19">
            <word>I</word>
            <lemma>I</lemma>
            <CharacterOffsetBegin>12855</CharacterOffsetBegin>
            <CharacterOffsetEnd>12856</CharacterOffsetEnd>
            <POS>PRP</POS>
            <NER>O</NER>
          </token>
          <token id="20">
            <word>am</word>
            <lemma>be</lemma>
            <CharacterOffsetBegin>12857</CharacterOffsetBegin>
            <CharacterOffsetEnd>12859</CharacterOffsetEnd>
            <POS>VBP</POS>
            <NER>O</NER>
          </token>
          <token id="21">
            <word>to</word>
            <lemma>to</lemma>
            <CharacterOffsetBegin>12860</CharacterOffsetBegin>
            <CharacterOffsetEnd>12862</CharacterOffsetEnd>
            <POS>TO</POS>
            <NER>O</NER>
          </token>
          <token id="22">
            <word>do</word>
            <lemma>do</lemma>
            <CharacterOffsetBegin>12863</CharacterOffsetBegin>
            <CharacterOffsetEnd>12865</CharacterOffsetEnd>
            <POS>VB</POS>
            <NER>O</NER>
          </token>
          <token id="23">
            <word>it</word>
            <lemma>it</lemma>
            <CharacterOffsetBegin>12866</CharacterOffsetBegin>
            <CharacterOffsetEnd>12868</CharacterOffsetEnd>
            <POS>PRP</POS>
            <NER>O</NER>
          </token>
          <token id="24">
            <word>;</word>
            <lemma>;</lemma>
            <CharacterOffsetBegin>12868</CharacterOffsetBegin>
            <CharacterOffsetEnd>12869</CharacterOffsetEnd>
            <POS>:</POS>
            <NER>O</NER>
          </token>
          <token id="25">
            <word>how</word>
            <lemma>how</lemma>
            <CharacterOffsetBegin>12870</CharacterOffsetBegin>
            <CharacterOffsetEnd>12873</CharacterOffsetEnd>
            <POS>WRB</POS>
            <NER>O</NER>
          </token>
          <token id="26">
            <word>do</word>
            <lemma>do</lemma>
            <CharacterOffsetBegin>12874</CharacterOffsetBegin>
            <CharacterOffsetEnd>12876</CharacterOffsetEnd>
            <POS>VBP</POS>
            <NER>O</NER>
          </token>
          <token id="27">
            <word>I</word>
            <lemma>I</lemma>
            <CharacterOffsetBegin>12877</CharacterOffsetBegin>
            <CharacterOffsetEnd>12878</CharacterOffsetEnd>
            <POS>PRP</POS>
            <NER>O</NER>
          </token>
          <token id="28">
            <word>get</word>
            <lemma>get</lemma>
            <CharacterOffsetBegin>12879</CharacterOffsetBegin>
            <CharacterOffsetEnd>12882</CharacterOffsetEnd>
            <POS>VB</POS>
            <NER>O</NER>
          </token>
          <token id="29">
            <word>in</word>
            <lemma>in</lemma>
            <CharacterOffsetBegin>12883</CharacterOffsetBegin>
            <CharacterOffsetEnd>12885</CharacterOffsetEnd>
            <POS>IN</POS>
            <NER>O</NER>
          </token>
          <token id="30">
            <word>?</word>
            <lemma>?</lemma>
            <CharacterOffsetBegin>12885</CharacterOffsetBegin>
            <CharacterOffsetEnd>12886</CharacterOffsetEnd>
            <POS>.</POS>
            <NER>O</NER>
          </token>
          <token id="31">
            <word>'</word>
            <lemma>'</lemma>
            <CharacterOffsetBegin>12886</CharacterOffsetBegin>
            <CharacterOffsetEnd>12887</CharacterOffsetEnd>
            <POS>''</POS>
            <NER>O</NER>
          </token>
        </tokens>
      </sentence>
      <sentence id="116">
        <tokens>
          <token id="1">
            <word>`</word>
            <lemma>`</lemma>
            <CharacterOffsetBegin>12888</CharacterOffsetBegin>
            <CharacterOffsetEnd>12889</CharacterOffsetEnd>
            <POS>``</POS>
            <NER>O</NER>
          </token>
          <token id="2">
            <word>Silly</word>
            <lemma>silly</lemma>
            <CharacterOffsetBegin>12889</CharacterOffsetBegin>
            <CharacterOffsetEnd>12894</CharacterOffsetEnd>
            <POS>JJ</POS>
            <NER>O</NER>
          </token>
          <token id="3">
            <word>goose</word>
            <lemma>goose</lemma>
            <CharacterOffsetBegin>12895</CharacterOffsetBegin>
            <CharacterOffsetEnd>12900</CharacterOffsetEnd>
            <POS>NN</POS>
            <NER>O</NER>
          </token>
          <token id="4">
            <word>,</word>
            <lemma>,</lemma>
            <CharacterOffsetBegin>12900</CharacterOffsetBegin>
            <CharacterOffsetEnd>12901</CharacterOffsetEnd>
            <POS>,</POS>
            <NER>O</NER>
          </token>
          <token id="5">
            <word>'</word>
            <lemma>'</lemma>
            <CharacterOffsetBegin>12901</CharacterOffsetBegin>
            <CharacterOffsetEnd>12902</CharacterOffsetEnd>
            <POS>''</POS>
            <NER>O</NER>
          </token>
          <token id="6">
            <word>said</word>
            <lemma>say</lemma>
            <CharacterOffsetBegin>12903</CharacterOffsetBegin>
            <CharacterOffsetEnd>12907</CharacterOffsetEnd>
            <POS>VBD</POS>
            <NER>O</NER>
          </token>
          <token id="7">
            <word>the</word>
            <lemma>the</lemma>
            <CharacterOffsetBegin>12908</CharacterOffsetBegin>
            <CharacterOffsetEnd>12911</CharacterOffsetEnd>
            <POS>DT</POS>
            <NER>O</NER>
          </token>
          <token id="8">
            <word>old</word>
            <lemma>old</lemma>
            <CharacterOffsetBegin>12912</CharacterOffsetBegin>
            <CharacterOffsetEnd>12915</CharacterOffsetEnd>
            <POS>JJ</POS>
            <NER>O</NER>
          </token>
          <token id="9">
            <word>woman</word>
            <lemma>woman</lemma>
            <CharacterOffsetBegin>12916</CharacterOffsetBegin>
            <CharacterOffsetEnd>12921</CharacterOffsetEnd>
            <POS>NN</POS>
            <NER>O</NER>
          </token>
          <token id="10">
            <word>.</word>
            <lemma>.</lemma>
            <CharacterOffsetBegin>12921</CharacterOffsetBegin>
            <CharacterOffsetEnd>12922</CharacterOffsetEnd>
            <POS>.</POS>
            <NER>O</NER>
          </token>
        </tokens>
      </sentence>
      <sentence id="117">
        <tokens>
          <token id="1">
            <word>`</word>
            <lemma>`</lemma>
            <CharacterOffsetBegin>12923</CharacterOffsetBegin>
            <CharacterOffsetEnd>12924</CharacterOffsetEnd>
            <POS>``</POS>
            <NER>O</NER>
          </token>
          <token id="2">
            <word>The</word>
            <lemma>the</lemma>
            <CharacterOffsetBegin>12924</CharacterOffsetBegin>
            <CharacterOffsetEnd>12927</CharacterOffsetEnd>
            <POS>DT</POS>
            <NER>O</NER>
          </token>
          <token id="3">
            <word>door</word>
            <lemma>door</lemma>
            <CharacterOffsetBegin>12928</CharacterOffsetBegin>
            <CharacterOffsetEnd>12932</CharacterOffsetEnd>
            <POS>NN</POS>
            <NER>O</NER>
          </token>
          <token id="4">
            <word>is</word>
            <lemma>be</lemma>
            <CharacterOffsetBegin>12933</CharacterOffsetBegin>
            <CharacterOffsetEnd>12935</CharacterOffsetEnd>
            <POS>VBZ</POS>
            <NER>O</NER>
          </token>
          <token id="5">
            <word>big</word>
            <lemma>big</lemma>
            <CharacterOffsetBegin>12936</CharacterOffsetBegin>
            <CharacterOffsetEnd>12939</CharacterOffsetEnd>
            <POS>JJ</POS>
            <NER>O</NER>
          </token>
          <token id="6">
            <word>enough</word>
            <lemma>enough</lemma>
            <CharacterOffsetBegin>12940</CharacterOffsetBegin>
            <CharacterOffsetEnd>12946</CharacterOffsetEnd>
            <POS>RB</POS>
            <NER>O</NER>
          </token>
          <token id="7">
            <word>;</word>
            <lemma>;</lemma>
            <CharacterOffsetBegin>12946</CharacterOffsetBegin>
            <CharacterOffsetEnd>12947</CharacterOffsetEnd>
            <POS>:</POS>
            <NER>O</NER>
          </token>
          <token id="8">
            <word>just</word>
            <lemma>just</lemma>
            <CharacterOffsetBegin>12948</CharacterOffsetBegin>
            <CharacterOffsetEnd>12952</CharacterOffsetEnd>
            <POS>RB</POS>
            <NER>O</NER>
          </token>
          <token id="9">
            <word>look</word>
            <lemma>look</lemma>
            <CharacterOffsetBegin>12953</CharacterOffsetBegin>
            <CharacterOffsetEnd>12957</CharacterOffsetEnd>
            <POS>VB</POS>
            <NER>O</NER>
          </token>
          <token id="10">
            <word>,</word>
            <lemma>,</lemma>
            <CharacterOffsetBegin>12957</CharacterOffsetBegin>
            <CharacterOffsetEnd>12958</CharacterOffsetEnd>
            <POS>,</POS>
            <NER>O</NER>
          </token>
          <token id="11">
            <word>I</word>
            <lemma>I</lemma>
            <CharacterOffsetBegin>12959</CharacterOffsetBegin>
            <CharacterOffsetEnd>12960</CharacterOffsetEnd>
            <POS>PRP</POS>
            <NER>O</NER>
          </token>
          <token id="12">
            <word>can</word>
            <lemma>can</lemma>
            <CharacterOffsetBegin>12961</CharacterOffsetBegin>
            <CharacterOffsetEnd>12964</CharacterOffsetEnd>
            <POS>MD</POS>
            <NER>O</NER>
          </token>
          <token id="13">
            <word>get</word>
            <lemma>get</lemma>
            <CharacterOffsetBegin>12965</CharacterOffsetBegin>
            <CharacterOffsetEnd>12968</CharacterOffsetEnd>
            <POS>VB</POS>
            <NER>O</NER>
          </token>
          <token id="14">
            <word>in</word>
            <lemma>in</lemma>
            <CharacterOffsetBegin>12969</CharacterOffsetBegin>
            <CharacterOffsetEnd>12971</CharacterOffsetEnd>
            <POS>IN</POS>
            <NER>O</NER>
          </token>
          <token id="15">
            <word>myself</word>
            <lemma>myself</lemma>
            <CharacterOffsetBegin>12972</CharacterOffsetBegin>
            <CharacterOffsetEnd>12978</CharacterOffsetEnd>
            <POS>PRP</POS>
            <NER>O</NER>
          </token>
          <token id="16">
            <word>!</word>
            <lemma>!</lemma>
            <CharacterOffsetBegin>12978</CharacterOffsetBegin>
            <CharacterOffsetEnd>12979</CharacterOffsetEnd>
            <POS>.</POS>
            <NER>O</NER>
          </token>
          <token id="17">
            <word>'</word>
            <lemma>'</lemma>
            <CharacterOffsetBegin>12979</CharacterOffsetBegin>
            <CharacterOffsetEnd>12980</CharacterOffsetEnd>
            <POS>''</POS>
            <NER>O</NER>
          </token>
        </tokens>
      </sentence>
      <sentence id="118">
        <tokens>
          <token id="1">
            <word>and</word>
            <lemma>and</lemma>
            <CharacterOffsetBegin>12981</CharacterOffsetBegin>
            <CharacterOffsetEnd>12984</CharacterOffsetEnd>
            <POS>CC</POS>
            <NER>O</NER>
          </token>
          <token id="2">
            <word>she</word>
            <lemma>she</lemma>
            <CharacterOffsetBegin>12985</CharacterOffsetBegin>
            <CharacterOffsetEnd>12988</CharacterOffsetEnd>
            <POS>PRP</POS>
            <NER>O</NER>
          </token>
          <token id="3">
            <word>crept</word>
            <lemma>creep</lemma>
            <CharacterOffsetBegin>12989</CharacterOffsetBegin>
            <CharacterOffsetEnd>12994</CharacterOffsetEnd>
            <POS>VBD</POS>
            <NER>O</NER>
          </token>
          <token id="4">
            <word>up</word>
            <lemma>up</lemma>
            <CharacterOffsetBegin>12995</CharacterOffsetBegin>
            <CharacterOffsetEnd>12997</CharacterOffsetEnd>
            <POS>RP</POS>
            <NER>O</NER>
          </token>
          <token id="5">
            <word>and</word>
            <lemma>and</lemma>
            <CharacterOffsetBegin>12998</CharacterOffsetBegin>
            <CharacterOffsetEnd>13001</CharacterOffsetEnd>
            <POS>CC</POS>
            <NER>O</NER>
          </token>
          <token id="6">
            <word>thrust</word>
            <lemma>thrust</lemma>
            <CharacterOffsetBegin>13002</CharacterOffsetBegin>
            <CharacterOffsetEnd>13008</CharacterOffsetEnd>
            <POS>VBD</POS>
            <NER>O</NER>
          </token>
          <token id="7">
            <word>her</word>
            <lemma>she</lemma>
            <CharacterOffsetBegin>13009</CharacterOffsetBegin>
            <CharacterOffsetEnd>13012</CharacterOffsetEnd>
            <POS>PRP$</POS>
            <NER>O</NER>
          </token>
          <token id="8">
            <word>head</word>
            <lemma>head</lemma>
            <CharacterOffsetBegin>13013</CharacterOffsetBegin>
            <CharacterOffsetEnd>13017</CharacterOffsetEnd>
            <POS>NN</POS>
            <NER>O</NER>
          </token>
          <token id="9">
            <word>into</word>
            <lemma>into</lemma>
            <CharacterOffsetBegin>13018</CharacterOffsetBegin>
            <CharacterOffsetEnd>13022</CharacterOffsetEnd>
            <POS>IN</POS>
            <NER>O</NER>
          </token>
          <token id="10">
            <word>the</word>
            <lemma>the</lemma>
            <CharacterOffsetBegin>13023</CharacterOffsetBegin>
            <CharacterOffsetEnd>13026</CharacterOffsetEnd>
            <POS>DT</POS>
            <NER>O</NER>
          </token>
          <token id="11">
            <word>oven</word>
            <lemma>oven</lemma>
            <CharacterOffsetBegin>13027</CharacterOffsetBegin>
            <CharacterOffsetEnd>13031</CharacterOffsetEnd>
            <POS>NN</POS>
            <NER>O</NER>
          </token>
          <token id="12">
            <word>.</word>
            <lemma>.</lemma>
            <CharacterOffsetBegin>13031</CharacterOffsetBegin>
            <CharacterOffsetEnd>13032</CharacterOffsetEnd>
            <POS>.</POS>
            <NER>O</NER>
          </token>
        </tokens>
      </sentence>
      <sentence id="119">
        <tokens>
          <token id="1">
            <word>Then</word>
            <lemma>then</lemma>
            <CharacterOffsetBegin>13033</CharacterOffsetBegin>
            <CharacterOffsetEnd>13037</CharacterOffsetEnd>
            <POS>RB</POS>
            <NER>O</NER>
          </token>
          <token id="2">
            <word>Gretel</word>
            <lemma>Gretel</lemma>
            <CharacterOffsetBegin>13038</CharacterOffsetBegin>
            <CharacterOffsetEnd>13044</CharacterOffsetEnd>
            <POS>NNP</POS>
            <NER>PERSON</NER>
          </token>
          <token id="3">
            <word>gave</word>
            <lemma>give</lemma>
            <CharacterOffsetBegin>13045</CharacterOffsetBegin>
            <CharacterOffsetEnd>13049</CharacterOffsetEnd>
            <POS>VBD</POS>
            <NER>O</NER>
          </token>
          <token id="4">
            <word>her</word>
            <lemma>she</lemma>
            <CharacterOffsetBegin>13050</CharacterOffsetBegin>
            <CharacterOffsetEnd>13053</CharacterOffsetEnd>
            <POS>PRP</POS>
            <NER>O</NER>
          </token>
          <token id="5">
            <word>a</word>
            <lemma>a</lemma>
            <CharacterOffsetBegin>13054</CharacterOffsetBegin>
            <CharacterOffsetEnd>13055</CharacterOffsetEnd>
            <POS>DT</POS>
            <NER>O</NER>
          </token>
          <token id="6">
            <word>push</word>
            <lemma>push</lemma>
            <CharacterOffsetBegin>13056</CharacterOffsetBegin>
            <CharacterOffsetEnd>13060</CharacterOffsetEnd>
            <POS>NN</POS>
            <NER>O</NER>
          </token>
          <token id="7">
            <word>that</word>
            <lemma>that</lemma>
            <CharacterOffsetBegin>13061</CharacterOffsetBegin>
            <CharacterOffsetEnd>13065</CharacterOffsetEnd>
            <POS>WDT</POS>
            <NER>O</NER>
          </token>
          <token id="8">
            <word>drove</word>
            <lemma>drive</lemma>
            <CharacterOffsetBegin>13066</CharacterOffsetBegin>
            <CharacterOffsetEnd>13071</CharacterOffsetEnd>
            <POS>VBD</POS>
            <NER>O</NER>
          </token>
          <token id="9">
            <word>her</word>
            <lemma>she</lemma>
            <CharacterOffsetBegin>13072</CharacterOffsetBegin>
            <CharacterOffsetEnd>13075</CharacterOffsetEnd>
            <POS>PRP</POS>
            <NER>O</NER>
          </token>
          <token id="10">
            <word>far</word>
            <lemma>far</lemma>
            <CharacterOffsetBegin>13076</CharacterOffsetBegin>
            <CharacterOffsetEnd>13079</CharacterOffsetEnd>
            <POS>RB</POS>
            <NER>O</NER>
          </token>
          <token id="11">
            <word>into</word>
            <lemma>into</lemma>
            <CharacterOffsetBegin>13080</CharacterOffsetBegin>
            <CharacterOffsetEnd>13084</CharacterOffsetEnd>
            <POS>IN</POS>
            <NER>O</NER>
          </token>
          <token id="12">
            <word>it</word>
            <lemma>it</lemma>
            <CharacterOffsetBegin>13085</CharacterOffsetBegin>
            <CharacterOffsetEnd>13087</CharacterOffsetEnd>
            <POS>PRP</POS>
            <NER>O</NER>
          </token>
          <token id="13">
            <word>,</word>
            <lemma>,</lemma>
            <CharacterOffsetBegin>13087</CharacterOffsetBegin>
            <CharacterOffsetEnd>13088</CharacterOffsetEnd>
            <POS>,</POS>
            <NER>O</NER>
          </token>
          <token id="14">
            <word>and</word>
            <lemma>and</lemma>
            <CharacterOffsetBegin>13089</CharacterOffsetBegin>
            <CharacterOffsetEnd>13092</CharacterOffsetEnd>
            <POS>CC</POS>
            <NER>O</NER>
          </token>
          <token id="15">
            <word>shut</word>
            <lemma>shut</lemma>
            <CharacterOffsetBegin>13093</CharacterOffsetBegin>
            <CharacterOffsetEnd>13097</CharacterOffsetEnd>
            <POS>VBD</POS>
            <NER>O</NER>
          </token>
          <token id="16">
            <word>the</word>
            <lemma>the</lemma>
            <CharacterOffsetBegin>13098</CharacterOffsetBegin>
            <CharacterOffsetEnd>13101</CharacterOffsetEnd>
            <POS>DT</POS>
            <NER>O</NER>
          </token>
          <token id="17">
            <word>iron</word>
            <lemma>iron</lemma>
            <CharacterOffsetBegin>13102</CharacterOffsetBegin>
            <CharacterOffsetEnd>13106</CharacterOffsetEnd>
            <POS>NN</POS>
            <NER>O</NER>
          </token>
          <token id="18">
            <word>door</word>
            <lemma>door</lemma>
            <CharacterOffsetBegin>13107</CharacterOffsetBegin>
            <CharacterOffsetEnd>13111</CharacterOffsetEnd>
            <POS>NN</POS>
            <NER>O</NER>
          </token>
          <token id="19">
            <word>,</word>
            <lemma>,</lemma>
            <CharacterOffsetBegin>13111</CharacterOffsetBegin>
            <CharacterOffsetEnd>13112</CharacterOffsetEnd>
            <POS>,</POS>
            <NER>O</NER>
          </token>
          <token id="20">
            <word>and</word>
            <lemma>and</lemma>
            <CharacterOffsetBegin>13113</CharacterOffsetBegin>
            <CharacterOffsetEnd>13116</CharacterOffsetEnd>
            <POS>CC</POS>
            <NER>O</NER>
          </token>
          <token id="21">
            <word>fastened</word>
            <lemma>fasten</lemma>
            <CharacterOffsetBegin>13117</CharacterOffsetBegin>
            <CharacterOffsetEnd>13125</CharacterOffsetEnd>
            <POS>VBD</POS>
            <NER>O</NER>
          </token>
          <token id="22">
            <word>the</word>
            <lemma>the</lemma>
            <CharacterOffsetBegin>13126</CharacterOffsetBegin>
            <CharacterOffsetEnd>13129</CharacterOffsetEnd>
            <POS>DT</POS>
            <NER>O</NER>
          </token>
          <token id="23">
            <word>bolt</word>
            <lemma>bolt</lemma>
            <CharacterOffsetBegin>13130</CharacterOffsetBegin>
            <CharacterOffsetEnd>13134</CharacterOffsetEnd>
            <POS>NN</POS>
            <NER>O</NER>
          </token>
          <token id="24">
            <word>.</word>
            <lemma>.</lemma>
            <CharacterOffsetBegin>13134</CharacterOffsetBegin>
            <CharacterOffsetEnd>13135</CharacterOffsetEnd>
            <POS>.</POS>
            <NER>O</NER>
          </token>
        </tokens>
      </sentence>
      <sentence id="120">
        <tokens>
          <token id="1">
            <word>Oh</word>
            <lemma>oh</lemma>
            <CharacterOffsetBegin>13136</CharacterOffsetBegin>
            <CharacterOffsetEnd>13138</CharacterOffsetEnd>
            <POS>UH</POS>
            <NER>O</NER>
          </token>
          <token id="2">
            <word>!</word>
            <lemma>!</lemma>
            <CharacterOffsetBegin>13138</CharacterOffsetBegin>
            <CharacterOffsetEnd>13139</CharacterOffsetEnd>
            <POS>.</POS>
            <NER>O</NER>
          </token>
        </tokens>
      </sentence>
      <sentence id="121">
        <tokens>
          <token id="1">
            <word>then</word>
            <lemma>then</lemma>
            <CharacterOffsetBegin>13140</CharacterOffsetBegin>
            <CharacterOffsetEnd>13144</CharacterOffsetEnd>
            <POS>RB</POS>
            <NER>O</NER>
          </token>
          <token id="2">
            <word>she</word>
            <lemma>she</lemma>
            <CharacterOffsetBegin>13145</CharacterOffsetBegin>
            <CharacterOffsetEnd>13148</CharacterOffsetEnd>
            <POS>PRP</POS>
            <NER>O</NER>
          </token>
          <token id="3">
            <word>began</word>
            <lemma>begin</lemma>
            <CharacterOffsetBegin>13149</CharacterOffsetBegin>
            <CharacterOffsetEnd>13154</CharacterOffsetEnd>
            <POS>VBD</POS>
            <NER>O</NER>
          </token>
          <token id="4">
            <word>to</word>
            <lemma>to</lemma>
            <CharacterOffsetBegin>13155</CharacterOffsetBegin>
            <CharacterOffsetEnd>13157</CharacterOffsetEnd>
            <POS>TO</POS>
            <NER>O</NER>
          </token>
          <token id="5">
            <word>howl</word>
            <lemma>howl</lemma>
            <CharacterOffsetBegin>13158</CharacterOffsetBegin>
            <CharacterOffsetEnd>13162</CharacterOffsetEnd>
            <POS>NN</POS>
            <NER>O</NER>
          </token>
          <token id="6">
            <word>quite</word>
            <lemma>quite</lemma>
            <CharacterOffsetBegin>13163</CharacterOffsetBegin>
            <CharacterOffsetEnd>13168</CharacterOffsetEnd>
            <POS>RB</POS>
            <NER>O</NER>
          </token>
          <token id="7">
            <word>horribly</word>
            <lemma>horribly</lemma>
            <CharacterOffsetBegin>13169</CharacterOffsetBegin>
            <CharacterOffsetEnd>13177</CharacterOffsetEnd>
            <POS>RB</POS>
            <NER>O</NER>
          </token>
          <token id="8">
            <word>,</word>
            <lemma>,</lemma>
            <CharacterOffsetBegin>13177</CharacterOffsetBegin>
            <CharacterOffsetEnd>13178</CharacterOffsetEnd>
            <POS>,</POS>
            <NER>O</NER>
          </token>
          <token id="9">
            <word>but</word>
            <lemma>but</lemma>
            <CharacterOffsetBegin>13179</CharacterOffsetBegin>
            <CharacterOffsetEnd>13182</CharacterOffsetEnd>
            <POS>CC</POS>
            <NER>O</NER>
          </token>
          <token id="10">
            <word>Gretel</word>
            <lemma>Gretel</lemma>
            <CharacterOffsetBegin>13183</CharacterOffsetBegin>
            <CharacterOffsetEnd>13189</CharacterOffsetEnd>
            <POS>NNP</POS>
            <NER>PERSON</NER>
          </token>
          <token id="11">
            <word>ran</word>
            <lemma>run</lemma>
            <CharacterOffsetBegin>13190</CharacterOffsetBegin>
            <CharacterOffsetEnd>13193</CharacterOffsetEnd>
            <POS>VBD</POS>
            <NER>O</NER>
          </token>
          <token id="12">
            <word>away</word>
            <lemma>away</lemma>
            <CharacterOffsetBegin>13194</CharacterOffsetBegin>
            <CharacterOffsetEnd>13198</CharacterOffsetEnd>
            <POS>RB</POS>
            <NER>O</NER>
          </token>
          <token id="13">
            <word>and</word>
            <lemma>and</lemma>
            <CharacterOffsetBegin>13199</CharacterOffsetBegin>
            <CharacterOffsetEnd>13202</CharacterOffsetEnd>
            <POS>CC</POS>
            <NER>O</NER>
          </token>
          <token id="14">
            <word>the</word>
            <lemma>the</lemma>
            <CharacterOffsetBegin>13203</CharacterOffsetBegin>
            <CharacterOffsetEnd>13206</CharacterOffsetEnd>
            <POS>DT</POS>
            <NER>O</NER>
          </token>
          <token id="15">
            <word>godless</word>
            <lemma>godless</lemma>
            <CharacterOffsetBegin>13207</CharacterOffsetBegin>
            <CharacterOffsetEnd>13214</CharacterOffsetEnd>
            <POS>JJ</POS>
            <NER>O</NER>
          </token>
          <token id="16">
            <word>witch</word>
            <lemma>witch</lemma>
            <CharacterOffsetBegin>13215</CharacterOffsetBegin>
            <CharacterOffsetEnd>13220</CharacterOffsetEnd>
            <POS>NN</POS>
            <NER>O</NER>
          </token>
          <token id="17">
            <word>was</word>
            <lemma>be</lemma>
            <CharacterOffsetBegin>13221</CharacterOffsetBegin>
            <CharacterOffsetEnd>13224</CharacterOffsetEnd>
            <POS>VBD</POS>
            <NER>O</NER>
          </token>
          <token id="18">
            <word>miserably</word>
            <lemma>miserably</lemma>
            <CharacterOffsetBegin>13225</CharacterOffsetBegin>
            <CharacterOffsetEnd>13234</CharacterOffsetEnd>
            <POS>RB</POS>
            <NER>O</NER>
          </token>
          <token id="19">
            <word>burnt</word>
            <lemma>burn</lemma>
            <CharacterOffsetBegin>13235</CharacterOffsetBegin>
            <CharacterOffsetEnd>13240</CharacterOffsetEnd>
            <POS>VBN</POS>
            <NER>O</NER>
          </token>
          <token id="20">
            <word>to</word>
            <lemma>to</lemma>
            <CharacterOffsetBegin>13241</CharacterOffsetBegin>
            <CharacterOffsetEnd>13243</CharacterOffsetEnd>
            <POS>TO</POS>
            <NER>O</NER>
          </token>
          <token id="21">
            <word>death</word>
            <lemma>death</lemma>
            <CharacterOffsetBegin>13244</CharacterOffsetBegin>
            <CharacterOffsetEnd>13249</CharacterOffsetEnd>
            <POS>NN</POS>
            <NER>O</NER>
          </token>
          <token id="22">
            <word>.</word>
            <lemma>.</lemma>
            <CharacterOffsetBegin>13249</CharacterOffsetBegin>
            <CharacterOffsetEnd>13250</CharacterOffsetEnd>
            <POS>.</POS>
            <NER>O</NER>
          </token>
        </tokens>
      </sentence>
      <sentence id="122">
        <tokens>
          <token id="1">
            <word>Gretel</word>
            <lemma>Gretel</lemma>
            <CharacterOffsetBegin>13252</CharacterOffsetBegin>
            <CharacterOffsetEnd>13258</CharacterOffsetEnd>
            <POS>NNP</POS>
            <NER>PERSON</NER>
          </token>
          <token id="2">
            <word>,</word>
            <lemma>,</lemma>
            <CharacterOffsetBegin>13258</CharacterOffsetBegin>
            <CharacterOffsetEnd>13259</CharacterOffsetEnd>
            <POS>,</POS>
            <NER>O</NER>
          </token>
          <token id="3">
            <word>however</word>
            <lemma>however</lemma>
            <CharacterOffsetBegin>13260</CharacterOffsetBegin>
            <CharacterOffsetEnd>13267</CharacterOffsetEnd>
            <POS>RB</POS>
            <NER>O</NER>
          </token>
          <token id="4">
            <word>,</word>
            <lemma>,</lemma>
            <CharacterOffsetBegin>13267</CharacterOffsetBegin>
            <CharacterOffsetEnd>13268</CharacterOffsetEnd>
            <POS>,</POS>
            <NER>O</NER>
          </token>
          <token id="5">
            <word>ran</word>
            <lemma>run</lemma>
            <CharacterOffsetBegin>13269</CharacterOffsetBegin>
            <CharacterOffsetEnd>13272</CharacterOffsetEnd>
            <POS>VBD</POS>
            <NER>O</NER>
          </token>
          <token id="6">
            <word>like</word>
            <lemma>like</lemma>
            <CharacterOffsetBegin>13273</CharacterOffsetBegin>
            <CharacterOffsetEnd>13277</CharacterOffsetEnd>
            <POS>IN</POS>
            <NER>O</NER>
          </token>
          <token id="7">
            <word>lightning</word>
            <lemma>lightning</lemma>
            <CharacterOffsetBegin>13278</CharacterOffsetBegin>
            <CharacterOffsetEnd>13287</CharacterOffsetEnd>
            <POS>NN</POS>
            <NER>O</NER>
          </token>
          <token id="8">
            <word>to</word>
            <lemma>to</lemma>
            <CharacterOffsetBegin>13288</CharacterOffsetBegin>
            <CharacterOffsetEnd>13290</CharacterOffsetEnd>
            <POS>TO</POS>
            <NER>O</NER>
          </token>
          <token id="9">
            <word>Hansel</word>
            <lemma>Hansel</lemma>
            <CharacterOffsetBegin>13291</CharacterOffsetBegin>
            <CharacterOffsetEnd>13297</CharacterOffsetEnd>
            <POS>NNP</POS>
            <NER>LOCATION</NER>
          </token>
          <token id="10">
            <word>,</word>
            <lemma>,</lemma>
            <CharacterOffsetBegin>13297</CharacterOffsetBegin>
            <CharacterOffsetEnd>13298</CharacterOffsetEnd>
            <POS>,</POS>
            <NER>O</NER>
          </token>
          <token id="11">
            <word>opened</word>
            <lemma>open</lemma>
            <CharacterOffsetBegin>13299</CharacterOffsetBegin>
            <CharacterOffsetEnd>13305</CharacterOffsetEnd>
            <POS>VBD</POS>
            <NER>O</NER>
          </token>
          <token id="12">
            <word>his</word>
            <lemma>he</lemma>
            <CharacterOffsetBegin>13306</CharacterOffsetBegin>
            <CharacterOffsetEnd>13309</CharacterOffsetEnd>
            <POS>PRP$</POS>
            <NER>O</NER>
          </token>
          <token id="13">
            <word>little</word>
            <lemma>little</lemma>
            <CharacterOffsetBegin>13310</CharacterOffsetBegin>
            <CharacterOffsetEnd>13316</CharacterOffsetEnd>
            <POS>JJ</POS>
            <NER>O</NER>
          </token>
          <token id="14">
            <word>stable</word>
            <lemma>stable</lemma>
            <CharacterOffsetBegin>13317</CharacterOffsetBegin>
            <CharacterOffsetEnd>13323</CharacterOffsetEnd>
            <POS>JJ</POS>
            <NER>O</NER>
          </token>
          <token id="15">
            <word>,</word>
            <lemma>,</lemma>
            <CharacterOffsetBegin>13323</CharacterOffsetBegin>
            <CharacterOffsetEnd>13324</CharacterOffsetEnd>
            <POS>,</POS>
            <NER>O</NER>
          </token>
          <token id="16">
            <word>and</word>
            <lemma>and</lemma>
            <CharacterOffsetBegin>13325</CharacterOffsetBegin>
            <CharacterOffsetEnd>13328</CharacterOffsetEnd>
            <POS>CC</POS>
            <NER>O</NER>
          </token>
          <token id="17">
            <word>cried</word>
            <lemma>cry</lemma>
            <CharacterOffsetBegin>13329</CharacterOffsetBegin>
            <CharacterOffsetEnd>13334</CharacterOffsetEnd>
            <POS>VBD</POS>
            <NER>O</NER>
          </token>
          <token id="18">
            <word>:</word>
            <lemma>:</lemma>
            <CharacterOffsetBegin>13334</CharacterOffsetBegin>
            <CharacterOffsetEnd>13335</CharacterOffsetEnd>
            <POS>:</POS>
            <NER>O</NER>
          </token>
          <token id="19">
            <word>`</word>
            <lemma>`</lemma>
            <CharacterOffsetBegin>13336</CharacterOffsetBegin>
            <CharacterOffsetEnd>13337</CharacterOffsetEnd>
            <POS>``</POS>
            <NER>O</NER>
          </token>
          <token id="20">
            <word>Hansel</word>
            <lemma>Hansel</lemma>
            <CharacterOffsetBegin>13337</CharacterOffsetBegin>
            <CharacterOffsetEnd>13343</CharacterOffsetEnd>
            <POS>NNP</POS>
            <NER>O</NER>
          </token>
          <token id="21">
            <word>,</word>
            <lemma>,</lemma>
            <CharacterOffsetBegin>13343</CharacterOffsetBegin>
            <CharacterOffsetEnd>13344</CharacterOffsetEnd>
            <POS>,</POS>
            <NER>O</NER>
          </token>
          <token id="22">
            <word>we</word>
            <lemma>we</lemma>
            <CharacterOffsetBegin>13345</CharacterOffsetBegin>
            <CharacterOffsetEnd>13347</CharacterOffsetEnd>
            <POS>PRP</POS>
            <NER>O</NER>
          </token>
          <token id="23">
            <word>are</word>
            <lemma>be</lemma>
            <CharacterOffsetBegin>13348</CharacterOffsetBegin>
            <CharacterOffsetEnd>13351</CharacterOffsetEnd>
            <POS>VBP</POS>
            <NER>O</NER>
          </token>
          <token id="24">
            <word>saved</word>
            <lemma>save</lemma>
            <CharacterOffsetBegin>13352</CharacterOffsetBegin>
            <CharacterOffsetEnd>13357</CharacterOffsetEnd>
            <POS>VBN</POS>
            <NER>O</NER>
          </token>
          <token id="25">
            <word>!</word>
            <lemma>!</lemma>
            <CharacterOffsetBegin>13357</CharacterOffsetBegin>
            <CharacterOffsetEnd>13358</CharacterOffsetEnd>
            <POS>.</POS>
            <NER>O</NER>
          </token>
        </tokens>
      </sentence>
      <sentence id="123">
        <tokens>
          <token id="1">
            <word>The</word>
            <lemma>the</lemma>
            <CharacterOffsetBegin>13359</CharacterOffsetBegin>
            <CharacterOffsetEnd>13362</CharacterOffsetEnd>
            <POS>DT</POS>
            <NER>O</NER>
          </token>
          <token id="2">
            <word>old</word>
            <lemma>old</lemma>
            <CharacterOffsetBegin>13363</CharacterOffsetBegin>
            <CharacterOffsetEnd>13366</CharacterOffsetEnd>
            <POS>JJ</POS>
            <NER>O</NER>
          </token>
          <token id="3">
            <word>witch</word>
            <lemma>witch</lemma>
            <CharacterOffsetBegin>13367</CharacterOffsetBegin>
            <CharacterOffsetEnd>13372</CharacterOffsetEnd>
            <POS>NN</POS>
            <NER>O</NER>
          </token>
          <token id="4">
            <word>is</word>
            <lemma>be</lemma>
            <CharacterOffsetBegin>13373</CharacterOffsetBegin>
            <CharacterOffsetEnd>13375</CharacterOffsetEnd>
            <POS>VBZ</POS>
            <NER>O</NER>
          </token>
          <token id="5">
            <word>dead</word>
            <lemma>dead</lemma>
            <CharacterOffsetBegin>13376</CharacterOffsetBegin>
            <CharacterOffsetEnd>13380</CharacterOffsetEnd>
            <POS>JJ</POS>
            <NER>O</NER>
          </token>
          <token id="6">
            <word>!</word>
            <lemma>!</lemma>
            <CharacterOffsetBegin>13380</CharacterOffsetBegin>
            <CharacterOffsetEnd>13381</CharacterOffsetEnd>
            <POS>.</POS>
            <NER>O</NER>
          </token>
          <token id="7">
            <word>'</word>
            <lemma>'</lemma>
            <CharacterOffsetBegin>13381</CharacterOffsetBegin>
            <CharacterOffsetEnd>13382</CharacterOffsetEnd>
            <POS>''</POS>
            <NER>O</NER>
          </token>
        </tokens>
      </sentence>
      <sentence id="124">
        <tokens>
          <token id="1">
            <word>Then</word>
            <lemma>then</lemma>
            <CharacterOffsetBegin>13383</CharacterOffsetBegin>
            <CharacterOffsetEnd>13387</CharacterOffsetEnd>
            <POS>RB</POS>
            <NER>O</NER>
          </token>
          <token id="2">
            <word>Hansel</word>
            <lemma>Hansel</lemma>
            <CharacterOffsetBegin>13388</CharacterOffsetBegin>
            <CharacterOffsetEnd>13394</CharacterOffsetEnd>
            <POS>NNP</POS>
            <NER>O</NER>
          </token>
          <token id="3">
            <word>sprang</word>
            <lemma>spring</lemma>
            <CharacterOffsetBegin>13395</CharacterOffsetBegin>
            <CharacterOffsetEnd>13401</CharacterOffsetEnd>
            <POS>VBD</POS>
            <NER>O</NER>
          </token>
          <token id="4">
            <word>like</word>
            <lemma>like</lemma>
            <CharacterOffsetBegin>13402</CharacterOffsetBegin>
            <CharacterOffsetEnd>13406</CharacterOffsetEnd>
            <POS>IN</POS>
            <NER>O</NER>
          </token>
          <token id="5">
            <word>a</word>
            <lemma>a</lemma>
            <CharacterOffsetBegin>13407</CharacterOffsetBegin>
            <CharacterOffsetEnd>13408</CharacterOffsetEnd>
            <POS>DT</POS>
            <NER>O</NER>
          </token>
          <token id="6">
            <word>bird</word>
            <lemma>bird</lemma>
            <CharacterOffsetBegin>13409</CharacterOffsetBegin>
            <CharacterOffsetEnd>13413</CharacterOffsetEnd>
            <POS>NN</POS>
            <NER>O</NER>
          </token>
          <token id="7">
            <word>from</word>
            <lemma>from</lemma>
            <CharacterOffsetBegin>13414</CharacterOffsetBegin>
            <CharacterOffsetEnd>13418</CharacterOffsetEnd>
            <POS>IN</POS>
            <NER>O</NER>
          </token>
          <token id="8">
            <word>its</word>
            <lemma>its</lemma>
            <CharacterOffsetBegin>13419</CharacterOffsetBegin>
            <CharacterOffsetEnd>13422</CharacterOffsetEnd>
            <POS>PRP$</POS>
            <NER>O</NER>
          </token>
          <token id="9">
            <word>cage</word>
            <lemma>cage</lemma>
            <CharacterOffsetBegin>13423</CharacterOffsetBegin>
            <CharacterOffsetEnd>13427</CharacterOffsetEnd>
            <POS>NN</POS>
            <NER>O</NER>
          </token>
          <token id="10">
            <word>when</word>
            <lemma>when</lemma>
            <CharacterOffsetBegin>13428</CharacterOffsetBegin>
            <CharacterOffsetEnd>13432</CharacterOffsetEnd>
            <POS>WRB</POS>
            <NER>O</NER>
          </token>
          <token id="11">
            <word>the</word>
            <lemma>the</lemma>
            <CharacterOffsetBegin>13433</CharacterOffsetBegin>
            <CharacterOffsetEnd>13436</CharacterOffsetEnd>
            <POS>DT</POS>
            <NER>O</NER>
          </token>
          <token id="12">
            <word>door</word>
            <lemma>door</lemma>
            <CharacterOffsetBegin>13437</CharacterOffsetBegin>
            <CharacterOffsetEnd>13441</CharacterOffsetEnd>
            <POS>NN</POS>
            <NER>O</NER>
          </token>
          <token id="13">
            <word>is</word>
            <lemma>be</lemma>
            <CharacterOffsetBegin>13442</CharacterOffsetBegin>
            <CharacterOffsetEnd>13444</CharacterOffsetEnd>
            <POS>VBZ</POS>
            <NER>O</NER>
          </token>
          <token id="14">
            <word>opened</word>
            <lemma>open</lemma>
            <CharacterOffsetBegin>13445</CharacterOffsetBegin>
            <CharacterOffsetEnd>13451</CharacterOffsetEnd>
            <POS>VBN</POS>
            <NER>O</NER>
          </token>
          <token id="15">
            <word>.</word>
            <lemma>.</lemma>
            <CharacterOffsetBegin>13451</CharacterOffsetBegin>
            <CharacterOffsetEnd>13452</CharacterOffsetEnd>
            <POS>.</POS>
            <NER>O</NER>
          </token>
        </tokens>
      </sentence>
      <sentence id="125">
        <tokens>
          <token id="1">
            <word>How</word>
            <lemma>how</lemma>
            <CharacterOffsetBegin>13453</CharacterOffsetBegin>
            <CharacterOffsetEnd>13456</CharacterOffsetEnd>
            <POS>WRB</POS>
            <NER>O</NER>
          </token>
          <token id="2">
            <word>they</word>
            <lemma>they</lemma>
            <CharacterOffsetBegin>13457</CharacterOffsetBegin>
            <CharacterOffsetEnd>13461</CharacterOffsetEnd>
            <POS>PRP</POS>
            <NER>O</NER>
          </token>
          <token id="3">
            <word>did</word>
            <lemma>do</lemma>
            <CharacterOffsetBegin>13462</CharacterOffsetBegin>
            <CharacterOffsetEnd>13465</CharacterOffsetEnd>
            <POS>VBD</POS>
            <NER>O</NER>
          </token>
          <token id="4">
            <word>rejoice</word>
            <lemma>rejoice</lemma>
            <CharacterOffsetBegin>13466</CharacterOffsetBegin>
            <CharacterOffsetEnd>13473</CharacterOffsetEnd>
            <POS>VB</POS>
            <NER>O</NER>
          </token>
          <token id="5">
            <word>and</word>
            <lemma>and</lemma>
            <CharacterOffsetBegin>13474</CharacterOffsetBegin>
            <CharacterOffsetEnd>13477</CharacterOffsetEnd>
            <POS>CC</POS>
            <NER>O</NER>
          </token>
          <token id="6">
            <word>embrace</word>
            <lemma>embrace</lemma>
            <CharacterOffsetBegin>13478</CharacterOffsetBegin>
            <CharacterOffsetEnd>13485</CharacterOffsetEnd>
            <POS>VB</POS>
            <NER>O</NER>
          </token>
          <token id="7">
            <word>each</word>
            <lemma>each</lemma>
            <CharacterOffsetBegin>13486</CharacterOffsetBegin>
            <CharacterOffsetEnd>13490</CharacterOffsetEnd>
            <POS>DT</POS>
            <NER>O</NER>
          </token>
          <token id="8">
            <word>other</word>
            <lemma>other</lemma>
            <CharacterOffsetBegin>13491</CharacterOffsetBegin>
            <CharacterOffsetEnd>13496</CharacterOffsetEnd>
            <POS>JJ</POS>
            <NER>O</NER>
          </token>
          <token id="9">
            <word>,</word>
            <lemma>,</lemma>
            <CharacterOffsetBegin>13496</CharacterOffsetBegin>
            <CharacterOffsetEnd>13497</CharacterOffsetEnd>
            <POS>,</POS>
            <NER>O</NER>
          </token>
          <token id="10">
            <word>and</word>
            <lemma>and</lemma>
            <CharacterOffsetBegin>13498</CharacterOffsetBegin>
            <CharacterOffsetEnd>13501</CharacterOffsetEnd>
            <POS>CC</POS>
            <NER>O</NER>
          </token>
          <token id="11">
            <word>dance</word>
            <lemma>dance</lemma>
            <CharacterOffsetBegin>13502</CharacterOffsetBegin>
            <CharacterOffsetEnd>13507</CharacterOffsetEnd>
            <POS>NN</POS>
            <NER>O</NER>
          </token>
          <token id="12">
            <word>about</word>
            <lemma>about</lemma>
            <CharacterOffsetBegin>13508</CharacterOffsetBegin>
            <CharacterOffsetEnd>13513</CharacterOffsetEnd>
            <POS>RB</POS>
            <NER>O</NER>
          </token>
          <token id="13">
            <word>and</word>
            <lemma>and</lemma>
            <CharacterOffsetBegin>13514</CharacterOffsetBegin>
            <CharacterOffsetEnd>13517</CharacterOffsetEnd>
            <POS>CC</POS>
            <NER>O</NER>
          </token>
          <token id="14">
            <word>kiss</word>
            <lemma>kiss</lemma>
            <CharacterOffsetBegin>13518</CharacterOffsetBegin>
            <CharacterOffsetEnd>13522</CharacterOffsetEnd>
            <POS>NN</POS>
            <NER>O</NER>
          </token>
          <token id="15">
            <word>each</word>
            <lemma>each</lemma>
            <CharacterOffsetBegin>13523</CharacterOffsetBegin>
            <CharacterOffsetEnd>13527</CharacterOffsetEnd>
            <POS>DT</POS>
            <NER>O</NER>
          </token>
          <token id="16">
            <word>other</word>
            <lemma>other</lemma>
            <CharacterOffsetBegin>13528</CharacterOffsetBegin>
            <CharacterOffsetEnd>13533</CharacterOffsetEnd>
            <POS>JJ</POS>
            <NER>O</NER>
          </token>
          <token id="17">
            <word>!</word>
            <lemma>!</lemma>
            <CharacterOffsetBegin>13533</CharacterOffsetBegin>
            <CharacterOffsetEnd>13534</CharacterOffsetEnd>
            <POS>.</POS>
            <NER>O</NER>
          </token>
        </tokens>
      </sentence>
      <sentence id="126">
        <tokens>
          <token id="1">
            <word>And</word>
            <lemma>and</lemma>
            <CharacterOffsetBegin>13535</CharacterOffsetBegin>
            <CharacterOffsetEnd>13538</CharacterOffsetEnd>
            <POS>CC</POS>
            <NER>O</NER>
          </token>
          <token id="2">
            <word>as</word>
            <lemma>as</lemma>
            <CharacterOffsetBegin>13539</CharacterOffsetBegin>
            <CharacterOffsetEnd>13541</CharacterOffsetEnd>
            <POS>IN</POS>
            <NER>O</NER>
          </token>
          <token id="3">
            <word>they</word>
            <lemma>they</lemma>
            <CharacterOffsetBegin>13542</CharacterOffsetBegin>
            <CharacterOffsetEnd>13546</CharacterOffsetEnd>
            <POS>PRP</POS>
            <NER>O</NER>
          </token>
          <token id="4">
            <word>had</word>
            <lemma>have</lemma>
            <CharacterOffsetBegin>13547</CharacterOffsetBegin>
            <CharacterOffsetEnd>13550</CharacterOffsetEnd>
            <POS>VBD</POS>
            <NER>O</NER>
          </token>
          <token id="5">
            <word>no</word>
            <lemma>no</lemma>
            <CharacterOffsetBegin>13551</CharacterOffsetBegin>
            <CharacterOffsetEnd>13553</CharacterOffsetEnd>
            <POS>RB</POS>
            <NER>O</NER>
          </token>
          <token id="6">
            <word>longer</word>
            <lemma>longer</lemma>
            <CharacterOffsetBegin>13554</CharacterOffsetBegin>
            <CharacterOffsetEnd>13560</CharacterOffsetEnd>
            <POS>RB</POS>
            <NER>O</NER>
          </token>
          <token id="7">
            <word>any</word>
            <lemma>any</lemma>
            <CharacterOffsetBegin>13561</CharacterOffsetBegin>
            <CharacterOffsetEnd>13564</CharacterOffsetEnd>
            <POS>DT</POS>
            <NER>O</NER>
          </token>
          <token id="8">
            <word>need</word>
            <lemma>need</lemma>
            <CharacterOffsetBegin>13565</CharacterOffsetBegin>
            <CharacterOffsetEnd>13569</CharacterOffsetEnd>
            <POS>NN</POS>
            <NER>O</NER>
          </token>
          <token id="9">
            <word>to</word>
            <lemma>to</lemma>
            <CharacterOffsetBegin>13570</CharacterOffsetBegin>
            <CharacterOffsetEnd>13572</CharacterOffsetEnd>
            <POS>TO</POS>
            <NER>O</NER>
          </token>
          <token id="10">
            <word>fear</word>
            <lemma>fear</lemma>
            <CharacterOffsetBegin>13573</CharacterOffsetBegin>
            <CharacterOffsetEnd>13577</CharacterOffsetEnd>
            <POS>VB</POS>
            <NER>O</NER>
          </token>
          <token id="11">
            <word>her</word>
            <lemma>she</lemma>
            <CharacterOffsetBegin>13578</CharacterOffsetBegin>
            <CharacterOffsetEnd>13581</CharacterOffsetEnd>
            <POS>PRP</POS>
            <NER>O</NER>
          </token>
          <token id="12">
            <word>,</word>
            <lemma>,</lemma>
            <CharacterOffsetBegin>13581</CharacterOffsetBegin>
            <CharacterOffsetEnd>13582</CharacterOffsetEnd>
            <POS>,</POS>
            <NER>O</NER>
          </token>
          <token id="13">
            <word>they</word>
            <lemma>they</lemma>
            <CharacterOffsetBegin>13583</CharacterOffsetBegin>
            <CharacterOffsetEnd>13587</CharacterOffsetEnd>
            <POS>PRP</POS>
            <NER>O</NER>
          </token>
          <token id="14">
            <word>went</word>
            <lemma>go</lemma>
            <CharacterOffsetBegin>13588</CharacterOffsetBegin>
            <CharacterOffsetEnd>13592</CharacterOffsetEnd>
            <POS>VBD</POS>
            <NER>O</NER>
          </token>
          <token id="15">
            <word>into</word>
            <lemma>into</lemma>
            <CharacterOffsetBegin>13593</CharacterOffsetBegin>
            <CharacterOffsetEnd>13597</CharacterOffsetEnd>
            <POS>IN</POS>
            <NER>O</NER>
          </token>
          <token id="16">
            <word>the</word>
            <lemma>the</lemma>
            <CharacterOffsetBegin>13598</CharacterOffsetBegin>
            <CharacterOffsetEnd>13601</CharacterOffsetEnd>
            <POS>DT</POS>
            <NER>O</NER>
          </token>
          <token id="17">
            <word>witch</word>
            <lemma>witch</lemma>
            <CharacterOffsetBegin>13602</CharacterOffsetBegin>
            <CharacterOffsetEnd>13607</CharacterOffsetEnd>
            <POS>NN</POS>
            <NER>O</NER>
          </token>
          <token id="18">
            <word>'s</word>
            <lemma>'s</lemma>
            <CharacterOffsetBegin>13607</CharacterOffsetBegin>
            <CharacterOffsetEnd>13609</CharacterOffsetEnd>
            <POS>POS</POS>
            <NER>O</NER>
          </token>
          <token id="19">
            <word>house</word>
            <lemma>house</lemma>
            <CharacterOffsetBegin>13610</CharacterOffsetBegin>
            <CharacterOffsetEnd>13615</CharacterOffsetEnd>
            <POS>NN</POS>
            <NER>O</NER>
          </token>
          <token id="20">
            <word>,</word>
            <lemma>,</lemma>
            <CharacterOffsetBegin>13615</CharacterOffsetBegin>
            <CharacterOffsetEnd>13616</CharacterOffsetEnd>
            <POS>,</POS>
            <NER>O</NER>
          </token>
          <token id="21">
            <word>and</word>
            <lemma>and</lemma>
            <CharacterOffsetBegin>13617</CharacterOffsetBegin>
            <CharacterOffsetEnd>13620</CharacterOffsetEnd>
            <POS>CC</POS>
            <NER>O</NER>
          </token>
          <token id="22">
            <word>in</word>
            <lemma>in</lemma>
            <CharacterOffsetBegin>13621</CharacterOffsetBegin>
            <CharacterOffsetEnd>13623</CharacterOffsetEnd>
            <POS>IN</POS>
            <NER>O</NER>
          </token>
          <token id="23">
            <word>every</word>
            <lemma>every</lemma>
            <CharacterOffsetBegin>13624</CharacterOffsetBegin>
            <CharacterOffsetEnd>13629</CharacterOffsetEnd>
            <POS>DT</POS>
            <NER>O</NER>
          </token>
          <token id="24">
            <word>corner</word>
            <lemma>corner</lemma>
            <CharacterOffsetBegin>13630</CharacterOffsetBegin>
            <CharacterOffsetEnd>13636</CharacterOffsetEnd>
            <POS>NN</POS>
            <NER>O</NER>
          </token>
          <token id="25">
            <word>there</word>
            <lemma>there</lemma>
            <CharacterOffsetBegin>13637</CharacterOffsetBegin>
            <CharacterOffsetEnd>13642</CharacterOffsetEnd>
            <POS>RB</POS>
            <NER>O</NER>
          </token>
          <token id="26">
            <word>stood</word>
            <lemma>stand</lemma>
            <CharacterOffsetBegin>13643</CharacterOffsetBegin>
            <CharacterOffsetEnd>13648</CharacterOffsetEnd>
            <POS>VBD</POS>
            <NER>O</NER>
          </token>
          <token id="27">
            <word>chests</word>
            <lemma>chest</lemma>
            <CharacterOffsetBegin>13649</CharacterOffsetBegin>
            <CharacterOffsetEnd>13655</CharacterOffsetEnd>
            <POS>NNS</POS>
            <NER>O</NER>
          </token>
          <token id="28">
            <word>full</word>
            <lemma>full</lemma>
            <CharacterOffsetBegin>13656</CharacterOffsetBegin>
            <CharacterOffsetEnd>13660</CharacterOffsetEnd>
            <POS>JJ</POS>
            <NER>O</NER>
          </token>
          <token id="29">
            <word>of</word>
            <lemma>of</lemma>
            <CharacterOffsetBegin>13661</CharacterOffsetBegin>
            <CharacterOffsetEnd>13663</CharacterOffsetEnd>
            <POS>IN</POS>
            <NER>O</NER>
          </token>
          <token id="30">
            <word>pearls</word>
            <lemma>pearl</lemma>
            <CharacterOffsetBegin>13664</CharacterOffsetBegin>
            <CharacterOffsetEnd>13670</CharacterOffsetEnd>
            <POS>NNS</POS>
            <NER>O</NER>
          </token>
          <token id="31">
            <word>and</word>
            <lemma>and</lemma>
            <CharacterOffsetBegin>13671</CharacterOffsetBegin>
            <CharacterOffsetEnd>13674</CharacterOffsetEnd>
            <POS>CC</POS>
            <NER>O</NER>
          </token>
          <token id="32">
            <word>jewels</word>
            <lemma>jewel</lemma>
            <CharacterOffsetBegin>13675</CharacterOffsetBegin>
            <CharacterOffsetEnd>13681</CharacterOffsetEnd>
            <POS>NNS</POS>
            <NER>O</NER>
          </token>
          <token id="33">
            <word>.</word>
            <lemma>.</lemma>
            <CharacterOffsetBegin>13681</CharacterOffsetBegin>
            <CharacterOffsetEnd>13682</CharacterOffsetEnd>
            <POS>.</POS>
            <NER>O</NER>
          </token>
        </tokens>
      </sentence>
      <sentence id="127">
        <tokens>
          <token id="1">
            <word>`</word>
            <lemma>`</lemma>
            <CharacterOffsetBegin>13683</CharacterOffsetBegin>
            <CharacterOffsetEnd>13684</CharacterOffsetEnd>
            <POS>``</POS>
            <NER>O</NER>
          </token>
          <token id="2">
            <word>These</word>
            <lemma>these</lemma>
            <CharacterOffsetBegin>13684</CharacterOffsetBegin>
            <CharacterOffsetEnd>13689</CharacterOffsetEnd>
            <POS>DT</POS>
            <NER>O</NER>
          </token>
          <token id="3">
            <word>are</word>
            <lemma>be</lemma>
            <CharacterOffsetBegin>13690</CharacterOffsetBegin>
            <CharacterOffsetEnd>13693</CharacterOffsetEnd>
            <POS>VBP</POS>
            <NER>O</NER>
          </token>
          <token id="4">
            <word>far</word>
            <lemma>far</lemma>
            <CharacterOffsetBegin>13694</CharacterOffsetBegin>
            <CharacterOffsetEnd>13697</CharacterOffsetEnd>
            <POS>RB</POS>
            <NER>O</NER>
          </token>
          <token id="5">
            <word>better</word>
            <lemma>better</lemma>
            <CharacterOffsetBegin>13698</CharacterOffsetBegin>
            <CharacterOffsetEnd>13704</CharacterOffsetEnd>
            <POS>JJR</POS>
            <NER>O</NER>
          </token>
          <token id="6">
            <word>than</word>
            <lemma>than</lemma>
            <CharacterOffsetBegin>13705</CharacterOffsetBegin>
            <CharacterOffsetEnd>13709</CharacterOffsetEnd>
            <POS>IN</POS>
            <NER>O</NER>
          </token>
          <token id="7">
            <word>pebbles</word>
            <lemma>pebble</lemma>
            <CharacterOffsetBegin>13710</CharacterOffsetBegin>
            <CharacterOffsetEnd>13717</CharacterOffsetEnd>
            <POS>NNS</POS>
            <NER>O</NER>
          </token>
          <token id="8">
            <word>!</word>
            <lemma>!</lemma>
            <CharacterOffsetBegin>13717</CharacterOffsetBegin>
            <CharacterOffsetEnd>13718</CharacterOffsetEnd>
            <POS>.</POS>
            <NER>O</NER>
          </token>
          <token id="9">
            <word>'</word>
            <lemma>'</lemma>
            <CharacterOffsetBegin>13718</CharacterOffsetBegin>
            <CharacterOffsetEnd>13719</CharacterOffsetEnd>
            <POS>''</POS>
            <NER>O</NER>
          </token>
        </tokens>
      </sentence>
      <sentence id="128">
        <tokens>
          <token id="1">
            <word>said</word>
            <lemma>say</lemma>
            <CharacterOffsetBegin>13720</CharacterOffsetBegin>
            <CharacterOffsetEnd>13724</CharacterOffsetEnd>
            <POS>VBD</POS>
            <NER>O</NER>
          </token>
          <token id="2">
            <word>Hansel</word>
            <lemma>Hansel</lemma>
            <CharacterOffsetBegin>13725</CharacterOffsetBegin>
            <CharacterOffsetEnd>13731</CharacterOffsetEnd>
            <POS>NNP</POS>
            <NER>PERSON</NER>
          </token>
          <token id="3">
            <word>,</word>
            <lemma>,</lemma>
            <CharacterOffsetBegin>13731</CharacterOffsetBegin>
            <CharacterOffsetEnd>13732</CharacterOffsetEnd>
            <POS>,</POS>
            <NER>O</NER>
          </token>
          <token id="4">
            <word>and</word>
            <lemma>and</lemma>
            <CharacterOffsetBegin>13733</CharacterOffsetBegin>
            <CharacterOffsetEnd>13736</CharacterOffsetEnd>
            <POS>CC</POS>
            <NER>O</NER>
          </token>
          <token id="5">
            <word>thrust</word>
            <lemma>thrust</lemma>
            <CharacterOffsetBegin>13737</CharacterOffsetBegin>
            <CharacterOffsetEnd>13743</CharacterOffsetEnd>
            <POS>VBN</POS>
            <NER>O</NER>
          </token>
          <token id="6">
            <word>into</word>
            <lemma>into</lemma>
            <CharacterOffsetBegin>13744</CharacterOffsetBegin>
            <CharacterOffsetEnd>13748</CharacterOffsetEnd>
            <POS>IN</POS>
            <NER>O</NER>
          </token>
          <token id="7">
            <word>his</word>
            <lemma>he</lemma>
            <CharacterOffsetBegin>13749</CharacterOffsetBegin>
            <CharacterOffsetEnd>13752</CharacterOffsetEnd>
            <POS>PRP$</POS>
            <NER>O</NER>
          </token>
          <token id="8">
            <word>pockets</word>
            <lemma>pocket</lemma>
            <CharacterOffsetBegin>13753</CharacterOffsetBegin>
            <CharacterOffsetEnd>13760</CharacterOffsetEnd>
            <POS>NNS</POS>
            <NER>O</NER>
          </token>
          <token id="9">
            <word>whatever</word>
            <lemma>whatever</lemma>
            <CharacterOffsetBegin>13761</CharacterOffsetBegin>
            <CharacterOffsetEnd>13769</CharacterOffsetEnd>
            <POS>WDT</POS>
            <NER>O</NER>
          </token>
          <token id="10">
            <word>could</word>
            <lemma>could</lemma>
            <CharacterOffsetBegin>13770</CharacterOffsetBegin>
            <CharacterOffsetEnd>13775</CharacterOffsetEnd>
            <POS>MD</POS>
            <NER>O</NER>
          </token>
          <token id="11">
            <word>be</word>
            <lemma>be</lemma>
            <CharacterOffsetBegin>13776</CharacterOffsetBegin>
            <CharacterOffsetEnd>13778</CharacterOffsetEnd>
            <POS>VB</POS>
            <NER>O</NER>
          </token>
          <token id="12">
            <word>got</word>
            <lemma>get</lemma>
            <CharacterOffsetBegin>13779</CharacterOffsetBegin>
            <CharacterOffsetEnd>13782</CharacterOffsetEnd>
            <POS>VBN</POS>
            <NER>O</NER>
          </token>
          <token id="13">
            <word>in</word>
            <lemma>in</lemma>
            <CharacterOffsetBegin>13783</CharacterOffsetBegin>
            <CharacterOffsetEnd>13785</CharacterOffsetEnd>
            <POS>IN</POS>
            <NER>O</NER>
          </token>
          <token id="14">
            <word>,</word>
            <lemma>,</lemma>
            <CharacterOffsetBegin>13785</CharacterOffsetBegin>
            <CharacterOffsetEnd>13786</CharacterOffsetEnd>
            <POS>,</POS>
            <NER>O</NER>
          </token>
          <token id="15">
            <word>and</word>
            <lemma>and</lemma>
            <CharacterOffsetBegin>13787</CharacterOffsetBegin>
            <CharacterOffsetEnd>13790</CharacterOffsetEnd>
            <POS>CC</POS>
            <NER>O</NER>
          </token>
          <token id="16">
            <word>Gretel</word>
            <lemma>Gretel</lemma>
            <CharacterOffsetBegin>13791</CharacterOffsetBegin>
            <CharacterOffsetEnd>13797</CharacterOffsetEnd>
            <POS>NNP</POS>
            <NER>PERSON</NER>
          </token>
          <token id="17">
            <word>said</word>
            <lemma>say</lemma>
            <CharacterOffsetBegin>13798</CharacterOffsetBegin>
            <CharacterOffsetEnd>13802</CharacterOffsetEnd>
            <POS>VBD</POS>
            <NER>O</NER>
          </token>
          <token id="18">
            <word>:</word>
            <lemma>:</lemma>
            <CharacterOffsetBegin>13802</CharacterOffsetBegin>
            <CharacterOffsetEnd>13803</CharacterOffsetEnd>
            <POS>:</POS>
            <NER>O</NER>
          </token>
          <token id="19">
            <word>`</word>
            <lemma>`</lemma>
            <CharacterOffsetBegin>13804</CharacterOffsetBegin>
            <CharacterOffsetEnd>13805</CharacterOffsetEnd>
            <POS>``</POS>
            <NER>O</NER>
          </token>
          <token id="20">
            <word>I</word>
            <lemma>I</lemma>
            <CharacterOffsetBegin>13805</CharacterOffsetBegin>
            <CharacterOffsetEnd>13806</CharacterOffsetEnd>
            <POS>PRP</POS>
            <NER>O</NER>
          </token>
          <token id="21">
            <word>,</word>
            <lemma>,</lemma>
            <CharacterOffsetBegin>13806</CharacterOffsetBegin>
            <CharacterOffsetEnd>13807</CharacterOffsetEnd>
            <POS>,</POS>
            <NER>O</NER>
          </token>
          <token id="22">
            <word>too</word>
            <lemma>too</lemma>
            <CharacterOffsetBegin>13808</CharacterOffsetBegin>
            <CharacterOffsetEnd>13811</CharacterOffsetEnd>
            <POS>RB</POS>
            <NER>O</NER>
          </token>
          <token id="23">
            <word>,</word>
            <lemma>,</lemma>
            <CharacterOffsetBegin>13811</CharacterOffsetBegin>
            <CharacterOffsetEnd>13812</CharacterOffsetEnd>
            <POS>,</POS>
            <NER>O</NER>
          </token>
          <token id="24">
            <word>will</word>
            <lemma>will</lemma>
            <CharacterOffsetBegin>13813</CharacterOffsetBegin>
            <CharacterOffsetEnd>13817</CharacterOffsetEnd>
            <POS>MD</POS>
            <NER>O</NER>
          </token>
          <token id="25">
            <word>take</word>
            <lemma>take</lemma>
            <CharacterOffsetBegin>13818</CharacterOffsetBegin>
            <CharacterOffsetEnd>13822</CharacterOffsetEnd>
            <POS>VB</POS>
            <NER>O</NER>
          </token>
          <token id="26">
            <word>something</word>
            <lemma>something</lemma>
            <CharacterOffsetBegin>13823</CharacterOffsetBegin>
            <CharacterOffsetEnd>13832</CharacterOffsetEnd>
            <POS>NN</POS>
            <NER>O</NER>
          </token>
          <token id="27">
            <word>home</word>
            <lemma>home</lemma>
            <CharacterOffsetBegin>13833</CharacterOffsetBegin>
            <CharacterOffsetEnd>13837</CharacterOffsetEnd>
            <POS>NN</POS>
            <NER>O</NER>
          </token>
          <token id="28">
            <word>with</word>
            <lemma>with</lemma>
            <CharacterOffsetBegin>13838</CharacterOffsetBegin>
            <CharacterOffsetEnd>13842</CharacterOffsetEnd>
            <POS>IN</POS>
            <NER>O</NER>
          </token>
          <token id="29">
            <word>me</word>
            <lemma>I</lemma>
            <CharacterOffsetBegin>13843</CharacterOffsetBegin>
            <CharacterOffsetEnd>13845</CharacterOffsetEnd>
            <POS>PRP</POS>
            <NER>O</NER>
          </token>
          <token id="30">
            <word>,</word>
            <lemma>,</lemma>
            <CharacterOffsetBegin>13845</CharacterOffsetBegin>
            <CharacterOffsetEnd>13846</CharacterOffsetEnd>
            <POS>,</POS>
            <NER>O</NER>
          </token>
          <token id="31">
            <word>'</word>
            <lemma>'</lemma>
            <CharacterOffsetBegin>13846</CharacterOffsetBegin>
            <CharacterOffsetEnd>13847</CharacterOffsetEnd>
            <POS>''</POS>
            <NER>O</NER>
          </token>
          <token id="32">
            <word>and</word>
            <lemma>and</lemma>
            <CharacterOffsetBegin>13848</CharacterOffsetBegin>
            <CharacterOffsetEnd>13851</CharacterOffsetEnd>
            <POS>CC</POS>
            <NER>O</NER>
          </token>
          <token id="33">
            <word>filled</word>
            <lemma>fill</lemma>
            <CharacterOffsetBegin>13852</CharacterOffsetBegin>
            <CharacterOffsetEnd>13858</CharacterOffsetEnd>
            <POS>VBD</POS>
            <NER>O</NER>
          </token>
          <token id="34">
            <word>her</word>
            <lemma>she</lemma>
            <CharacterOffsetBegin>13859</CharacterOffsetBegin>
            <CharacterOffsetEnd>13862</CharacterOffsetEnd>
            <POS>PRP$</POS>
            <NER>O</NER>
          </token>
          <token id="35">
            <word>pinafore</word>
            <lemma>pinafore</lemma>
            <CharacterOffsetBegin>13863</CharacterOffsetBegin>
            <CharacterOffsetEnd>13871</CharacterOffsetEnd>
            <POS>NN</POS>
            <NER>O</NER>
          </token>
          <token id="36">
            <word>full</word>
            <lemma>full</lemma>
            <CharacterOffsetBegin>13872</CharacterOffsetBegin>
            <CharacterOffsetEnd>13876</CharacterOffsetEnd>
            <POS>JJ</POS>
            <NER>O</NER>
          </token>
          <token id="37">
            <word>.</word>
            <lemma>.</lemma>
            <CharacterOffsetBegin>13876</CharacterOffsetBegin>
            <CharacterOffsetEnd>13877</CharacterOffsetEnd>
            <POS>.</POS>
            <NER>O</NER>
          </token>
        </tokens>
      </sentence>
      <sentence id="129">
        <tokens>
          <token id="1">
            <word>`</word>
            <lemma>`</lemma>
            <CharacterOffsetBegin>13878</CharacterOffsetBegin>
            <CharacterOffsetEnd>13879</CharacterOffsetEnd>
            <POS>``</POS>
            <NER>O</NER>
          </token>
          <token id="2">
            <word>But</word>
            <lemma>but</lemma>
            <CharacterOffsetBegin>13879</CharacterOffsetBegin>
            <CharacterOffsetEnd>13882</CharacterOffsetEnd>
            <POS>CC</POS>
            <NER>O</NER>
          </token>
          <token id="3">
            <word>now</word>
            <lemma>now</lemma>
            <CharacterOffsetBegin>13883</CharacterOffsetBegin>
            <CharacterOffsetEnd>13886</CharacterOffsetEnd>
            <POS>RB</POS>
            <NER>DATE</NER>
            <NormalizedNER>PRESENT_REF</NormalizedNER>
            <Timex tid="t38" type="DATE">PRESENT_REF</Timex>
          </token>
          <token id="4">
            <word>we</word>
            <lemma>we</lemma>
            <CharacterOffsetBegin>13887</CharacterOffsetBegin>
            <CharacterOffsetEnd>13889</CharacterOffsetEnd>
            <POS>PRP</POS>
            <NER>O</NER>
          </token>
          <token id="5">
            <word>must</word>
            <lemma>must</lemma>
            <CharacterOffsetBegin>13890</CharacterOffsetBegin>
            <CharacterOffsetEnd>13894</CharacterOffsetEnd>
            <POS>MD</POS>
            <NER>O</NER>
          </token>
          <token id="6">
            <word>be</word>
            <lemma>be</lemma>
            <CharacterOffsetBegin>13895</CharacterOffsetBegin>
            <CharacterOffsetEnd>13897</CharacterOffsetEnd>
            <POS>VB</POS>
            <NER>O</NER>
          </token>
          <token id="7">
            <word>off</word>
            <lemma>off</lemma>
            <CharacterOffsetBegin>13898</CharacterOffsetBegin>
            <CharacterOffsetEnd>13901</CharacterOffsetEnd>
            <POS>RB</POS>
            <NER>O</NER>
          </token>
          <token id="8">
            <word>,</word>
            <lemma>,</lemma>
            <CharacterOffsetBegin>13901</CharacterOffsetBegin>
            <CharacterOffsetEnd>13902</CharacterOffsetEnd>
            <POS>,</POS>
            <NER>O</NER>
          </token>
          <token id="9">
            <word>'</word>
            <lemma>'</lemma>
            <CharacterOffsetBegin>13902</CharacterOffsetBegin>
            <CharacterOffsetEnd>13903</CharacterOffsetEnd>
            <POS>''</POS>
            <NER>O</NER>
          </token>
          <token id="10">
            <word>said</word>
            <lemma>say</lemma>
            <CharacterOffsetBegin>13904</CharacterOffsetBegin>
            <CharacterOffsetEnd>13908</CharacterOffsetEnd>
            <POS>VBD</POS>
            <NER>O</NER>
          </token>
          <token id="11">
            <word>Hansel</word>
            <lemma>Hansel</lemma>
            <CharacterOffsetBegin>13909</CharacterOffsetBegin>
            <CharacterOffsetEnd>13915</CharacterOffsetEnd>
            <POS>NNP</POS>
            <NER>PERSON</NER>
          </token>
          <token id="12">
            <word>,</word>
            <lemma>,</lemma>
            <CharacterOffsetBegin>13915</CharacterOffsetBegin>
            <CharacterOffsetEnd>13916</CharacterOffsetEnd>
            <POS>,</POS>
            <NER>O</NER>
          </token>
          <token id="13">
            <word>`</word>
            <lemma>`</lemma>
            <CharacterOffsetBegin>13917</CharacterOffsetBegin>
            <CharacterOffsetEnd>13918</CharacterOffsetEnd>
            <POS>``</POS>
            <NER>O</NER>
          </token>
          <token id="14">
            <word>that</word>
            <lemma>that</lemma>
            <CharacterOffsetBegin>13918</CharacterOffsetBegin>
            <CharacterOffsetEnd>13922</CharacterOffsetEnd>
            <POS>IN</POS>
            <NER>O</NER>
          </token>
          <token id="15">
            <word>we</word>
            <lemma>we</lemma>
            <CharacterOffsetBegin>13923</CharacterOffsetBegin>
            <CharacterOffsetEnd>13925</CharacterOffsetEnd>
            <POS>PRP</POS>
            <NER>O</NER>
          </token>
          <token id="16">
            <word>may</word>
            <lemma>may</lemma>
            <CharacterOffsetBegin>13926</CharacterOffsetBegin>
            <CharacterOffsetEnd>13929</CharacterOffsetEnd>
            <POS>MD</POS>
            <NER>O</NER>
          </token>
          <token id="17">
            <word>get</word>
            <lemma>get</lemma>
            <CharacterOffsetBegin>13930</CharacterOffsetBegin>
            <CharacterOffsetEnd>13933</CharacterOffsetEnd>
            <POS>VB</POS>
            <NER>O</NER>
          </token>
          <token id="18">
            <word>out</word>
            <lemma>out</lemma>
            <CharacterOffsetBegin>13934</CharacterOffsetBegin>
            <CharacterOffsetEnd>13937</CharacterOffsetEnd>
            <POS>IN</POS>
            <NER>O</NER>
          </token>
          <token id="19">
            <word>of</word>
            <lemma>of</lemma>
            <CharacterOffsetBegin>13938</CharacterOffsetBegin>
            <CharacterOffsetEnd>13940</CharacterOffsetEnd>
            <POS>IN</POS>
            <NER>O</NER>
          </token>
          <token id="20">
            <word>the</word>
            <lemma>the</lemma>
            <CharacterOffsetBegin>13941</CharacterOffsetBegin>
            <CharacterOffsetEnd>13944</CharacterOffsetEnd>
            <POS>DT</POS>
            <NER>O</NER>
          </token>
          <token id="21">
            <word>witch</word>
            <lemma>witch</lemma>
            <CharacterOffsetBegin>13945</CharacterOffsetBegin>
            <CharacterOffsetEnd>13950</CharacterOffsetEnd>
            <POS>NN</POS>
            <NER>O</NER>
          </token>
          <token id="22">
            <word>'s</word>
            <lemma>'s</lemma>
            <CharacterOffsetBegin>13950</CharacterOffsetBegin>
            <CharacterOffsetEnd>13952</CharacterOffsetEnd>
            <POS>POS</POS>
            <NER>O</NER>
          </token>
          <token id="23">
            <word>forest</word>
            <lemma>forest</lemma>
            <CharacterOffsetBegin>13953</CharacterOffsetBegin>
            <CharacterOffsetEnd>13959</CharacterOffsetEnd>
            <POS>NN</POS>
            <NER>O</NER>
          </token>
          <token id="24">
            <word>.</word>
            <lemma>.</lemma>
            <CharacterOffsetBegin>13959</CharacterOffsetBegin>
            <CharacterOffsetEnd>13960</CharacterOffsetEnd>
            <POS>.</POS>
            <NER>O</NER>
          </token>
          <token id="25">
            <word>'</word>
            <lemma>'</lemma>
            <CharacterOffsetBegin>13960</CharacterOffsetBegin>
            <CharacterOffsetEnd>13961</CharacterOffsetEnd>
            <POS>''</POS>
            <NER>O</NER>
          </token>
        </tokens>
      </sentence>
      <sentence id="130">
        <tokens>
          <token id="1">
            <word>When</word>
            <lemma>when</lemma>
            <CharacterOffsetBegin>13963</CharacterOffsetBegin>
            <CharacterOffsetEnd>13967</CharacterOffsetEnd>
            <POS>WRB</POS>
            <NER>O</NER>
          </token>
          <token id="2">
            <word>they</word>
            <lemma>they</lemma>
            <CharacterOffsetBegin>13968</CharacterOffsetBegin>
            <CharacterOffsetEnd>13972</CharacterOffsetEnd>
            <POS>PRP</POS>
            <NER>O</NER>
          </token>
          <token id="3">
            <word>had</word>
            <lemma>have</lemma>
            <CharacterOffsetBegin>13973</CharacterOffsetBegin>
            <CharacterOffsetEnd>13976</CharacterOffsetEnd>
            <POS>VBD</POS>
            <NER>O</NER>
          </token>
          <token id="4">
            <word>walked</word>
            <lemma>walk</lemma>
            <CharacterOffsetBegin>13977</CharacterOffsetBegin>
            <CharacterOffsetEnd>13983</CharacterOffsetEnd>
            <POS>VBN</POS>
            <NER>O</NER>
          </token>
          <token id="5">
            <word>for</word>
            <lemma>for</lemma>
            <CharacterOffsetBegin>13984</CharacterOffsetBegin>
            <CharacterOffsetEnd>13987</CharacterOffsetEnd>
            <POS>IN</POS>
            <NER>O</NER>
          </token>
          <token id="6">
            <word>two</word>
            <lemma>two</lemma>
            <CharacterOffsetBegin>13988</CharacterOffsetBegin>
            <CharacterOffsetEnd>13991</CharacterOffsetEnd>
            <POS>CD</POS>
            <NER>DURATION</NER>
            <NormalizedNER>PT2H</NormalizedNER>
            <Timex tid="t39" type="DURATION">PT2H</Timex>
          </token>
          <token id="7">
            <word>hours</word>
            <lemma>hour</lemma>
            <CharacterOffsetBegin>13992</CharacterOffsetBegin>
            <CharacterOffsetEnd>13997</CharacterOffsetEnd>
            <POS>NNS</POS>
            <NER>DURATION</NER>
            <NormalizedNER>PT2H</NormalizedNER>
            <Timex tid="t39" type="DURATION">PT2H</Timex>
          </token>
          <token id="8">
            <word>,</word>
            <lemma>,</lemma>
            <CharacterOffsetBegin>13997</CharacterOffsetBegin>
            <CharacterOffsetEnd>13998</CharacterOffsetEnd>
            <POS>,</POS>
            <NER>O</NER>
          </token>
          <token id="9">
            <word>they</word>
            <lemma>they</lemma>
            <CharacterOffsetBegin>13999</CharacterOffsetBegin>
            <CharacterOffsetEnd>14003</CharacterOffsetEnd>
            <POS>PRP</POS>
            <NER>O</NER>
          </token>
          <token id="10">
            <word>came</word>
            <lemma>come</lemma>
            <CharacterOffsetBegin>14004</CharacterOffsetBegin>
            <CharacterOffsetEnd>14008</CharacterOffsetEnd>
            <POS>VBD</POS>
            <NER>O</NER>
          </token>
          <token id="11">
            <word>to</word>
            <lemma>to</lemma>
            <CharacterOffsetBegin>14009</CharacterOffsetBegin>
            <CharacterOffsetEnd>14011</CharacterOffsetEnd>
            <POS>TO</POS>
            <NER>O</NER>
          </token>
          <token id="12">
            <word>a</word>
            <lemma>a</lemma>
            <CharacterOffsetBegin>14012</CharacterOffsetBegin>
            <CharacterOffsetEnd>14013</CharacterOffsetEnd>
            <POS>DT</POS>
            <NER>O</NER>
          </token>
          <token id="13">
            <word>great</word>
            <lemma>great</lemma>
            <CharacterOffsetBegin>14014</CharacterOffsetBegin>
            <CharacterOffsetEnd>14019</CharacterOffsetEnd>
            <POS>JJ</POS>
            <NER>O</NER>
          </token>
          <token id="14">
            <word>stretch</word>
            <lemma>stretch</lemma>
            <CharacterOffsetBegin>14020</CharacterOffsetBegin>
            <CharacterOffsetEnd>14027</CharacterOffsetEnd>
            <POS>NN</POS>
            <NER>O</NER>
          </token>
          <token id="15">
            <word>of</word>
            <lemma>of</lemma>
            <CharacterOffsetBegin>14028</CharacterOffsetBegin>
            <CharacterOffsetEnd>14030</CharacterOffsetEnd>
            <POS>IN</POS>
            <NER>O</NER>
          </token>
          <token id="16">
            <word>water</word>
            <lemma>water</lemma>
            <CharacterOffsetBegin>14031</CharacterOffsetBegin>
            <CharacterOffsetEnd>14036</CharacterOffsetEnd>
            <POS>NN</POS>
            <NER>O</NER>
          </token>
          <token id="17">
            <word>.</word>
            <lemma>.</lemma>
            <CharacterOffsetBegin>14036</CharacterOffsetBegin>
            <CharacterOffsetEnd>14037</CharacterOffsetEnd>
            <POS>.</POS>
            <NER>O</NER>
          </token>
        </tokens>
      </sentence>
      <sentence id="131">
        <tokens>
          <token id="1">
            <word>`</word>
            <lemma>`</lemma>
            <CharacterOffsetBegin>14038</CharacterOffsetBegin>
            <CharacterOffsetEnd>14039</CharacterOffsetEnd>
            <POS>``</POS>
            <NER>O</NER>
          </token>
          <token id="2">
            <word>We</word>
            <lemma>we</lemma>
            <CharacterOffsetBegin>14039</CharacterOffsetBegin>
            <CharacterOffsetEnd>14041</CharacterOffsetEnd>
            <POS>PRP</POS>
            <NER>O</NER>
          </token>
          <token id="3">
            <word>can</word>
            <lemma>can</lemma>
            <CharacterOffsetBegin>14042</CharacterOffsetBegin>
            <CharacterOffsetEnd>14045</CharacterOffsetEnd>
            <POS>MD</POS>
            <NER>O</NER>
          </token>
          <token id="4">
            <word>not</word>
            <lemma>not</lemma>
            <CharacterOffsetBegin>14045</CharacterOffsetBegin>
            <CharacterOffsetEnd>14048</CharacterOffsetEnd>
            <POS>RB</POS>
            <NER>O</NER>
          </token>
          <token id="5">
            <word>cross</word>
            <lemma>cross</lemma>
            <CharacterOffsetBegin>14049</CharacterOffsetBegin>
            <CharacterOffsetEnd>14054</CharacterOffsetEnd>
            <POS>VB</POS>
            <NER>O</NER>
          </token>
          <token id="6">
            <word>,</word>
            <lemma>,</lemma>
            <CharacterOffsetBegin>14054</CharacterOffsetBegin>
            <CharacterOffsetEnd>14055</CharacterOffsetEnd>
            <POS>,</POS>
            <NER>O</NER>
          </token>
          <token id="7">
            <word>'</word>
            <lemma>'</lemma>
            <CharacterOffsetBegin>14055</CharacterOffsetBegin>
            <CharacterOffsetEnd>14056</CharacterOffsetEnd>
            <POS>''</POS>
            <NER>O</NER>
          </token>
          <token id="8">
            <word>said</word>
            <lemma>say</lemma>
            <CharacterOffsetBegin>14057</CharacterOffsetBegin>
            <CharacterOffsetEnd>14061</CharacterOffsetEnd>
            <POS>VBD</POS>
            <NER>O</NER>
          </token>
          <token id="9">
            <word>Hansel</word>
            <lemma>Hansel</lemma>
            <CharacterOffsetBegin>14062</CharacterOffsetBegin>
            <CharacterOffsetEnd>14068</CharacterOffsetEnd>
            <POS>NNP</POS>
            <NER>PERSON</NER>
          </token>
          <token id="10">
            <word>,</word>
            <lemma>,</lemma>
            <CharacterOffsetBegin>14068</CharacterOffsetBegin>
            <CharacterOffsetEnd>14069</CharacterOffsetEnd>
            <POS>,</POS>
            <NER>O</NER>
          </token>
          <token id="11">
            <word>`</word>
            <lemma>`</lemma>
            <CharacterOffsetBegin>14070</CharacterOffsetBegin>
            <CharacterOffsetEnd>14071</CharacterOffsetEnd>
            <POS>``</POS>
            <NER>O</NER>
          </token>
          <token id="12">
            <word>I</word>
            <lemma>I</lemma>
            <CharacterOffsetBegin>14071</CharacterOffsetBegin>
            <CharacterOffsetEnd>14072</CharacterOffsetEnd>
            <POS>PRP</POS>
            <NER>O</NER>
          </token>
          <token id="13">
            <word>see</word>
            <lemma>see</lemma>
            <CharacterOffsetBegin>14073</CharacterOffsetBegin>
            <CharacterOffsetEnd>14076</CharacterOffsetEnd>
            <POS>VBP</POS>
            <NER>O</NER>
          </token>
          <token id="14">
            <word>no</word>
            <lemma>no</lemma>
            <CharacterOffsetBegin>14077</CharacterOffsetBegin>
            <CharacterOffsetEnd>14079</CharacterOffsetEnd>
            <POS>DT</POS>
            <NER>O</NER>
          </token>
          <token id="15">
            <word>foot-plank</word>
            <lemma>foot-plank</lemma>
            <CharacterOffsetBegin>14080</CharacterOffsetBegin>
            <CharacterOffsetEnd>14090</CharacterOffsetEnd>
            <POS>NN</POS>
            <NER>O</NER>
          </token>
          <token id="16">
            <word>,</word>
            <lemma>,</lemma>
            <CharacterOffsetBegin>14090</CharacterOffsetBegin>
            <CharacterOffsetEnd>14091</CharacterOffsetEnd>
            <POS>,</POS>
            <NER>O</NER>
          </token>
          <token id="17">
            <word>and</word>
            <lemma>and</lemma>
            <CharacterOffsetBegin>14092</CharacterOffsetBegin>
            <CharacterOffsetEnd>14095</CharacterOffsetEnd>
            <POS>CC</POS>
            <NER>O</NER>
          </token>
          <token id="18">
            <word>no</word>
            <lemma>no</lemma>
            <CharacterOffsetBegin>14096</CharacterOffsetBegin>
            <CharacterOffsetEnd>14098</CharacterOffsetEnd>
            <POS>DT</POS>
            <NER>O</NER>
          </token>
          <token id="19">
            <word>bridge</word>
            <lemma>bridge</lemma>
            <CharacterOffsetBegin>14099</CharacterOffsetBegin>
            <CharacterOffsetEnd>14105</CharacterOffsetEnd>
            <POS>NN</POS>
            <NER>O</NER>
          </token>
          <token id="20">
            <word>.</word>
            <lemma>.</lemma>
            <CharacterOffsetBegin>14105</CharacterOffsetBegin>
            <CharacterOffsetEnd>14106</CharacterOffsetEnd>
            <POS>.</POS>
            <NER>O</NER>
          </token>
          <token id="21">
            <word>'</word>
            <lemma>'</lemma>
            <CharacterOffsetBegin>14106</CharacterOffsetBegin>
            <CharacterOffsetEnd>14107</CharacterOffsetEnd>
            <POS>''</POS>
            <NER>O</NER>
          </token>
        </tokens>
      </sentence>
      <sentence id="132">
        <tokens>
          <token id="1">
            <word>`</word>
            <lemma>`</lemma>
            <CharacterOffsetBegin>14108</CharacterOffsetBegin>
            <CharacterOffsetEnd>14109</CharacterOffsetEnd>
            <POS>``</POS>
            <NER>O</NER>
          </token>
          <token id="2">
            <word>And</word>
            <lemma>and</lemma>
            <CharacterOffsetBegin>14109</CharacterOffsetBegin>
            <CharacterOffsetEnd>14112</CharacterOffsetEnd>
            <POS>CC</POS>
            <NER>O</NER>
          </token>
          <token id="3">
            <word>there</word>
            <lemma>there</lemma>
            <CharacterOffsetBegin>14113</CharacterOffsetBegin>
            <CharacterOffsetEnd>14118</CharacterOffsetEnd>
            <POS>EX</POS>
            <NER>O</NER>
          </token>
          <token id="4">
            <word>is</word>
            <lemma>be</lemma>
            <CharacterOffsetBegin>14119</CharacterOffsetBegin>
            <CharacterOffsetEnd>14121</CharacterOffsetEnd>
            <POS>VBZ</POS>
            <NER>O</NER>
          </token>
          <token id="5">
            <word>also</word>
            <lemma>also</lemma>
            <CharacterOffsetBegin>14122</CharacterOffsetBegin>
            <CharacterOffsetEnd>14126</CharacterOffsetEnd>
            <POS>RB</POS>
            <NER>O</NER>
          </token>
          <token id="6">
            <word>no</word>
            <lemma>no</lemma>
            <CharacterOffsetBegin>14127</CharacterOffsetBegin>
            <CharacterOffsetEnd>14129</CharacterOffsetEnd>
            <POS>DT</POS>
            <NER>O</NER>
          </token>
          <token id="7">
            <word>ferry</word>
            <lemma>ferry</lemma>
            <CharacterOffsetBegin>14130</CharacterOffsetBegin>
            <CharacterOffsetEnd>14135</CharacterOffsetEnd>
            <POS>NN</POS>
            <NER>O</NER>
          </token>
          <token id="8">
            <word>,</word>
            <lemma>,</lemma>
            <CharacterOffsetBegin>14135</CharacterOffsetBegin>
            <CharacterOffsetEnd>14136</CharacterOffsetEnd>
            <POS>,</POS>
            <NER>O</NER>
          </token>
          <token id="9">
            <word>'</word>
            <lemma>'</lemma>
            <CharacterOffsetBegin>14136</CharacterOffsetBegin>
            <CharacterOffsetEnd>14137</CharacterOffsetEnd>
            <POS>''</POS>
            <NER>O</NER>
          </token>
          <token id="10">
            <word>answered</word>
            <lemma>answer</lemma>
            <CharacterOffsetBegin>14138</CharacterOffsetBegin>
            <CharacterOffsetEnd>14146</CharacterOffsetEnd>
            <POS>VBN</POS>
            <NER>O</NER>
          </token>
          <token id="11">
            <word>Gretel</word>
            <lemma>Gretel</lemma>
            <CharacterOffsetBegin>14147</CharacterOffsetBegin>
            <CharacterOffsetEnd>14153</CharacterOffsetEnd>
            <POS>NNP</POS>
            <NER>PERSON</NER>
          </token>
          <token id="12">
            <word>,</word>
            <lemma>,</lemma>
            <CharacterOffsetBegin>14153</CharacterOffsetBegin>
            <CharacterOffsetEnd>14154</CharacterOffsetEnd>
            <POS>,</POS>
            <NER>O</NER>
          </token>
          <token id="13">
            <word>`</word>
            <lemma>`</lemma>
            <CharacterOffsetBegin>14155</CharacterOffsetBegin>
            <CharacterOffsetEnd>14156</CharacterOffsetEnd>
            <POS>``</POS>
            <NER>O</NER>
          </token>
          <token id="14">
            <word>but</word>
            <lemma>but</lemma>
            <CharacterOffsetBegin>14156</CharacterOffsetBegin>
            <CharacterOffsetEnd>14159</CharacterOffsetEnd>
            <POS>CC</POS>
            <NER>O</NER>
          </token>
          <token id="15">
            <word>a</word>
            <lemma>a</lemma>
            <CharacterOffsetBegin>14160</CharacterOffsetBegin>
            <CharacterOffsetEnd>14161</CharacterOffsetEnd>
            <POS>DT</POS>
            <NER>O</NER>
          </token>
          <token id="16">
            <word>white</word>
            <lemma>white</lemma>
            <CharacterOffsetBegin>14162</CharacterOffsetBegin>
            <CharacterOffsetEnd>14167</CharacterOffsetEnd>
            <POS>JJ</POS>
            <NER>O</NER>
          </token>
          <token id="17">
            <word>duck</word>
            <lemma>duck</lemma>
            <CharacterOffsetBegin>14168</CharacterOffsetBegin>
            <CharacterOffsetEnd>14172</CharacterOffsetEnd>
            <POS>NN</POS>
            <NER>O</NER>
          </token>
          <token id="18">
            <word>is</word>
            <lemma>be</lemma>
            <CharacterOffsetBegin>14173</CharacterOffsetBegin>
            <CharacterOffsetEnd>14175</CharacterOffsetEnd>
            <POS>VBZ</POS>
            <NER>O</NER>
          </token>
          <token id="19">
            <word>swimming</word>
            <lemma>swim</lemma>
            <CharacterOffsetBegin>14176</CharacterOffsetBegin>
            <CharacterOffsetEnd>14184</CharacterOffsetEnd>
            <POS>VBG</POS>
            <NER>O</NER>
          </token>
          <token id="20">
            <word>there</word>
            <lemma>there</lemma>
            <CharacterOffsetBegin>14185</CharacterOffsetBegin>
            <CharacterOffsetEnd>14190</CharacterOffsetEnd>
            <POS>RB</POS>
            <NER>O</NER>
          </token>
          <token id="21">
            <word>:</word>
            <lemma>:</lemma>
            <CharacterOffsetBegin>14190</CharacterOffsetBegin>
            <CharacterOffsetEnd>14191</CharacterOffsetEnd>
            <POS>:</POS>
            <NER>O</NER>
          </token>
          <token id="22">
            <word>if</word>
            <lemma>if</lemma>
            <CharacterOffsetBegin>14192</CharacterOffsetBegin>
            <CharacterOffsetEnd>14194</CharacterOffsetEnd>
            <POS>IN</POS>
            <NER>O</NER>
          </token>
          <token id="23">
            <word>I</word>
            <lemma>I</lemma>
            <CharacterOffsetBegin>14195</CharacterOffsetBegin>
            <CharacterOffsetEnd>14196</CharacterOffsetEnd>
            <POS>PRP</POS>
            <NER>O</NER>
          </token>
          <token id="24">
            <word>ask</word>
            <lemma>ask</lemma>
            <CharacterOffsetBegin>14197</CharacterOffsetBegin>
            <CharacterOffsetEnd>14200</CharacterOffsetEnd>
            <POS>VB</POS>
            <NER>O</NER>
          </token>
          <token id="25">
            <word>her</word>
            <lemma>she</lemma>
            <CharacterOffsetBegin>14201</CharacterOffsetBegin>
            <CharacterOffsetEnd>14204</CharacterOffsetEnd>
            <POS>PRP</POS>
            <NER>O</NER>
          </token>
          <token id="26">
            <word>,</word>
            <lemma>,</lemma>
            <CharacterOffsetBegin>14204</CharacterOffsetBegin>
            <CharacterOffsetEnd>14205</CharacterOffsetEnd>
            <POS>,</POS>
            <NER>O</NER>
          </token>
          <token id="27">
            <word>she</word>
            <lemma>she</lemma>
            <CharacterOffsetBegin>14206</CharacterOffsetBegin>
            <CharacterOffsetEnd>14209</CharacterOffsetEnd>
            <POS>PRP</POS>
            <NER>O</NER>
          </token>
          <token id="28">
            <word>will</word>
            <lemma>will</lemma>
            <CharacterOffsetBegin>14210</CharacterOffsetBegin>
            <CharacterOffsetEnd>14214</CharacterOffsetEnd>
            <POS>MD</POS>
            <NER>O</NER>
          </token>
          <token id="29">
            <word>help</word>
            <lemma>help</lemma>
            <CharacterOffsetBegin>14215</CharacterOffsetBegin>
            <CharacterOffsetEnd>14219</CharacterOffsetEnd>
            <POS>VB</POS>
            <NER>O</NER>
          </token>
          <token id="30">
            <word>us</word>
            <lemma>we</lemma>
            <CharacterOffsetBegin>14220</CharacterOffsetBegin>
            <CharacterOffsetEnd>14222</CharacterOffsetEnd>
            <POS>PRP</POS>
            <NER>O</NER>
          </token>
          <token id="31">
            <word>over</word>
            <lemma>over</lemma>
            <CharacterOffsetBegin>14223</CharacterOffsetBegin>
            <CharacterOffsetEnd>14227</CharacterOffsetEnd>
            <POS>IN</POS>
            <NER>O</NER>
          </token>
          <token id="32">
            <word>.</word>
            <lemma>.</lemma>
            <CharacterOffsetBegin>14227</CharacterOffsetBegin>
            <CharacterOffsetEnd>14228</CharacterOffsetEnd>
            <POS>.</POS>
            <NER>O</NER>
          </token>
          <token id="33">
            <word>'</word>
            <lemma>'</lemma>
            <CharacterOffsetBegin>14228</CharacterOffsetBegin>
            <CharacterOffsetEnd>14229</CharacterOffsetEnd>
            <POS>''</POS>
            <NER>O</NER>
          </token>
        </tokens>
      </sentence>
      <sentence id="133">
        <tokens>
          <token id="1">
            <word>Then</word>
            <lemma>then</lemma>
            <CharacterOffsetBegin>14230</CharacterOffsetBegin>
            <CharacterOffsetEnd>14234</CharacterOffsetEnd>
            <POS>RB</POS>
            <NER>O</NER>
          </token>
          <token id="2">
            <word>she</word>
            <lemma>she</lemma>
            <CharacterOffsetBegin>14235</CharacterOffsetBegin>
            <CharacterOffsetEnd>14238</CharacterOffsetEnd>
            <POS>PRP</POS>
            <NER>O</NER>
          </token>
          <token id="3">
            <word>cried</word>
            <lemma>cry</lemma>
            <CharacterOffsetBegin>14239</CharacterOffsetBegin>
            <CharacterOffsetEnd>14244</CharacterOffsetEnd>
            <POS>VBD</POS>
            <NER>O</NER>
          </token>
          <token id="4">
            <word>:</word>
            <lemma>:</lemma>
            <CharacterOffsetBegin>14244</CharacterOffsetBegin>
            <CharacterOffsetEnd>14245</CharacterOffsetEnd>
            <POS>:</POS>
            <NER>O</NER>
          </token>
          <token id="5">
            <word>`</word>
            <lemma>`</lemma>
            <CharacterOffsetBegin>14248</CharacterOffsetBegin>
            <CharacterOffsetEnd>14249</CharacterOffsetEnd>
            <POS>``</POS>
            <NER>O</NER>
          </token>
          <token id="6">
            <word>Little</word>
            <lemma>little</lemma>
            <CharacterOffsetBegin>14249</CharacterOffsetBegin>
            <CharacterOffsetEnd>14255</CharacterOffsetEnd>
            <POS>JJ</POS>
            <NER>O</NER>
          </token>
          <token id="7">
            <word>duck</word>
            <lemma>duck</lemma>
            <CharacterOffsetBegin>14256</CharacterOffsetBegin>
            <CharacterOffsetEnd>14260</CharacterOffsetEnd>
            <POS>NN</POS>
            <NER>O</NER>
          </token>
          <token id="8">
            <word>,</word>
            <lemma>,</lemma>
            <CharacterOffsetBegin>14260</CharacterOffsetBegin>
            <CharacterOffsetEnd>14261</CharacterOffsetEnd>
            <POS>,</POS>
            <NER>O</NER>
          </token>
          <token id="9">
            <word>little</word>
            <lemma>little</lemma>
            <CharacterOffsetBegin>14262</CharacterOffsetBegin>
            <CharacterOffsetEnd>14268</CharacterOffsetEnd>
            <POS>JJ</POS>
            <NER>O</NER>
          </token>
          <token id="10">
            <word>duck</word>
            <lemma>duck</lemma>
            <CharacterOffsetBegin>14269</CharacterOffsetBegin>
            <CharacterOffsetEnd>14273</CharacterOffsetEnd>
            <POS>NN</POS>
            <NER>O</NER>
          </token>
          <token id="11">
            <word>,</word>
            <lemma>,</lemma>
            <CharacterOffsetBegin>14273</CharacterOffsetBegin>
            <CharacterOffsetEnd>14274</CharacterOffsetEnd>
            <POS>,</POS>
            <NER>O</NER>
          </token>
          <token id="12">
            <word>dost</word>
            <lemma>dost</lemma>
            <CharacterOffsetBegin>14275</CharacterOffsetBegin>
            <CharacterOffsetEnd>14279</CharacterOffsetEnd>
            <POS>FW</POS>
            <NER>O</NER>
          </token>
          <token id="13">
            <word>thou</word>
            <lemma>thou</lemma>
            <CharacterOffsetBegin>14280</CharacterOffsetBegin>
            <CharacterOffsetEnd>14284</CharacterOffsetEnd>
            <POS>PRP</POS>
            <NER>O</NER>
          </token>
          <token id="14">
            <word>see</word>
            <lemma>see</lemma>
            <CharacterOffsetBegin>14285</CharacterOffsetBegin>
            <CharacterOffsetEnd>14288</CharacterOffsetEnd>
            <POS>VB</POS>
            <NER>O</NER>
          </token>
          <token id="15">
            <word>,</word>
            <lemma>,</lemma>
            <CharacterOffsetBegin>14288</CharacterOffsetBegin>
            <CharacterOffsetEnd>14289</CharacterOffsetEnd>
            <POS>,</POS>
            <NER>O</NER>
          </token>
          <token id="16">
            <word>Hansel</word>
            <lemma>Hansel</lemma>
            <CharacterOffsetBegin>14292</CharacterOffsetBegin>
            <CharacterOffsetEnd>14298</CharacterOffsetEnd>
            <POS>NNP</POS>
            <NER>O</NER>
          </token>
          <token id="17">
            <word>and</word>
            <lemma>and</lemma>
            <CharacterOffsetBegin>14299</CharacterOffsetBegin>
            <CharacterOffsetEnd>14302</CharacterOffsetEnd>
            <POS>CC</POS>
            <NER>O</NER>
          </token>
          <token id="18">
            <word>Gretel</word>
            <lemma>Gretel</lemma>
            <CharacterOffsetBegin>14303</CharacterOffsetBegin>
            <CharacterOffsetEnd>14309</CharacterOffsetEnd>
            <POS>NNP</POS>
            <NER>PERSON</NER>
          </token>
          <token id="19">
            <word>are</word>
            <lemma>be</lemma>
            <CharacterOffsetBegin>14310</CharacterOffsetBegin>
            <CharacterOffsetEnd>14313</CharacterOffsetEnd>
            <POS>VBP</POS>
            <NER>O</NER>
          </token>
          <token id="20">
            <word>waiting</word>
            <lemma>wait</lemma>
            <CharacterOffsetBegin>14314</CharacterOffsetBegin>
            <CharacterOffsetEnd>14321</CharacterOffsetEnd>
            <POS>VBG</POS>
            <NER>O</NER>
          </token>
          <token id="21">
            <word>for</word>
            <lemma>for</lemma>
            <CharacterOffsetBegin>14322</CharacterOffsetBegin>
            <CharacterOffsetEnd>14325</CharacterOffsetEnd>
            <POS>IN</POS>
            <NER>O</NER>
          </token>
          <token id="22">
            <word>thee</word>
            <lemma>thee</lemma>
            <CharacterOffsetBegin>14326</CharacterOffsetBegin>
            <CharacterOffsetEnd>14330</CharacterOffsetEnd>
            <POS>PRP</POS>
            <NER>O</NER>
          </token>
          <token id="23">
            <word>?</word>
            <lemma>?</lemma>
            <CharacterOffsetBegin>14330</CharacterOffsetBegin>
            <CharacterOffsetEnd>14331</CharacterOffsetEnd>
            <POS>.</POS>
            <NER>O</NER>
          </token>
        </tokens>
      </sentence>
      <sentence id="134">
        <tokens>
          <token id="1">
            <word>There</word>
            <lemma>there</lemma>
            <CharacterOffsetBegin>14334</CharacterOffsetBegin>
            <CharacterOffsetEnd>14339</CharacterOffsetEnd>
            <POS>EX</POS>
            <NER>O</NER>
          </token>
          <token id="2">
            <word>'s</word>
            <lemma>be</lemma>
            <CharacterOffsetBegin>14339</CharacterOffsetBegin>
            <CharacterOffsetEnd>14341</CharacterOffsetEnd>
            <POS>VBZ</POS>
            <NER>O</NER>
          </token>
          <token id="3">
            <word>never</word>
            <lemma>never</lemma>
            <CharacterOffsetBegin>14342</CharacterOffsetBegin>
            <CharacterOffsetEnd>14347</CharacterOffsetEnd>
            <POS>RB</POS>
            <NER>O</NER>
          </token>
          <token id="4">
            <word>a</word>
            <lemma>a</lemma>
            <CharacterOffsetBegin>14348</CharacterOffsetBegin>
            <CharacterOffsetEnd>14349</CharacterOffsetEnd>
            <POS>DT</POS>
            <NER>O</NER>
          </token>
          <token id="5">
            <word>plank</word>
            <lemma>plank</lemma>
            <CharacterOffsetBegin>14350</CharacterOffsetBegin>
            <CharacterOffsetEnd>14355</CharacterOffsetEnd>
            <POS>NN</POS>
            <NER>O</NER>
          </token>
          <token id="6">
            <word>,</word>
            <lemma>,</lemma>
            <CharacterOffsetBegin>14355</CharacterOffsetBegin>
            <CharacterOffsetEnd>14356</CharacterOffsetEnd>
            <POS>,</POS>
            <NER>O</NER>
          </token>
          <token id="7">
            <word>or</word>
            <lemma>or</lemma>
            <CharacterOffsetBegin>14357</CharacterOffsetBegin>
            <CharacterOffsetEnd>14359</CharacterOffsetEnd>
            <POS>CC</POS>
            <NER>O</NER>
          </token>
          <token id="8">
            <word>bridge</word>
            <lemma>bridge</lemma>
            <CharacterOffsetBegin>14360</CharacterOffsetBegin>
            <CharacterOffsetEnd>14366</CharacterOffsetEnd>
            <POS>NN</POS>
            <NER>O</NER>
          </token>
          <token id="9">
            <word>in</word>
            <lemma>in</lemma>
            <CharacterOffsetBegin>14367</CharacterOffsetBegin>
            <CharacterOffsetEnd>14369</CharacterOffsetEnd>
            <POS>IN</POS>
            <NER>O</NER>
          </token>
          <token id="10">
            <word>sight</word>
            <lemma>sight</lemma>
            <CharacterOffsetBegin>14370</CharacterOffsetBegin>
            <CharacterOffsetEnd>14375</CharacterOffsetEnd>
            <POS>NN</POS>
            <NER>O</NER>
          </token>
          <token id="11">
            <word>,</word>
            <lemma>,</lemma>
            <CharacterOffsetBegin>14375</CharacterOffsetBegin>
            <CharacterOffsetEnd>14376</CharacterOffsetEnd>
            <POS>,</POS>
            <NER>O</NER>
          </token>
          <token id="12">
            <word>Take</word>
            <lemma>take</lemma>
            <CharacterOffsetBegin>14379</CharacterOffsetBegin>
            <CharacterOffsetEnd>14383</CharacterOffsetEnd>
            <POS>VB</POS>
            <NER>O</NER>
          </token>
          <token id="13">
            <word>us</word>
            <lemma>we</lemma>
            <CharacterOffsetBegin>14384</CharacterOffsetBegin>
            <CharacterOffsetEnd>14386</CharacterOffsetEnd>
            <POS>PRP</POS>
            <NER>O</NER>
          </token>
          <token id="14">
            <word>across</word>
            <lemma>across</lemma>
            <CharacterOffsetBegin>14387</CharacterOffsetBegin>
            <CharacterOffsetEnd>14393</CharacterOffsetEnd>
            <POS>IN</POS>
            <NER>O</NER>
          </token>
          <token id="15">
            <word>on</word>
            <lemma>on</lemma>
            <CharacterOffsetBegin>14394</CharacterOffsetBegin>
            <CharacterOffsetEnd>14396</CharacterOffsetEnd>
            <POS>IN</POS>
            <NER>O</NER>
          </token>
          <token id="16">
            <word>thy</word>
            <lemma>thy</lemma>
            <CharacterOffsetBegin>14397</CharacterOffsetBegin>
            <CharacterOffsetEnd>14400</CharacterOffsetEnd>
            <POS>PRP$</POS>
            <NER>O</NER>
          </token>
          <token id="17">
            <word>back</word>
            <lemma>back</lemma>
            <CharacterOffsetBegin>14401</CharacterOffsetBegin>
            <CharacterOffsetEnd>14405</CharacterOffsetEnd>
            <POS>RB</POS>
            <NER>O</NER>
          </token>
          <token id="18">
            <word>so</word>
            <lemma>so</lemma>
            <CharacterOffsetBegin>14406</CharacterOffsetBegin>
            <CharacterOffsetEnd>14408</CharacterOffsetEnd>
            <POS>RB</POS>
            <NER>O</NER>
          </token>
          <token id="19">
            <word>white</word>
            <lemma>white</lemma>
            <CharacterOffsetBegin>14409</CharacterOffsetBegin>
            <CharacterOffsetEnd>14414</CharacterOffsetEnd>
            <POS>JJ</POS>
            <NER>O</NER>
          </token>
          <token id="20">
            <word>.</word>
            <lemma>.</lemma>
            <CharacterOffsetBegin>14414</CharacterOffsetBegin>
            <CharacterOffsetEnd>14415</CharacterOffsetEnd>
            <POS>.</POS>
            <NER>O</NER>
          </token>
          <token id="21">
            <word>'</word>
            <lemma>'</lemma>
            <CharacterOffsetBegin>14415</CharacterOffsetBegin>
            <CharacterOffsetEnd>14416</CharacterOffsetEnd>
            <POS>''</POS>
            <NER>O</NER>
          </token>
        </tokens>
      </sentence>
      <sentence id="135">
        <tokens>
          <token id="1">
            <word>The</word>
            <lemma>the</lemma>
            <CharacterOffsetBegin>14418</CharacterOffsetBegin>
            <CharacterOffsetEnd>14421</CharacterOffsetEnd>
            <POS>DT</POS>
            <NER>O</NER>
          </token>
          <token id="2">
            <word>duck</word>
            <lemma>duck</lemma>
            <CharacterOffsetBegin>14422</CharacterOffsetBegin>
            <CharacterOffsetEnd>14426</CharacterOffsetEnd>
            <POS>NN</POS>
            <NER>O</NER>
          </token>
          <token id="3">
            <word>came</word>
            <lemma>come</lemma>
            <CharacterOffsetBegin>14427</CharacterOffsetBegin>
            <CharacterOffsetEnd>14431</CharacterOffsetEnd>
            <POS>VBD</POS>
            <NER>O</NER>
          </token>
          <token id="4">
            <word>to</word>
            <lemma>to</lemma>
            <CharacterOffsetBegin>14432</CharacterOffsetBegin>
            <CharacterOffsetEnd>14434</CharacterOffsetEnd>
            <POS>TO</POS>
            <NER>O</NER>
          </token>
          <token id="5">
            <word>them</word>
            <lemma>they</lemma>
            <CharacterOffsetBegin>14435</CharacterOffsetBegin>
            <CharacterOffsetEnd>14439</CharacterOffsetEnd>
            <POS>PRP</POS>
            <NER>O</NER>
          </token>
          <token id="6">
            <word>,</word>
            <lemma>,</lemma>
            <CharacterOffsetBegin>14439</CharacterOffsetBegin>
            <CharacterOffsetEnd>14440</CharacterOffsetEnd>
            <POS>,</POS>
            <NER>O</NER>
          </token>
          <token id="7">
            <word>and</word>
            <lemma>and</lemma>
            <CharacterOffsetBegin>14441</CharacterOffsetBegin>
            <CharacterOffsetEnd>14444</CharacterOffsetEnd>
            <POS>CC</POS>
            <NER>O</NER>
          </token>
          <token id="8">
            <word>Hansel</word>
            <lemma>Hansel</lemma>
            <CharacterOffsetBegin>14445</CharacterOffsetBegin>
            <CharacterOffsetEnd>14451</CharacterOffsetEnd>
            <POS>NNP</POS>
            <NER>O</NER>
          </token>
          <token id="9">
            <word>seated</word>
            <lemma>seat</lemma>
            <CharacterOffsetBegin>14452</CharacterOffsetBegin>
            <CharacterOffsetEnd>14458</CharacterOffsetEnd>
            <POS>VBD</POS>
            <NER>O</NER>
          </token>
          <token id="10">
            <word>himself</word>
            <lemma>himself</lemma>
            <CharacterOffsetBegin>14459</CharacterOffsetBegin>
            <CharacterOffsetEnd>14466</CharacterOffsetEnd>
            <POS>PRP</POS>
            <NER>O</NER>
          </token>
          <token id="11">
            <word>on</word>
            <lemma>on</lemma>
            <CharacterOffsetBegin>14467</CharacterOffsetBegin>
            <CharacterOffsetEnd>14469</CharacterOffsetEnd>
            <POS>IN</POS>
            <NER>O</NER>
          </token>
          <token id="12">
            <word>its</word>
            <lemma>its</lemma>
            <CharacterOffsetBegin>14470</CharacterOffsetBegin>
            <CharacterOffsetEnd>14473</CharacterOffsetEnd>
            <POS>PRP$</POS>
            <NER>O</NER>
          </token>
          <token id="13">
            <word>back</word>
            <lemma>back</lemma>
            <CharacterOffsetBegin>14474</CharacterOffsetBegin>
            <CharacterOffsetEnd>14478</CharacterOffsetEnd>
            <POS>RB</POS>
            <NER>O</NER>
          </token>
          <token id="14">
            <word>,</word>
            <lemma>,</lemma>
            <CharacterOffsetBegin>14478</CharacterOffsetBegin>
            <CharacterOffsetEnd>14479</CharacterOffsetEnd>
            <POS>,</POS>
            <NER>O</NER>
          </token>
          <token id="15">
            <word>and</word>
            <lemma>and</lemma>
            <CharacterOffsetBegin>14480</CharacterOffsetBegin>
            <CharacterOffsetEnd>14483</CharacterOffsetEnd>
            <POS>CC</POS>
            <NER>O</NER>
          </token>
          <token id="16">
            <word>told</word>
            <lemma>tell</lemma>
            <CharacterOffsetBegin>14484</CharacterOffsetBegin>
            <CharacterOffsetEnd>14488</CharacterOffsetEnd>
            <POS>VBD</POS>
            <NER>O</NER>
          </token>
          <token id="17">
            <word>his</word>
            <lemma>he</lemma>
            <CharacterOffsetBegin>14489</CharacterOffsetBegin>
            <CharacterOffsetEnd>14492</CharacterOffsetEnd>
            <POS>PRP$</POS>
            <NER>O</NER>
          </token>
          <token id="18">
            <word>sister</word>
            <lemma>sister</lemma>
            <CharacterOffsetBegin>14493</CharacterOffsetBegin>
            <CharacterOffsetEnd>14499</CharacterOffsetEnd>
            <POS>NN</POS>
            <NER>O</NER>
          </token>
          <token id="19">
            <word>to</word>
            <lemma>to</lemma>
            <CharacterOffsetBegin>14500</CharacterOffsetBegin>
            <CharacterOffsetEnd>14502</CharacterOffsetEnd>
            <POS>TO</POS>
            <NER>O</NER>
          </token>
          <token id="20">
            <word>sit</word>
            <lemma>sit</lemma>
            <CharacterOffsetBegin>14503</CharacterOffsetBegin>
            <CharacterOffsetEnd>14506</CharacterOffsetEnd>
            <POS>VB</POS>
            <NER>O</NER>
          </token>
          <token id="21">
            <word>by</word>
            <lemma>by</lemma>
            <CharacterOffsetBegin>14507</CharacterOffsetBegin>
            <CharacterOffsetEnd>14509</CharacterOffsetEnd>
            <POS>IN</POS>
            <NER>O</NER>
          </token>
          <token id="22">
            <word>him</word>
            <lemma>he</lemma>
            <CharacterOffsetBegin>14510</CharacterOffsetBegin>
            <CharacterOffsetEnd>14513</CharacterOffsetEnd>
            <POS>PRP</POS>
            <NER>O</NER>
          </token>
          <token id="23">
            <word>.</word>
            <lemma>.</lemma>
            <CharacterOffsetBegin>14513</CharacterOffsetBegin>
            <CharacterOffsetEnd>14514</CharacterOffsetEnd>
            <POS>.</POS>
            <NER>O</NER>
          </token>
        </tokens>
      </sentence>
      <sentence id="136">
        <tokens>
          <token id="1">
            <word>`</word>
            <lemma>`</lemma>
            <CharacterOffsetBegin>14515</CharacterOffsetBegin>
            <CharacterOffsetEnd>14516</CharacterOffsetEnd>
            <POS>``</POS>
            <NER>O</NER>
          </token>
          <token id="2">
            <word>No</word>
            <lemma>no</lemma>
            <CharacterOffsetBegin>14516</CharacterOffsetBegin>
            <CharacterOffsetEnd>14518</CharacterOffsetEnd>
            <POS>DT</POS>
            <NER>O</NER>
          </token>
          <token id="3">
            <word>,</word>
            <lemma>,</lemma>
            <CharacterOffsetBegin>14518</CharacterOffsetBegin>
            <CharacterOffsetEnd>14519</CharacterOffsetEnd>
            <POS>,</POS>
            <NER>O</NER>
          </token>
          <token id="4">
            <word>'</word>
            <lemma>'</lemma>
            <CharacterOffsetBegin>14519</CharacterOffsetBegin>
            <CharacterOffsetEnd>14520</CharacterOffsetEnd>
            <POS>''</POS>
            <NER>O</NER>
          </token>
          <token id="5">
            <word>replied</word>
            <lemma>reply</lemma>
            <CharacterOffsetBegin>14521</CharacterOffsetBegin>
            <CharacterOffsetEnd>14528</CharacterOffsetEnd>
            <POS>VBD</POS>
            <NER>O</NER>
          </token>
          <token id="6">
            <word>Gretel</word>
            <lemma>Gretel</lemma>
            <CharacterOffsetBegin>14529</CharacterOffsetBegin>
            <CharacterOffsetEnd>14535</CharacterOffsetEnd>
            <POS>NNP</POS>
            <NER>PERSON</NER>
          </token>
          <token id="7">
            <word>,</word>
            <lemma>,</lemma>
            <CharacterOffsetBegin>14535</CharacterOffsetBegin>
            <CharacterOffsetEnd>14536</CharacterOffsetEnd>
            <POS>,</POS>
            <NER>O</NER>
          </token>
          <token id="8">
            <word>`</word>
            <lemma>`</lemma>
            <CharacterOffsetBegin>14537</CharacterOffsetBegin>
            <CharacterOffsetEnd>14538</CharacterOffsetEnd>
            <POS>``</POS>
            <NER>O</NER>
          </token>
          <token id="9">
            <word>that</word>
            <lemma>that</lemma>
            <CharacterOffsetBegin>14538</CharacterOffsetBegin>
            <CharacterOffsetEnd>14542</CharacterOffsetEnd>
            <POS>WDT</POS>
            <NER>O</NER>
          </token>
          <token id="10">
            <word>will</word>
            <lemma>will</lemma>
            <CharacterOffsetBegin>14543</CharacterOffsetBegin>
            <CharacterOffsetEnd>14547</CharacterOffsetEnd>
            <POS>MD</POS>
            <NER>O</NER>
          </token>
          <token id="11">
            <word>be</word>
            <lemma>be</lemma>
            <CharacterOffsetBegin>14548</CharacterOffsetBegin>
            <CharacterOffsetEnd>14550</CharacterOffsetEnd>
            <POS>VB</POS>
            <NER>O</NER>
          </token>
          <token id="12">
            <word>too</word>
            <lemma>too</lemma>
            <CharacterOffsetBegin>14551</CharacterOffsetBegin>
            <CharacterOffsetEnd>14554</CharacterOffsetEnd>
            <POS>RB</POS>
            <NER>O</NER>
          </token>
          <token id="13">
            <word>heavy</word>
            <lemma>heavy</lemma>
            <CharacterOffsetBegin>14555</CharacterOffsetBegin>
            <CharacterOffsetEnd>14560</CharacterOffsetEnd>
            <POS>JJ</POS>
            <NER>O</NER>
          </token>
          <token id="14">
            <word>for</word>
            <lemma>for</lemma>
            <CharacterOffsetBegin>14561</CharacterOffsetBegin>
            <CharacterOffsetEnd>14564</CharacterOffsetEnd>
            <POS>IN</POS>
            <NER>O</NER>
          </token>
          <token id="15">
            <word>the</word>
            <lemma>the</lemma>
            <CharacterOffsetBegin>14565</CharacterOffsetBegin>
            <CharacterOffsetEnd>14568</CharacterOffsetEnd>
            <POS>DT</POS>
            <NER>O</NER>
          </token>
          <token id="16">
            <word>little</word>
            <lemma>little</lemma>
            <CharacterOffsetBegin>14569</CharacterOffsetBegin>
            <CharacterOffsetEnd>14575</CharacterOffsetEnd>
            <POS>JJ</POS>
            <NER>O</NER>
          </token>
          <token id="17">
            <word>duck</word>
            <lemma>duck</lemma>
            <CharacterOffsetBegin>14576</CharacterOffsetBegin>
            <CharacterOffsetEnd>14580</CharacterOffsetEnd>
            <POS>NN</POS>
            <NER>O</NER>
          </token>
          <token id="18">
            <word>;</word>
            <lemma>;</lemma>
            <CharacterOffsetBegin>14580</CharacterOffsetBegin>
            <CharacterOffsetEnd>14581</CharacterOffsetEnd>
            <POS>:</POS>
            <NER>O</NER>
          </token>
          <token id="19">
            <word>she</word>
            <lemma>she</lemma>
            <CharacterOffsetBegin>14582</CharacterOffsetBegin>
            <CharacterOffsetEnd>14585</CharacterOffsetEnd>
            <POS>PRP</POS>
            <NER>O</NER>
          </token>
          <token id="20">
            <word>shall</word>
            <lemma>shall</lemma>
            <CharacterOffsetBegin>14586</CharacterOffsetBegin>
            <CharacterOffsetEnd>14591</CharacterOffsetEnd>
            <POS>MD</POS>
            <NER>O</NER>
          </token>
          <token id="21">
            <word>take</word>
            <lemma>take</lemma>
            <CharacterOffsetBegin>14592</CharacterOffsetBegin>
            <CharacterOffsetEnd>14596</CharacterOffsetEnd>
            <POS>VB</POS>
            <NER>O</NER>
          </token>
          <token id="22">
            <word>us</word>
            <lemma>we</lemma>
            <CharacterOffsetBegin>14597</CharacterOffsetBegin>
            <CharacterOffsetEnd>14599</CharacterOffsetEnd>
            <POS>PRP</POS>
            <NER>O</NER>
          </token>
          <token id="23">
            <word>across</word>
            <lemma>across</lemma>
            <CharacterOffsetBegin>14600</CharacterOffsetBegin>
            <CharacterOffsetEnd>14606</CharacterOffsetEnd>
            <POS>IN</POS>
            <NER>O</NER>
          </token>
          <token id="24">
            <word>,</word>
            <lemma>,</lemma>
            <CharacterOffsetBegin>14606</CharacterOffsetBegin>
            <CharacterOffsetEnd>14607</CharacterOffsetEnd>
            <POS>,</POS>
            <NER>O</NER>
          </token>
          <token id="25">
            <word>one</word>
            <lemma>one</lemma>
            <CharacterOffsetBegin>14608</CharacterOffsetBegin>
            <CharacterOffsetEnd>14611</CharacterOffsetEnd>
            <POS>CD</POS>
            <NER>NUMBER</NER>
            <NormalizedNER>1.0</NormalizedNER>
          </token>
          <token id="26">
            <word>after</word>
            <lemma>after</lemma>
            <CharacterOffsetBegin>14612</CharacterOffsetBegin>
            <CharacterOffsetEnd>14617</CharacterOffsetEnd>
            <POS>IN</POS>
            <NER>O</NER>
          </token>
          <token id="27">
            <word>the</word>
            <lemma>the</lemma>
            <CharacterOffsetBegin>14618</CharacterOffsetBegin>
            <CharacterOffsetEnd>14621</CharacterOffsetEnd>
            <POS>DT</POS>
            <NER>O</NER>
          </token>
          <token id="28">
            <word>other</word>
            <lemma>other</lemma>
            <CharacterOffsetBegin>14622</CharacterOffsetBegin>
            <CharacterOffsetEnd>14627</CharacterOffsetEnd>
            <POS>JJ</POS>
            <NER>O</NER>
          </token>
          <token id="29">
            <word>.</word>
            <lemma>.</lemma>
            <CharacterOffsetBegin>14627</CharacterOffsetBegin>
            <CharacterOffsetEnd>14628</CharacterOffsetEnd>
            <POS>.</POS>
            <NER>O</NER>
          </token>
          <token id="30">
            <word>'</word>
            <lemma>'</lemma>
            <CharacterOffsetBegin>14628</CharacterOffsetBegin>
            <CharacterOffsetEnd>14629</CharacterOffsetEnd>
            <POS>''</POS>
            <NER>O</NER>
          </token>
        </tokens>
      </sentence>
      <sentence id="137">
        <tokens>
          <token id="1">
            <word>The</word>
            <lemma>the</lemma>
            <CharacterOffsetBegin>14630</CharacterOffsetBegin>
            <CharacterOffsetEnd>14633</CharacterOffsetEnd>
            <POS>DT</POS>
            <NER>O</NER>
          </token>
          <token id="2">
            <word>good</word>
            <lemma>good</lemma>
            <CharacterOffsetBegin>14634</CharacterOffsetBegin>
            <CharacterOffsetEnd>14638</CharacterOffsetEnd>
            <POS>JJ</POS>
            <NER>O</NER>
          </token>
          <token id="3">
            <word>little</word>
            <lemma>little</lemma>
            <CharacterOffsetBegin>14639</CharacterOffsetBegin>
            <CharacterOffsetEnd>14645</CharacterOffsetEnd>
            <POS>JJ</POS>
            <NER>O</NER>
          </token>
          <token id="4">
            <word>duck</word>
            <lemma>duck</lemma>
            <CharacterOffsetBegin>14646</CharacterOffsetBegin>
            <CharacterOffsetEnd>14650</CharacterOffsetEnd>
            <POS>NN</POS>
            <NER>O</NER>
          </token>
          <token id="5">
            <word>did</word>
            <lemma>do</lemma>
            <CharacterOffsetBegin>14651</CharacterOffsetBegin>
            <CharacterOffsetEnd>14654</CharacterOffsetEnd>
            <POS>VBD</POS>
            <NER>O</NER>
          </token>
          <token id="6">
            <word>so</word>
            <lemma>so</lemma>
            <CharacterOffsetBegin>14655</CharacterOffsetBegin>
            <CharacterOffsetEnd>14657</CharacterOffsetEnd>
            <POS>RB</POS>
            <NER>O</NER>
          </token>
          <token id="7">
            <word>,</word>
            <lemma>,</lemma>
            <CharacterOffsetBegin>14657</CharacterOffsetBegin>
            <CharacterOffsetEnd>14658</CharacterOffsetEnd>
            <POS>,</POS>
            <NER>O</NER>
          </token>
          <token id="8">
            <word>and</word>
            <lemma>and</lemma>
            <CharacterOffsetBegin>14659</CharacterOffsetBegin>
            <CharacterOffsetEnd>14662</CharacterOffsetEnd>
            <POS>CC</POS>
            <NER>O</NER>
          </token>
          <token id="9">
            <word>when</word>
            <lemma>when</lemma>
            <CharacterOffsetBegin>14663</CharacterOffsetBegin>
            <CharacterOffsetEnd>14667</CharacterOffsetEnd>
            <POS>WRB</POS>
            <NER>O</NER>
          </token>
          <token id="10">
            <word>they</word>
            <lemma>they</lemma>
            <CharacterOffsetBegin>14668</CharacterOffsetBegin>
            <CharacterOffsetEnd>14672</CharacterOffsetEnd>
            <POS>PRP</POS>
            <NER>O</NER>
          </token>
          <token id="11">
            <word>were</word>
            <lemma>be</lemma>
            <CharacterOffsetBegin>14673</CharacterOffsetBegin>
            <CharacterOffsetEnd>14677</CharacterOffsetEnd>
            <POS>VBD</POS>
            <NER>O</NER>
          </token>
          <token id="12">
            <word>once</word>
            <lemma>once</lemma>
            <CharacterOffsetBegin>14678</CharacterOffsetBegin>
            <CharacterOffsetEnd>14682</CharacterOffsetEnd>
            <POS>RB</POS>
            <NER>DATE</NER>
            <NormalizedNER>PAST_REF</NormalizedNER>
            <Timex tid="t40" type="DATE">PAST_REF</Timex>
          </token>
          <token id="13">
            <word>safely</word>
            <lemma>safely</lemma>
            <CharacterOffsetBegin>14683</CharacterOffsetBegin>
            <CharacterOffsetEnd>14689</CharacterOffsetEnd>
            <POS>RB</POS>
            <NER>O</NER>
          </token>
          <token id="14">
            <word>across</word>
            <lemma>across</lemma>
            <CharacterOffsetBegin>14690</CharacterOffsetBegin>
            <CharacterOffsetEnd>14696</CharacterOffsetEnd>
            <POS>IN</POS>
            <NER>O</NER>
          </token>
          <token id="15">
            <word>and</word>
            <lemma>and</lemma>
            <CharacterOffsetBegin>14697</CharacterOffsetBegin>
            <CharacterOffsetEnd>14700</CharacterOffsetEnd>
            <POS>CC</POS>
            <NER>O</NER>
          </token>
          <token id="16">
            <word>had</word>
            <lemma>have</lemma>
            <CharacterOffsetBegin>14701</CharacterOffsetBegin>
            <CharacterOffsetEnd>14704</CharacterOffsetEnd>
            <POS>VBD</POS>
            <NER>O</NER>
          </token>
          <token id="17">
            <word>walked</word>
            <lemma>walk</lemma>
            <CharacterOffsetBegin>14705</CharacterOffsetBegin>
            <CharacterOffsetEnd>14711</CharacterOffsetEnd>
            <POS>VBN</POS>
            <NER>O</NER>
          </token>
          <token id="18">
            <word>for</word>
            <lemma>for</lemma>
            <CharacterOffsetBegin>14712</CharacterOffsetBegin>
            <CharacterOffsetEnd>14715</CharacterOffsetEnd>
            <POS>IN</POS>
            <NER>O</NER>
          </token>
          <token id="19">
            <word>a</word>
            <lemma>a</lemma>
            <CharacterOffsetBegin>14716</CharacterOffsetBegin>
            <CharacterOffsetEnd>14717</CharacterOffsetEnd>
            <POS>DT</POS>
            <NER>O</NER>
          </token>
          <token id="20">
            <word>short</word>
            <lemma>short</lemma>
            <CharacterOffsetBegin>14718</CharacterOffsetBegin>
            <CharacterOffsetEnd>14723</CharacterOffsetEnd>
            <POS>JJ</POS>
            <NER>O</NER>
          </token>
          <token id="21">
            <word>time</word>
            <lemma>time</lemma>
            <CharacterOffsetBegin>14724</CharacterOffsetBegin>
            <CharacterOffsetEnd>14728</CharacterOffsetEnd>
            <POS>NN</POS>
            <NER>O</NER>
          </token>
          <token id="22">
            <word>,</word>
            <lemma>,</lemma>
            <CharacterOffsetBegin>14728</CharacterOffsetBegin>
            <CharacterOffsetEnd>14729</CharacterOffsetEnd>
            <POS>,</POS>
            <NER>O</NER>
          </token>
          <token id="23">
            <word>the</word>
            <lemma>the</lemma>
            <CharacterOffsetBegin>14730</CharacterOffsetBegin>
            <CharacterOffsetEnd>14733</CharacterOffsetEnd>
            <POS>DT</POS>
            <NER>O</NER>
          </token>
          <token id="24">
            <word>forest</word>
            <lemma>forest</lemma>
            <CharacterOffsetBegin>14734</CharacterOffsetBegin>
            <CharacterOffsetEnd>14740</CharacterOffsetEnd>
            <POS>NN</POS>
            <NER>O</NER>
          </token>
          <token id="25">
            <word>seemed</word>
            <lemma>seem</lemma>
            <CharacterOffsetBegin>14741</CharacterOffsetBegin>
            <CharacterOffsetEnd>14747</CharacterOffsetEnd>
            <POS>VBD</POS>
            <NER>O</NER>
          </token>
          <token id="26">
            <word>to</word>
            <lemma>to</lemma>
            <CharacterOffsetBegin>14748</CharacterOffsetBegin>
            <CharacterOffsetEnd>14750</CharacterOffsetEnd>
            <POS>TO</POS>
            <NER>O</NER>
          </token>
          <token id="27">
            <word>be</word>
            <lemma>be</lemma>
            <CharacterOffsetBegin>14751</CharacterOffsetBegin>
            <CharacterOffsetEnd>14753</CharacterOffsetEnd>
            <POS>VB</POS>
            <NER>O</NER>
          </token>
          <token id="28">
            <word>more</word>
            <lemma>more</lemma>
            <CharacterOffsetBegin>14754</CharacterOffsetBegin>
            <CharacterOffsetEnd>14758</CharacterOffsetEnd>
            <POS>RBR</POS>
            <NER>O</NER>
          </token>
          <token id="29">
            <word>and</word>
            <lemma>and</lemma>
            <CharacterOffsetBegin>14759</CharacterOffsetBegin>
            <CharacterOffsetEnd>14762</CharacterOffsetEnd>
            <POS>CC</POS>
            <NER>O</NER>
          </token>
          <token id="30">
            <word>more</word>
            <lemma>more</lemma>
            <CharacterOffsetBegin>14763</CharacterOffsetBegin>
            <CharacterOffsetEnd>14767</CharacterOffsetEnd>
            <POS>RBR</POS>
            <NER>O</NER>
          </token>
          <token id="31">
            <word>familiar</word>
            <lemma>familiar</lemma>
            <CharacterOffsetBegin>14768</CharacterOffsetBegin>
            <CharacterOffsetEnd>14776</CharacterOffsetEnd>
            <POS>JJ</POS>
            <NER>O</NER>
          </token>
          <token id="32">
            <word>to</word>
            <lemma>to</lemma>
            <CharacterOffsetBegin>14777</CharacterOffsetBegin>
            <CharacterOffsetEnd>14779</CharacterOffsetEnd>
            <POS>TO</POS>
            <NER>O</NER>
          </token>
          <token id="33">
            <word>them</word>
            <lemma>they</lemma>
            <CharacterOffsetBegin>14780</CharacterOffsetBegin>
            <CharacterOffsetEnd>14784</CharacterOffsetEnd>
            <POS>PRP</POS>
            <NER>O</NER>
          </token>
          <token id="34">
            <word>,</word>
            <lemma>,</lemma>
            <CharacterOffsetBegin>14784</CharacterOffsetBegin>
            <CharacterOffsetEnd>14785</CharacterOffsetEnd>
            <POS>,</POS>
            <NER>O</NER>
          </token>
          <token id="35">
            <word>and</word>
            <lemma>and</lemma>
            <CharacterOffsetBegin>14786</CharacterOffsetBegin>
            <CharacterOffsetEnd>14789</CharacterOffsetEnd>
            <POS>CC</POS>
            <NER>O</NER>
          </token>
          <token id="36">
            <word>at</word>
            <lemma>at</lemma>
            <CharacterOffsetBegin>14790</CharacterOffsetBegin>
            <CharacterOffsetEnd>14792</CharacterOffsetEnd>
            <POS>IN</POS>
            <NER>O</NER>
          </token>
          <token id="37">
            <word>length</word>
            <lemma>length</lemma>
            <CharacterOffsetBegin>14793</CharacterOffsetBegin>
            <CharacterOffsetEnd>14799</CharacterOffsetEnd>
            <POS>NN</POS>
            <NER>O</NER>
          </token>
          <token id="38">
            <word>they</word>
            <lemma>they</lemma>
            <CharacterOffsetBegin>14800</CharacterOffsetBegin>
            <CharacterOffsetEnd>14804</CharacterOffsetEnd>
            <POS>PRP</POS>
            <NER>O</NER>
          </token>
          <token id="39">
            <word>saw</word>
            <lemma>see</lemma>
            <CharacterOffsetBegin>14805</CharacterOffsetBegin>
            <CharacterOffsetEnd>14808</CharacterOffsetEnd>
            <POS>VBD</POS>
            <NER>O</NER>
          </token>
          <token id="40">
            <word>from</word>
            <lemma>from</lemma>
            <CharacterOffsetBegin>14809</CharacterOffsetBegin>
            <CharacterOffsetEnd>14813</CharacterOffsetEnd>
            <POS>IN</POS>
            <NER>O</NER>
          </token>
          <token id="41">
            <word>afar</word>
            <lemma>afar</lemma>
            <CharacterOffsetBegin>14814</CharacterOffsetBegin>
            <CharacterOffsetEnd>14818</CharacterOffsetEnd>
            <POS>JJ</POS>
            <NER>O</NER>
          </token>
          <token id="42">
            <word>their</word>
            <lemma>they</lemma>
            <CharacterOffsetBegin>14819</CharacterOffsetBegin>
            <CharacterOffsetEnd>14824</CharacterOffsetEnd>
            <POS>PRP$</POS>
            <NER>O</NER>
          </token>
          <token id="43">
            <word>father</word>
            <lemma>father</lemma>
            <CharacterOffsetBegin>14825</CharacterOffsetBegin>
            <CharacterOffsetEnd>14831</CharacterOffsetEnd>
            <POS>NN</POS>
            <NER>O</NER>
          </token>
          <token id="44">
            <word>'s</word>
            <lemma>'s</lemma>
            <CharacterOffsetBegin>14831</CharacterOffsetBegin>
            <CharacterOffsetEnd>14833</CharacterOffsetEnd>
            <POS>POS</POS>
            <NER>O</NER>
          </token>
          <token id="45">
            <word>house</word>
            <lemma>house</lemma>
            <CharacterOffsetBegin>14834</CharacterOffsetBegin>
            <CharacterOffsetEnd>14839</CharacterOffsetEnd>
            <POS>NN</POS>
            <NER>O</NER>
          </token>
          <token id="46">
            <word>.</word>
            <lemma>.</lemma>
            <CharacterOffsetBegin>14839</CharacterOffsetBegin>
            <CharacterOffsetEnd>14840</CharacterOffsetEnd>
            <POS>.</POS>
            <NER>O</NER>
          </token>
        </tokens>
      </sentence>
      <sentence id="138">
        <tokens>
          <token id="1">
            <word>Then</word>
            <lemma>then</lemma>
            <CharacterOffsetBegin>14841</CharacterOffsetBegin>
            <CharacterOffsetEnd>14845</CharacterOffsetEnd>
            <POS>RB</POS>
            <NER>O</NER>
          </token>
          <token id="2">
            <word>they</word>
            <lemma>they</lemma>
            <CharacterOffsetBegin>14846</CharacterOffsetBegin>
            <CharacterOffsetEnd>14850</CharacterOffsetEnd>
            <POS>PRP</POS>
            <NER>O</NER>
          </token>
          <token id="3">
            <word>began</word>
            <lemma>begin</lemma>
            <CharacterOffsetBegin>14851</CharacterOffsetBegin>
            <CharacterOffsetEnd>14856</CharacterOffsetEnd>
            <POS>VBD</POS>
            <NER>O</NER>
          </token>
          <token id="4">
            <word>to</word>
            <lemma>to</lemma>
            <CharacterOffsetBegin>14857</CharacterOffsetBegin>
            <CharacterOffsetEnd>14859</CharacterOffsetEnd>
            <POS>TO</POS>
            <NER>O</NER>
          </token>
          <token id="5">
            <word>run</word>
            <lemma>run</lemma>
            <CharacterOffsetBegin>14860</CharacterOffsetBegin>
            <CharacterOffsetEnd>14863</CharacterOffsetEnd>
            <POS>VB</POS>
            <NER>O</NER>
          </token>
          <token id="6">
            <word>,</word>
            <lemma>,</lemma>
            <CharacterOffsetBegin>14863</CharacterOffsetBegin>
            <CharacterOffsetEnd>14864</CharacterOffsetEnd>
            <POS>,</POS>
            <NER>O</NER>
          </token>
          <token id="7">
            <word>rushed</word>
            <lemma>rush</lemma>
            <CharacterOffsetBegin>14865</CharacterOffsetBegin>
            <CharacterOffsetEnd>14871</CharacterOffsetEnd>
            <POS>VBD</POS>
            <NER>O</NER>
          </token>
          <token id="8">
            <word>into</word>
            <lemma>into</lemma>
            <CharacterOffsetBegin>14872</CharacterOffsetBegin>
            <CharacterOffsetEnd>14876</CharacterOffsetEnd>
            <POS>IN</POS>
            <NER>O</NER>
          </token>
          <token id="9">
            <word>the</word>
            <lemma>the</lemma>
            <CharacterOffsetBegin>14877</CharacterOffsetBegin>
            <CharacterOffsetEnd>14880</CharacterOffsetEnd>
            <POS>DT</POS>
            <NER>O</NER>
          </token>
          <token id="10">
            <word>parlour</word>
            <lemma>parlour</lemma>
            <CharacterOffsetBegin>14881</CharacterOffsetBegin>
            <CharacterOffsetEnd>14888</CharacterOffsetEnd>
            <POS>NN</POS>
            <NER>O</NER>
          </token>
          <token id="11">
            <word>,</word>
            <lemma>,</lemma>
            <CharacterOffsetBegin>14888</CharacterOffsetBegin>
            <CharacterOffsetEnd>14889</CharacterOffsetEnd>
            <POS>,</POS>
            <NER>O</NER>
          </token>
          <token id="12">
            <word>and</word>
            <lemma>and</lemma>
            <CharacterOffsetBegin>14890</CharacterOffsetBegin>
            <CharacterOffsetEnd>14893</CharacterOffsetEnd>
            <POS>CC</POS>
            <NER>O</NER>
          </token>
          <token id="13">
            <word>threw</word>
            <lemma>throw</lemma>
            <CharacterOffsetBegin>14894</CharacterOffsetBegin>
            <CharacterOffsetEnd>14899</CharacterOffsetEnd>
            <POS>VBD</POS>
            <NER>O</NER>
          </token>
          <token id="14">
            <word>themselves</word>
            <lemma>themselves</lemma>
            <CharacterOffsetBegin>14900</CharacterOffsetBegin>
            <CharacterOffsetEnd>14910</CharacterOffsetEnd>
            <POS>PRP</POS>
            <NER>O</NER>
          </token>
          <token id="15">
            <word>round</word>
            <lemma>round</lemma>
            <CharacterOffsetBegin>14911</CharacterOffsetBegin>
            <CharacterOffsetEnd>14916</CharacterOffsetEnd>
            <POS>VB</POS>
            <NER>O</NER>
          </token>
          <token id="16">
            <word>their</word>
            <lemma>they</lemma>
            <CharacterOffsetBegin>14917</CharacterOffsetBegin>
            <CharacterOffsetEnd>14922</CharacterOffsetEnd>
            <POS>PRP$</POS>
            <NER>O</NER>
          </token>
          <token id="17">
            <word>father</word>
            <lemma>father</lemma>
            <CharacterOffsetBegin>14923</CharacterOffsetBegin>
            <CharacterOffsetEnd>14929</CharacterOffsetEnd>
            <POS>NN</POS>
            <NER>O</NER>
          </token>
          <token id="18">
            <word>'s</word>
            <lemma>'s</lemma>
            <CharacterOffsetBegin>14929</CharacterOffsetBegin>
            <CharacterOffsetEnd>14931</CharacterOffsetEnd>
            <POS>POS</POS>
            <NER>O</NER>
          </token>
          <token id="19">
            <word>neck</word>
            <lemma>neck</lemma>
            <CharacterOffsetBegin>14932</CharacterOffsetBegin>
            <CharacterOffsetEnd>14936</CharacterOffsetEnd>
            <POS>NN</POS>
            <NER>O</NER>
          </token>
          <token id="20">
            <word>.</word>
            <lemma>.</lemma>
            <CharacterOffsetBegin>14936</CharacterOffsetBegin>
            <CharacterOffsetEnd>14937</CharacterOffsetEnd>
            <POS>.</POS>
            <NER>O</NER>
          </token>
        </tokens>
      </sentence>
      <sentence id="139">
        <tokens>
          <token id="1">
            <word>The</word>
            <lemma>the</lemma>
            <CharacterOffsetBegin>14938</CharacterOffsetBegin>
            <CharacterOffsetEnd>14941</CharacterOffsetEnd>
            <POS>DT</POS>
            <NER>O</NER>
          </token>
          <token id="2">
            <word>man</word>
            <lemma>man</lemma>
            <CharacterOffsetBegin>14942</CharacterOffsetBegin>
            <CharacterOffsetEnd>14945</CharacterOffsetEnd>
            <POS>NN</POS>
            <NER>O</NER>
          </token>
          <token id="3">
            <word>had</word>
            <lemma>have</lemma>
            <CharacterOffsetBegin>14946</CharacterOffsetBegin>
            <CharacterOffsetEnd>14949</CharacterOffsetEnd>
            <POS>VBD</POS>
            <NER>O</NER>
          </token>
          <token id="4">
            <word>not</word>
            <lemma>not</lemma>
            <CharacterOffsetBegin>14950</CharacterOffsetBegin>
            <CharacterOffsetEnd>14953</CharacterOffsetEnd>
            <POS>RB</POS>
            <NER>O</NER>
          </token>
          <token id="5">
            <word>known</word>
            <lemma>know</lemma>
            <CharacterOffsetBegin>14954</CharacterOffsetBegin>
            <CharacterOffsetEnd>14959</CharacterOffsetEnd>
            <POS>VBN</POS>
            <NER>O</NER>
          </token>
          <token id="6">
            <word>one</word>
            <lemma>one</lemma>
            <CharacterOffsetBegin>14960</CharacterOffsetBegin>
            <CharacterOffsetEnd>14963</CharacterOffsetEnd>
            <POS>CD</POS>
            <NER>NUMBER</NER>
            <NormalizedNER>1.0</NormalizedNER>
          </token>
          <token id="7">
            <word>happy</word>
            <lemma>happy</lemma>
            <CharacterOffsetBegin>14964</CharacterOffsetBegin>
            <CharacterOffsetEnd>14969</CharacterOffsetEnd>
            <POS>JJ</POS>
            <NER>O</NER>
          </token>
          <token id="8">
            <word>hour</word>
            <lemma>hour</lemma>
            <CharacterOffsetBegin>14970</CharacterOffsetBegin>
            <CharacterOffsetEnd>14974</CharacterOffsetEnd>
            <POS>NN</POS>
            <NER>DURATION</NER>
            <NormalizedNER>PT1H</NormalizedNER>
            <Timex tid="t41" type="DURATION">PT1H</Timex>
          </token>
          <token id="9">
            <word>since</word>
            <lemma>since</lemma>
            <CharacterOffsetBegin>14975</CharacterOffsetBegin>
            <CharacterOffsetEnd>14980</CharacterOffsetEnd>
            <POS>IN</POS>
            <NER>O</NER>
          </token>
          <token id="10">
            <word>he</word>
            <lemma>he</lemma>
            <CharacterOffsetBegin>14981</CharacterOffsetBegin>
            <CharacterOffsetEnd>14983</CharacterOffsetEnd>
            <POS>PRP</POS>
            <NER>O</NER>
          </token>
          <token id="11">
            <word>had</word>
            <lemma>have</lemma>
            <CharacterOffsetBegin>14984</CharacterOffsetBegin>
            <CharacterOffsetEnd>14987</CharacterOffsetEnd>
            <POS>VBD</POS>
            <NER>O</NER>
          </token>
          <token id="12">
            <word>left</word>
            <lemma>leave</lemma>
            <CharacterOffsetBegin>14988</CharacterOffsetBegin>
            <CharacterOffsetEnd>14992</CharacterOffsetEnd>
            <POS>VBN</POS>
            <NER>O</NER>
          </token>
          <token id="13">
            <word>the</word>
            <lemma>the</lemma>
            <CharacterOffsetBegin>14993</CharacterOffsetBegin>
            <CharacterOffsetEnd>14996</CharacterOffsetEnd>
            <POS>DT</POS>
            <NER>O</NER>
          </token>
          <token id="14">
            <word>children</word>
            <lemma>child</lemma>
            <CharacterOffsetBegin>14997</CharacterOffsetBegin>
            <CharacterOffsetEnd>15005</CharacterOffsetEnd>
            <POS>NNS</POS>
            <NER>O</NER>
          </token>
          <token id="15">
            <word>in</word>
            <lemma>in</lemma>
            <CharacterOffsetBegin>15006</CharacterOffsetBegin>
            <CharacterOffsetEnd>15008</CharacterOffsetEnd>
            <POS>IN</POS>
            <NER>O</NER>
          </token>
          <token id="16">
            <word>the</word>
            <lemma>the</lemma>
            <CharacterOffsetBegin>15009</CharacterOffsetBegin>
            <CharacterOffsetEnd>15012</CharacterOffsetEnd>
            <POS>DT</POS>
            <NER>O</NER>
          </token>
          <token id="17">
            <word>forest</word>
            <lemma>forest</lemma>
            <CharacterOffsetBegin>15013</CharacterOffsetBegin>
            <CharacterOffsetEnd>15019</CharacterOffsetEnd>
            <POS>NN</POS>
            <NER>O</NER>
          </token>
          <token id="18">
            <word>;</word>
            <lemma>;</lemma>
            <CharacterOffsetBegin>15019</CharacterOffsetBegin>
            <CharacterOffsetEnd>15020</CharacterOffsetEnd>
            <POS>:</POS>
            <NER>O</NER>
          </token>
          <token id="19">
            <word>the</word>
            <lemma>the</lemma>
            <CharacterOffsetBegin>15021</CharacterOffsetBegin>
            <CharacterOffsetEnd>15024</CharacterOffsetEnd>
            <POS>DT</POS>
            <NER>O</NER>
          </token>
          <token id="20">
            <word>woman</word>
            <lemma>woman</lemma>
            <CharacterOffsetBegin>15025</CharacterOffsetBegin>
            <CharacterOffsetEnd>15030</CharacterOffsetEnd>
            <POS>NN</POS>
            <NER>O</NER>
          </token>
          <token id="21">
            <word>,</word>
            <lemma>,</lemma>
            <CharacterOffsetBegin>15030</CharacterOffsetBegin>
            <CharacterOffsetEnd>15031</CharacterOffsetEnd>
            <POS>,</POS>
            <NER>O</NER>
          </token>
          <token id="22">
            <word>however</word>
            <lemma>however</lemma>
            <CharacterOffsetBegin>15032</CharacterOffsetBegin>
            <CharacterOffsetEnd>15039</CharacterOffsetEnd>
            <POS>RB</POS>
            <NER>O</NER>
          </token>
          <token id="23">
            <word>,</word>
            <lemma>,</lemma>
            <CharacterOffsetBegin>15039</CharacterOffsetBegin>
            <CharacterOffsetEnd>15040</CharacterOffsetEnd>
            <POS>,</POS>
            <NER>O</NER>
          </token>
          <token id="24">
            <word>was</word>
            <lemma>be</lemma>
            <CharacterOffsetBegin>15041</CharacterOffsetBegin>
            <CharacterOffsetEnd>15044</CharacterOffsetEnd>
            <POS>VBD</POS>
            <NER>O</NER>
          </token>
          <token id="25">
            <word>dead</word>
            <lemma>dead</lemma>
            <CharacterOffsetBegin>15045</CharacterOffsetBegin>
            <CharacterOffsetEnd>15049</CharacterOffsetEnd>
            <POS>JJ</POS>
            <NER>O</NER>
          </token>
          <token id="26">
            <word>.</word>
            <lemma>.</lemma>
            <CharacterOffsetBegin>15049</CharacterOffsetBegin>
            <CharacterOffsetEnd>15050</CharacterOffsetEnd>
            <POS>.</POS>
            <NER>O</NER>
          </token>
        </tokens>
      </sentence>
      <sentence id="140">
        <tokens>
          <token id="1">
            <word>Gretel</word>
            <lemma>Gretel</lemma>
            <CharacterOffsetBegin>15051</CharacterOffsetBegin>
            <CharacterOffsetEnd>15057</CharacterOffsetEnd>
            <POS>NNP</POS>
            <NER>PERSON</NER>
          </token>
          <token id="2">
            <word>emptied</word>
            <lemma>empty</lemma>
            <CharacterOffsetBegin>15058</CharacterOffsetBegin>
            <CharacterOffsetEnd>15065</CharacterOffsetEnd>
            <POS>VBD</POS>
            <NER>O</NER>
          </token>
          <token id="3">
            <word>her</word>
            <lemma>she</lemma>
            <CharacterOffsetBegin>15066</CharacterOffsetBegin>
            <CharacterOffsetEnd>15069</CharacterOffsetEnd>
            <POS>PRP$</POS>
            <NER>O</NER>
          </token>
          <token id="4">
            <word>pinafore</word>
            <lemma>pinafore</lemma>
            <CharacterOffsetBegin>15070</CharacterOffsetBegin>
            <CharacterOffsetEnd>15078</CharacterOffsetEnd>
            <POS>NN</POS>
            <NER>O</NER>
          </token>
          <token id="5">
            <word>until</word>
            <lemma>until</lemma>
            <CharacterOffsetBegin>15079</CharacterOffsetBegin>
            <CharacterOffsetEnd>15084</CharacterOffsetEnd>
            <POS>IN</POS>
            <NER>O</NER>
          </token>
          <token id="6">
            <word>pearls</word>
            <lemma>pearl</lemma>
            <CharacterOffsetBegin>15085</CharacterOffsetBegin>
            <CharacterOffsetEnd>15091</CharacterOffsetEnd>
            <POS>NNS</POS>
            <NER>O</NER>
          </token>
          <token id="7">
            <word>and</word>
            <lemma>and</lemma>
            <CharacterOffsetBegin>15092</CharacterOffsetBegin>
            <CharacterOffsetEnd>15095</CharacterOffsetEnd>
            <POS>CC</POS>
            <NER>O</NER>
          </token>
          <token id="8">
            <word>precious</word>
            <lemma>precious</lemma>
            <CharacterOffsetBegin>15096</CharacterOffsetBegin>
            <CharacterOffsetEnd>15104</CharacterOffsetEnd>
            <POS>JJ</POS>
            <NER>O</NER>
          </token>
          <token id="9">
            <word>stones</word>
            <lemma>stone</lemma>
            <CharacterOffsetBegin>15105</CharacterOffsetBegin>
            <CharacterOffsetEnd>15111</CharacterOffsetEnd>
            <POS>NNS</POS>
            <NER>O</NER>
          </token>
          <token id="10">
            <word>ran</word>
            <lemma>run</lemma>
            <CharacterOffsetBegin>15112</CharacterOffsetBegin>
            <CharacterOffsetEnd>15115</CharacterOffsetEnd>
            <POS>VBD</POS>
            <NER>O</NER>
          </token>
          <token id="11">
            <word>about</word>
            <lemma>about</lemma>
            <CharacterOffsetBegin>15116</CharacterOffsetBegin>
            <CharacterOffsetEnd>15121</CharacterOffsetEnd>
            <POS>IN</POS>
            <NER>O</NER>
          </token>
          <token id="12">
            <word>the</word>
            <lemma>the</lemma>
            <CharacterOffsetBegin>15122</CharacterOffsetBegin>
            <CharacterOffsetEnd>15125</CharacterOffsetEnd>
            <POS>DT</POS>
            <NER>O</NER>
          </token>
          <token id="13">
            <word>room</word>
            <lemma>room</lemma>
            <CharacterOffsetBegin>15126</CharacterOffsetBegin>
            <CharacterOffsetEnd>15130</CharacterOffsetEnd>
            <POS>NN</POS>
            <NER>O</NER>
          </token>
          <token id="14">
            <word>,</word>
            <lemma>,</lemma>
            <CharacterOffsetBegin>15130</CharacterOffsetBegin>
            <CharacterOffsetEnd>15131</CharacterOffsetEnd>
            <POS>,</POS>
            <NER>O</NER>
          </token>
          <token id="15">
            <word>and</word>
            <lemma>and</lemma>
            <CharacterOffsetBegin>15132</CharacterOffsetBegin>
            <CharacterOffsetEnd>15135</CharacterOffsetEnd>
            <POS>CC</POS>
            <NER>O</NER>
          </token>
          <token id="16">
            <word>Hansel</word>
            <lemma>Hansel</lemma>
            <CharacterOffsetBegin>15136</CharacterOffsetBegin>
            <CharacterOffsetEnd>15142</CharacterOffsetEnd>
            <POS>NNP</POS>
            <NER>PERSON</NER>
          </token>
          <token id="17">
            <word>threw</word>
            <lemma>throw</lemma>
            <CharacterOffsetBegin>15143</CharacterOffsetBegin>
            <CharacterOffsetEnd>15148</CharacterOffsetEnd>
            <POS>VBD</POS>
            <NER>O</NER>
          </token>
          <token id="18">
            <word>one</word>
            <lemma>one</lemma>
            <CharacterOffsetBegin>15149</CharacterOffsetBegin>
            <CharacterOffsetEnd>15152</CharacterOffsetEnd>
            <POS>CD</POS>
            <NER>NUMBER</NER>
            <NormalizedNER>1.0</NormalizedNER>
          </token>
          <token id="19">
            <word>handful</word>
            <lemma>handful</lemma>
            <CharacterOffsetBegin>15153</CharacterOffsetBegin>
            <CharacterOffsetEnd>15160</CharacterOffsetEnd>
            <POS>NN</POS>
            <NER>O</NER>
          </token>
          <token id="20">
            <word>after</word>
            <lemma>after</lemma>
            <CharacterOffsetBegin>15161</CharacterOffsetBegin>
            <CharacterOffsetEnd>15166</CharacterOffsetEnd>
            <POS>IN</POS>
            <NER>O</NER>
          </token>
          <token id="21">
            <word>another</word>
            <lemma>another</lemma>
            <CharacterOffsetBegin>15167</CharacterOffsetBegin>
            <CharacterOffsetEnd>15174</CharacterOffsetEnd>
            <POS>DT</POS>
            <NER>O</NER>
          </token>
          <token id="22">
            <word>out</word>
            <lemma>out</lemma>
            <CharacterOffsetBegin>15175</CharacterOffsetBegin>
            <CharacterOffsetEnd>15178</CharacterOffsetEnd>
            <POS>IN</POS>
            <NER>O</NER>
          </token>
          <token id="23">
            <word>of</word>
            <lemma>of</lemma>
            <CharacterOffsetBegin>15179</CharacterOffsetBegin>
            <CharacterOffsetEnd>15181</CharacterOffsetEnd>
            <POS>IN</POS>
            <NER>O</NER>
          </token>
          <token id="24">
            <word>his</word>
            <lemma>he</lemma>
            <CharacterOffsetBegin>15182</CharacterOffsetBegin>
            <CharacterOffsetEnd>15185</CharacterOffsetEnd>
            <POS>PRP$</POS>
            <NER>O</NER>
          </token>
          <token id="25">
            <word>pocket</word>
            <lemma>pocket</lemma>
            <CharacterOffsetBegin>15186</CharacterOffsetBegin>
            <CharacterOffsetEnd>15192</CharacterOffsetEnd>
            <POS>NN</POS>
            <NER>O</NER>
          </token>
          <token id="26">
            <word>to</word>
            <lemma>to</lemma>
            <CharacterOffsetBegin>15193</CharacterOffsetBegin>
            <CharacterOffsetEnd>15195</CharacterOffsetEnd>
            <POS>TO</POS>
            <NER>O</NER>
          </token>
          <token id="27">
            <word>add</word>
            <lemma>add</lemma>
            <CharacterOffsetBegin>15196</CharacterOffsetBegin>
            <CharacterOffsetEnd>15199</CharacterOffsetEnd>
            <POS>VB</POS>
            <NER>O</NER>
          </token>
          <token id="28">
            <word>to</word>
            <lemma>to</lemma>
            <CharacterOffsetBegin>15200</CharacterOffsetBegin>
            <CharacterOffsetEnd>15202</CharacterOffsetEnd>
            <POS>TO</POS>
            <NER>O</NER>
          </token>
          <token id="29">
            <word>them</word>
            <lemma>they</lemma>
            <CharacterOffsetBegin>15203</CharacterOffsetBegin>
            <CharacterOffsetEnd>15207</CharacterOffsetEnd>
            <POS>PRP</POS>
            <NER>O</NER>
          </token>
          <token id="30">
            <word>.</word>
            <lemma>.</lemma>
            <CharacterOffsetBegin>15207</CharacterOffsetBegin>
            <CharacterOffsetEnd>15208</CharacterOffsetEnd>
            <POS>.</POS>
            <NER>O</NER>
          </token>
        </tokens>
      </sentence>
      <sentence id="141">
        <tokens>
          <token id="1">
            <word>Then</word>
            <lemma>then</lemma>
            <CharacterOffsetBegin>15209</CharacterOffsetBegin>
            <CharacterOffsetEnd>15213</CharacterOffsetEnd>
            <POS>RB</POS>
            <NER>O</NER>
          </token>
          <token id="2">
            <word>all</word>
            <lemma>all</lemma>
            <CharacterOffsetBegin>15214</CharacterOffsetBegin>
            <CharacterOffsetEnd>15217</CharacterOffsetEnd>
            <POS>DT</POS>
            <NER>O</NER>
          </token>
          <token id="3">
            <word>anxiety</word>
            <lemma>anxiety</lemma>
            <CharacterOffsetBegin>15218</CharacterOffsetBegin>
            <CharacterOffsetEnd>15225</CharacterOffsetEnd>
            <POS>NN</POS>
            <NER>O</NER>
          </token>
          <token id="4">
            <word>was</word>
            <lemma>be</lemma>
            <CharacterOffsetBegin>15226</CharacterOffsetBegin>
            <CharacterOffsetEnd>15229</CharacterOffsetEnd>
            <POS>VBD</POS>
            <NER>O</NER>
          </token>
          <token id="5">
            <word>at</word>
            <lemma>at</lemma>
            <CharacterOffsetBegin>15230</CharacterOffsetBegin>
            <CharacterOffsetEnd>15232</CharacterOffsetEnd>
            <POS>IN</POS>
            <NER>O</NER>
          </token>
          <token id="6">
            <word>an</word>
            <lemma>a</lemma>
            <CharacterOffsetBegin>15233</CharacterOffsetBegin>
            <CharacterOffsetEnd>15235</CharacterOffsetEnd>
            <POS>DT</POS>
            <NER>O</NER>
          </token>
          <token id="7">
            <word>end</word>
            <lemma>end</lemma>
            <CharacterOffsetBegin>15236</CharacterOffsetBegin>
            <CharacterOffsetEnd>15239</CharacterOffsetEnd>
            <POS>NN</POS>
            <NER>O</NER>
          </token>
          <token id="8">
            <word>,</word>
            <lemma>,</lemma>
            <CharacterOffsetBegin>15239</CharacterOffsetBegin>
            <CharacterOffsetEnd>15240</CharacterOffsetEnd>
            <POS>,</POS>
            <NER>O</NER>
          </token>
          <token id="9">
            <word>and</word>
            <lemma>and</lemma>
            <CharacterOffsetBegin>15241</CharacterOffsetBegin>
            <CharacterOffsetEnd>15244</CharacterOffsetEnd>
            <POS>CC</POS>
            <NER>O</NER>
          </token>
          <token id="10">
            <word>they</word>
            <lemma>they</lemma>
            <CharacterOffsetBegin>15245</CharacterOffsetBegin>
            <CharacterOffsetEnd>15249</CharacterOffsetEnd>
            <POS>PRP</POS>
            <NER>O</NER>
          </token>
          <token id="11">
            <word>lived</word>
            <lemma>live</lemma>
            <CharacterOffsetBegin>15250</CharacterOffsetBegin>
            <CharacterOffsetEnd>15255</CharacterOffsetEnd>
            <POS>VBD</POS>
            <NER>O</NER>
          </token>
          <token id="12">
            <word>together</word>
            <lemma>together</lemma>
            <CharacterOffsetBegin>15256</CharacterOffsetBegin>
            <CharacterOffsetEnd>15264</CharacterOffsetEnd>
            <POS>RB</POS>
            <NER>O</NER>
          </token>
          <token id="13">
            <word>in</word>
            <lemma>in</lemma>
            <CharacterOffsetBegin>15265</CharacterOffsetBegin>
            <CharacterOffsetEnd>15267</CharacterOffsetEnd>
            <POS>IN</POS>
            <NER>O</NER>
          </token>
          <token id="14">
            <word>perfect</word>
            <lemma>perfect</lemma>
            <CharacterOffsetBegin>15268</CharacterOffsetBegin>
            <CharacterOffsetEnd>15275</CharacterOffsetEnd>
            <POS>JJ</POS>
            <NER>O</NER>
          </token>
          <token id="15">
            <word>happiness</word>
            <lemma>happiness</lemma>
            <CharacterOffsetBegin>15276</CharacterOffsetBegin>
            <CharacterOffsetEnd>15285</CharacterOffsetEnd>
            <POS>NN</POS>
            <NER>O</NER>
          </token>
          <token id="16">
            <word>.</word>
            <lemma>.</lemma>
            <CharacterOffsetBegin>15285</CharacterOffsetBegin>
            <CharacterOffsetEnd>15286</CharacterOffsetEnd>
            <POS>.</POS>
            <NER>O</NER>
          </token>
        </tokens>
      </sentence>
      <sentence id="142">
        <tokens>
          <token id="1">
            <word>My</word>
            <lemma>my</lemma>
            <CharacterOffsetBegin>15287</CharacterOffsetBegin>
            <CharacterOffsetEnd>15289</CharacterOffsetEnd>
            <POS>PRP$</POS>
            <NER>O</NER>
          </token>
          <token id="2">
            <word>tale</word>
            <lemma>tale</lemma>
            <CharacterOffsetBegin>15290</CharacterOffsetBegin>
            <CharacterOffsetEnd>15294</CharacterOffsetEnd>
            <POS>NN</POS>
            <NER>O</NER>
          </token>
          <token id="3">
            <word>is</word>
            <lemma>be</lemma>
            <CharacterOffsetBegin>15295</CharacterOffsetBegin>
            <CharacterOffsetEnd>15297</CharacterOffsetEnd>
            <POS>VBZ</POS>
            <NER>O</NER>
          </token>
          <token id="4">
            <word>done</word>
            <lemma>do</lemma>
            <CharacterOffsetBegin>15298</CharacterOffsetBegin>
            <CharacterOffsetEnd>15302</CharacterOffsetEnd>
            <POS>VBN</POS>
            <NER>O</NER>
          </token>
          <token id="5">
            <word>,</word>
            <lemma>,</lemma>
            <CharacterOffsetBegin>15302</CharacterOffsetBegin>
            <CharacterOffsetEnd>15303</CharacterOffsetEnd>
            <POS>,</POS>
            <NER>O</NER>
          </token>
          <token id="6">
            <word>there</word>
            <lemma>there</lemma>
            <CharacterOffsetBegin>15304</CharacterOffsetBegin>
            <CharacterOffsetEnd>15309</CharacterOffsetEnd>
            <POS>EX</POS>
            <NER>O</NER>
          </token>
          <token id="7">
            <word>runs</word>
            <lemma>run</lemma>
            <CharacterOffsetBegin>15310</CharacterOffsetBegin>
            <CharacterOffsetEnd>15314</CharacterOffsetEnd>
            <POS>VBZ</POS>
            <NER>O</NER>
          </token>
          <token id="8">
            <word>a</word>
            <lemma>a</lemma>
            <CharacterOffsetBegin>15315</CharacterOffsetBegin>
            <CharacterOffsetEnd>15316</CharacterOffsetEnd>
            <POS>DT</POS>
            <NER>O</NER>
          </token>
          <token id="9">
            <word>mouse</word>
            <lemma>mouse</lemma>
            <CharacterOffsetBegin>15317</CharacterOffsetBegin>
            <CharacterOffsetEnd>15322</CharacterOffsetEnd>
            <POS>NN</POS>
            <NER>O</NER>
          </token>
          <token id="10">
            <word>;</word>
            <lemma>;</lemma>
            <CharacterOffsetBegin>15322</CharacterOffsetBegin>
            <CharacterOffsetEnd>15323</CharacterOffsetEnd>
            <POS>:</POS>
            <NER>O</NER>
          </token>
          <token id="11">
            <word>whosoever</word>
            <lemma>whosoever</lemma>
            <CharacterOffsetBegin>15324</CharacterOffsetBegin>
            <CharacterOffsetEnd>15333</CharacterOffsetEnd>
            <POS>NN</POS>
            <NER>O</NER>
          </token>
          <token id="12">
            <word>catches</word>
            <lemma>catch</lemma>
            <CharacterOffsetBegin>15334</CharacterOffsetBegin>
            <CharacterOffsetEnd>15341</CharacterOffsetEnd>
            <POS>VBZ</POS>
            <NER>O</NER>
          </token>
          <token id="13">
            <word>it</word>
            <lemma>it</lemma>
            <CharacterOffsetBegin>15342</CharacterOffsetBegin>
            <CharacterOffsetEnd>15344</CharacterOffsetEnd>
            <POS>PRP</POS>
            <NER>O</NER>
          </token>
          <token id="14">
            <word>,</word>
            <lemma>,</lemma>
            <CharacterOffsetBegin>15344</CharacterOffsetBegin>
            <CharacterOffsetEnd>15345</CharacterOffsetEnd>
            <POS>,</POS>
            <NER>O</NER>
          </token>
          <token id="15">
            <word>may</word>
            <lemma>may</lemma>
            <CharacterOffsetBegin>15346</CharacterOffsetBegin>
            <CharacterOffsetEnd>15349</CharacterOffsetEnd>
            <POS>MD</POS>
            <NER>O</NER>
          </token>
          <token id="16">
            <word>make</word>
            <lemma>make</lemma>
            <CharacterOffsetBegin>15350</CharacterOffsetBegin>
            <CharacterOffsetEnd>15354</CharacterOffsetEnd>
            <POS>VB</POS>
            <NER>O</NER>
          </token>
          <token id="17">
            <word>himself</word>
            <lemma>himself</lemma>
            <CharacterOffsetBegin>15355</CharacterOffsetBegin>
            <CharacterOffsetEnd>15362</CharacterOffsetEnd>
            <POS>PRP</POS>
            <NER>O</NER>
          </token>
          <token id="18">
            <word>a</word>
            <lemma>a</lemma>
            <CharacterOffsetBegin>15363</CharacterOffsetBegin>
            <CharacterOffsetEnd>15364</CharacterOffsetEnd>
            <POS>DT</POS>
            <NER>O</NER>
          </token>
          <token id="19">
            <word>big</word>
            <lemma>big</lemma>
            <CharacterOffsetBegin>15365</CharacterOffsetBegin>
            <CharacterOffsetEnd>15368</CharacterOffsetEnd>
            <POS>JJ</POS>
            <NER>O</NER>
          </token>
          <token id="20">
            <word>fur</word>
            <lemma>fur</lemma>
            <CharacterOffsetBegin>15369</CharacterOffsetBegin>
            <CharacterOffsetEnd>15372</CharacterOffsetEnd>
            <POS>NN</POS>
            <NER>O</NER>
          </token>
          <token id="21">
            <word>cap</word>
            <lemma>cap</lemma>
            <CharacterOffsetBegin>15373</CharacterOffsetBegin>
            <CharacterOffsetEnd>15376</CharacterOffsetEnd>
            <POS>NN</POS>
            <NER>O</NER>
          </token>
          <token id="22">
            <word>out</word>
            <lemma>out</lemma>
            <CharacterOffsetBegin>15377</CharacterOffsetBegin>
            <CharacterOffsetEnd>15380</CharacterOffsetEnd>
            <POS>IN</POS>
            <NER>O</NER>
          </token>
          <token id="23">
            <word>of</word>
            <lemma>of</lemma>
            <CharacterOffsetBegin>15381</CharacterOffsetBegin>
            <CharacterOffsetEnd>15383</CharacterOffsetEnd>
            <POS>IN</POS>
            <NER>O</NER>
          </token>
          <token id="24">
            <word>it</word>
            <lemma>it</lemma>
            <CharacterOffsetBegin>15384</CharacterOffsetBegin>
            <CharacterOffsetEnd>15386</CharacterOffsetEnd>
            <POS>PRP</POS>
            <NER>O</NER>
          </token>
          <token id="25">
            <word>.</word>
            <lemma>.</lemma>
            <CharacterOffsetBegin>15386</CharacterOffsetBegin>
            <CharacterOffsetEnd>15387</CharacterOffsetEnd>
            <POS>.</POS>
            <NER>O</NER>
          </token>
        </tokens>
      </sentence>
    </sentences>
  </document>
</root>
